[MASTER] 10:19:27.425 [pool-2-thread-1] ERROR ClientNodeImpl - Error when generating tests for: dominion.Victory with seed 1487701167230. Configuration id : default
java.lang.VerifyError: Bad type on operand stack
Exception Details:
  Location:
    org/evosuite/instrumentation/BytecodeInstrumentation.handleStaticReset(Ljava/lang/String;Lorg/evosuite/shaded/org/objectweb/asm/ClassVisitor;)Lorg/evosuite/shaded/org/objectweb/asm/ClassVisitor; @46: invokespecial
  Reason:
    Type 'org/evosuite/runtime/instrumentation/CreateClassResetClassAdapter' (current frame, stack[2]) is not assignable to 'org/evosuite/shaded/org/objectweb/asm/ClassVisitor'
  Current Frame:
    bci: @46
    flags: { }
    locals: { 'org/evosuite/instrumentation/BytecodeInstrumentation', 'java/lang/String', 'org/evosuite/runtime/instrumentation/CreateClassResetClassAdapter', 'org/evosuite/runtime/instrumentation/CreateClassResetClassAdapter' }
    stack: { uninitialized 40, uninitialized 40, 'org/evosuite/runtime/instrumentation/CreateClassResetClassAdapter', 'java/lang/String' }
  Bytecode:
    0x0000000: b200 b399 0033 bb01 8c59 2c2b b701 8d4e
    0x0000010: b801 92b6 0195 9900 0b2d 04b6 0199 a700
    0x0000020: 082d 03b6 0199 2d4d bb01 9b59 2c2b b701
    0x0000030: 9c3a 0419 044d 2cb0                    
  Stackmap Table:
    append_frame(@33,Object[#396])
    same_frame(@38)
    chop_frame(@54,1)

	at org.evosuite.instrumentation.InstrumentingClassLoader.<init>(InstrumentingClassLoader.java:65) ~[evosuite-master-1.0.3.jar:1.0.3]
	at org.evosuite.TestGenerationContext.<init>(TestGenerationContext.java:92) ~[evosuite-master-1.0.3.jar:1.0.3]
	at org.evosuite.TestGenerationContext.<clinit>(TestGenerationContext.java:68) ~[evosuite-master-1.0.3.jar:1.0.3]
	at org.evosuite.TestSuiteGenerator.generateTestSuite(TestSuiteGenerator.java:106) ~[evosuite-master-1.0.3.jar:1.0.3]
	at org.evosuite.rmi.service.ClientNodeImpl$1.run(ClientNodeImpl.java:145) ~[evosuite-master-1.0.3.jar:1.0.3]
	at java.util.concurrent.Executors$RunnableAdapter.call(Executors.java:511) [na:1.8.0_121]
	at java.util.concurrent.FutureTask.run(FutureTask.java:266) [na:1.8.0_121]
	at java.util.concurrent.ThreadPoolExecutor.runWorker(ThreadPoolExecutor.java:1142) [na:1.8.0_121]
	at java.util.concurrent.ThreadPoolExecutor$Worker.run(ThreadPoolExecutor.java:617) [na:1.8.0_121]
	at java.lang.Thread.run(Thread.java:745) [na:1.8.0_121]
