* Starting client
* Connecting to master process on port 16457
* Analyzing classpath: 
  - /Users/samuelhudson/Desktop/dominion/target/test-classes
  - /Users/samuelhudson/Desktop/dominion/target/classes
  - /Users/samuelhudson/.m2/repository/junit/junit/4.12/junit-4.12.jar
  - /Users/samuelhudson/.m2/repository/org/hamcrest/hamcrest-core/1.3/hamcrest-core-1.3.jar
* Finished analyzing classpath
* Generating tests for class Player
* Test criteria:
  - Line Coverage
  - Branch Coverage
  - Exception
  - Mutation testing (weak)
  - Method-Output Coverage
  - Top-Level Method Coverage
  - No-Exception Top-Level Method Coverage
  - Context Branch Coverage
* Setting up search algorithm for whole suite generation
[MASTER] 21:51:31.096 [pool-2-thread-1] WARN  TestSuiteSerialization - Problems when reading a serialized test from /Users/samuelhudson/Desktop/dominion/.evosuite/evosuite-seeds/Player.seed : Unknown constructor in class Board
* Total number of test goals: 
  - Line 168
  - Branch 92
  - Exception 0
  - MutationFactory 958
  - Output 18
  - Method 25
  - MethodNoException 25
  - CBranchFitnessFactory 92
* Using seed 1488261089214
* Starting evolution
* Search finished after 127s and 509 generations, 230087 statements, best individual has fitness: 68.41591591591592
* Writing sequences to pool
* Minimizing test suite
* Going to analyze the coverage criteria
* Coverage analysis for criterion LINE
* Coverage of criterion LINE: 95%
* Total number of goals: 168
* Number of covered goals: 160
* Coverage analysis for criterion BRANCH
* Coverage of criterion BRANCH: 98%
* Total number of goals: 92
* Number of covered goals: 90
* Coverage analysis for criterion EXCEPTION
* Coverage of criterion EXCEPTION: 100%
* Total number of goals: 36
* Number of covered goals: 36
* Coverage analysis for criterion WEAKMUTATION
* Coverage of criterion WEAKMUTATION: 93%
* Total number of goals: 958
* Number of covered goals: 889
* Coverage analysis for criterion OUTPUT
* Coverage of criterion OUTPUT: 78%
* Total number of goals: 18
* Number of covered goals: 14
* Coverage analysis for criterion METHOD
* Coverage of criterion METHOD: 100%
* Total number of goals: 25
* Number of covered goals: 25
* Coverage analysis for criterion METHODNOEXCEPTION
* Coverage of criterion METHODNOEXCEPTION: 100%
* Total number of goals: 25
* Number of covered goals: 25
* Coverage analysis for criterion CBRANCH
* Coverage of criterion CBRANCH: 98%
* Total number of goals: 92
* Number of covered goals: 90
* Generated 68 tests with total length 273
* Resulting test suite's coverage: 95% (average coverage for all fitness functions)
* Generating assertions
* Resulting test suite's mutation score: 47%
* Compiling and checking tests
* Writing JUnit test case 'Player_ESTest' to /Users/samuelhudson/Desktop/dominion/.evosuite/tmp_2017_02_27_21_51_26/tests
* Done!

