* Starting client
* Connecting to master process on port 9967
* Analyzing classpath: 
  - C:\Users\sannecyp\Desktop\Prathik\Junior year\Winter\CS362\Eclipse\Assignment2\target\test-classes
  - C:\Users\sannecyp\Desktop\Prathik\Junior year\Winter\CS362\Eclipse\Assignment2\target\classes
  - C:\Users\sannecyp\.m2\repository\junit\junit\4.11\junit-4.11.jar
  - C:\Users\sannecyp\.m2\repository\org\hamcrest\hamcrest-core\1.3\hamcrest-core-1.3.jar
  - C:\Users\sannecyp\.m2\repository\org\jacoco\jacoco-maven-plugin\0.7.8\jacoco-maven-plugin-0.7.8.jar
  - C:\Users\sannecyp\.m2\repository\org\apache\maven\maven-plugin-api\2.2.1\maven-plugin-api-2.2.1.jar
  - C:\Users\sannecyp\.m2\repository\org\apache\maven\maven-project\2.2.1\maven-project-2.2.1.jar
  - C:\Users\sannecyp\.m2\repository\org\apache\maven\maven-settings\2.2.1\maven-settings-2.2.1.jar
  - C:\Users\sannecyp\.m2\repository\org\apache\maven\maven-profile\2.2.1\maven-profile-2.2.1.jar
  - C:\Users\sannecyp\.m2\repository\org\apache\maven\maven-model\2.2.1\maven-model-2.2.1.jar
  - C:\Users\sannecyp\.m2\repository\org\apache\maven\maven-artifact-manager\2.2.1\maven-artifact-manager-2.2.1.jar
  - C:\Users\sannecyp\.m2\repository\org\apache\maven\maven-repository-metadata\2.2.1\maven-repository-metadata-2.2.1.jar
  - C:\Users\sannecyp\.m2\repository\org\apache\maven\wagon\wagon-provider-api\1.0-beta-6\wagon-provider-api-1.0-beta-6.jar
  - C:\Users\sannecyp\.m2\repository\backport-util-concurrent\backport-util-concurrent\3.1\backport-util-concurrent-3.1.jar
  - C:\Users\sannecyp\.m2\repository\org\apache\maven\maven-plugin-registry\2.2.1\maven-plugin-registry-2.2.1.jar
  - C:\Users\sannecyp\.m2\repository\org\codehaus\plexus\plexus-interpolation\1.11\plexus-interpolation-1.11.jar
  - C:\Users\sannecyp\.m2\repository\org\apache\maven\maven-artifact\2.2.1\maven-artifact-2.2.1.jar
  - C:\Users\sannecyp\.m2\repository\org\codehaus\plexus\plexus-container-default\1.0-alpha-9-stable-1\plexus-container-default-1.0-alpha-9-stable-1.jar
  - C:\Users\sannecyp\.m2\repository\classworlds\classworlds\1.1-alpha-2\classworlds-1.1-alpha-2.jar
  - C:\Users\sannecyp\.m2\repository\org\codehaus\plexus\plexus-utils\3.0.22\plexus-utils-3.0.22.jar
  - C:\Users\sannecyp\.m2\repository\org\apache\maven\shared\file-management\1.2.1\file-management-1.2.1.jar
  - C:\Users\sannecyp\.m2\repository\org\apache\maven\shared\maven-shared-io\1.1\maven-shared-io-1.1.jar
  - C:\Users\sannecyp\.m2\repository\org\apache\maven\reporting\maven-reporting-api\2.2.1\maven-reporting-api-2.2.1.jar
  - C:\Users\sannecyp\.m2\repository\org\apache\maven\doxia\doxia-sink-api\1.1\doxia-sink-api-1.1.jar
  - C:\Users\sannecyp\.m2\repository\org\apache\maven\doxia\doxia-logging-api\1.1\doxia-logging-api-1.1.jar
  - C:\Users\sannecyp\.m2\repository\org\apache\maven\reporting\maven-reporting-impl\2.1\maven-reporting-impl-2.1.jar
  - C:\Users\sannecyp\.m2\repository\org\apache\maven\doxia\doxia-core\1.1.2\doxia-core-1.1.2.jar
  - C:\Users\sannecyp\.m2\repository\xerces\xercesImpl\2.8.1\xercesImpl-2.8.1.jar
  - C:\Users\sannecyp\.m2\repository\commons-lang\commons-lang\2.4\commons-lang-2.4.jar
  - C:\Users\sannecyp\.m2\repository\commons-httpclient\commons-httpclient\3.1\commons-httpclient-3.1.jar
  - C:\Users\sannecyp\.m2\repository\commons-codec\commons-codec\1.2\commons-codec-1.2.jar
  - C:\Users\sannecyp\.m2\repository\org\apache\maven\doxia\doxia-site-renderer\1.1.2\doxia-site-renderer-1.1.2.jar
  - C:\Users\sannecyp\.m2\repository\org\apache\maven\doxia\doxia-decoration-model\1.1.2\doxia-decoration-model-1.1.2.jar
  - C:\Users\sannecyp\.m2\repository\org\apache\maven\doxia\doxia-module-xhtml\1.1.2\doxia-module-xhtml-1.1.2.jar
  - C:\Users\sannecyp\.m2\repository\org\apache\maven\doxia\doxia-module-fml\1.1.2\doxia-module-fml-1.1.2.jar
  - C:\Users\sannecyp\.m2\repository\org\codehaus\plexus\plexus-i18n\1.0-beta-7\plexus-i18n-1.0-beta-7.jar
  - C:\Users\sannecyp\.m2\repository\org\codehaus\plexus\plexus-velocity\1.1.7\plexus-velocity-1.1.7.jar
  - C:\Users\sannecyp\.m2\repository\org\apache\velocity\velocity\1.5\velocity-1.5.jar
  - C:\Users\sannecyp\.m2\repository\commons-collections\commons-collections\3.2\commons-collections-3.2.jar
  - C:\Users\sannecyp\.m2\repository\commons-validator\commons-validator\1.2.0\commons-validator-1.2.0.jar
  - C:\Users\sannecyp\.m2\repository\commons-beanutils\commons-beanutils\1.7.0\commons-beanutils-1.7.0.jar
  - C:\Users\sannecyp\.m2\repository\commons-digester\commons-digester\1.6\commons-digester-1.6.jar
  - C:\Users\sannecyp\.m2\repository\commons-logging\commons-logging\1.0.4\commons-logging-1.0.4.jar
  - C:\Users\sannecyp\.m2\repository\oro\oro\2.0.8\oro-2.0.8.jar
  - C:\Users\sannecyp\.m2\repository\xml-apis\xml-apis\1.0.b2\xml-apis-1.0.b2.jar
  - C:\Users\sannecyp\.m2\repository\org\jacoco\org.jacoco.agent\0.7.8\org.jacoco.agent-0.7.8-runtime.jar
  - C:\Users\sannecyp\.m2\repository\org\jacoco\org.jacoco.core\0.7.8\org.jacoco.core-0.7.8.jar
  - C:\Users\sannecyp\.m2\repository\org\ow2\asm\asm-debug-all\5.1\asm-debug-all-5.1.jar
  - C:\Users\sannecyp\.m2\repository\org\jacoco\org.jacoco.report\0.7.8\org.jacoco.report-0.7.8.jar
* Could not find class under test dominion.Main: java.lang.ClassNotFoundException: org.evosuite.runtime.instrumentation.CreateClassResetClassAdapter.<init>(Lorg/evosuite/shaded/org/objectweb/asm/ClassVisitor;Ljava/lang/String;)V
* Error while initializing target class: Failed to load dominion.Main
