* Starting client
* Connecting to master process on port 10911
* Analyzing classpath: 
  - C:\Users\Cole\workspace\Project 3\A_id\target\classes
  - C:\Users\Cole\.m2\repository\junit\junit\4.12\junit-4.12.jar
  - C:\Users\Cole\.m2\repository\org\hamcrest\hamcrest-core\1.3\hamcrest-core-1.3.jar
* Finished analyzing classpath
* Generating tests for class org.cs362.dominion.Dominion.PlayDominion
* Test criteria:
  - Line Coverage
  - Branch Coverage
  - Exception
  - Mutation testing (weak)
  - Method-Output Coverage
  - Top-Level Method Coverage
  - No-Exception Top-Level Method Coverage
  - Context Branch Coverage
* Setting up search algorithm for whole suite generation
* Total number of test goals: 
  - Line 18
  - Branch 9
  - Exception 0
  - MutationFactory 50
  - Output 0
  - Method 3
  - MethodNoException 3
  - CBranchFitnessFactory 9
* Using seed 1488244058696
* Starting evolution
* Search finished after 39s and 23 generations, 7831 statements, best individual has fitness: 9.041666666666666
* Writing sequences to pool
* Minimizing test suite
[MASTER] 17:08:26.563 [pool-2-thread-1] WARN  TestSuiteMinimizer - Minimization timeout. Roll back to original test suite
* Going to analyze the coverage criteria
* Coverage analysis for criterion LINE
* Coverage of criterion LINE: 83%
* Total number of goals: 18
* Number of covered goals: 15
* Coverage analysis for criterion BRANCH
* Coverage of criterion BRANCH: 89%
* Total number of goals: 9
* Number of covered goals: 8
* Coverage analysis for criterion EXCEPTION
* Coverage of criterion EXCEPTION: 100%
* Total number of goals: 7
* Number of covered goals: 7
* Coverage analysis for criterion WEAKMUTATION
* Coverage of criterion WEAKMUTATION: 94%
* Total number of goals: 50
* Number of covered goals: 47
* Coverage analysis for criterion OUTPUT
* Coverage of criterion OUTPUT: 100% (no goals)
* Coverage analysis for criterion METHOD
* Coverage of criterion METHOD: 100%
* Total number of goals: 3
* Number of covered goals: 3
* Coverage analysis for criterion METHODNOEXCEPTION
* Coverage of criterion METHODNOEXCEPTION: 33%
* Total number of goals: 3
* Number of covered goals: 1
* Coverage analysis for criterion CBRANCH
* Coverage of criterion CBRANCH: 89%
* Total number of goals: 9
* Number of covered goals: 8
* Generated 11 tests with total length 63
* Resulting test suite's coverage: 78% (average coverage for all fitness functions)
* Generating assertions
* Resulting test suite's mutation score: 2%
* Compiling and checking tests
* Writing JUnit test case 'PlayDominion_ESTest' to C:\Users\Cole\workspace\Project 3\A_id\.evosuite\tmp_2017_02_27_17_01_40\tests
* Done!

