* Starting client
* Connecting to master process on port 8322
* Analyzing classpath: 
  - /home/talikk/Documents/SchoolLOL/CS362/MVN/Dominion/CS362W17Section-001/projects/talikk/target/test-classes
  - /home/talikk/Documents/SchoolLOL/CS362/MVN/Dominion/CS362W17Section-001/projects/talikk/target/classes
  - /home/talikk/.m2/repository/junit/junit/4.11/junit-4.11.jar
  - /home/talikk/.m2/repository/org/hamcrest/hamcrest-core/1.3/hamcrest-core-1.3.jar
  - /home/talikk/.m2/repository/net/sourceforge/cobertura/cobertura/2.1.1/cobertura-2.1.1.jar
  - /home/talikk/.m2/repository/org/ow2/asm/asm/5.0.1/asm-5.0.1.jar
  - /home/talikk/.m2/repository/org/ow2/asm/asm-tree/5.0.1/asm-tree-5.0.1.jar
  - /home/talikk/.m2/repository/org/ow2/asm/asm-commons/5.0.1/asm-commons-5.0.1.jar
  - /home/talikk/.m2/repository/org/ow2/asm/asm-util/5.0.1/asm-util-5.0.1.jar
  - /home/talikk/.m2/repository/org/ow2/asm/asm-analysis/5.0.1/asm-analysis-5.0.1.jar
  - /home/talikk/.m2/repository/oro/oro/2.0.8/oro-2.0.8.jar
  - /home/talikk/.m2/repository/jaxen/jaxen/1.1.4/jaxen-1.1.4.jar
  - /home/talikk/.m2/repository/org/apache/ant/ant/1.8.3/ant-1.8.3.jar
  - /home/talikk/.m2/repository/org/apache/ant/ant-launcher/1.8.3/ant-launcher-1.8.3.jar
  - /home/talikk/.m2/repository/org/apache/ant/ant-junit/1.8.3/ant-junit-1.8.3.jar
  - /home/talikk/.m2/repository/org/mortbay/jetty/servlet-api-2.5/6.1.14/servlet-api-2.5-6.1.14.jar
  - /home/talikk/.m2/repository/org/mortbay/jetty/jetty/6.1.14/jetty-6.1.14.jar
  - /home/talikk/.m2/repository/org/mortbay/jetty/jetty-util/6.1.14/jetty-util-6.1.14.jar
  - /usr/lib/jvm/java-8-openjdk-amd64/jre/../lib/tools.jar
  - /home/talikk/.m2/repository/org/slf4j/slf4j-api/1.7.5/slf4j-api-1.7.5.jar
  - /home/talikk/.m2/repository/ch/qos/logback/logback-classic/1.0.13/logback-classic-1.0.13.jar
  - /home/talikk/.m2/repository/ch/qos/logback/logback-core/1.0.13/logback-core-1.0.13.jar
  - /home/talikk/.m2/repository/org/apache/commons/commons-lang3/3.3.2/commons-lang3-3.3.2.jar
* Finished analyzing classpath
* Generating tests for class org.cs362.dominion.card
* Test criteria:
  - Line Coverage
  - Branch Coverage
  - Exception
  - Mutation testing (weak)
  - Method-Output Coverage
  - Top-Level Method Coverage
  - No-Exception Top-Level Method Coverage
  - Context Branch Coverage
* Setting up search algorithm for whole suite generation
* Total number of test goals: 
  - Line 63
  - Branch 27
  - Exception 0
  - MutationFactory 220
  - Output 47
  - Method 14
  - MethodNoException 14
  - CBranchFitnessFactory 27
* Using seed 1488244794002
* Starting evolution
* Search finished after 71s and 443 generations, 99117 statements, best individual has fitness: 23.0
* Writing sequences to pool
* Minimizing test suite
* Going to analyze the coverage criteria
* Coverage analysis for criterion LINE
* Coverage of criterion LINE: 100%
* Total number of goals: 63
* Number of covered goals: 63
* Coverage analysis for criterion BRANCH
* Coverage of criterion BRANCH: 100%
* Total number of goals: 27
* Number of covered goals: 27
* Coverage analysis for criterion EXCEPTION
* Coverage of criterion EXCEPTION: 100% (no goals)
* Coverage analysis for criterion WEAKMUTATION
* Coverage of criterion WEAKMUTATION: 97%
* Total number of goals: 220
* Number of covered goals: 214
* Coverage analysis for criterion OUTPUT
* Coverage of criterion OUTPUT: 57%
* Total number of goals: 47
* Number of covered goals: 27
* Coverage analysis for criterion METHOD
* Coverage of criterion METHOD: 100%
* Total number of goals: 14
* Number of covered goals: 14
* Coverage analysis for criterion METHODNOEXCEPTION
* Coverage of criterion METHODNOEXCEPTION: 100%
* Total number of goals: 14
* Number of covered goals: 14
* Coverage analysis for criterion CBRANCH
* Coverage of criterion CBRANCH: 100%
* Total number of goals: 27
* Number of covered goals: 27
* Generated 27 tests with total length 71
* Resulting test suite's coverage: 94% (average coverage for all fitness functions)
* Generating assertions
* Resulting test suite's mutation score: 25%
* Compiling and checking tests
[MASTER] 17:21:20.464 [pool-2-thread-1] WARN  TimeController - Phase ASSERTION_GENERATION lasted too long, 1 seconds more than allowed.
* Writing JUnit test case 'card_ESTest' to /home/talikk/Documents/SchoolLOL/CS362/MVN/Dominion/CS362W17Section-001/projects/talikk/.evosuite/tmp_2017_02_27_17_18_14/tests
* Done!

