* Starting client
* Connecting to master process on port 11197
* Analyzing classpath: 
  - /Users/corynnapark/Documents/workspace/domdom/DOMINION/target/test-classes
  - /Users/corynnapark/Documents/workspace/domdom/DOMINION/target/classes
  - /Users/corynnapark/.m2/repository/junit/junit/4.12/junit-4.12.jar
  - /Users/corynnapark/.m2/repository/org/hamcrest/hamcrest-core/1.3/hamcrest-core-1.3.jar
* Finished analyzing classpath
* Generating tests for class org.cs362.dominion.GameState
* Test criteria:
  - Line Coverage
  - Branch Coverage
  - Exception
  - Mutation testing (weak)
  - Method-Output Coverage
  - Top-Level Method Coverage
  - No-Exception Top-Level Method Coverage
  - Context Branch Coverage
* Setting up search algorithm for whole suite generation
[MASTER] 17:36:45.255 [pool-2-thread-1] WARN  TestSuiteSerialization - Cannot load tests because file does not exist: /Users/corynnapark/Documents/workspace/domdom/DOMINION/.evosuite/evosuite-seeds/org.cs362.dominion.GameState.seed
* Total number of test goals: 
  - Line 112
  - Branch 56
  - Exception 0
  - MutationFactory 161
  - Output 17
  - Method 7
  - MethodNoException 7
  - CBranchFitnessFactory 56
* Using seed 1488159399297
* Starting evolution
* Search finished after 61s and 33 generations, 17543 statements, best individual has fitness: 166.8088084232152
* Writing sequences to pool
* Minimizing test suite
[MASTER] 17:37:58.888 [pool-2-thread-1] WARN  TestSuiteMinimizer - Minimization timeout. Roll back to original test suite
* Going to analyze the coverage criteria
* Coverage analysis for criterion LINE
* Coverage of criterion LINE: 48%
* Total number of goals: 112
* Number of covered goals: 54
* Coverage analysis for criterion BRANCH
* Coverage of criterion BRANCH: 54%
* Total number of goals: 56
* Number of covered goals: 30
* Coverage analysis for criterion EXCEPTION
* Coverage of criterion EXCEPTION: 100%
* Total number of goals: 5
* Number of covered goals: 5
* Coverage analysis for criterion WEAKMUTATION
* Coverage of criterion WEAKMUTATION: 70%
* Total number of goals: 161
* Number of covered goals: 112
* Coverage analysis for criterion OUTPUT
* Coverage of criterion OUTPUT: 65%
* Total number of goals: 17
* Number of covered goals: 11
* Coverage analysis for criterion METHOD
* Coverage of criterion METHOD: 100%
* Total number of goals: 7
* Number of covered goals: 7
* Coverage analysis for criterion METHODNOEXCEPTION
* Coverage of criterion METHODNOEXCEPTION: 100%
* Total number of goals: 7
* Number of covered goals: 7
* Coverage analysis for criterion CBRANCH
* Coverage of criterion CBRANCH: 54%
* Total number of goals: 56
* Number of covered goals: 30
* Generated 15 tests with total length 233
* Resulting test suite's coverage: 74% (average coverage for all fitness functions)
* Generating assertions
* Resulting test suite's mutation score: 9%
* Compiling and checking tests
* Writing JUnit test case 'GameState_ESTest' to /Users/corynnapark/Documents/workspace/domdom/DOMINION/.evosuite/tmp_2017_02_26_17_31_39/tests
* Done!

