* Starting client
* Connecting to master process on port 20918
* Analyzing classpath: 
  - G:\My Documents\GitHub\CS362W17Section-001\projects\soltesza\Dominion\target\test-classes
  - G:\My Documents\GitHub\CS362W17Section-001\projects\soltesza\Dominion\target\classes
  - C:\Users\Andrew\.m2\repository\junit\junit\4.11\junit-4.11.jar
  - C:\Users\Andrew\.m2\repository\org\hamcrest\hamcrest-core\1.3\hamcrest-core-1.3.jar
* Finished analyzing classpath
* Generating tests for class org.cs362.dominion.GameState
* Test criteria:
  - Line Coverage
  - Branch Coverage
  - Exception
  - Mutation testing (weak)
  - Method-Output Coverage
  - Top-Level Method Coverage
  - No-Exception Top-Level Method Coverage
  - Context Branch Coverage
* Setting up search algorithm for whole suite generation
* Total number of test goals: 
  - Line 21
  - Branch 6
  - Exception 0
  - MutationFactory 48
  - Output 0
  - Method 4
  - MethodNoException 4
  - CBranchFitnessFactory 6
* Using seed 1488149229373
* Starting evolution
* Search finished after 37s and 128 generations, 25387 statements, best individual has fitness: 0.6
* Writing sequences to pool
* Minimizing test suite
* Going to analyze the coverage criteria
* Coverage analysis for criterion LINE
* Coverage of criterion LINE: 100%
* Total number of goals: 21
* Number of covered goals: 21
* Coverage analysis for criterion BRANCH
* Coverage of criterion BRANCH: 100%
* Total number of goals: 6
* Number of covered goals: 6
* Coverage analysis for criterion EXCEPTION
* Coverage of criterion EXCEPTION: 100%
* Total number of goals: 9
* Number of covered goals: 9
* Coverage analysis for criterion WEAKMUTATION
* Coverage of criterion WEAKMUTATION: 98%
* Total number of goals: 48
* Number of covered goals: 47
* Coverage analysis for criterion OUTPUT
* Coverage of criterion OUTPUT: 100% (no goals)
* Coverage analysis for criterion METHOD
* Coverage of criterion METHOD: 100%
* Total number of goals: 4
* Number of covered goals: 4
* Coverage analysis for criterion METHODNOEXCEPTION
* Coverage of criterion METHODNOEXCEPTION: 100%
* Total number of goals: 4
* Number of covered goals: 4
* Coverage analysis for criterion CBRANCH
* Coverage of criterion CBRANCH: 100%
* Total number of goals: 6
* Number of covered goals: 6
* Generated 11 tests with total length 32
* Resulting test suite's coverage: 100% (average coverage for all fitness functions)
* Generating assertions
* Resulting test suite's mutation score: 29%
* Compiling and checking tests
* Writing JUnit test case 'GameState_ESTest' to G:\My Documents\GitHub\CS362W17Section-001\projects\soltesza\Dominion\.evosuite\tmp_2017_02_26_14_36_38\tests
* Done!

