* Starting client
* Connecting to master process on port 4741
* Analyzing classpath: 
  - /Users/corynnapark/Documents/workspace/domdom/DOMINION/target/test-classes
  - /Users/corynnapark/Documents/workspace/domdom/DOMINION/target/classes
  - /Users/corynnapark/.m2/repository/junit/junit/4.12/junit-4.12.jar
  - /Users/corynnapark/.m2/repository/org/hamcrest/hamcrest-core/1.3/hamcrest-core-1.3.jar
* Finished analyzing classpath
* Generating tests for class org.cs362.dominion.Player
* Test criteria:
  - Line Coverage
  - Branch Coverage
  - Exception
  - Mutation testing (weak)
  - Method-Output Coverage
  - Top-Level Method Coverage
  - No-Exception Top-Level Method Coverage
  - Context Branch Coverage
* Setting up search algorithm for whole suite generation
[MASTER] 17:31:55.546 [pool-2-thread-1] WARN  TestSuiteSerialization - Cannot load tests because file does not exist: /Users/corynnapark/Documents/workspace/domdom/DOMINION/.evosuite/evosuite-seeds/org.cs362.dominion.Player.seed
* Total number of test goals: 
  - Line 190
  - Branch 133
  - Exception 0
  - MutationFactory 366
  - Output 18
  - Method 12
  - MethodNoException 12
  - CBranchFitnessFactory 133
* Using seed 1488159107829
* Starting evolution
* Search finished after 108s and 187 generations, 94955 statements, best individual has fitness: 327.37628205128203
* Writing sequences to pool
* Minimizing test suite
* Going to analyze the coverage criteria
* Coverage analysis for criterion LINE
* Coverage of criterion LINE: 66%
* Total number of goals: 190
* Number of covered goals: 126
* Coverage analysis for criterion BRANCH
* Coverage of criterion BRANCH: 50%
* Total number of goals: 133
* Number of covered goals: 66
* Coverage analysis for criterion EXCEPTION
* Coverage of criterion EXCEPTION: 89%
* Total number of goals: 9
* Number of covered goals: 8
* Coverage analysis for criterion WEAKMUTATION
* Coverage of criterion WEAKMUTATION: 88%
* Total number of goals: 366
* Number of covered goals: 321
* Coverage analysis for criterion OUTPUT
* Coverage of criterion OUTPUT: 72%
* Total number of goals: 18
* Number of covered goals: 13
* Coverage analysis for criterion METHOD
* Coverage of criterion METHOD: 100%
* Total number of goals: 12
* Number of covered goals: 12
* Coverage analysis for criterion METHODNOEXCEPTION
* Coverage of criterion METHODNOEXCEPTION: 100%
* Total number of goals: 12
* Number of covered goals: 12
* Coverage analysis for criterion CBRANCH
* Coverage of criterion CBRANCH: 50%
* Total number of goals: 133
* Number of covered goals: 66
* Generated 30 tests with total length 192
* Resulting test suite's coverage: 78% (average coverage for all fitness functions)
* Generating assertions
* Resulting test suite's mutation score: 54%
* Compiling and checking tests
* Writing JUnit test case 'Player_ESTest' to /Users/corynnapark/Documents/workspace/domdom/DOMINION/.evosuite/tmp_2017_02_26_17_31_39/tests
* Done!

