* Starting client
* Connecting to master process on port 18527
* Analyzing classpath: 
  - C:\Users\liyon\Desktop\cs\cs362\CS362W17Section-001\projects\liyongp\dominion\Dominion\target\test-classes
  - C:\Users\liyon\Desktop\cs\cs362\CS362W17Section-001\projects\liyongp\dominion\Dominion\target\classes
  - C:\Users\liyon\.m2\repository\junit\junit\4.12\junit-4.12.jar
  - C:\Users\liyon\.m2\repository\org\hamcrest\hamcrest-core\1.3\hamcrest-core-1.3.jar
* Finished analyzing classpath
* Generating tests for class GameState
* Test criteria:
  - Line Coverage
  - Branch Coverage
  - Exception
  - Mutation testing (weak)
  - Method-Output Coverage
  - Top-Level Method Coverage
  - No-Exception Top-Level Method Coverage
  - Context Branch Coverage
* Setting up search algorithm for whole suite generation
[MASTER] 16:39:49.063 [pool-2-thread-1] WARN  TestSuiteSerialization - Cannot load tests because file does not exist: C:\Users\liyon\Desktop\cs\cs362\CS362W17Section-001\projects\liyongp\dominion\Dominion\.evosuite\evosuite-seeds\GameState.seed
* Total number of test goals: 
  - Line 98
  - Branch 50
  - Exception 0
  - MutationFactory 165
  - Output 19
  - Method 8
  - MethodNoException 8
  - CBranchFitnessFactory 50
* Using seed 1488242384395
* Starting evolution
* Search finished after 96s and 85 generations, 42214 statements, best individual has fitness: 121.64242424242423
* Writing sequences to pool
* Minimizing test suite
[MASTER] 16:41:43.073 [pool-2-thread-1] WARN  TestSuiteMinimizer - Minimization timeout. Roll back to original test suite
* Going to analyze the coverage criteria
* Coverage analysis for criterion LINE
* Coverage of criterion LINE: 70%
* Total number of goals: 98
* Number of covered goals: 69
* Coverage analysis for criterion BRANCH
* Coverage of criterion BRANCH: 64%
* Total number of goals: 50
* Number of covered goals: 32
* Coverage analysis for criterion EXCEPTION
* Coverage of criterion EXCEPTION: 100%
* Total number of goals: 9
* Number of covered goals: 9
* Coverage analysis for criterion WEAKMUTATION
* Coverage of criterion WEAKMUTATION: 75%
* Total number of goals: 165
* Number of covered goals: 123
* Coverage analysis for criterion OUTPUT
* Coverage of criterion OUTPUT: 63%
* Total number of goals: 19
* Number of covered goals: 12
* Coverage analysis for criterion METHOD
* Coverage of criterion METHOD: 100%
* Total number of goals: 8
* Number of covered goals: 8
* Coverage analysis for criterion METHODNOEXCEPTION
* Coverage of criterion METHODNOEXCEPTION: 100%
* Total number of goals: 8
* Number of covered goals: 8
* Coverage analysis for criterion CBRANCH
* Coverage of criterion CBRANCH: 64%
* Total number of goals: 50
* Number of covered goals: 32
* Generated 15 tests with total length 262
* Resulting test suite's coverage: 79% (average coverage for all fitness functions)
* Generating assertions
* Resulting test suite's mutation score: 1%
* Compiling and checking tests
* Writing JUnit test case 'GameState_ESTest' to C:\Users\liyon\Desktop\cs\cs362\CS362W17Section-001\projects\liyongp\dominion\Dominion\.evosuite\tmp_2017_02_27_16_34_01\tests
* Done!

