[MASTER] 20:09:58.986 [Thread-3] ERROR ClientNodeImpl - Cannot inform master of change of state
java.rmi.MarshalException: error marshalling arguments; nested exception is: 
	java.net.SocketException: Software caused connection abort: socket write error
	at sun.rmi.server.UnicastRef.invoke(UnicastRef.java:158) ~[na:1.8.0_121]
	at java.rmi.server.RemoteObjectInvocationHandler.invokeRemoteMethod(RemoteObjectInvocationHandler.java:227) ~[na:1.8.0_121]
	at java.rmi.server.RemoteObjectInvocationHandler.invoke(RemoteObjectInvocationHandler.java:179) ~[na:1.8.0_121]
	at com.sun.proxy.$Proxy9.evosuite_collectStatistics(Unknown Source) ~[na:na]
	at org.evosuite.rmi.service.ClientNodeImpl.updateStatistics(ClientNodeImpl.java:239) ~[evosuite-master-1.0.3.jar:1.0.3]
	at org.evosuite.statistics.StatisticsSender.sendIndividualToMaster(StatisticsSender.java:65) [evosuite-master-1.0.3.jar:1.0.3]
	at org.evosuite.statistics.StatisticsListener$1.run(StatisticsListener.java:71) [evosuite-master-1.0.3.jar:1.0.3]
Caused by: java.net.SocketException: Software caused connection abort: socket write error
	at java.net.SocketOutputStream.socketWrite0(Native Method) ~[na:1.8.0_121]
	at java.net.SocketOutputStream.socketWrite(SocketOutputStream.java:111) ~[na:1.8.0_121]
	at java.net.SocketOutputStream.write(SocketOutputStream.java:155) ~[na:1.8.0_121]
	at java.io.BufferedOutputStream.flushBuffer(BufferedOutputStream.java:82) ~[na:1.8.0_121]
	at java.io.BufferedOutputStream.write(BufferedOutputStream.java:126) ~[na:1.8.0_121]
	at java.io.ObjectOutputStream$BlockDataOutputStream.drain(ObjectOutputStream.java:1877) ~[na:1.8.0_121]
	at java.io.ObjectOutputStream$BlockDataOutputStream.setBlockDataMode(ObjectOutputStream.java:1786) ~[na:1.8.0_121]
	at java.io.ObjectOutputStream.writeNonProxyDesc(ObjectOutputStream.java:1286) ~[na:1.8.0_121]
	at java.io.ObjectOutputStream.writeClassDesc(ObjectOutputStream.java:1231) ~[na:1.8.0_121]
	at java.io.ObjectOutputStream.writeOrdinaryObject(ObjectOutputStream.java:1427) ~[na:1.8.0_121]
	at java.io.ObjectOutputStream.writeObject0(ObjectOutputStream.java:1178) ~[na:1.8.0_121]
	at java.io.ObjectOutputStream.writeFatalException(ObjectOutputStream.java:1577) ~[na:1.8.0_121]
	at java.io.ObjectOutputStream.writeObject(ObjectOutputStream.java:351) ~[na:1.8.0_121]
	at sun.rmi.server.UnicastRef.marshalValue(UnicastRef.java:294) ~[na:1.8.0_121]
	at sun.rmi.server.UnicastRef.invoke(UnicastRef.java:153) ~[na:1.8.0_121]
	... 6 common frames omitted
