* Starting client
* Connecting to master process on port 8251
* Analyzing classpath: 
  - C:\Users\Mas\workspace\AAAAAAAAA\target\test-classes
  - C:\Users\Mas\workspace\AAAAAAAAA\target\classes
  - C:\Users\Mas\.m2\repository\junit\junit\4.12\junit-4.12.jar
  - C:\Users\Mas\.m2\repository\org\hamcrest\hamcrest-core\1.3\hamcrest-core-1.3.jar
* Finished analyzing classpath
* Generating tests for class cs362.dominion.Player
* Test criteria:
  - Line Coverage
  - Branch Coverage
  - Exception
  - Mutation testing (weak)
  - Method-Output Coverage
  - Top-Level Method Coverage
  - No-Exception Top-Level Method Coverage
  - Context Branch Coverage
* Setting up search algorithm for whole suite generation
[MASTER] 22:22:57.506 [pool-2-thread-1] WARN  TestSuiteSerialization - Cannot load tests because file does not exist: C:\Users\Mas\workspace\AAAAAAAAA\.evosuite\evosuite-seeds\cs362.dominion.Player.seed
* Total number of test goals: 
  - Line 155
  - Branch 65
  - Exception 0
  - MutationFactory 304
  - Output 12
  - Method 14
  - MethodNoException 14
  - CBranchFitnessFactory 65
* Using seed 1488176571247
* Starting evolution
* Search finished after 79s and 288 generations, 101059 statements, best individual has fitness: 109.53095238095239
* Writing sequences to pool
* Minimizing test suite
[MASTER] 22:24:29.411 [pool-2-thread-1] WARN  TestSuiteMinimizer - Minimization timeout. Roll back to original test suite
* Going to analyze the coverage criteria
* Coverage analysis for criterion LINE
* Coverage of criterion LINE: 83%
* Total number of goals: 155
* Number of covered goals: 128
* Coverage analysis for criterion BRANCH
* Coverage of criterion BRANCH: 74%
* Total number of goals: 65
* Number of covered goals: 48
* Coverage analysis for criterion EXCEPTION
* Coverage of criterion EXCEPTION: 100%
* Total number of goals: 14
* Number of covered goals: 14
* Coverage analysis for criterion WEAKMUTATION
* Coverage of criterion WEAKMUTATION: 88%
* Total number of goals: 304
* Number of covered goals: 266
* Coverage analysis for criterion OUTPUT
* Coverage of criterion OUTPUT: 67%
* Total number of goals: 12
* Number of covered goals: 8
* Coverage analysis for criterion METHOD
* Coverage of criterion METHOD: 100%
* Total number of goals: 14
* Number of covered goals: 14
* Coverage analysis for criterion METHODNOEXCEPTION
* Coverage of criterion METHODNOEXCEPTION: 93%
* Total number of goals: 14
* Number of covered goals: 13
* Coverage analysis for criterion CBRANCH
* Coverage of criterion CBRANCH: 74%
* Total number of goals: 65
* Number of covered goals: 48
* Generated 29 tests with total length 363
* Resulting test suite's coverage: 84% (average coverage for all fitness functions)
* Generating assertions
* Resulting test suite's mutation score: 23%
* Compiling and checking tests
[MASTER] 22:24:42.213 [pool-2-thread-1] WARN  TimeController - Phase ASSERTION_GENERATION lasted too long, 1 seconds more than allowed.
* Writing JUnit test case 'Player_ESTest' to C:\Users\Mas\workspace\AAAAAAAAA\.evosuite\tmp_2017_02_26_22_22_46\tests
* Done!

