#
# There is insufficient memory for the Java Runtime Environment to continue.
# Native memory allocation (mmap) failed to map 87556096 bytes for committing reserved memory.
# Possible reasons:
#   The system is out of physical RAM or swap space
#   In 32 bit mode, the process size limit was hit
# Possible solutions:
#   Reduce memory load on the system
#   Increase physical memory or swap space
#   Check if swap backing store is full
#   Use 64 bit Java on a 64 bit OS
#   Decrease Java heap size (-Xmx/-Xms)
#   Decrease number of Java threads
#   Decrease Java thread stack sizes (-Xss)
#   Set larger code cache with -XX:ReservedCodeCacheSize=
# This output file may be truncated or incomplete.
#
#  Out of Memory Error (os_linux.cpp:2627), pid=67651, tid=0x00007f4694dfd700
#
# JRE version: Java(TM) SE Runtime Environment (8.0_121-b13) (build 1.8.0_121-b13)
# Java VM: Java HotSpot(TM) 64-Bit Server VM (25.121-b13 mixed mode linux-amd64 compressed oops)
# Failed to write core dump. Core dumps have been disabled. To enable core dumping, try "ulimit -c unlimited" before starting Java again
#

---------------  T H R E A D  ---------------

Current thread (0x00007f46a413e800):  VMThread [stack: 0x00007f4694cfd000,0x00007f4694dfe000] [id=67660]

Stack: [0x00007f4694cfd000,0x00007f4694dfe000],  sp=0x00007f4694dfbfa0,  free space=1019k
Native frames: (J=compiled Java code, j=interpreted, Vv=VM code, C=native code)
V  [libjvm.so+0xac703a]  VMError::report_and_die()+0x2ba
V  [libjvm.so+0x4fc7eb]  report_vm_out_of_memory(char const*, int, unsigned long, VMErrorType, char const*)+0x8b
V  [libjvm.so+0x923c43]  os::Linux::commit_memory_impl(char*, unsigned long, bool)+0x103
V  [libjvm.so+0x924199]  os::pd_commit_memory(char*, unsigned long, unsigned long, bool)+0x29
V  [libjvm.so+0x91e4aa]  os::commit_memory(char*, unsigned long, unsigned long, bool)+0x2a
V  [libjvm.so+0x992f03]  PSVirtualSpace::expand_by(unsigned long)+0x53
V  [libjvm.so+0x994308]  PSYoungGen::resize_generation(unsigned long, unsigned long)+0xf8
V  [libjvm.so+0x993462]  PSYoungGen::resize(unsigned long, unsigned long)+0x22
V  [libjvm.so+0x99073b]  PSScavenge::invoke_no_policy()+0xf3b
V  [libjvm.so+0x990ec1]  PSScavenge::invoke()+0x41
V  [libjvm.so+0x947c10]  ParallelScavengeHeap::failed_mem_allocate(unsigned long)+0x70
V  [libjvm.so+0xac8a57]  VM_ParallelGCFailedAllocation::doit()+0x97
V  [libjvm.so+0xad0535]  VM_Operation::evaluate()+0x55
V  [libjvm.so+0xace90a]  VMThread::evaluate_operation(VM_Operation*)+0xba
V  [libjvm.so+0xacec8e]  VMThread::loop()+0x1ce
V  [libjvm.so+0xacf100]  VMThread::run()+0x70
V  [libjvm.so+0x926268]  java_start(Thread*)+0x108

VM_Operation (0x00007f468a8abc80): ParallelGCFailedAllocation, mode: safepoint, requested by thread 0x00007f46a4b96800


---------------  P R O C E S S  ---------------

Java Threads: ( => current thread )
  0x00007f46a4b96800 JavaThread "Time-limited test" daemon [_thread_blocked, id=67682, stack(0x00007f468a7ad000,0x00007f468a8ae000)]
  0x00007f46a4a08000 JavaThread "AWT-XAWT" daemon [_thread_blocked, id=67671, stack(0x00007f468ab2e000,0x00007f468ac2f000)]
  0x00007f46a49aa800 JavaThread "Java2D Disposer" daemon [_thread_blocked, id=67670, stack(0x00007f468b03f000,0x00007f468b140000)]
  0x00007f4670001000 JavaThread "Attach Listener" daemon [_thread_blocked, id=67669, stack(0x00007f468f466000,0x00007f468f567000)]
  0x00007f46a4187800 JavaThread "Service Thread" daemon [_thread_blocked, id=67667, stack(0x00007f4694221000,0x00007f4694322000)]
  0x00007f46a4184800 JavaThread "C1 CompilerThread2" daemon [_thread_blocked, id=67666, stack(0x00007f4694322000,0x00007f4694423000)]
  0x00007f46a4182800 JavaThread "C2 CompilerThread1" daemon [_thread_blocked, id=67665, stack(0x00007f4694423000,0x00007f4694524000)]
  0x00007f46a417f800 JavaThread "C2 CompilerThread0" daemon [_thread_blocked, id=67664, stack(0x00007f4694524000,0x00007f4694625000)]
  0x00007f46a417b800 JavaThread "Signal Dispatcher" daemon [_thread_blocked, id=67663, stack(0x00007f4694625000,0x00007f4694726000)]
  0x00007f46a414b000 JavaThread "Finalizer" daemon [_thread_blocked, id=67662, stack(0x00007f4694afb000,0x00007f4694bfc000)]
  0x00007f46a4146800 JavaThread "Reference Handler" daemon [_thread_blocked, id=67661, stack(0x00007f4694bfc000,0x00007f4694cfd000)]
  0x00007f46a4009800 JavaThread "main" [_thread_blocked, id=67653, stack(0x00007f46ad3ce000,0x00007f46ad4cf000)]

Other Threads:
=>0x00007f46a413e800 VMThread [stack: 0x00007f4694cfd000,0x00007f4694dfe000] [id=67660]
  0x00007f46a418a800 WatcherThread [stack: 0x00007f4694120000,0x00007f4694221000] [id=67668]

VM state:at safepoint (normal execution)

VM Mutex/Monitor currently owned by a thread:  ([mutex/lock_event])
[0x00007f46a4006070] Threads_lock - owner thread: 0x00007f46a413e800
[0x00007f46a4006570] Heap_lock - owner thread: 0x00007f46a4b96800

Heap:
 PSYoungGen      total 167936K, used 82432K [0x00000000eb800000, 0x00000000fac80000, 0x0000000100000000)
  eden space 85504K, 0% used [0x00000000eb800000,0x00000000eb800000,0x00000000f0b80000)
  from space 82432K, 100% used [0x00000000f0b80000,0x00000000f5c00000,0x00000000f5c00000)
  to   space 65024K, 0% used [0x00000000f5c00000,0x00000000f5c00000,0x00000000f9b80000)
 ParOldGen       total 203776K, used 173830K [0x00000000c2800000, 0x00000000cef00000, 0x00000000eb800000)
  object space 203776K, 85% used [0x00000000c2800000,0x00000000cd1c1878,0x00000000cef00000)
 Metaspace       used 13914K, capacity 14146K, committed 14336K, reserved 1062912K
  class space    used 1683K, capacity 1770K, committed 1792K, reserved 1048576K

Card table byte_map: [0x00007f46a9f83000,0x00007f46aa170000] byte_map_base: 0x00007f46a996f000

Marking Bits: (ParMarkBitMap*) 0x00007f46ac89ac80
 Begin Bits: [0x00007f468b140000, 0x00007f468c0a0000)
 End Bits:   [0x00007f468c0a0000, 0x00007f468d000000)

Polling page: 0x00007f46ad4ea000

CodeCache: size=245760Kb used=3651Kb max_used=3661Kb free=242108Kb
 bounds [0x00007f4695000000, 0x00007f46953a0000, 0x00007f46a4000000]
 total_blobs=1470 nmethods=971 adapters=413
 compilation: enabled

Compilation events (10 events):
Event: 1.323 Thread 0x00007f46a4184800  968       3       org.cs362.dominion.Deck::<init> (26 bytes)
Event: 1.325 Thread 0x00007f46a4184800 nmethod 968 0x00007f469538e290 code [0x00007f469538e460, 0x00007f469538eaa8]
Event: 1.339 Thread 0x00007f46a4182800  969 %     4       org.cs362.dominion.Deck::<init> @ 6 (26 bytes)
Event: 1.342 Thread 0x00007f46a4182800 nmethod 969% 0x00007f46953911d0 code [0x00007f4695391340, 0x00007f46953915d8]
Event: 1.459 Thread 0x00007f46a4184800  970       1       java.lang.ref.Finalizer::access$000 (4 bytes)
Event: 1.460 Thread 0x00007f46a4184800 nmethod 970 0x00007f469538dfd0 code [0x00007f469538e120, 0x00007f469538e210]
Event: 1.460 Thread 0x00007f46a4184800  971       3       java.util.zip.ZipFile$ZipFileInputStream::finalize (5 bytes)
Event: 1.460 Thread 0x00007f46a4184800 nmethod 971 0x00007f469538dc50 code [0x00007f469538ddc0, 0x00007f469538df48]
Event: 1.460 Thread 0x00007f46a4184800  972       3       java.util.zip.ZipFile$ZipFileInflaterInputStream::finalize (5 bytes)
Event: 1.460 Thread 0x00007f46a4184800 nmethod 972 0x00007f469538d8d0 code [0x00007f469538da40, 0x00007f469538dbc8]

GC Heap History (10 events):
Event: 1.567 GC heap after
Heap after GC invocations=4 (full 0):
 PSYoungGen      total 66048K, used 2544K [0x00000000eb800000, 0x00000000efb00000, 0x0000000100000000)
  eden space 63488K, 0% used [0x00000000eb800000,0x00000000eb800000,0x00000000ef600000)
  from space 2560K, 99% used [0x00000000ef880000,0x00000000efafc020,0x00000000efb00000)
  to   space 2560K, 0% used [0x00000000ef600000,0x00000000ef600000,0x00000000ef880000)
 ParOldGen       total 42496K, used 41909K [0x00000000c2800000, 0x00000000c5180000, 0x00000000eb800000)
  object space 42496K, 98% used [0x00000000c2800000,0x00000000c50ed4d8,0x00000000c5180000)
 Metaspace       used 13914K, capacity 14146K, committed 14336K, reserved 1062912K
  class space    used 1683K, capacity 1770K, committed 1792K, reserved 1048576K
}
Event: 1.567 GC heap before
{Heap before GC invocations=5 (full 1):
 PSYoungGen      total 66048K, used 2544K [0x00000000eb800000, 0x00000000efb00000, 0x0000000100000000)
  eden space 63488K, 0% used [0x00000000eb800000,0x00000000eb800000,0x00000000ef600000)
  from space 2560K, 99% used [0x00000000ef880000,0x00000000efafc020,0x00000000efb00000)
  to   space 2560K, 0% used [0x00000000ef600000,0x00000000ef600000,0x00000000ef880000)
 ParOldGen       total 42496K, used 41909K [0x00000000c2800000, 0x00000000c5180000, 0x00000000eb800000)
  object space 42496K, 98% used [0x00000000c2800000,0x00000000c50ed4d8,0x00000000c5180000)
 Metaspace       used 13914K, capacity 14146K, committed 14336K, reserved 1062912K
  class space    used 1683K, capacity 1770K, committed 1792K, reserved 1048576K
Event: 1.888 GC heap after
Heap after GC invocations=5 (full 1):
 PSYoungGen      total 66048K, used 993K [0x00000000eb800000, 0x00000000efb00000, 0x0000000100000000)
  eden space 63488K, 0% used [0x00000000eb800000,0x00000000eb800000,0x00000000ef600000)
  from space 2560K, 38% used [0x00000000ef880000,0x00000000ef9785a8,0x00000000efb00000)
  to   space 2560K, 0% used [0x00000000ef600000,0x00000000ef600000,0x00000000ef880000)
 ParOldGen       total 95744K, used 42420K [0x00000000c2800000, 0x00000000c8580000, 0x00000000eb800000)
  object space 95744K, 44% used [0x00000000c2800000,0x00000000c516d028,0x00000000c8580000)
 Metaspace       used 13914K, capacity 14146K, committed 14336K, reserved 1062912K
  class space    used 1683K, capacity 1770K, committed 1792K, reserved 1048576K
}
Event: 1.922 GC heap before
{Heap before GC invocations=6 (full 1):
 PSYoungGen      total 66048K, used 64481K [0x00000000eb800000, 0x00000000efb00000, 0x0000000100000000)
  eden space 63488K, 100% used [0x00000000eb800000,0x00000000ef600000,0x00000000ef600000)
  from space 2560K, 38% used [0x00000000ef880000,0x00000000ef9785a8,0x00000000efb00000)
  to   space 2560K, 0% used [0x00000000ef600000,0x00000000ef600000,0x00000000ef880000)
 ParOldGen       total 95744K, used 42420K [0x00000000c2800000, 0x00000000c8580000, 0x00000000eb800000)
  object space 95744K, 44% used [0x00000000c2800000,0x00000000c516d028,0x00000000c8580000)
 Metaspace       used 13914K, capacity 14146K, committed 14336K, reserved 1062912K
  class space    used 1683K, capacity 1770K, committed 1792K, reserved 1048576K
Event: 2.056 GC heap after
Heap after GC invocations=6 (full 1):
 PSYoungGen      total 66048K, used 2544K [0x00000000eb800000, 0x00000000f9b80000, 0x0000000100000000)
  eden space 63488K, 0% used [0x00000000eb800000,0x00000000eb800000,0x00000000ef600000)
  from space 2560K, 99% used [0x00000000ef600000,0x00000000ef87c010,0x00000000ef880000)
  to   space 65024K, 0% used [0x00000000f5c00000,0x00000000f5c00000,0x00000000f9b80000)
 ParOldGen       total 104960K, used 104620K [0x00000000c2800000, 0x00000000c8e80000, 0x00000000eb800000)
  object space 104960K, 99% used [0x00000000c2800000,0x00000000c8e2b048,0x00000000c8e80000)
 Metaspace       used 13914K, capacity 14146K, committed 14336K, reserved 1062912K
  class space    used 1683K, capacity 1770K, committed 1792K, reserved 1048576K
}
Event: 2.056 GC heap before
{Heap before GC invocations=7 (full 2):
 PSYoungGen      total 66048K, used 2544K [0x00000000eb800000, 0x00000000f9b80000, 0x0000000100000000)
  eden space 63488K, 0% used [0x00000000eb800000,0x00000000eb800000,0x00000000ef600000)
  from space 2560K, 99% used [0x00000000ef600000,0x00000000ef87c010,0x00000000ef880000)
  to   space 65024K, 0% used [0x00000000f5c00000,0x00000000f5c00000,0x00000000f9b80000)
 ParOldGen       total 104960K, used 104620K [0x00000000c2800000, 0x00000000c8e80000, 0x00000000eb800000)
  object space 104960K, 99% used [0x00000000c2800000,0x00000000c8e2b048,0x00000000c8e80000)
 Metaspace       used 13914K, capacity 14146K, committed 14336K, reserved 1062912K
  class space    used 1683K, capacity 1770K, committed 1792K, reserved 1048576K
Event: 2.899 GC heap after
Heap after GC invocations=7 (full 2):
 PSYoungGen      total 66048K, used 2030K [0x00000000eb800000, 0x00000000f9b80000, 0x0000000100000000)
  eden space 63488K, 0% used [0x00000000eb800000,0x00000000eb800000,0x00000000ef600000)
  from space 2560K, 79% used [0x00000000ef600000,0x00000000ef7fb810,0x00000000ef880000)
  to   space 65024K, 0% used [0x00000000f5c00000,0x00000000f5c00000,0x00000000f9b80000)
 ParOldGen       total 203776K, used 104870K [0x00000000c2800000, 0x00000000cef00000, 0x00000000eb800000)
  object space 203776K, 51% used [0x00000000c2800000,0x00000000c8e69878,0x00000000cef00000)
 Metaspace       used 13914K, capacity 14146K, committed 14336K, reserved 1062912K
  class space    used 1683K, capacity 1770K, committed 1792K, reserved 1048576K
}
Event: 2.922 GC heap before
{Heap before GC invocations=8 (full 2):
 PSYoungGen      total 66048K, used 65518K [0x00000000eb800000, 0x00000000f9b80000, 0x0000000100000000)
  eden space 63488K, 100% used [0x00000000eb800000,0x00000000ef600000,0x00000000ef600000)
  from space 2560K, 79% used [0x00000000ef600000,0x00000000ef7fb810,0x00000000ef880000)
  to   space 65024K, 0% used [0x00000000f5c00000,0x00000000f5c00000,0x00000000f9b80000)
 ParOldGen       total 203776K, used 104870K [0x00000000c2800000, 0x00000000cef00000, 0x00000000eb800000)
  object space 203776K, 51% used [0x00000000c2800000,0x00000000c8e69878,0x00000000cef00000)
 Metaspace       used 13914K, capacity 14146K, committed 14336K, reserved 1062912K
  class space    used 1683K, capacity 1770K, committed 1792K, reserved 1048576K
Event: 3.195 GC heap after
Heap after GC invocations=8 (full 2):
 PSYoungGen      total 150528K, used 65024K [0x00000000eb800000, 0x00000000fac80000, 0x0000000100000000)
  eden space 85504K, 0% used [0x00000000eb800000,0x00000000eb800000,0x00000000f0b80000)
  from space 65024K, 100% used [0x00000000f5c00000,0x00000000f9b80000,0x00000000f9b80000)
  to   space 82432K, 0% used [0x00000000f0b80000,0x00000000f0b80000,0x00000000f5c00000)
 ParOldGen       total 203776K, used 105486K [0x00000000c2800000, 0x00000000cef00000, 0x00000000eb800000)
  object space 203776K, 51% used [0x00000000c2800000,0x00000000c8f03878,0x00000000cef00000)
 Metaspace       used 13914K, capacity 14146K, committed 14336K, reserved 1062912K
  class space    used 1683K, capacity 1770K, committed 1792K, reserved 1048576K
}
Event: 3.236 GC heap before
{Heap before GC invocations=9 (full 2):
 PSYoungGen      total 150528K, used 150528K [0x00000000eb800000, 0x00000000fac80000, 0x0000000100000000)
  eden space 85504K, 100% used [0x00000000eb800000,0x00000000f0b80000,0x00000000f0b80000)
  from space 65024K, 100% used [0x00000000f5c00000,0x00000000f9b80000,0x00000000f9b80000)
  to   space 82432K, 0% used [0x00000000f0b80000,0x00000000f0b80000,0x00000000f5c00000)
 ParOldGen       total 203776K, used 105486K [0x00000000c2800000, 0x00000000cef00000, 0x00000000eb800000)
  object space 203776K, 51% used [0x00000000c2800000,0x00000000c8f03878,0x00000000cef00000)
 Metaspace       used 13914K, capacity 14146K, committed 14336K, reserved 1062912K
  class space    used 1683K, capacity 1770K, committed 1792K, reserved 1048576K

Deoptimization events (10 events):
Event: 0.557 Thread 0x00007f46a4009800 Uncommon trap: reason=unstable_if action=reinterpret pc=0x00007f4695189e04 method=java.lang.String.replace(CC)Ljava/lang/String; @ 26
Event: 0.643 Thread 0x00007f46a4009800 Uncommon trap: reason=unstable_if action=reinterpret pc=0x00007f46951a8bec method=java.lang.AbstractStringBuilder.append(Ljava/lang/String;)Ljava/lang/AbstractStringBuilder; @ 1
Event: 0.886 Thread 0x00007f46a4009800 Uncommon trap: reason=unstable_if action=reinterpret pc=0x00007f46952247a0 method=java.util.HashMap.getNode(ILjava/lang/Object;)Ljava/util/HashMap$Node; @ 129
Event: 1.153 Thread 0x00007f46a4009800 Uncommon trap: reason=unstable_if action=reinterpret pc=0x00007f469521f57c method=sun.misc.MetaIndex.mayContain(Ljava/lang/String;)Z @ 38
Event: 1.160 Thread 0x00007f46a4009800 Uncommon trap: reason=unstable_if action=reinterpret pc=0x00007f469532c7b0 method=java.util.HashMap.hash(Ljava/lang/Object;)I @ 1
Event: 1.188 Thread 0x00007f46a4009800 Uncommon trap: reason=class_check action=maybe_recompile pc=0x00007f469532f80c method=java.util.HashMap.putVal(ILjava/lang/Object;Ljava/lang/Object;ZZ)Ljava/lang/Object; @ 203
Event: 1.188 Thread 0x00007f46a4009800 Uncommon trap: reason=class_check action=maybe_recompile pc=0x00007f469532f80c method=java.util.HashMap.putVal(ILjava/lang/Object;Ljava/lang/Object;ZZ)Ljava/lang/Object; @ 203
Event: 1.188 Thread 0x00007f46a4009800 Uncommon trap: reason=class_check action=maybe_recompile pc=0x00007f469532f80c method=java.util.HashMap.putVal(ILjava/lang/Object;Ljava/lang/Object;ZZ)Ljava/lang/Object; @ 203
Event: 1.188 Thread 0x00007f46a4009800 Uncommon trap: reason=class_check action=maybe_recompile pc=0x00007f469532f80c method=java.util.HashMap.putVal(ILjava/lang/Object;Ljava/lang/Object;ZZ)Ljava/lang/Object; @ 203
Event: 1.212 Thread 0x00007f46a4009800 Uncommon trap: reason=unstable_if action=reinterpret pc=0x00007f46951fdf80 method=java.lang.String.indexOf([CII[CIII)I @ 3

Internal exceptions (10 events):
Event: 1.316 Thread 0x00007f46a4009800 Exception <a 'java/lang/ClassCastException'> (0x00000000ecdcceb8) thrown at [/HUDSON3/workspace/8-2-build-linux-amd64/jdk8u121/8372/hotspot/src/share/vm/runtime/sharedRuntime.cpp, line 605]
Event: 1.316 Thread 0x00007f46a4009800 Exception <a 'java/lang/ClassCastException'> (0x00000000ecdcd388) thrown at [/HUDSON3/workspace/8-2-build-linux-amd64/jdk8u121/8372/hotspot/src/share/vm/runtime/sharedRuntime.cpp, line 605]
Event: 1.316 Thread 0x00007f46a4009800 Exception <a 'java/lang/ClassCastException'> (0x00000000ecdcd858) thrown at [/HUDSON3/workspace/8-2-build-linux-amd64/jdk8u121/8372/hotspot/src/share/vm/runtime/sharedRuntime.cpp, line 605]
Event: 1.317 Thread 0x00007f46a4009800 Exception <a 'java/lang/ClassCastException'> (0x00000000ecdcdcc8) thrown at [/HUDSON3/workspace/8-2-build-linux-amd64/jdk8u121/8372/hotspot/src/share/vm/runtime/sharedRuntime.cpp, line 605]
Event: 1.317 Thread 0x00007f46a4009800 Exception <a 'java/lang/ClassCastException'> (0x00000000ecdce210) thrown at [/HUDSON3/workspace/8-2-build-linux-amd64/jdk8u121/8372/hotspot/src/share/vm/runtime/sharedRuntime.cpp, line 605]
Event: 1.317 Thread 0x00007f46a4009800 Exception <a 'java/lang/ClassCastException'> (0x00000000ecdce908) thrown at [/HUDSON3/workspace/8-2-build-linux-amd64/jdk8u121/8372/hotspot/src/share/vm/runtime/sharedRuntime.cpp, line 605]
Event: 1.317 Thread 0x00007f46a4009800 Exception <a 'java/lang/ClassCastException'> (0x00000000ecdcefc0) thrown at [/HUDSON3/workspace/8-2-build-linux-amd64/jdk8u121/8372/hotspot/src/share/vm/runtime/sharedRuntime.cpp, line 605]
Event: 1.317 Thread 0x00007f46a4009800 Exception <a 'java/lang/ClassCastException'> (0x00000000ecdcf678) thrown at [/HUDSON3/workspace/8-2-build-linux-amd64/jdk8u121/8372/hotspot/src/share/vm/runtime/sharedRuntime.cpp, line 605]
Event: 1.317 Thread 0x00007f46a4009800 Exception <a 'java/lang/ClassCastException'> (0x00000000ecdcfdf8) thrown at [/HUDSON3/workspace/8-2-build-linux-amd64/jdk8u121/8372/hotspot/src/share/vm/runtime/sharedRuntime.cpp, line 605]
Event: 1.318 Thread 0x00007f46a4009800 Exception <a 'java/lang/ClassCastException'> (0x00000000ecdd12b8) thrown at [/HUDSON3/workspace/8-2-build-linux-amd64/jdk8u121/8372/hotspot/src/share/vm/runtime/sharedRuntime.cpp, line 605]

Events (10 events):
Event: 1.342 Thread 0x00007f46a4b96800 DEOPT UNPACKING pc=0x00007f4695047633 sp=0x00007f468a8abb78 mode 0
Event: 1.344 Executing VM operation: ParallelGCFailedAllocation
Event: 1.459 Executing VM operation: ParallelGCFailedAllocation done
Event: 1.472 Executing VM operation: ParallelGCFailedAllocation
Event: 1.888 Executing VM operation: ParallelGCFailedAllocation done
Event: 1.922 Executing VM operation: ParallelGCFailedAllocation
Event: 2.899 Executing VM operation: ParallelGCFailedAllocation done
Event: 2.922 Executing VM operation: ParallelGCFailedAllocation
Event: 3.195 Executing VM operation: ParallelGCFailedAllocation done
Event: 3.236 Executing VM operation: ParallelGCFailedAllocation


Dynamic libraries:
00400000-00401000 r-xp 00000000 08:01 460029                             /usr/local/java/jdk1.8.0_121/jre/bin/java
00600000-00601000 rw-p 00000000 08:01 460029                             /usr/local/java/jdk1.8.0_121/jre/bin/java
0234d000-0236e000 rw-p 00000000 00:00 0                                  [heap]
c2800000-cef00000 rw-p 00000000 00:00 0 
cef00000-eb800000 ---p 00000000 00:00 0 
eb800000-fac80000 rw-p 00000000 00:00 0 
100000000-1001c0000 rw-p 00000000 00:00 0 
1001c0000-140000000 ---p 00000000 00:00 0 
7f4644000000-7f4644021000 rw-p 00000000 00:00 0 
7f4644021000-7f4648000000 ---p 00000000 00:00 0 
7f464c000000-7f464c021000 rw-p 00000000 00:00 0 
7f464c021000-7f4650000000 ---p 00000000 00:00 0 
7f4650000000-7f4650021000 rw-p 00000000 00:00 0 
7f4650021000-7f4654000000 ---p 00000000 00:00 0 
7f4654000000-7f4654021000 rw-p 00000000 00:00 0 
7f4654021000-7f4658000000 ---p 00000000 00:00 0 
7f4658000000-7f465803c000 rw-p 00000000 00:00 0 
7f465803c000-7f465c000000 ---p 00000000 00:00 0 
7f465c000000-7f465c217000 rw-p 00000000 00:00 0 
7f465c217000-7f4660000000 ---p 00000000 00:00 0 
7f4660000000-7f4660021000 rw-p 00000000 00:00 0 
7f4660021000-7f4664000000 ---p 00000000 00:00 0 
7f4664000000-7f466429a000 rw-p 00000000 00:00 0 
7f466429a000-7f4668000000 ---p 00000000 00:00 0 
7f4668000000-7f4668241000 rw-p 00000000 00:00 0 
7f4668241000-7f466c000000 ---p 00000000 00:00 0 
7f466c000000-7f466c021000 rw-p 00000000 00:00 0 
7f466c021000-7f4670000000 ---p 00000000 00:00 0 
7f4670000000-7f4670021000 rw-p 00000000 00:00 0 
7f4670021000-7f4674000000 ---p 00000000 00:00 0 
7f4674000000-7f467428e000 rw-p 00000000 00:00 0 
7f467428e000-7f4678000000 ---p 00000000 00:00 0 
7f4678000000-7f4678021000 rw-p 00000000 00:00 0 
7f4678021000-7f467c000000 ---p 00000000 00:00 0 
7f467c000000-7f467c021000 rw-p 00000000 00:00 0 
7f467c021000-7f4680000000 ---p 00000000 00:00 0 
7f4680000000-7f4680021000 rw-p 00000000 00:00 0 
7f4680021000-7f4684000000 ---p 00000000 00:00 0 
7f4684000000-7f4684021000 rw-p 00000000 00:00 0 
7f4684021000-7f4688000000 ---p 00000000 00:00 0 
7f468a5ad000-7f468a5ed000 rw-p 00000000 00:00 0 
7f468a5ed000-7f468a7ad000 ---p 00000000 00:00 0 
7f468a7ad000-7f468a7b0000 ---p 00000000 00:00 0 
7f468a7b0000-7f468a8ae000 rw-p 00000000 00:00 0 
7f468a8ae000-7f468a917000 r-xp 00000000 08:01 453868                     /usr/local/java/jdk1.8.0_121/jre/lib/amd64/libt2k.so
7f468a917000-7f468ab17000 ---p 00069000 08:01 453868                     /usr/local/java/jdk1.8.0_121/jre/lib/amd64/libt2k.so
7f468ab17000-7f468ab1e000 rw-p 00069000 08:01 453868                     /usr/local/java/jdk1.8.0_121/jre/lib/amd64/libt2k.so
7f468ab1e000-7f468ab2e000 rw-p 00000000 00:00 0 
7f468ab2e000-7f468ab31000 ---p 00000000 00:00 0 
7f468ab31000-7f468ac2f000 rw-p 00000000 00:00 0 
7f468ac2f000-7f468ac34000 r-xp 00000000 08:01 405132                     /usr/lib/x86_64-linux-gnu/libXfixes.so.3.1.0
7f468ac34000-7f468ae33000 ---p 00005000 08:01 405132                     /usr/lib/x86_64-linux-gnu/libXfixes.so.3.1.0
7f468ae33000-7f468ae34000 r--p 00004000 08:01 405132                     /usr/lib/x86_64-linux-gnu/libXfixes.so.3.1.0
7f468ae34000-7f468ae35000 rw-p 00005000 08:01 405132                     /usr/lib/x86_64-linux-gnu/libXfixes.so.3.1.0
7f468ae35000-7f468ae3e000 r-xp 00000000 08:01 405124                     /usr/lib/x86_64-linux-gnu/libXcursor.so.1.0.2
7f468ae3e000-7f468b03d000 ---p 00009000 08:01 405124                     /usr/lib/x86_64-linux-gnu/libXcursor.so.1.0.2
7f468b03d000-7f468b03e000 r--p 00008000 08:01 405124                     /usr/lib/x86_64-linux-gnu/libXcursor.so.1.0.2
7f468b03e000-7f468b03f000 rw-p 00009000 08:01 405124                     /usr/lib/x86_64-linux-gnu/libXcursor.so.1.0.2
7f468b03f000-7f468b042000 ---p 00000000 00:00 0 
7f468b042000-7f468d000000 rw-p 00000000 00:00 0 
7f468d0e1000-7f468d2e1000 rw-p 00000000 00:00 0 
7f468d2e1000-7f468d2f7000 r-xp 00000000 08:01 922900                     /lib/x86_64-linux-gnu/libgcc_s.so.1
7f468d2f7000-7f468d4f6000 ---p 00016000 08:01 922900                     /lib/x86_64-linux-gnu/libgcc_s.so.1
7f468d4f6000-7f468d4f7000 rw-p 00015000 08:01 922900                     /lib/x86_64-linux-gnu/libgcc_s.so.1
7f468d4f7000-7f468d55c000 r-xp 00000000 08:01 453832                     /usr/local/java/jdk1.8.0_121/jre/lib/amd64/libfontmanager.so
7f468d55c000-7f468d75b000 ---p 00065000 08:01 453832                     /usr/local/java/jdk1.8.0_121/jre/lib/amd64/libfontmanager.so
7f468d75b000-7f468d760000 rw-p 00064000 08:01 453832                     /usr/local/java/jdk1.8.0_121/jre/lib/amd64/libfontmanager.so
7f468d760000-7f468d770000 rw-p 00000000 00:00 0 
7f468d770000-7f468d775000 r-xp 00000000 08:01 405128                     /usr/lib/x86_64-linux-gnu/libXdmcp.so.6.0.0
7f468d775000-7f468d974000 ---p 00005000 08:01 405128                     /usr/lib/x86_64-linux-gnu/libXdmcp.so.6.0.0
7f468d974000-7f468d975000 r--p 00004000 08:01 405128                     /usr/lib/x86_64-linux-gnu/libXdmcp.so.6.0.0
7f468d975000-7f468d976000 rw-p 00005000 08:01 405128                     /usr/lib/x86_64-linux-gnu/libXdmcp.so.6.0.0
7f468d976000-7f468d978000 r-xp 00000000 08:01 405117                     /usr/lib/x86_64-linux-gnu/libXau.so.6.0.0
7f468d978000-7f468db78000 ---p 00002000 08:01 405117                     /usr/lib/x86_64-linux-gnu/libXau.so.6.0.0
7f468db78000-7f468db79000 r--p 00002000 08:01 405117                     /usr/lib/x86_64-linux-gnu/libXau.so.6.0.0
7f468db79000-7f468db7a000 rw-p 00003000 08:01 405117                     /usr/lib/x86_64-linux-gnu/libXau.so.6.0.0
7f468db7a000-7f468db9b000 r-xp 00000000 08:01 406495                     /usr/lib/x86_64-linux-gnu/libxcb.so.1.1.0
7f468db9b000-7f468dd9a000 ---p 00021000 08:01 406495                     /usr/lib/x86_64-linux-gnu/libxcb.so.1.1.0
7f468dd9a000-7f468dd9b000 r--p 00020000 08:01 406495                     /usr/lib/x86_64-linux-gnu/libxcb.so.1.1.0
7f468dd9b000-7f468dd9c000 rw-p 00021000 08:01 406495                     /usr/lib/x86_64-linux-gnu/libxcb.so.1.1.0
7f468dd9c000-7f468ddab000 r-xp 00000000 08:01 405138                     /usr/lib/x86_64-linux-gnu/libXi.so.6.1.0
7f468ddab000-7f468dfaa000 ---p 0000f000 08:01 405138                     /usr/lib/x86_64-linux-gnu/libXi.so.6.1.0
7f468dfaa000-7f468dfab000 r--p 0000e000 08:01 405138                     /usr/lib/x86_64-linux-gnu/libXi.so.6.1.0
7f468dfab000-7f468dfac000 rw-p 0000f000 08:01 405138                     /usr/lib/x86_64-linux-gnu/libXi.so.6.1.0
7f468dfac000-7f468dfb1000 r-xp 00000000 08:01 405156                     /usr/lib/x86_64-linux-gnu/libXtst.so.6.1.0
7f468dfb1000-7f468e1b0000 ---p 00005000 08:01 405156                     /usr/lib/x86_64-linux-gnu/libXtst.so.6.1.0
7f468e1b0000-7f468e1b1000 r--p 00004000 08:01 405156                     /usr/lib/x86_64-linux-gnu/libXtst.so.6.1.0
7f468e1b1000-7f468e1b2000 rw-p 00005000 08:01 405156                     /usr/lib/x86_64-linux-gnu/libXtst.so.6.1.0
7f468e1b2000-7f468e1bb000 r-xp 00000000 08:01 405150                     /usr/lib/x86_64-linux-gnu/libXrender.so.1.3.0
7f468e1bb000-7f468e3ba000 ---p 00009000 08:01 405150                     /usr/lib/x86_64-linux-gnu/libXrender.so.1.3.0
7f468e3ba000-7f468e3bb000 r--p 00008000 08:01 405150                     /usr/lib/x86_64-linux-gnu/libXrender.so.1.3.0
7f468e3bb000-7f468e3bc000 rw-p 00009000 08:01 405150                     /usr/lib/x86_64-linux-gnu/libXrender.so.1.3.0
7f468e3bc000-7f468e4f1000 r-xp 00000000 08:01 405113                     /usr/lib/x86_64-linux-gnu/libX11.so.6.3.0
7f468e4f1000-7f468e6f1000 ---p 00135000 08:01 405113                     /usr/lib/x86_64-linux-gnu/libX11.so.6.3.0
7f468e6f1000-7f468e6f2000 r--p 00135000 08:01 405113                     /usr/lib/x86_64-linux-gnu/libX11.so.6.3.0
7f468e6f2000-7f468e6f6000 rw-p 00136000 08:01 405113                     /usr/lib/x86_64-linux-gnu/libX11.so.6.3.0
7f468e6f6000-7f468e707000 r-xp 00000000 08:01 405130                     /usr/lib/x86_64-linux-gnu/libXext.so.6.4.0
7f468e707000-7f468e906000 ---p 00011000 08:01 405130                     /usr/lib/x86_64-linux-gnu/libXext.so.6.4.0
7f468e906000-7f468e907000 r--p 00010000 08:01 405130                     /usr/lib/x86_64-linux-gnu/libXext.so.6.4.0
7f468e907000-7f468e908000 rw-p 00011000 08:01 405130                     /usr/lib/x86_64-linux-gnu/libXext.so.6.4.0
7f468e91c000-7f468e920000 r--s 0009a000 08:01 453787                     /usr/local/java/jdk1.8.0_121/jre/lib/jsse.jar
7f468e920000-7f468e974000 r-xp 00000000 08:01 453840                     /usr/local/java/jdk1.8.0_121/jre/lib/amd64/libawt_xawt.so
7f468e974000-7f468eb74000 ---p 00054000 08:01 453840                     /usr/local/java/jdk1.8.0_121/jre/lib/amd64/libawt_xawt.so
7f468eb74000-7f468eb78000 rw-p 00054000 08:01 453840                     /usr/local/java/jdk1.8.0_121/jre/lib/amd64/libawt_xawt.so
7f468eb78000-7f468eb79000 rw-p 00000000 00:00 0 
7f468eb79000-7f468ec1b000 r-xp 00000000 08:01 453871                     /usr/local/java/jdk1.8.0_121/jre/lib/amd64/libawt.so
7f468ec1b000-7f468ee1b000 ---p 000a2000 08:01 453871                     /usr/local/java/jdk1.8.0_121/jre/lib/amd64/libawt.so
7f468ee1b000-7f468ee27000 rw-p 000a2000 08:01 453871                     /usr/local/java/jdk1.8.0_121/jre/lib/amd64/libawt.so
7f468ee27000-7f468ee4b000 rw-p 00000000 00:00 0 
7f468ee4b000-7f468ee5c000 r-xp 00000000 08:01 453838                     /usr/local/java/jdk1.8.0_121/jre/lib/amd64/libnio.so
7f468ee5c000-7f468f05b000 ---p 00011000 08:01 453838                     /usr/local/java/jdk1.8.0_121/jre/lib/amd64/libnio.so
7f468f05b000-7f468f05c000 rw-p 00010000 08:01 453838                     /usr/local/java/jdk1.8.0_121/jre/lib/amd64/libnio.so
7f468f05c000-7f468f25c000 rw-p 00000000 00:00 0 
7f468f25c000-7f468f266000 r-xp 00000000 08:01 453872                     /usr/local/java/jdk1.8.0_121/jre/lib/amd64/libinstrument.so
7f468f266000-7f468f465000 ---p 0000a000 08:01 453872                     /usr/local/java/jdk1.8.0_121/jre/lib/amd64/libinstrument.so
7f468f465000-7f468f466000 rw-p 00009000 08:01 453872                     /usr/local/java/jdk1.8.0_121/jre/lib/amd64/libinstrument.so
7f468f466000-7f468f469000 ---p 00000000 00:00 0 
7f468f469000-7f468f567000 rw-p 00000000 00:00 0 
7f468f567000-7f468f56a000 r-xp 00000000 08:01 453843                     /usr/local/java/jdk1.8.0_121/jre/lib/amd64/libattach.so
7f468f56a000-7f468f769000 ---p 00003000 08:01 453843                     /usr/local/java/jdk1.8.0_121/jre/lib/amd64/libattach.so
7f468f769000-7f468f76a000 rw-p 00002000 08:01 453843                     /usr/local/java/jdk1.8.0_121/jre/lib/amd64/libattach.so
7f468f76a000-7f468f773000 r-xp 00000000 08:01 453849                     /usr/local/java/jdk1.8.0_121/jre/lib/amd64/libmanagement.so
7f468f773000-7f468f972000 ---p 00009000 08:01 453849                     /usr/local/java/jdk1.8.0_121/jre/lib/amd64/libmanagement.so
7f468f972000-7f468f973000 rw-p 00008000 08:01 453849                     /usr/local/java/jdk1.8.0_121/jre/lib/amd64/libmanagement.so
7f468f973000-7f468fc74000 rw-p 00000000 00:00 0 
7f468fc74000-7f468fc8a000 r-xp 00000000 08:01 453813                     /usr/local/java/jdk1.8.0_121/jre/lib/amd64/libnet.so
7f468fc8a000-7f468fe8a000 ---p 00016000 08:01 453813                     /usr/local/java/jdk1.8.0_121/jre/lib/amd64/libnet.so
7f468fe8a000-7f468fe8b000 rw-p 00016000 08:01 453813                     /usr/local/java/jdk1.8.0_121/jre/lib/amd64/libnet.so
7f468fe8b000-7f468fe8d000 r--s 0000e000 08:01 1187901                    /home/tyler/.m2/repository/org/apache/maven/surefire/surefire-junit4/2.17/surefire-junit4-2.17.jar
7f468fe8d000-7f468fffb000 r--s 00fb9000 08:01 1444175                    /home/tyler/.m2/repository/org/evosuite/evosuite-standalone-runtime/1.0.3/evosuite-standalone-runtime-1.0.3.jar
7f468fffb000-7f4690000000 r--s 00039000 08:01 1182288                    /home/tyler/.m2/repository/org/codehaus/plexus/plexus-utils/1.5.6/plexus-utils-1.5.6.jar
7f4690000000-7f4690021000 rw-p 00000000 00:00 0 
7f4690021000-7f4694000000 ---p 00000000 00:00 0 
7f4694001000-7f4694003000 r--s 00001000 08:01 1182290                    /home/tyler/.m2/repository/org/sonatype/plexus/plexus-build-api/0.0.7/plexus-build-api-0.0.7.jar
7f4694003000-7f4694005000 r--s 00004000 08:01 1182285                    /home/tyler/.m2/repository/org/codehaus/plexus/plexus-resources/1.0-alpha-7/plexus-resources-1.0-alpha-7.jar
7f4694005000-7f4694007000 r--s 00008000 08:01 1182283                    /home/tyler/.m2/repository/classworlds/classworlds/1.1-alpha-2/classworlds-1.1-alpha-2.jar
7f4694007000-7f469400e000 r--s 00029000 08:01 1182281                    /home/tyler/.m2/repository/org/codehaus/plexus/plexus-container-default/1.0-alpha-9/plexus-container-default-1.0-alpha-9.jar
7f469400e000-7f4694011000 r--s 00013000 08:01 1181393                    /home/tyler/.m2/repository/org/apache/maven/maven-model/2.0.6/maven-model-2.0.6.jar
7f4694011000-7f4694013000 r--s 0000a000 08:01 1182280                    /home/tyler/.m2/repository/org/apache/maven/wagon/wagon-provider-api/1.0-beta-2/wagon-provider-api-1.0-beta-2.jar
7f4694013000-7f4694014000 r--s 00005000 08:01 1181384                    /home/tyler/.m2/repository/org/apache/maven/maven-repository-metadata/2.0.6/maven-repository-metadata-2.0.6.jar
7f4694014000-7f4694016000 r--s 0000c000 08:01 1181373                    /home/tyler/.m2/repository/org/apache/maven/maven-artifact-manager/2.0.6/maven-artifact-manager-2.0.6.jar
7f4694016000-7f4694019000 r--s 00018000 08:01 1182279                    /home/tyler/.m2/repository/commons-io/commons-io/1.4/commons-io-1.4.jar
7f4694019000-7f469401b000 r--s 00009000 08:01 1182278                    /home/tyler/.m2/repository/org/apache/maven/shared/maven-doxia-tools/1.2.1/maven-doxia-tools-1.2.1.jar
7f469401b000-7f4694029000 r--s 0007f000 08:01 1181336                    /home/tyler/.m2/repository/commons-collections/commons-collections/3.2.1/commons-collections-3.2.1.jar
7f4694029000-7f469402c000 r--s 0001b000 08:01 1182272                    /home/tyler/.m2/repository/org/apache/struts/struts-tiles/1.3.8/struts-tiles-1.3.8.jar
7f469402c000-7f4694031000 r--s 00039000 08:01 1182271                    /home/tyler/.m2/repository/org/apache/struts/struts-taglib/1.3.8/struts-taglib-1.3.8.jar
7f4694031000-7f4694036000 r--s 00053000 08:01 1182268                    /home/tyler/.m2/repository/antlr/antlr/2.7.2/antlr-2.7.2.jar
7f4694036000-7f469403c000 r--s 0004b000 08:01 1182267                    /home/tyler/.m2/repository/org/apache/struts/struts-core/1.3.8/struts-core-1.3.8.jar
7f469403c000-7f469403e000 r--s 00005000 08:01 1182265                    /home/tyler/.m2/repository/sslext/sslext/1.2-0/sslext-1.2-0.jar
7f469403e000-7f4694040000 r--s 00014000 08:01 1182264                    /home/tyler/.m2/repository/commons-chain/commons-chain/1.1/commons-chain-1.1.jar
7f4694040000-7f4694046000 r--s 0004f000 08:01 1182263                    /home/tyler/.m2/repository/org/apache/velocity/velocity-tools/2.0/velocity-tools-2.0.jar
7f4694046000-7f469404e000 r--s 00058000 08:01 1181273                    /home/tyler/.m2/repository/org/apache/velocity/velocity/1.5/velocity-1.5.jar
7f469404e000-7f469404f000 r--s 00001000 08:01 1182261                    /home/tyler/.m2/repository/org/codehaus/plexus/plexus-velocity/1.1.7/plexus-velocity-1.1.7.jar
7f469404f000-7f4694050000 r--s 00002000 08:01 1182257                    /home/tyler/.m2/repository/org/codehaus/plexus/plexus-i18n/1.0-beta-7/plexus-i18n-1.0-beta-7.jar
7f4694050000-7f4694052000 r--s 00008000 08:01 1182254                    /home/tyler/.m2/repository/org/apache/maven/doxia/doxia-module-fml/1.4/doxia-module-fml-1.4.jar
7f4694052000-7f4694053000 r--s 00003000 08:01 1182253                    /home/tyler/.m2/repository/org/apache/maven/doxia/doxia-module-xhtml/1.4/doxia-module-xhtml-1.4.jar
7f4694053000-7f4694055000 r--s 0000b000 08:01 1182250                    /home/tyler/.m2/repository/org/apache/maven/doxia/doxia-site-renderer/1.4/doxia-site-renderer-1.4.jar
7f4694055000-7f4694056000 r--s 0000e000 08:01 1182248                    /home/tyler/.m2/repository/org/apache/maven/doxia/doxia-decoration-model/1.4/doxia-decoration-model-1.4.jar
7f4694056000-7f4694057000 r--s 00002000 08:01 1182247                    /home/tyler/.m2/repository/org/apache/maven/doxia/doxia-sink-api/1.4/doxia-sink-api-1.4.jar
7f4694057000-7f469405c000 r--s 00026000 08:01 1182244                    /home/tyler/.m2/repository/org/apache/httpcomponents/httpcore/4.0.1/httpcore-4.0.1.jar
7f469405c000-7f469405e000 r--s 0000a000 08:01 1182242                    /home/tyler/.m2/repository/commons-codec/commons-codec/1.3/commons-codec-1.3.jar
7f469405e000-7f4694065000 r--s 00041000 08:01 1182240                    /home/tyler/.m2/repository/org/apache/httpcomponents/httpclient/4.0.2/httpclient-4.0.2.jar
7f4694065000-7f469407d000 r--s 00115000 08:01 1182239                    /home/tyler/.m2/repository/xerces/xercesImpl/2.9.1/xercesImpl-2.9.1.jar
7f469407d000-7f469407f000 r--s 00000000 08:01 1181254                    /home/tyler/.m2/repository/org/codehaus/plexus/plexus-component-annotations/1.5.5/plexus-component-annotations-1.5.5.jar
7f469407f000-7f4694080000 r--s 00002000 08:01 1182237                    /home/tyler/.m2/repository/org/apache/maven/doxia/doxia-logging-api/1.4/doxia-logging-api-1.4.jar
7f4694080000-7f4694084000 r--s 00025000 08:01 1182235                    /home/tyler/.m2/repository/org/apache/maven/doxia/doxia-core/1.4/doxia-core-1.4.jar
7f4694084000-7f4694087000 r--s 00011000 08:01 1181307                    /home/tyler/.m2/repository/org/apache/maven/maven-artifact/2.2.1/maven-artifact-2.2.1.jar
7f4694087000-7f4694089000 r--s 00008000 08:01 1181316                    /home/tyler/.m2/repository/org/apache/maven/maven-plugin-descriptor/2.2.1/maven-plugin-descriptor-2.2.1.jar
7f4694089000-7f469408a000 r--s 00002000 08:01 1182234                    /home/tyler/.m2/repository/org/apache/maven/maven-plugin-api/2.0/maven-plugin-api-2.0.jar
7f469408a000-7f469408b000 r--s 00002000 08:01 1182232                    /home/tyler/.m2/repository/org/apache/maven/reporting/maven-reporting-api/3.0/maven-reporting-api-3.0.jar
7f469408b000-7f469408d000 r--s 00008000 08:01 1182228                    /home/tyler/.m2/repository/commons-logging/commons-logging/1.0.4/commons-logging-1.0.4.jar
7f469408d000-7f4694091000 r--s 00026000 08:01 1182226                    /home/tyler/.m2/repository/commons-digester/commons-digester/1.6/commons-digester-1.6.jar
7f4694091000-7f4694096000 r--s 0002a000 08:01 1182225                    /home/tyler/.m2/repository/commons-beanutils/commons-beanutils/1.7.0/commons-beanutils-1.7.0.jar
7f4694096000-7f4694099000 r--s 00014000 08:01 1182222                    /home/tyler/.m2/repository/commons-validator/commons-validator/1.2.0/commons-validator-1.2.0.jar
7f4694099000-7f469409b000 r--s 00007000 08:01 1182221                    /home/tyler/.m2/repository/org/codehaus/plexus/plexus-interpolation/1.1/plexus-interpolation-1.1.jar
7f469409b000-7f469409d000 r--s 00006000 08:01 1182220                    /home/tyler/.m2/repository/org/apache/maven/maven-plugin-registry/2.0.10/maven-plugin-registry-2.0.10.jar
7f469409d000-7f469409f000 r--s 00008000 08:01 1182216                    /home/tyler/.m2/repository/org/apache/maven/maven-profile/2.0.10/maven-profile-2.0.10.jar
7f469409f000-7f46940a1000 r--s 0000b000 08:01 1182215                    /home/tyler/.m2/repository/org/apache/maven/maven-settings/2.0.10/maven-settings-2.0.10.jar
7f46940a1000-7f46940a4000 r--s 0001c000 08:01 1182212                    /home/tyler/.m2/repository/org/apache/maven/maven-project/2.0.10/maven-project-2.0.10.jar
7f46940a4000-7f46940a6000 r--s 00003000 08:01 1182211                    /home/tyler/.m2/repository/org/apache/maven/reporting/maven-reporting-impl/2.1/maven-reporting-impl-2.1.jar
7f46940a6000-7f46940aa000 r--s 00031000 08:01 1182208                    /home/tyler/.m2/repository/org/codehaus/groovy/groovy-xml/2.4.7/groovy-xml-2.4.7.jar
7f46940aa000-7f46940ac000 r--s 00016000 08:01 1182207                    /home/tyler/.m2/repository/org/codehaus/groovy/groovy-templates/2.4.7/groovy-templates-2.4.7.jar
7f46940ac000-7f46940b0000 r--s 0001e000 08:01 1182204                    /home/tyler/.m2/repository/org/codehaus/groovy/groovy-groovydoc/2.4.7/groovy-groovydoc-2.4.7.jar
7f46940b0000-7f46940b1000 r--s 00002000 08:01 1182203                    /home/tyler/.m2/repository/org/apache/ant/ant-antlr/1.9.4/ant-antlr-1.9.4.jar
7f46940b1000-7f46940b3000 r--s 00010000 08:01 1182202                    /home/tyler/.m2/repository/org/codehaus/groovy/groovy-ant/2.4.7/groovy-ant-2.4.7.jar
7f46940b3000-7f4694100000 r--s 0040b000 08:01 1182198                    /home/tyler/.m2/repository/org/codehaus/groovy/groovy/2.4.7/groovy-2.4.7.jar
7f4694100000-7f4694105000 r--s 00041000 08:01 1182194                    /home/tyler/.m2/repository/commons-lang/commons-lang/2.6/commons-lang-2.6.jar
7f4694105000-7f469410a000 r--s 00058000 08:01 1182192                    /home/tyler/.m2/repository/org/ow2/asm/asm-debug-all/5.0.2/asm-debug-all-5.0.2.jar
7f469410a000-7f469410f000 r--s 00016000 08:01 1181257                    /home/tyler/.m2/repository/xml-apis/xml-apis/1.0.b2/xml-apis-1.0.b2.jar
7f469410f000-7f4694114000 r--s 00048000 08:01 1181255                    /home/tyler/.m2/repository/dom4j/dom4j/1.6.1/dom4j-1.6.1.jar
7f4694114000-7f4694116000 r--s 00005000 08:01 1182191                    /home/tyler/.m2/repository/com/google/code/findbugs/jFormatString/2.0.1/jFormatString-2.0.1.jar
7f4694116000-7f4694120000 r--s 0008c000 08:01 1182190                    /home/tyler/.m2/repository/com/google/code/findbugs/bcel-findbugs/6.0/bcel-findbugs-6.0.jar
7f4694120000-7f4694121000 ---p 00000000 00:00 0 
7f4694121000-7f4694221000 rw-p 00000000 00:00 0 
7f4694221000-7f4694224000 ---p 00000000 00:00 0 
7f4694224000-7f4694322000 rw-p 00000000 00:00 0 
7f4694322000-7f4694325000 ---p 00000000 00:00 0 
7f4694325000-7f4694423000 rw-p 00000000 00:00 0 
7f4694423000-7f4694426000 ---p 00000000 00:00 0 
7f4694426000-7f4694524000 rw-p 00000000 00:00 0 
7f4694524000-7f4694527000 ---p 00000000 00:00 0 
7f4694527000-7f4694625000 rw-p 00000000 00:00 0 
7f4694625000-7f4694628000 ---p 00000000 00:00 0 
7f4694628000-7f4694726000 rw-p 00000000 00:00 0 
7f4694726000-7f4694afb000 r--p 00000000 08:01 395699                     /usr/lib/locale/locale-archive
7f4694afb000-7f4694afe000 ---p 00000000 00:00 0 
7f4694afe000-7f4694bfc000 rw-p 00000000 00:00 0 
7f4694bfc000-7f4694bff000 ---p 00000000 00:00 0 
7f4694bff000-7f4694cfd000 rw-p 00000000 00:00 0 
7f4694cfd000-7f4694cfe000 ---p 00000000 00:00 0 
7f4694cfe000-7f4695000000 rw-p 00000000 00:00 0 
7f4695000000-7f46953a0000 rwxp 00000000 00:00 0 
7f46953a0000-7f46a4000000 ---p 00000000 00:00 0 
7f46a4000000-7f46a4df6000 rw-p 00000000 00:00 0 
7f46a4df6000-7f46a8000000 ---p 00000000 00:00 0 
7f46a8000000-7f46a8001000 r--s 00002000 08:01 1182197                    /home/tyler/.m2/repository/com/apple/AppleJavaExtensions/1.4/AppleJavaExtensions-1.4.jar
7f46a8001000-7f46a8003000 r--s 00006000 08:01 1181562                    /home/tyler/.m2/repository/com/google/code/findbugs/jsr305/2.0.1/jsr305-2.0.1.jar
7f46a8003000-7f46a8004000 r--s 00000000 08:01 1182186                    /home/tyler/.m2/repository/net/jcip/jcip-annotations/1.0/jcip-annotations-1.0.jar
7f46a8004000-7f46a8033000 r--s 00371000 08:01 1182184                    /home/tyler/.m2/repository/com/google/code/findbugs/findbugs/3.0.1/findbugs-3.0.1.jar
7f46a8033000-7f46a8036000 r--s 00021000 08:01 1182182                    /home/tyler/.m2/repository/org/codehaus/mojo/findbugs-maven-plugin/3.0.4/findbugs-maven-plugin-3.0.4.jar
7f46a8036000-7f46a803d000 r--s 0005e000 08:01 1182180                    /home/tyler/.m2/repository/org/apache/commons/commons-lang3/3.3.2/commons-lang3-3.3.2.jar
7f46a803d000-7f46a8047000 r--s 0005d000 08:01 1182179                    /home/tyler/.m2/repository/ch/qos/logback/logback-core/1.0.13/logback-core-1.0.13.jar
7f46a8047000-7f46a804d000 r--s 0003b000 08:01 1182177                    /home/tyler/.m2/repository/ch/qos/logback/logback-classic/1.0.13/logback-classic-1.0.13.jar
7f46a804d000-7f46a80c7000 r--s 010f6000 08:01 424997                     /usr/local/java/jdk1.8.0_121/lib/tools.jar
7f46a80c7000-7f46a80ca000 r--s 00025000 08:01 1182172                    /home/tyler/.m2/repository/org/mortbay/jetty/jetty-util/6.1.14/jetty-util-6.1.14.jar
7f46a80ca000-7f46a80d1000 r--s 00078000 08:01 1182170                    /home/tyler/.m2/repository/org/mortbay/jetty/jetty/6.1.14/jetty-6.1.14.jar
7f46a80d1000-7f46a80ef000 r--s 001bc000 08:01 1182163                    /home/tyler/.m2/repository/org/apache/ant/ant/1.8.3/ant-1.8.3.jar
7f46a80ef000-7f46a8dfc000 rw-p 00000000 00:00 0 
7f46a8dfc000-7f46a8fd5000 r--s 03d3e000 08:01 453806                     /usr/local/java/jdk1.8.0_121/jre/lib/rt.jar
7f46a8fd5000-7f46a9a37000 rw-p 00000000 00:00 0 
7f46a9a37000-7f46a9a38000 ---p 00000000 00:00 0 
7f46a9a38000-7f46a9b38000 rw-p 00000000 00:00 0 
7f46a9b38000-7f46a9b39000 ---p 00000000 00:00 0 
7f46a9b39000-7f46a9c39000 rw-p 00000000 00:00 0 
7f46a9c39000-7f46a9c3a000 ---p 00000000 00:00 0 
7f46a9c3a000-7f46a9d3a000 rw-p 00000000 00:00 0 
7f46a9d3a000-7f46a9d3b000 ---p 00000000 00:00 0 
7f46a9d3b000-7f46a9e9f000 rw-p 00000000 00:00 0 
7f46a9e9f000-7f46a9f83000 ---p 00000000 00:00 0 
7f46a9f83000-7f46a9fe7000 rw-p 00000000 00:00 0 
7f46a9fe7000-7f46aa0cb000 ---p 00000000 00:00 0 
7f46aa0cb000-7f46aa146000 rw-p 00000000 00:00 0 
7f46aa146000-7f46aa16f000 ---p 00000000 00:00 0 
7f46aa16f000-7f46aa17f000 rw-p 00000000 00:00 0 
7f46aa17f000-7f46aa530000 ---p 00000000 00:00 0 
7f46aa530000-7f46aa54a000 r-xp 00000000 08:01 453836                     /usr/local/java/jdk1.8.0_121/jre/lib/amd64/libzip.so
7f46aa54a000-7f46aa74a000 ---p 0001a000 08:01 453836                     /usr/local/java/jdk1.8.0_121/jre/lib/amd64/libzip.so
7f46aa74a000-7f46aa74b000 rw-p 0001a000 08:01 453836                     /usr/local/java/jdk1.8.0_121/jre/lib/amd64/libzip.so
7f46aa74b000-7f46aa756000 r-xp 00000000 08:01 919017                     /lib/x86_64-linux-gnu/libnss_files-2.23.so
7f46aa756000-7f46aa955000 ---p 0000b000 08:01 919017                     /lib/x86_64-linux-gnu/libnss_files-2.23.so
7f46aa955000-7f46aa956000 r--p 0000a000 08:01 919017                     /lib/x86_64-linux-gnu/libnss_files-2.23.so
7f46aa956000-7f46aa957000 rw-p 0000b000 08:01 919017                     /lib/x86_64-linux-gnu/libnss_files-2.23.so
7f46aa957000-7f46aa95d000 rw-p 00000000 00:00 0 
7f46aa95d000-7f46aa968000 r-xp 00000000 08:01 919002                     /lib/x86_64-linux-gnu/libnss_nis-2.23.so
7f46aa968000-7f46aab67000 ---p 0000b000 08:01 919002                     /lib/x86_64-linux-gnu/libnss_nis-2.23.so
7f46aab67000-7f46aab68000 r--p 0000a000 08:01 919002                     /lib/x86_64-linux-gnu/libnss_nis-2.23.so
7f46aab68000-7f46aab69000 rw-p 0000b000 08:01 919002                     /lib/x86_64-linux-gnu/libnss_nis-2.23.so
7f46aab69000-7f46aab7f000 r-xp 00000000 08:01 919013                     /lib/x86_64-linux-gnu/libnsl-2.23.so
7f46aab7f000-7f46aad7e000 ---p 00016000 08:01 919013                     /lib/x86_64-linux-gnu/libnsl-2.23.so
7f46aad7e000-7f46aad7f000 r--p 00015000 08:01 919013                     /lib/x86_64-linux-gnu/libnsl-2.23.so
7f46aad7f000-7f46aad80000 rw-p 00016000 08:01 919013                     /lib/x86_64-linux-gnu/libnsl-2.23.so
7f46aad80000-7f46aad82000 rw-p 00000000 00:00 0 
7f46aad82000-7f46aad8a000 r-xp 00000000 08:01 919014                     /lib/x86_64-linux-gnu/libnss_compat-2.23.so
7f46aad8a000-7f46aaf89000 ---p 00008000 08:01 919014                     /lib/x86_64-linux-gnu/libnss_compat-2.23.so
7f46aaf89000-7f46aaf8a000 r--p 00007000 08:01 919014                     /lib/x86_64-linux-gnu/libnss_compat-2.23.so
7f46aaf8a000-7f46aaf8b000 rw-p 00008000 08:01 919014                     /lib/x86_64-linux-gnu/libnss_compat-2.23.so
7f46aaf8b000-7f46aafb6000 r-xp 00000000 08:01 453862                     /usr/local/java/jdk1.8.0_121/jre/lib/amd64/libjava.so
7f46aafb6000-7f46ab1b5000 ---p 0002b000 08:01 453862                     /usr/local/java/jdk1.8.0_121/jre/lib/amd64/libjava.so
7f46ab1b5000-7f46ab1b7000 rw-p 0002a000 08:01 453862                     /usr/local/java/jdk1.8.0_121/jre/lib/amd64/libjava.so
7f46ab1b7000-7f46ab1c4000 r-xp 00000000 08:01 453814                     /usr/local/java/jdk1.8.0_121/jre/lib/amd64/libverify.so
7f46ab1c4000-7f46ab3c3000 ---p 0000d000 08:01 453814                     /usr/local/java/jdk1.8.0_121/jre/lib/amd64/libverify.so
7f46ab3c3000-7f46ab3c5000 rw-p 0000c000 08:01 453814                     /usr/local/java/jdk1.8.0_121/jre/lib/amd64/libverify.so
7f46ab3c5000-7f46ab3cc000 r-xp 00000000 08:01 919001                     /lib/x86_64-linux-gnu/librt-2.23.so
7f46ab3cc000-7f46ab5cb000 ---p 00007000 08:01 919001                     /lib/x86_64-linux-gnu/librt-2.23.so
7f46ab5cb000-7f46ab5cc000 r--p 00006000 08:01 919001                     /lib/x86_64-linux-gnu/librt-2.23.so
7f46ab5cc000-7f46ab5cd000 rw-p 00007000 08:01 919001                     /lib/x86_64-linux-gnu/librt-2.23.so
7f46ab5cd000-7f46ab6d5000 r-xp 00000000 08:01 919011                     /lib/x86_64-linux-gnu/libm-2.23.so
7f46ab6d5000-7f46ab8d4000 ---p 00108000 08:01 919011                     /lib/x86_64-linux-gnu/libm-2.23.so
7f46ab8d4000-7f46ab8d5000 r--p 00107000 08:01 919011                     /lib/x86_64-linux-gnu/libm-2.23.so
7f46ab8d5000-7f46ab8d6000 rw-p 00108000 08:01 919011                     /lib/x86_64-linux-gnu/libm-2.23.so
7f46ab8d6000-7f46ac5a4000 r-xp 00000000 08:01 453865                     /usr/local/java/jdk1.8.0_121/jre/lib/amd64/server/libjvm.so
7f46ac5a4000-7f46ac7a4000 ---p 00cce000 08:01 453865                     /usr/local/java/jdk1.8.0_121/jre/lib/amd64/server/libjvm.so
7f46ac7a4000-7f46ac87d000 rw-p 00cce000 08:01 453865                     /usr/local/java/jdk1.8.0_121/jre/lib/amd64/server/libjvm.so
7f46ac87d000-7f46ac8c8000 rw-p 00000000 00:00 0 
7f46ac8c8000-7f46aca87000 r-xp 00000000 08:01 919006                     /lib/x86_64-linux-gnu/libc-2.23.so
7f46aca87000-7f46acc87000 ---p 001bf000 08:01 919006                     /lib/x86_64-linux-gnu/libc-2.23.so
7f46acc87000-7f46acc8b000 r--p 001bf000 08:01 919006                     /lib/x86_64-linux-gnu/libc-2.23.so
7f46acc8b000-7f46acc8d000 rw-p 001c3000 08:01 919006                     /lib/x86_64-linux-gnu/libc-2.23.so
7f46acc8d000-7f46acc91000 rw-p 00000000 00:00 0 
7f46acc91000-7f46acc94000 r-xp 00000000 08:01 919005                     /lib/x86_64-linux-gnu/libdl-2.23.so
7f46acc94000-7f46ace93000 ---p 00003000 08:01 919005                     /lib/x86_64-linux-gnu/libdl-2.23.so
7f46ace93000-7f46ace94000 r--p 00002000 08:01 919005                     /lib/x86_64-linux-gnu/libdl-2.23.so
7f46ace94000-7f46ace95000 rw-p 00003000 08:01 919005                     /lib/x86_64-linux-gnu/libdl-2.23.so
7f46ace95000-7f46aceaa000 r-xp 00000000 08:01 453851                     /usr/local/java/jdk1.8.0_121/jre/lib/amd64/jli/libjli.so
7f46aceaa000-7f46ad0aa000 ---p 00015000 08:01 453851                     /usr/local/java/jdk1.8.0_121/jre/lib/amd64/jli/libjli.so
7f46ad0aa000-7f46ad0ab000 rw-p 00015000 08:01 453851                     /usr/local/java/jdk1.8.0_121/jre/lib/amd64/jli/libjli.so
7f46ad0ab000-7f46ad0c3000 r-xp 00000000 08:01 919012                     /lib/x86_64-linux-gnu/libpthread-2.23.so
7f46ad0c3000-7f46ad2c2000 ---p 00018000 08:01 919012                     /lib/x86_64-linux-gnu/libpthread-2.23.so
7f46ad2c2000-7f46ad2c3000 r--p 00017000 08:01 919012                     /lib/x86_64-linux-gnu/libpthread-2.23.so
7f46ad2c3000-7f46ad2c4000 rw-p 00018000 08:01 919012                     /lib/x86_64-linux-gnu/libpthread-2.23.so
7f46ad2c4000-7f46ad2c8000 rw-p 00000000 00:00 0 
7f46ad2c8000-7f46ad2ee000 r-xp 00000000 08:01 918973                     /lib/x86_64-linux-gnu/ld-2.23.so
7f46ad2ee000-7f46ad2f0000 r--s 00005000 08:01 1182174                    /home/tyler/.m2/repository/org/slf4j/slf4j-api/1.7.5/slf4j-api-1.7.5.jar
7f46ad2f0000-7f46ad2f3000 r--s 0001e000 08:01 1182169                    /home/tyler/.m2/repository/org/mortbay/jetty/servlet-api-2.5/6.1.14/servlet-api-2.5-6.1.14.jar
7f46ad2f3000-7f46ad2f6000 r--s 00018000 08:01 1182166                    /home/tyler/.m2/repository/org/apache/ant/ant-junit/1.8.3/ant-junit-1.8.3.jar
7f46ad2f6000-7f46ad2f7000 r--s 00004000 08:01 1182165                    /home/tyler/.m2/repository/org/apache/ant/ant-launcher/1.8.3/ant-launcher-1.8.3.jar
7f46ad2f7000-7f46ad2fd000 r--s 00032000 08:01 1182160                    /home/tyler/.m2/repository/jaxen/jaxen/1.1.4/jaxen-1.1.4.jar
7f46ad2fd000-7f46ad2ff000 r--s 0000e000 08:01 1181278                    /home/tyler/.m2/repository/oro/oro/2.0.8/oro-2.0.8.jar
7f46ad2ff000-7f46ad300000 r--s 00004000 08:01 1182158                    /home/tyler/.m2/repository/org/ow2/asm/asm-analysis/5.0.1/asm-analysis-5.0.1.jar
7f46ad300000-7f46ad301000 r--s 0000a000 08:01 1182156                    /home/tyler/.m2/repository/org/ow2/asm/asm-util/5.0.1/asm-util-5.0.1.jar
7f46ad301000-7f46ad308000 r--s 00083000 08:01 1182148                    /home/tyler/.m2/repository/net/sourceforge/cobertura/cobertura/2.1.1/cobertura-2.1.1.jar
7f46ad308000-7f46ad310000 r--s 00045000 08:01 1183174                    /home/tyler/.m2/repository/junit/junit/4.12/junit-4.12.jar
7f46ad310000-7f46ad3ce000 rw-p 00000000 00:00 0 
7f46ad3ce000-7f46ad3d1000 ---p 00000000 00:00 0 
7f46ad3d1000-7f46ad4d3000 rw-p 00000000 00:00 0 
7f46ad4d3000-7f46ad4d5000 r--s 00009000 08:01 1182154                    /home/tyler/.m2/repository/org/ow2/asm/asm-commons/5.0.1/asm-commons-5.0.1.jar
7f46ad4d5000-7f46ad4d7000 r--s 00006000 08:01 1182152                    /home/tyler/.m2/repository/org/ow2/asm/asm-tree/5.0.1/asm-tree-5.0.1.jar
7f46ad4d7000-7f46ad4d8000 r--s 0000c000 08:01 1182150                    /home/tyler/.m2/repository/org/ow2/asm/asm/5.0.1/asm-5.0.1.jar
7f46ad4d8000-7f46ad4da000 r--s 00009000 08:01 1183177                    /home/tyler/.m2/repository/org/hamcrest/hamcrest-core/1.3/hamcrest-core-1.3.jar
7f46ad4da000-7f46ad4de000 r--s 00020000 08:01 1181625                    /home/tyler/.m2/repository/org/apache/maven/surefire/surefire-api/2.17/surefire-api-2.17.jar
7f46ad4de000-7f46ad4e0000 r--s 00008000 08:01 1181619                    /home/tyler/.m2/repository/org/apache/maven/surefire/surefire-booter/2.17/surefire-booter-2.17.jar
7f46ad4e0000-7f46ad4e1000 r--s 00002000 08:01 1449596                    /home/tyler/CS362-SE2/projects/lawsonty/Dominion/target/surefire/surefirebooter7722335193659422654.jar
7f46ad4e1000-7f46ad4e9000 rw-s 00000000 08:01 930569                     /tmp/hsperfdata_tyler/67651
7f46ad4e9000-7f46ad4ea000 rw-p 00000000 00:00 0 
7f46ad4ea000-7f46ad4eb000 ---p 00000000 00:00 0 
7f46ad4eb000-7f46ad4ed000 rw-p 00000000 00:00 0 
7f46ad4ed000-7f46ad4ee000 r--p 00025000 08:01 918973                     /lib/x86_64-linux-gnu/ld-2.23.so
7f46ad4ee000-7f46ad4ef000 rw-p 00026000 08:01 918973                     /lib/x86_64-linux-gnu/ld-2.23.so
7f46ad4ef000-7f46ad4f0000 rw-p 00000000 00:00 0 
7fffca930000-7fffca952000 rw-p 00000000 00:00 0                          [stack]
7fffca971000-7fffca973000 r--p 00000000 00:00 0                          [vvar]
7fffca973000-7fffca975000 r-xp 00000000 00:00 0                          [vdso]
ffffffffff600000-ffffffffff601000 r-xp 00000000 00:00 0                  [vsyscall]

VM Arguments:
java_command: /home/tyler/CS362-SE2/projects/lawsonty/Dominion/target/surefire/surefirebooter7722335193659422654.jar /home/tyler/CS362-SE2/projects/lawsonty/Dominion/target/surefire/surefire7904624988137502751tmp /home/tyler/CS362-SE2/projects/lawsonty/Dominion/target/surefire/surefire_08889159269813670790tmp
java_class_path (initial): /home/tyler/CS362-SE2/projects/lawsonty/Dominion/target/surefire/surefirebooter7722335193659422654.jar
Launcher Type: SUN_STANDARD

Environment Variables:
JAVA_HOME=/usr/local/java/jdk1.8.0_121
PATH=/home/tyler/bin:/home/tyler/.local/bin:/usr/local/sbin:/usr/local/bin:/usr/sbin:/usr/bin:/sbin:/bin:/usr/games:/usr/local/games:/snap/bin:/home/tyler/bin:/usr/local/java/jre1.8.0_101/bin:/usr/local/java/jdk1.8.0_121/bin
SHELL=/bin/bash
DISPLAY=:0

Signal Handlers:
SIGSEGV: [libjvm.so+0xac78c0], sa_mask[0]=11111111011111111101111111111110, sa_flags=SA_RESTART|SA_SIGINFO
SIGBUS: [libjvm.so+0xac78c0], sa_mask[0]=11111111011111111101111111111110, sa_flags=SA_RESTART|SA_SIGINFO
SIGFPE: [libjvm.so+0x920ac0], sa_mask[0]=11111111011111111101111111111110, sa_flags=SA_RESTART|SA_SIGINFO
SIGPIPE: [libjvm.so+0x920ac0], sa_mask[0]=11111111011111111101111111111110, sa_flags=SA_RESTART|SA_SIGINFO
SIGXFSZ: [libjvm.so+0x920ac0], sa_mask[0]=11111111011111111101111111111110, sa_flags=SA_RESTART|SA_SIGINFO
SIGILL: [libjvm.so+0x920ac0], sa_mask[0]=11111111011111111101111111111110, sa_flags=SA_RESTART|SA_SIGINFO
SIGUSR1: SIG_DFL, sa_mask[0]=00000000000000000000000000000000, sa_flags=none
SIGUSR2: [libjvm.so+0x922300], sa_mask[0]=00100000000000000000000000000000, sa_flags=SA_RESTART|SA_SIGINFO
SIGHUP: [libjvm.so+0x923700], sa_mask[0]=11111111011111111101111111111110, sa_flags=SA_RESTART|SA_SIGINFO
SIGINT: [libjvm.so+0x923700], sa_mask[0]=11111111011111111101111111111110, sa_flags=SA_RESTART|SA_SIGINFO
SIGTERM: [libjvm.so+0x923700], sa_mask[0]=11111111011111111101111111111110, sa_flags=SA_RESTART|SA_SIGINFO
SIGQUIT: [libjvm.so+0x923700], sa_mask[0]=11111111011111111101111111111110, sa_flags=SA_RESTART|SA_SIGINFO


---------------  S Y S T E M  ---------------

OS:DISTRIB_ID=Ubuntu
DISTRIB_RELEASE=16.04
DISTRIB_CODENAME=xenial
DISTRIB_DESCRIPTION="Ubuntu 16.04.2 LTS"

uname:Linux 4.4.0-62-generic #83-Ubuntu SMP Wed Jan 18 14:10:15 UTC 2017 x86_64
libc:glibc 2.23 NPTL 2.23 
rlimit: STACK 8192k, CORE 0k, NPROC 15580, NOFILE 65536, AS infinity
load average:1.00 0.77 0.46

/proc/meminfo:
MemTotal:        4028788 kB
MemFree:           97892 kB
MemAvailable:          0 kB
Buffers:             456 kB
Cached:           109300 kB
SwapCached:        33236 kB
Active:          1706320 kB
Inactive:         760928 kB
Active(anon):    1704116 kB
Inactive(anon):   758396 kB
Active(file):       2204 kB
Inactive(file):     2532 kB
Unevictable:          32 kB
Mlocked:              32 kB
SwapTotal:       1046524 kB
SwapFree:              0 kB
Dirty:                64 kB
Writeback:             0 kB
AnonPages:       2325164 kB
Mapped:           107960 kB
Shmem:            104204 kB
Slab:              95016 kB
SReclaimable:      38792 kB
SUnreclaim:        56224 kB
KernelStack:       13680 kB
PageTables:        40760 kB
NFS_Unstable:          0 kB
Bounce:                0 kB
WritebackTmp:          0 kB
CommitLimit:     3060916 kB
Committed_AS:    7622560 kB
VmallocTotal:   34359738367 kB
VmallocUsed:           0 kB
VmallocChunk:          0 kB
HardwareCorrupted:     0 kB
AnonHugePages:   1193984 kB
CmaTotal:              0 kB
CmaFree:               0 kB
HugePages_Total:       0
HugePages_Free:        0
HugePages_Rsvd:        0
HugePages_Surp:        0
Hugepagesize:       2048 kB
DirectMap4k:      268096 kB
DirectMap2M:     3926016 kB
DirectMap1G:     2097152 kB


CPU:total 4 (1 cores per cpu, 1 threads per core) family 6 model 94 stepping 3, cmov, cx8, fxsr, mmx, sse, sse2, sse3, ssse3, sse4.1, sse4.2, popcnt, avx, avx2, aes, clmul, erms, rtm, 3dnowpref, lzcnt, tsc, tscinvbit, bmi1, bmi2, adx

/proc/cpuinfo:
processor	: 0
vendor_id	: GenuineIntel
cpu family	: 6
model		: 94
model name	: Intel(R) Core(TM) i7-6700HQ CPU @ 2.60GHz
stepping	: 3
microcode	: 0x9e
cpu MHz		: 2601.000
cache size	: 6144 KB
physical id	: 0
siblings	: 1
core id		: 0
cpu cores	: 1
apicid		: 0
initial apicid	: 0
fpu		: yes
fpu_exception	: yes
cpuid level	: 22
wp		: yes
flags		: fpu vme de pse tsc msr pae mce cx8 apic sep mtrr pge mca cmov pat pse36 clflush dts mmx fxsr sse sse2 ss syscall nx pdpe1gb rdtscp lm constant_tsc arch_perfmon pebs bts nopl xtopology tsc_reliable nonstop_tsc aperfmperf eagerfpu pni pclmulqdq ssse3 fma cx16 pcid sse4_1 sse4_2 x2apic movbe popcnt tsc_deadline_timer aes xsave avx f16c rdrand hypervisor lahf_lm abm 3dnowprefetch epb fsgsbase tsc_adjust bmi1 hle avx2 smep bmi2 invpcid rtm rdseed adx smap xsaveopt dtherm ida arat pln pts hwp hwp_notify hwp_act_window hwp_epp
bugs		:
bogomips	: 5202.00
clflush size	: 64
cache_alignment	: 64
address sizes	: 42 bits physical, 48 bits virtual
power management:

processor	: 1
vendor_id	: GenuineIntel
cpu family	: 6
model		: 94
model name	: Intel(R) Core(TM) i7-6700HQ CPU @ 2.60GHz
stepping	: 3
microcode	: 0x9e
cpu MHz		: 2601.000
cache size	: 6144 KB
physical id	: 2
siblings	: 1
core id		: 0
cpu cores	: 1
apicid		: 2
initial apicid	: 2
fpu		: yes
fpu_exception	: yes
cpuid level	: 22
wp		: yes
flags		: fpu vme de pse tsc msr pae mce cx8 apic sep mtrr pge mca cmov pat pse36 clflush dts mmx fxsr sse sse2 ss syscall nx pdpe1gb rdtscp lm constant_tsc arch_perfmon pebs bts nopl xtopology tsc_reliable nonstop_tsc aperfmperf eagerfpu pni pclmulqdq ssse3 fma cx16 pcid sse4_1 sse4_2 x2apic movbe popcnt tsc_deadline_timer aes xsave avx f16c rdrand hypervisor lahf_lm abm 3dnowprefetch epb fsgsbase tsc_adjust bmi1 hle avx2 smep bmi2 invpcid rtm rdseed adx smap xsaveopt dtherm ida arat pln pts hwp hwp_notify hwp_act_window hwp_epp
bugs		:
bogomips	: 5202.00
clflush size	: 64
cache_alignment	: 64
address sizes	: 42 bits physical, 48 bits virtual
power management:

processor	: 2
vendor_id	: GenuineIntel
cpu family	: 6
model		: 94
model name	: Intel(R) Core(TM) i7-6700HQ CPU @ 2.60GHz
stepping	: 3
microcode	: 0x9e
cpu MHz		: 2601.000
cache size	: 6144 KB
physical id	: 4
siblings	: 1
core id		: 0
cpu cores	: 1
apicid		: 4
initial apicid	: 4
fpu		: yes
fpu_exception	: yes
cpuid level	: 22
wp		: yes
flags		: fpu vme de pse tsc msr pae mce cx8 apic sep mtrr pge mca cmov pat pse36 clflush dts mmx fxsr sse sse2 ss syscall nx pdpe1gb rdtscp lm constant_tsc arch_perfmon pebs bts nopl xtopology tsc_reliable nonstop_tsc aperfmperf eagerfpu pni pclmulqdq ssse3 fma cx16 pcid sse4_1 sse4_2 x2apic movbe popcnt tsc_deadline_timer aes xsave avx f16c rdrand hypervisor lahf_lm abm 3dnowprefetch epb fsgsbase tsc_adjust bmi1 hle avx2 smep bmi2 invpcid rtm rdseed adx smap xsaveopt dtherm ida arat pln pts hwp hwp_notify hwp_act_window hwp_epp
bugs		:
bogomips	: 5202.00
clflush size	: 64
cache_alignment	: 64
address sizes	: 42 bits physical, 48 bits virtual
power management:

processor	: 3
vendor_id	: GenuineIntel
cpu family	: 6
model		: 94
model name	: Intel(R) Core(TM) i7-6700HQ CPU @ 2.60GHz
stepping	: 3
microcode	: 0x9e
cpu MHz		: 2601.000
cache size	: 6144 KB
physical id	: 6
siblings	: 1
core id		: 0
cpu cores	: 1
apicid		: 6
initial apicid	: 6
fpu		: yes
fpu_exception	: yes
cpuid level	: 22
wp		: yes
flags		: fpu vme de pse tsc msr pae mce cx8 apic sep mtrr pge mca cmov pat pse36 clflush dts mmx fxsr sse sse2 ss syscall nx pdpe1gb rdtscp lm constant_tsc arch_perfmon pebs bts nopl xtopology tsc_reliable nonstop_tsc aperfmperf eagerfpu pni pclmulqdq ssse3 fma cx16 pcid sse4_1 sse4_2 x2apic movbe popcnt tsc_deadline_timer aes xsave avx f16c rdrand hypervisor lahf_lm abm 3dnowprefetch epb fsgsbase tsc_adjust bmi1 hle avx2 smep bmi2 invpcid rtm rdseed adx smap xsaveopt dtherm ida arat pln pts hwp hwp_notify hwp_act_window hwp_epp
bugs		:
bogomips	: 5202.00
clflush size	: 64
cache_alignment	: 64
address sizes	: 42 bits physical, 48 bits virtual
power management:



Memory: 4k page, physical 4028788k(97248k free), swap 1046524k(0k free)

vm_info: Java HotSpot(TM) 64-Bit Server VM (25.121-b13) for linux-amd64 JRE (1.8.0_121-b13), built on Dec 12 2016 16:36:53 by "java_re" with gcc 4.3.0 20080428 (Red Hat 4.3.0-8)

time: Sun Feb 26 16:33:25 2017
elapsed time: 3 seconds (0d 0h 0m 3s)

