#
# There is insufficient memory for the Java Runtime Environment to continue.
# Native memory allocation (mmap) failed to map 183500800 bytes for committing reserved memory.
# Possible reasons:
#   The system is out of physical RAM or swap space
#   In 32 bit mode, the process size limit was hit
# Possible solutions:
#   Reduce memory load on the system
#   Increase physical memory or swap space
#   Check if swap backing store is full
#   Use 64 bit Java on a 64 bit OS
#   Decrease Java heap size (-Xmx/-Xms)
#   Decrease number of Java threads
#   Decrease Java thread stack sizes (-Xss)
#   Set larger code cache with -XX:ReservedCodeCacheSize=
# This output file may be truncated or incomplete.
#
#  Out of Memory Error (os_linux.cpp:2627), pid=67941, tid=0x00007fba2dc32700
#
# JRE version: Java(TM) SE Runtime Environment (8.0_121-b13) (build 1.8.0_121-b13)
# Java VM: Java HotSpot(TM) 64-Bit Server VM (25.121-b13 mixed mode linux-amd64 compressed oops)
# Failed to write core dump. Core dumps have been disabled. To enable core dumping, try "ulimit -c unlimited" before starting Java again
#

---------------  T H R E A D  ---------------

Current thread (0x00007fba4013e800):  VMThread [stack: 0x00007fba2db32000,0x00007fba2dc33000] [id=67950]

Stack: [0x00007fba2db32000,0x00007fba2dc33000],  sp=0x00007fba2dc31320,  free space=1020k
Native frames: (J=compiled Java code, j=interpreted, Vv=VM code, C=native code)
V  [libjvm.so+0xac703a]  VMError::report_and_die()+0x2ba
V  [libjvm.so+0x4fc7eb]  report_vm_out_of_memory(char const*, int, unsigned long, VMErrorType, char const*)+0x8b
V  [libjvm.so+0x923c43]  os::Linux::commit_memory_impl(char*, unsigned long, bool)+0x103
V  [libjvm.so+0x924199]  os::pd_commit_memory(char*, unsigned long, unsigned long, bool)+0x29
V  [libjvm.so+0x91e4aa]  os::commit_memory(char*, unsigned long, unsigned long, bool)+0x2a
V  [libjvm.so+0x992f03]  PSVirtualSpace::expand_by(unsigned long)+0x53
V  [libjvm.so+0x9837c0]  PSOldGen::expand(unsigned long)+0x170
V  [libjvm.so+0x9839cb]  PSOldGen::resize(unsigned long)+0x1cb
V  [libjvm.so+0x98b6d1]  PSParallelCompact::invoke_no_policy(bool)+0x991
V  [libjvm.so+0x99102d]  PSScavenge::invoke()+0x1ad
V  [libjvm.so+0x947c10]  ParallelScavengeHeap::failed_mem_allocate(unsigned long)+0x70
V  [libjvm.so+0xac8a57]  VM_ParallelGCFailedAllocation::doit()+0x97
V  [libjvm.so+0xad0535]  VM_Operation::evaluate()+0x55
V  [libjvm.so+0xace90a]  VMThread::evaluate_operation(VM_Operation*)+0xba
V  [libjvm.so+0xacec8e]  VMThread::loop()+0x1ce
V  [libjvm.so+0xacf100]  VMThread::run()+0x70
V  [libjvm.so+0x926268]  java_start(Thread*)+0x108

VM_Operation (0x00007fba1d608980): ParallelGCFailedAllocation, mode: safepoint, requested by thread 0x00007fba40bd1000


---------------  P R O C E S S  ---------------

Java Threads: ( => current thread )
  0x00007fba40650800 JavaThread "Time-limited test" daemon [_thread_blocked, id=67976, stack(0x00007fba1d108000,0x00007fba1d209000)]
  0x00007fba40bd1000 JavaThread "Time-limited test" daemon [_thread_blocked, id=67972, stack(0x00007fba1d50a000,0x00007fba1d60b000)]
  0x00007fba40a2d000 JavaThread "AWT-XAWT" daemon [_thread_blocked, id=67961, stack(0x00007fba1d88b000,0x00007fba1d98c000)]
  0x00007fba409e2000 JavaThread "Java2D Disposer" daemon [_thread_blocked, id=67960, stack(0x00007fba1dd9c000,0x00007fba1de9d000)]
  0x00007fba0c001000 JavaThread "Attach Listener" daemon [_thread_blocked, id=67959, stack(0x00007fba2c280000,0x00007fba2c381000)]
  0x00007fba40187800 JavaThread "Service Thread" daemon [_thread_blocked, id=67957, stack(0x00007fba2d056000,0x00007fba2d157000)]
  0x00007fba40184800 JavaThread "C1 CompilerThread2" daemon [_thread_blocked, id=67956, stack(0x00007fba2d157000,0x00007fba2d258000)]
  0x00007fba40182800 JavaThread "C2 CompilerThread1" daemon [_thread_blocked, id=67955, stack(0x00007fba2d258000,0x00007fba2d359000)]
  0x00007fba4017f800 JavaThread "C2 CompilerThread0" daemon [_thread_blocked, id=67954, stack(0x00007fba2d359000,0x00007fba2d45a000)]
  0x00007fba4017b800 JavaThread "Signal Dispatcher" daemon [_thread_blocked, id=67953, stack(0x00007fba2d45a000,0x00007fba2d55b000)]
  0x00007fba4014b000 JavaThread "Finalizer" daemon [_thread_blocked, id=67952, stack(0x00007fba2d930000,0x00007fba2da31000)]
  0x00007fba40146800 JavaThread "Reference Handler" daemon [_thread_blocked, id=67951, stack(0x00007fba2da31000,0x00007fba2db32000)]
  0x00007fba40009800 JavaThread "main" [_thread_blocked, id=67942, stack(0x00007fba480a7000,0x00007fba481a8000)]

Other Threads:
=>0x00007fba4013e800 VMThread [stack: 0x00007fba2db32000,0x00007fba2dc33000] [id=67950]
  0x00007fba4018a800 WatcherThread [stack: 0x00007fba2cf55000,0x00007fba2d056000] [id=67958]

VM state:at safepoint (normal execution)

VM Mutex/Monitor currently owned by a thread:  ([mutex/lock_event])
[0x00007fba400059f0] ExpandHeap_lock - owner thread: 0x00007fba4013e800
[0x00007fba40006070] Threads_lock - owner thread: 0x00007fba4013e800
[0x00007fba40006570] Heap_lock - owner thread: 0x00007fba40bd1000

Heap:
 PSYoungGen      total 207360K, used 5552K [0x00000000eb800000, 0x00000000ff480000, 0x0000000100000000)
  eden space 100864K, 0% used [0x00000000eb800000,0x00000000eb800000,0x00000000f1a80000)
  from space 106496K, 5% used [0x00000000f8c80000,0x00000000f91ec350,0x00000000ff480000)
  to   space 111616K, 0% used [0x00000000f1a80000,0x00000000f1a80000,0x00000000f8780000)
 ParOldGen       total 453632K, used 453503K [0x00000000c2800000, 0x00000000de300000, 0x00000000eb800000)
  object space 453632K, 99% used [0x00000000c2800000,0x00000000de2dffc0,0x00000000de300000)
 Metaspace       used 13977K, capacity 14142K, committed 14336K, reserved 1062912K
  class space    used 1688K, capacity 1772K, committed 1792K, reserved 1048576K

Card table byte_map: [0x00007fba44c5c000,0x00007fba44e49000] byte_map_base: 0x00007fba44648000

Marking Bits: (ParMarkBitMap*) 0x00007fba47573c80
 Begin Bits: [0x00007fba2f140000, 0x00007fba300a0000)
 End Bits:   [0x00007fba300a0000, 0x00007fba31000000)

Polling page: 0x00007fba481c3000

CodeCache: size=245760Kb used=3795Kb max_used=3804Kb free=241964Kb
 bounds [0x00007fba31000000, 0x00007fba313c0000, 0x00007fba40000000]
 total_blobs=1476 nmethods=977 adapters=413
 compilation: enabled

Compilation events (10 events):
Event: 6.916 Thread 0x00007fba40184800  979   !   3       sun.reflect.UTF8::encode (191 bytes)
Event: 6.917 Thread 0x00007fba40184800 nmethod 979 0x00007fba313b4290 code [0x00007fba313b4480, 0x00007fba313b4dc8]
Event: 6.917 Thread 0x00007fba40184800  980       3       sun.reflect.ClassFileAssembler::emitConstantPoolUTF8 (50 bytes)
Event: 6.917 Thread 0x00007fba40184800 nmethod 980 0x00007fba313b53d0 code [0x00007fba313b55c0, 0x00007fba313b5c08]
Event: 6.917 Thread 0x00007fba40184800  981       3       sun.reflect.ByteVectorImpl::get (26 bytes)
Event: 6.917 Thread 0x00007fba40182800 nmethod 977 0x00007fba313b8e50 code [0x00007fba313b8fc0, 0x00007fba313b9108]
Event: 6.918 Thread 0x00007fba40184800 nmethod 981 0x00007fba313b8990 code [0x00007fba313b8b00, 0x00007fba313b8d28]
Event: 6.918 Thread 0x00007fba40184800  976       3       java.lang.Class::isAsciiDigit (18 bytes)
Event: 6.918 Thread 0x00007fba40184800 nmethod 976 0x00007fba313b85d0 code [0x00007fba313b8740, 0x00007fba313b8910]
Event: 6.918 Thread 0x00007fba40184800  975       3       java.lang.ThreadLocal::set (30 bytes)

GC Heap History (10 events):
Event: 3.970 GC heap after
Heap after GC invocations=12 (full 3):
 PSYoungGen      total 154112K, used 71610K [0x00000000eb800000, 0x00000000fe400000, 0x0000000100000000)
  eden space 64512K, 0% used [0x00000000eb800000,0x00000000eb800000,0x00000000ef700000)
  from space 89600K, 79% used [0x00000000ef700000,0x00000000f3cee800,0x00000000f4e80000)
  to   space 111616K, 0% used [0x00000000f7700000,0x00000000f7700000,0x00000000fe400000)
 ParOldGen       total 266240K, used 171034K [0x00000000c2800000, 0x00000000d2c00000, 0x00000000eb800000)
  object space 266240K, 64% used [0x00000000c2800000,0x00000000ccf06928,0x00000000d2c00000)
 Metaspace       used 13905K, capacity 14130K, committed 14336K, reserved 1062912K
  class space    used 1683K, capacity 1770K, committed 1792K, reserved 1048576K
}
Event: 3.987 GC heap before
{Heap before GC invocations=13 (full 3):
 PSYoungGen      total 154112K, used 136122K [0x00000000eb800000, 0x00000000fe400000, 0x0000000100000000)
  eden space 64512K, 100% used [0x00000000eb800000,0x00000000ef700000,0x00000000ef700000)
  from space 89600K, 79% used [0x00000000ef700000,0x00000000f3cee800,0x00000000f4e80000)
  to   space 111616K, 0% used [0x00000000f7700000,0x00000000f7700000,0x00000000fe400000)
 ParOldGen       total 266240K, used 171034K [0x00000000c2800000, 0x00000000d2c00000, 0x00000000eb800000)
  object space 266240K, 64% used [0x00000000c2800000,0x00000000ccf06928,0x00000000d2c00000)
 Metaspace       used 13905K, capacity 14130K, committed 14336K, reserved 1062912K
  class space    used 1683K, capacity 1770K, committed 1792K, reserved 1048576K
Event: 4.167 GC heap after
Heap after GC invocations=13 (full 3):
 PSYoungGen      total 188416K, used 102880K [0x00000000eb800000, 0x00000000fe080000, 0x0000000100000000)
  eden space 80384K, 0% used [0x00000000eb800000,0x00000000eb800000,0x00000000f0680000)
  from space 108032K, 95% used [0x00000000f7700000,0x00000000fdb78000,0x00000000fe080000)
  to   space 111616K, 0% used [0x00000000f0680000,0x00000000f0680000,0x00000000f7380000)
 ParOldGen       total 266240K, used 204602K [0x00000000c2800000, 0x00000000d2c00000, 0x00000000eb800000)
  object space 266240K, 76% used [0x00000000c2800000,0x00000000cefce928,0x00000000d2c00000)
 Metaspace       used 13905K, capacity 14130K, committed 14336K, reserved 1062912K
  class space    used 1683K, capacity 1770K, committed 1792K, reserved 1048576K
}
Event: 4.188 GC heap before
{Heap before GC invocations=14 (full 3):
 PSYoungGen      total 188416K, used 183264K [0x00000000eb800000, 0x00000000fe080000, 0x0000000100000000)
  eden space 80384K, 100% used [0x00000000eb800000,0x00000000f0680000,0x00000000f0680000)
  from space 108032K, 95% used [0x00000000f7700000,0x00000000fdb78000,0x00000000fe080000)
  to   space 111616K, 0% used [0x00000000f0680000,0x00000000f0680000,0x00000000f7380000)
 ParOldGen       total 266240K, used 204602K [0x00000000c2800000, 0x00000000d2c00000, 0x00000000eb800000)
  object space 266240K, 76% used [0x00000000c2800000,0x00000000cefce928,0x00000000d2c00000)
 Metaspace       used 13905K, capacity 14130K, committed 14336K, reserved 1062912K
  class space    used 1683K, capacity 1770K, committed 1792K, reserved 1048576K
Event: 4.400 GC heap after
Heap after GC invocations=14 (full 3):
 PSYoungGen      total 192000K, used 80544K [0x00000000eb800000, 0x00000000ff980000, 0x0000000100000000)
  eden space 80384K, 0% used [0x00000000eb800000,0x00000000eb800000,0x00000000f0680000)
  from space 111616K, 72% used [0x00000000f0680000,0x00000000f5528000,0x00000000f7380000)
  to   space 111616K, 0% used [0x00000000f8c80000,0x00000000f8c80000,0x00000000ff980000)
 ParOldGen       total 308224K, used 307722K [0x00000000c2800000, 0x00000000d5500000, 0x00000000eb800000)
  object space 308224K, 99% used [0x00000000c2800000,0x00000000d5482928,0x00000000d5500000)
 Metaspace       used 13905K, capacity 14130K, committed 14336K, reserved 1062912K
  class space    used 1683K, capacity 1770K, committed 1792K, reserved 1048576K
}
Event: 4.400 GC heap before
{Heap before GC invocations=15 (full 4):
 PSYoungGen      total 192000K, used 80544K [0x00000000eb800000, 0x00000000ff980000, 0x0000000100000000)
  eden space 80384K, 0% used [0x00000000eb800000,0x00000000eb800000,0x00000000f0680000)
  from space 111616K, 72% used [0x00000000f0680000,0x00000000f5528000,0x00000000f7380000)
  to   space 111616K, 0% used [0x00000000f8c80000,0x00000000f8c80000,0x00000000ff980000)
 ParOldGen       total 308224K, used 307722K [0x00000000c2800000, 0x00000000d5500000, 0x00000000eb800000)
  object space 308224K, 99% used [0x00000000c2800000,0x00000000d5482928,0x00000000d5500000)
 Metaspace       used 13905K, capacity 14130K, committed 14336K, reserved 1062912K
  class space    used 1683K, capacity 1770K, committed 1792K, reserved 1048576K
Event: 6.885 GC heap after
Heap after GC invocations=15 (full 4):
 PSYoungGen      total 192000K, used 79359K [0x00000000eb800000, 0x00000000ff980000, 0x0000000100000000)
  eden space 80384K, 0% used [0x00000000eb800000,0x00000000eb800000,0x00000000f0680000)
  from space 111616K, 71% used [0x00000000f0680000,0x00000000f53fff18,0x00000000f7380000)
  to   space 111616K, 0% used [0x00000000f8c80000,0x00000000f8c80000,0x00000000ff980000)
 ParOldGen       total 453632K, used 308177K [0x00000000c2800000, 0x00000000de300000, 0x00000000eb800000)
  object space 453632K, 67% used [0x00000000c2800000,0x00000000d54f4698,0x00000000de300000)
 Metaspace       used 13905K, capacity 14130K, committed 14336K, reserved 1062912K
  class space    used 1683K, capacity 1770K, committed 1792K, reserved 1048576K
}
Event: 6.918 GC heap before
{Heap before GC invocations=16 (full 4):
 PSYoungGen      total 192000K, used 159743K [0x00000000eb800000, 0x00000000ff980000, 0x0000000100000000)
  eden space 80384K, 100% used [0x00000000eb800000,0x00000000f0680000,0x00000000f0680000)
  from space 111616K, 71% used [0x00000000f0680000,0x00000000f53fff18,0x00000000f7380000)
  to   space 111616K, 0% used [0x00000000f8c80000,0x00000000f8c80000,0x00000000ff980000)
 ParOldGen       total 453632K, used 308177K [0x00000000c2800000, 0x00000000de300000, 0x00000000eb800000)
  object space 453632K, 67% used [0x00000000c2800000,0x00000000d54f4698,0x00000000de300000)
 Metaspace       used 13977K, capacity 14142K, committed 14336K, reserved 1062912K
  class space    used 1688K, capacity 1772K, committed 1792K, reserved 1048576K
Event: 7.137 GC heap after
Heap after GC invocations=16 (full 4):
 PSYoungGen      total 207360K, used 71680K [0x00000000eb800000, 0x00000000ff480000, 0x0000000100000000)
  eden space 100864K, 0% used [0x00000000eb800000,0x00000000eb800000,0x00000000f1a80000)
  from space 106496K, 67% used [0x00000000f8c80000,0x00000000fd280000,0x00000000ff480000)
  to   space 111616K, 0% used [0x00000000f1a80000,0x00000000f1a80000,0x00000000f8780000)
 ParOldGen       total 453632K, used 387865K [0x00000000c2800000, 0x00000000de300000, 0x00000000eb800000)
  object space 453632K, 85% used [0x00000000c2800000,0x00000000da2c6698,0x00000000de300000)
 Metaspace       used 13977K, capacity 14142K, committed 14336K, reserved 1062912K
  class space    used 1688K, capacity 1772K, committed 1792K, reserved 1048576K
}
Event: 7.137 GC heap before
{Heap before GC invocations=17 (full 5):
 PSYoungGen      total 207360K, used 71680K [0x00000000eb800000, 0x00000000ff480000, 0x0000000100000000)
  eden space 100864K, 0% used [0x00000000eb800000,0x00000000eb800000,0x00000000f1a80000)
  from space 106496K, 67% used [0x00000000f8c80000,0x00000000fd280000,0x00000000ff480000)
  to   space 111616K, 0% used [0x00000000f1a80000,0x00000000f1a80000,0x00000000f8780000)
 ParOldGen       total 453632K, used 387865K [0x00000000c2800000, 0x00000000de300000, 0x00000000eb800000)
  object space 453632K, 85% used [0x00000000c2800000,0x00000000da2c6698,0x00000000de300000)
 Metaspace       used 13977K, capacity 14142K, committed 14336K, reserved 1062912K
  class space    used 1688K, capacity 1772K, committed 1792K, reserved 1048576K

Deoptimization events (10 events):
Event: 0.691 Thread 0x00007fba40009800 Uncommon trap: reason=unstable_if action=reinterpret pc=0x00007fba311ba6e4 method=java.lang.AbstractStringBuilder.append(Ljava/lang/String;)Ljava/lang/AbstractStringBuilder; @ 1
Event: 0.937 Thread 0x00007fba40009800 Uncommon trap: reason=unstable_if action=reinterpret pc=0x00007fba31238920 method=java.util.HashMap.getNode(ILjava/lang/Object;)Ljava/util/HashMap$Node; @ 129
Event: 1.201 Thread 0x00007fba40009800 Uncommon trap: reason=unstable_if action=reinterpret pc=0x00007fba3122affc method=sun.misc.MetaIndex.mayContain(Ljava/lang/String;)Z @ 38
Event: 1.206 Thread 0x00007fba40009800 Uncommon trap: reason=unstable_if action=reinterpret pc=0x00007fba3133ad70 method=java.util.HashMap.hash(Ljava/lang/Object;)I @ 1
Event: 1.219 Thread 0x00007fba40009800 Uncommon trap: reason=unstable_if action=reinterpret pc=0x00007fba312d1608 method=java.io.StreamTokenizer.nextToken()I @ 248
Event: 1.236 Thread 0x00007fba40009800 Uncommon trap: reason=class_check action=maybe_recompile pc=0x00007fba31338c0c method=java.util.HashMap.putVal(ILjava/lang/Object;Ljava/lang/Object;ZZ)Ljava/lang/Object; @ 203
Event: 1.236 Thread 0x00007fba40009800 Uncommon trap: reason=class_check action=maybe_recompile pc=0x00007fba31338c0c method=java.util.HashMap.putVal(ILjava/lang/Object;Ljava/lang/Object;ZZ)Ljava/lang/Object; @ 203
Event: 1.236 Thread 0x00007fba40009800 Uncommon trap: reason=class_check action=maybe_recompile pc=0x00007fba31338c0c method=java.util.HashMap.putVal(ILjava/lang/Object;Ljava/lang/Object;ZZ)Ljava/lang/Object; @ 203
Event: 1.236 Thread 0x00007fba40009800 Uncommon trap: reason=class_check action=maybe_recompile pc=0x00007fba31338c0c method=java.util.HashMap.putVal(ILjava/lang/Object;Ljava/lang/Object;ZZ)Ljava/lang/Object; @ 203
Event: 1.260 Thread 0x00007fba40009800 Uncommon trap: reason=unstable_if action=reinterpret pc=0x00007fba31219ec0 method=java.lang.String.indexOf([CII[CIII)I @ 3

Internal exceptions (10 events):
Event: 6.912 Thread 0x00007fba40009800 Exception <a 'java/lang/ClassCastException'> (0x00000000edb76800) thrown at [/HUDSON3/workspace/8-2-build-linux-amd64/jdk8u121/8372/hotspot/src/share/vm/runtime/sharedRuntime.cpp, line 605]
Event: 6.912 Thread 0x00007fba40009800 Exception <a 'java/lang/ClassCastException'> (0x00000000edb76cd0) thrown at [/HUDSON3/workspace/8-2-build-linux-amd64/jdk8u121/8372/hotspot/src/share/vm/runtime/sharedRuntime.cpp, line 605]
Event: 6.912 Thread 0x00007fba40009800 Exception <a 'java/lang/ClassCastException'> (0x00000000edb771a0) thrown at [/HUDSON3/workspace/8-2-build-linux-amd64/jdk8u121/8372/hotspot/src/share/vm/runtime/sharedRuntime.cpp, line 605]
Event: 6.912 Thread 0x00007fba40009800 Exception <a 'java/lang/ClassCastException'> (0x00000000edb77610) thrown at [/HUDSON3/workspace/8-2-build-linux-amd64/jdk8u121/8372/hotspot/src/share/vm/runtime/sharedRuntime.cpp, line 605]
Event: 6.912 Thread 0x00007fba40009800 Exception <a 'java/lang/ClassCastException'> (0x00000000edb77b58) thrown at [/HUDSON3/workspace/8-2-build-linux-amd64/jdk8u121/8372/hotspot/src/share/vm/runtime/sharedRuntime.cpp, line 605]
Event: 6.912 Thread 0x00007fba40009800 Exception <a 'java/lang/ClassCastException'> (0x00000000edb78250) thrown at [/HUDSON3/workspace/8-2-build-linux-amd64/jdk8u121/8372/hotspot/src/share/vm/runtime/sharedRuntime.cpp, line 605]
Event: 6.912 Thread 0x00007fba40009800 Exception <a 'java/lang/ClassCastException'> (0x00000000edb78908) thrown at [/HUDSON3/workspace/8-2-build-linux-amd64/jdk8u121/8372/hotspot/src/share/vm/runtime/sharedRuntime.cpp, line 605]
Event: 6.912 Thread 0x00007fba40009800 Exception <a 'java/lang/ClassCastException'> (0x00000000edb78fc0) thrown at [/HUDSON3/workspace/8-2-build-linux-amd64/jdk8u121/8372/hotspot/src/share/vm/runtime/sharedRuntime.cpp, line 605]
Event: 6.912 Thread 0x00007fba40009800 Exception <a 'java/lang/ClassCastException'> (0x00000000edb79740) thrown at [/HUDSON3/workspace/8-2-build-linux-amd64/jdk8u121/8372/hotspot/src/share/vm/runtime/sharedRuntime.cpp, line 605]
Event: 6.912 Thread 0x00007fba40009800 Exception <a 'java/lang/ClassCastException'> (0x00000000edb7ac00) thrown at [/HUDSON3/workspace/8-2-build-linux-amd64/jdk8u121/8372/hotspot/src/share/vm/runtime/sharedRuntime.cpp, line 605]

Events (10 events):
Event: 6.908 Thread 0x00007fba40650800 Thread added: 0x00007fba40650800
Event: 6.909 Executing VM operation: RevokeBias
Event: 6.910 Executing VM operation: RevokeBias done
Event: 6.910 Thread 0x00007fba40650800 Thread exited: 0x00007fba40650800
Event: 6.911 Executing VM operation: ThreadDump
Event: 6.911 Executing VM operation: ThreadDump done
Event: 6.912 Thread 0x00007fba40650800 Thread added: 0x00007fba40650800
Event: 6.912 Executing VM operation: RevokeBias
Event: 6.913 Executing VM operation: RevokeBias done
Event: 6.918 Executing VM operation: ParallelGCFailedAllocation


Dynamic libraries:
00400000-00401000 r-xp 00000000 08:01 460029                             /usr/local/java/jdk1.8.0_121/jre/bin/java
00600000-00601000 rw-p 00000000 08:01 460029                             /usr/local/java/jdk1.8.0_121/jre/bin/java
011d1000-011f2000 rw-p 00000000 00:00 0                                  [heap]
c2800000-de300000 rw-p 00000000 00:00 0 
e9200000-eb800000 ---p 00000000 00:00 0 
eb800000-ff480000 rw-p 00000000 00:00 0 
ff480000-100000000 ---p 00000000 00:00 0 
100000000-1001c0000 rw-p 00000000 00:00 0 
1001c0000-140000000 ---p 00000000 00:00 0 
7fb9e0000000-7fb9e0021000 rw-p 00000000 00:00 0 
7fb9e0021000-7fb9e4000000 ---p 00000000 00:00 0 
7fb9e4000000-7fb9e4021000 rw-p 00000000 00:00 0 
7fb9e4021000-7fb9e8000000 ---p 00000000 00:00 0 
7fb9e8000000-7fb9e8021000 rw-p 00000000 00:00 0 
7fb9e8021000-7fb9ec000000 ---p 00000000 00:00 0 
7fb9ec000000-7fb9ec021000 rw-p 00000000 00:00 0 
7fb9ec021000-7fb9f0000000 ---p 00000000 00:00 0 
7fb9f0000000-7fb9f0021000 rw-p 00000000 00:00 0 
7fb9f0021000-7fb9f4000000 ---p 00000000 00:00 0 
7fb9f4000000-7fb9f403c000 rw-p 00000000 00:00 0 
7fb9f403c000-7fb9f8000000 ---p 00000000 00:00 0 
7fb9f8000000-7fb9f834f000 rw-p 00000000 00:00 0 
7fb9f834f000-7fb9fc000000 ---p 00000000 00:00 0 
7fb9fc000000-7fb9fc021000 rw-p 00000000 00:00 0 
7fb9fc021000-7fba00000000 ---p 00000000 00:00 0 
7fba00000000-7fba00285000 rw-p 00000000 00:00 0 
7fba00285000-7fba04000000 ---p 00000000 00:00 0 
7fba04000000-7fba042e3000 rw-p 00000000 00:00 0 
7fba042e3000-7fba08000000 ---p 00000000 00:00 0 
7fba08000000-7fba08021000 rw-p 00000000 00:00 0 
7fba08021000-7fba0c000000 ---p 00000000 00:00 0 
7fba0c000000-7fba0c021000 rw-p 00000000 00:00 0 
7fba0c021000-7fba10000000 ---p 00000000 00:00 0 
7fba10000000-7fba1028e000 rw-p 00000000 00:00 0 
7fba1028e000-7fba14000000 ---p 00000000 00:00 0 
7fba14000000-7fba14021000 rw-p 00000000 00:00 0 
7fba14021000-7fba18000000 ---p 00000000 00:00 0 
7fba18000000-7fba18021000 rw-p 00000000 00:00 0 
7fba18021000-7fba1c000000 ---p 00000000 00:00 0 
7fba1d108000-7fba1d10b000 ---p 00000000 00:00 0 
7fba1d10b000-7fba1d209000 rw-p 00000000 00:00 0 
7fba1d209000-7fba1d20c000 ---p 00000000 00:00 0 
7fba1d20c000-7fba1d34a000 rw-p 00000000 00:00 0 
7fba1d34a000-7fba1d50a000 ---p 00000000 00:00 0 
7fba1d50a000-7fba1d50d000 ---p 00000000 00:00 0 
7fba1d50d000-7fba1d60b000 rw-p 00000000 00:00 0 
7fba1d60b000-7fba1d674000 r-xp 00000000 08:01 453868                     /usr/local/java/jdk1.8.0_121/jre/lib/amd64/libt2k.so
7fba1d674000-7fba1d874000 ---p 00069000 08:01 453868                     /usr/local/java/jdk1.8.0_121/jre/lib/amd64/libt2k.so
7fba1d874000-7fba1d87b000 rw-p 00069000 08:01 453868                     /usr/local/java/jdk1.8.0_121/jre/lib/amd64/libt2k.so
7fba1d87b000-7fba1d88b000 rw-p 00000000 00:00 0 
7fba1d88b000-7fba1d88e000 ---p 00000000 00:00 0 
7fba1d88e000-7fba1d98c000 rw-p 00000000 00:00 0 
7fba1d98c000-7fba1d991000 r-xp 00000000 08:01 405132                     /usr/lib/x86_64-linux-gnu/libXfixes.so.3.1.0
7fba1d991000-7fba1db90000 ---p 00005000 08:01 405132                     /usr/lib/x86_64-linux-gnu/libXfixes.so.3.1.0
7fba1db90000-7fba1db91000 r--p 00004000 08:01 405132                     /usr/lib/x86_64-linux-gnu/libXfixes.so.3.1.0
7fba1db91000-7fba1db92000 rw-p 00005000 08:01 405132                     /usr/lib/x86_64-linux-gnu/libXfixes.so.3.1.0
7fba1db92000-7fba1db9b000 r-xp 00000000 08:01 405124                     /usr/lib/x86_64-linux-gnu/libXcursor.so.1.0.2
7fba1db9b000-7fba1dd9a000 ---p 00009000 08:01 405124                     /usr/lib/x86_64-linux-gnu/libXcursor.so.1.0.2
7fba1dd9a000-7fba1dd9b000 r--p 00008000 08:01 405124                     /usr/lib/x86_64-linux-gnu/libXcursor.so.1.0.2
7fba1dd9b000-7fba1dd9c000 rw-p 00009000 08:01 405124                     /usr/lib/x86_64-linux-gnu/libXcursor.so.1.0.2
7fba1dd9c000-7fba1dd9f000 ---p 00000000 00:00 0 
7fba1dd9f000-7fba1e09d000 rw-p 00000000 00:00 0 
7fba1e09d000-7fba1e0b3000 r-xp 00000000 08:01 922900                     /lib/x86_64-linux-gnu/libgcc_s.so.1
7fba1e0b3000-7fba1e2b2000 ---p 00016000 08:01 922900                     /lib/x86_64-linux-gnu/libgcc_s.so.1
7fba1e2b2000-7fba1e2b3000 rw-p 00015000 08:01 922900                     /lib/x86_64-linux-gnu/libgcc_s.so.1
7fba1e2b3000-7fba1e318000 r-xp 00000000 08:01 453832                     /usr/local/java/jdk1.8.0_121/jre/lib/amd64/libfontmanager.so
7fba1e318000-7fba1e517000 ---p 00065000 08:01 453832                     /usr/local/java/jdk1.8.0_121/jre/lib/amd64/libfontmanager.so
7fba1e517000-7fba1e51c000 rw-p 00064000 08:01 453832                     /usr/local/java/jdk1.8.0_121/jre/lib/amd64/libfontmanager.so
7fba1e51c000-7fba1e52c000 rw-p 00000000 00:00 0 
7fba1e52c000-7fba1e531000 r-xp 00000000 08:01 405128                     /usr/lib/x86_64-linux-gnu/libXdmcp.so.6.0.0
7fba1e531000-7fba1e730000 ---p 00005000 08:01 405128                     /usr/lib/x86_64-linux-gnu/libXdmcp.so.6.0.0
7fba1e730000-7fba1e731000 r--p 00004000 08:01 405128                     /usr/lib/x86_64-linux-gnu/libXdmcp.so.6.0.0
7fba1e731000-7fba1e732000 rw-p 00005000 08:01 405128                     /usr/lib/x86_64-linux-gnu/libXdmcp.so.6.0.0
7fba1e732000-7fba1e734000 r-xp 00000000 08:01 405117                     /usr/lib/x86_64-linux-gnu/libXau.so.6.0.0
7fba1e734000-7fba1e934000 ---p 00002000 08:01 405117                     /usr/lib/x86_64-linux-gnu/libXau.so.6.0.0
7fba1e934000-7fba1e935000 r--p 00002000 08:01 405117                     /usr/lib/x86_64-linux-gnu/libXau.so.6.0.0
7fba1e935000-7fba1e936000 rw-p 00003000 08:01 405117                     /usr/lib/x86_64-linux-gnu/libXau.so.6.0.0
7fba1e936000-7fba1e957000 r-xp 00000000 08:01 406495                     /usr/lib/x86_64-linux-gnu/libxcb.so.1.1.0
7fba1e957000-7fba1eb56000 ---p 00021000 08:01 406495                     /usr/lib/x86_64-linux-gnu/libxcb.so.1.1.0
7fba1eb56000-7fba1eb57000 r--p 00020000 08:01 406495                     /usr/lib/x86_64-linux-gnu/libxcb.so.1.1.0
7fba1eb57000-7fba1eb58000 rw-p 00021000 08:01 406495                     /usr/lib/x86_64-linux-gnu/libxcb.so.1.1.0
7fba1eb58000-7fba1eb67000 r-xp 00000000 08:01 405138                     /usr/lib/x86_64-linux-gnu/libXi.so.6.1.0
7fba1eb67000-7fba1ed66000 ---p 0000f000 08:01 405138                     /usr/lib/x86_64-linux-gnu/libXi.so.6.1.0
7fba1ed66000-7fba1ed67000 r--p 0000e000 08:01 405138                     /usr/lib/x86_64-linux-gnu/libXi.so.6.1.0
7fba1ed67000-7fba1ed68000 rw-p 0000f000 08:01 405138                     /usr/lib/x86_64-linux-gnu/libXi.so.6.1.0
7fba1ed68000-7fba1ed6d000 r-xp 00000000 08:01 405156                     /usr/lib/x86_64-linux-gnu/libXtst.so.6.1.0
7fba1ed6d000-7fba1ef6c000 ---p 00005000 08:01 405156                     /usr/lib/x86_64-linux-gnu/libXtst.so.6.1.0
7fba1ef6c000-7fba1ef6d000 r--p 00004000 08:01 405156                     /usr/lib/x86_64-linux-gnu/libXtst.so.6.1.0
7fba1ef6d000-7fba1ef6e000 rw-p 00005000 08:01 405156                     /usr/lib/x86_64-linux-gnu/libXtst.so.6.1.0
7fba1ef6e000-7fba1ef77000 r-xp 00000000 08:01 405150                     /usr/lib/x86_64-linux-gnu/libXrender.so.1.3.0
7fba1ef77000-7fba1f176000 ---p 00009000 08:01 405150                     /usr/lib/x86_64-linux-gnu/libXrender.so.1.3.0
7fba1f176000-7fba1f177000 r--p 00008000 08:01 405150                     /usr/lib/x86_64-linux-gnu/libXrender.so.1.3.0
7fba1f177000-7fba1f178000 rw-p 00009000 08:01 405150                     /usr/lib/x86_64-linux-gnu/libXrender.so.1.3.0
7fba1f178000-7fba1f2ad000 r-xp 00000000 08:01 405113                     /usr/lib/x86_64-linux-gnu/libX11.so.6.3.0
7fba1f2ad000-7fba1f4ad000 ---p 00135000 08:01 405113                     /usr/lib/x86_64-linux-gnu/libX11.so.6.3.0
7fba1f4ad000-7fba1f4ae000 r--p 00135000 08:01 405113                     /usr/lib/x86_64-linux-gnu/libX11.so.6.3.0
7fba1f4ae000-7fba1f4b2000 rw-p 00136000 08:01 405113                     /usr/lib/x86_64-linux-gnu/libX11.so.6.3.0
7fba1f4b2000-7fba1f4c3000 r-xp 00000000 08:01 405130                     /usr/lib/x86_64-linux-gnu/libXext.so.6.4.0
7fba1f4c3000-7fba1f6c2000 ---p 00011000 08:01 405130                     /usr/lib/x86_64-linux-gnu/libXext.so.6.4.0
7fba1f6c2000-7fba1f6c3000 r--p 00010000 08:01 405130                     /usr/lib/x86_64-linux-gnu/libXext.so.6.4.0
7fba1f6c3000-7fba1f6c4000 rw-p 00011000 08:01 405130                     /usr/lib/x86_64-linux-gnu/libXext.so.6.4.0
7fba1f6c4000-7fba1f718000 r-xp 00000000 08:01 453840                     /usr/local/java/jdk1.8.0_121/jre/lib/amd64/libawt_xawt.so
7fba1f718000-7fba1f918000 ---p 00054000 08:01 453840                     /usr/local/java/jdk1.8.0_121/jre/lib/amd64/libawt_xawt.so
7fba1f918000-7fba1f91c000 rw-p 00054000 08:01 453840                     /usr/local/java/jdk1.8.0_121/jre/lib/amd64/libawt_xawt.so
7fba1f91c000-7fba1f91d000 rw-p 00000000 00:00 0 
7fba1f91d000-7fba1f9bf000 r-xp 00000000 08:01 453871                     /usr/local/java/jdk1.8.0_121/jre/lib/amd64/libawt.so
7fba1f9bf000-7fba1fbbf000 ---p 000a2000 08:01 453871                     /usr/local/java/jdk1.8.0_121/jre/lib/amd64/libawt.so
7fba1fbbf000-7fba1fbcb000 rw-p 000a2000 08:01 453871                     /usr/local/java/jdk1.8.0_121/jre/lib/amd64/libawt.so
7fba1fbcb000-7fba1fbef000 rw-p 00000000 00:00 0 
7fba1fbef000-7fba1fc00000 r-xp 00000000 08:01 453838                     /usr/local/java/jdk1.8.0_121/jre/lib/amd64/libnio.so
7fba1fc00000-7fba1fdff000 ---p 00011000 08:01 453838                     /usr/local/java/jdk1.8.0_121/jre/lib/amd64/libnio.so
7fba1fdff000-7fba1fe00000 rw-p 00010000 08:01 453838                     /usr/local/java/jdk1.8.0_121/jre/lib/amd64/libnio.so
7fba1fe00000-7fba20000000 rw-p 00000000 00:00 0 
7fba20000000-7fba20021000 rw-p 00000000 00:00 0 
7fba20021000-7fba24000000 ---p 00000000 00:00 0 
7fba24000000-7fba24021000 rw-p 00000000 00:00 0 
7fba24021000-7fba28000000 ---p 00000000 00:00 0 
7fba28000000-7fba28021000 rw-p 00000000 00:00 0 
7fba28021000-7fba2c000000 ---p 00000000 00:00 0 
7fba2c072000-7fba2c076000 r--s 0009a000 08:01 453787                     /usr/local/java/jdk1.8.0_121/jre/lib/jsse.jar
7fba2c076000-7fba2c080000 r-xp 00000000 08:01 453872                     /usr/local/java/jdk1.8.0_121/jre/lib/amd64/libinstrument.so
7fba2c080000-7fba2c27f000 ---p 0000a000 08:01 453872                     /usr/local/java/jdk1.8.0_121/jre/lib/amd64/libinstrument.so
7fba2c27f000-7fba2c280000 rw-p 00009000 08:01 453872                     /usr/local/java/jdk1.8.0_121/jre/lib/amd64/libinstrument.so
7fba2c280000-7fba2c283000 ---p 00000000 00:00 0 
7fba2c283000-7fba2c381000 rw-p 00000000 00:00 0 
7fba2c381000-7fba2c384000 r-xp 00000000 08:01 453843                     /usr/local/java/jdk1.8.0_121/jre/lib/amd64/libattach.so
7fba2c384000-7fba2c583000 ---p 00003000 08:01 453843                     /usr/local/java/jdk1.8.0_121/jre/lib/amd64/libattach.so
7fba2c583000-7fba2c584000 rw-p 00002000 08:01 453843                     /usr/local/java/jdk1.8.0_121/jre/lib/amd64/libattach.so
7fba2c584000-7fba2c58d000 r-xp 00000000 08:01 453849                     /usr/local/java/jdk1.8.0_121/jre/lib/amd64/libmanagement.so
7fba2c58d000-7fba2c78c000 ---p 00009000 08:01 453849                     /usr/local/java/jdk1.8.0_121/jre/lib/amd64/libmanagement.so
7fba2c78c000-7fba2c78d000 rw-p 00008000 08:01 453849                     /usr/local/java/jdk1.8.0_121/jre/lib/amd64/libmanagement.so
7fba2c78d000-7fba2ca8e000 rw-p 00000000 00:00 0 
7fba2ca8e000-7fba2caa4000 r-xp 00000000 08:01 453813                     /usr/local/java/jdk1.8.0_121/jre/lib/amd64/libnet.so
7fba2caa4000-7fba2cca4000 ---p 00016000 08:01 453813                     /usr/local/java/jdk1.8.0_121/jre/lib/amd64/libnet.so
7fba2cca4000-7fba2cca5000 rw-p 00016000 08:01 453813                     /usr/local/java/jdk1.8.0_121/jre/lib/amd64/libnet.so
7fba2cca5000-7fba2cca7000 r--s 0000e000 08:01 1187901                    /home/tyler/.m2/repository/org/apache/maven/surefire/surefire-junit4/2.17/surefire-junit4-2.17.jar
7fba2cca7000-7fba2ce15000 r--s 00fb9000 08:01 1444175                    /home/tyler/.m2/repository/org/evosuite/evosuite-standalone-runtime/1.0.3/evosuite-standalone-runtime-1.0.3.jar
7fba2ce15000-7fba2ce17000 r--s 00001000 08:01 1182290                    /home/tyler/.m2/repository/org/sonatype/plexus/plexus-build-api/0.0.7/plexus-build-api-0.0.7.jar
7fba2ce17000-7fba2ce1c000 r--s 00039000 08:01 1182288                    /home/tyler/.m2/repository/org/codehaus/plexus/plexus-utils/1.5.6/plexus-utils-1.5.6.jar
7fba2ce1c000-7fba2ce1e000 r--s 00004000 08:01 1182285                    /home/tyler/.m2/repository/org/codehaus/plexus/plexus-resources/1.0-alpha-7/plexus-resources-1.0-alpha-7.jar
7fba2ce1e000-7fba2ce20000 r--s 00008000 08:01 1182283                    /home/tyler/.m2/repository/classworlds/classworlds/1.1-alpha-2/classworlds-1.1-alpha-2.jar
7fba2ce20000-7fba2ce27000 r--s 00029000 08:01 1182281                    /home/tyler/.m2/repository/org/codehaus/plexus/plexus-container-default/1.0-alpha-9/plexus-container-default-1.0-alpha-9.jar
7fba2ce27000-7fba2ce2a000 r--s 00013000 08:01 1181393                    /home/tyler/.m2/repository/org/apache/maven/maven-model/2.0.6/maven-model-2.0.6.jar
7fba2ce2a000-7fba2ce2c000 r--s 0000a000 08:01 1182280                    /home/tyler/.m2/repository/org/apache/maven/wagon/wagon-provider-api/1.0-beta-2/wagon-provider-api-1.0-beta-2.jar
7fba2ce2c000-7fba2ce2d000 r--s 00005000 08:01 1181384                    /home/tyler/.m2/repository/org/apache/maven/maven-repository-metadata/2.0.6/maven-repository-metadata-2.0.6.jar
7fba2ce2d000-7fba2ce2f000 r--s 0000c000 08:01 1181373                    /home/tyler/.m2/repository/org/apache/maven/maven-artifact-manager/2.0.6/maven-artifact-manager-2.0.6.jar
7fba2ce2f000-7fba2ce32000 r--s 00018000 08:01 1182279                    /home/tyler/.m2/repository/commons-io/commons-io/1.4/commons-io-1.4.jar
7fba2ce32000-7fba2ce34000 r--s 00009000 08:01 1182278                    /home/tyler/.m2/repository/org/apache/maven/shared/maven-doxia-tools/1.2.1/maven-doxia-tools-1.2.1.jar
7fba2ce34000-7fba2ce42000 r--s 0007f000 08:01 1181336                    /home/tyler/.m2/repository/commons-collections/commons-collections/3.2.1/commons-collections-3.2.1.jar
7fba2ce42000-7fba2ce45000 r--s 0001b000 08:01 1182272                    /home/tyler/.m2/repository/org/apache/struts/struts-tiles/1.3.8/struts-tiles-1.3.8.jar
7fba2ce45000-7fba2ce4a000 r--s 00039000 08:01 1182271                    /home/tyler/.m2/repository/org/apache/struts/struts-taglib/1.3.8/struts-taglib-1.3.8.jar
7fba2ce4a000-7fba2ce4f000 r--s 00053000 08:01 1182268                    /home/tyler/.m2/repository/antlr/antlr/2.7.2/antlr-2.7.2.jar
7fba2ce4f000-7fba2ce55000 r--s 0004b000 08:01 1182267                    /home/tyler/.m2/repository/org/apache/struts/struts-core/1.3.8/struts-core-1.3.8.jar
7fba2ce55000-7fba2ce57000 r--s 00005000 08:01 1182265                    /home/tyler/.m2/repository/sslext/sslext/1.2-0/sslext-1.2-0.jar
7fba2ce57000-7fba2ce59000 r--s 00014000 08:01 1182264                    /home/tyler/.m2/repository/commons-chain/commons-chain/1.1/commons-chain-1.1.jar
7fba2ce59000-7fba2ce5f000 r--s 0004f000 08:01 1182263                    /home/tyler/.m2/repository/org/apache/velocity/velocity-tools/2.0/velocity-tools-2.0.jar
7fba2ce5f000-7fba2ce67000 r--s 00058000 08:01 1181273                    /home/tyler/.m2/repository/org/apache/velocity/velocity/1.5/velocity-1.5.jar
7fba2ce67000-7fba2ce68000 r--s 00001000 08:01 1182261                    /home/tyler/.m2/repository/org/codehaus/plexus/plexus-velocity/1.1.7/plexus-velocity-1.1.7.jar
7fba2ce68000-7fba2ce69000 r--s 00002000 08:01 1182257                    /home/tyler/.m2/repository/org/codehaus/plexus/plexus-i18n/1.0-beta-7/plexus-i18n-1.0-beta-7.jar
7fba2ce69000-7fba2ce6b000 r--s 00008000 08:01 1182254                    /home/tyler/.m2/repository/org/apache/maven/doxia/doxia-module-fml/1.4/doxia-module-fml-1.4.jar
7fba2ce6b000-7fba2ce6c000 r--s 00003000 08:01 1182253                    /home/tyler/.m2/repository/org/apache/maven/doxia/doxia-module-xhtml/1.4/doxia-module-xhtml-1.4.jar
7fba2ce6c000-7fba2ce6e000 r--s 0000b000 08:01 1182250                    /home/tyler/.m2/repository/org/apache/maven/doxia/doxia-site-renderer/1.4/doxia-site-renderer-1.4.jar
7fba2ce6e000-7fba2ce6f000 r--s 0000e000 08:01 1182248                    /home/tyler/.m2/repository/org/apache/maven/doxia/doxia-decoration-model/1.4/doxia-decoration-model-1.4.jar
7fba2ce6f000-7fba2ce70000 r--s 00002000 08:01 1182247                    /home/tyler/.m2/repository/org/apache/maven/doxia/doxia-sink-api/1.4/doxia-sink-api-1.4.jar
7fba2ce70000-7fba2ce75000 r--s 00026000 08:01 1182244                    /home/tyler/.m2/repository/org/apache/httpcomponents/httpcore/4.0.1/httpcore-4.0.1.jar
7fba2ce75000-7fba2ce77000 r--s 0000a000 08:01 1182242                    /home/tyler/.m2/repository/commons-codec/commons-codec/1.3/commons-codec-1.3.jar
7fba2ce77000-7fba2ce7e000 r--s 00041000 08:01 1182240                    /home/tyler/.m2/repository/org/apache/httpcomponents/httpclient/4.0.2/httpclient-4.0.2.jar
7fba2ce7e000-7fba2ce96000 r--s 00115000 08:01 1182239                    /home/tyler/.m2/repository/xerces/xercesImpl/2.9.1/xercesImpl-2.9.1.jar
7fba2ce96000-7fba2ce98000 r--s 00000000 08:01 1181254                    /home/tyler/.m2/repository/org/codehaus/plexus/plexus-component-annotations/1.5.5/plexus-component-annotations-1.5.5.jar
7fba2ce98000-7fba2ce99000 r--s 00002000 08:01 1182237                    /home/tyler/.m2/repository/org/apache/maven/doxia/doxia-logging-api/1.4/doxia-logging-api-1.4.jar
7fba2ce99000-7fba2ce9d000 r--s 00025000 08:01 1182235                    /home/tyler/.m2/repository/org/apache/maven/doxia/doxia-core/1.4/doxia-core-1.4.jar
7fba2ce9d000-7fba2cea0000 r--s 00011000 08:01 1181307                    /home/tyler/.m2/repository/org/apache/maven/maven-artifact/2.2.1/maven-artifact-2.2.1.jar
7fba2cea0000-7fba2cea2000 r--s 00008000 08:01 1181316                    /home/tyler/.m2/repository/org/apache/maven/maven-plugin-descriptor/2.2.1/maven-plugin-descriptor-2.2.1.jar
7fba2cea2000-7fba2cea3000 r--s 00002000 08:01 1182234                    /home/tyler/.m2/repository/org/apache/maven/maven-plugin-api/2.0/maven-plugin-api-2.0.jar
7fba2cea3000-7fba2cea4000 r--s 00002000 08:01 1182232                    /home/tyler/.m2/repository/org/apache/maven/reporting/maven-reporting-api/3.0/maven-reporting-api-3.0.jar
7fba2cea4000-7fba2cea6000 r--s 00008000 08:01 1182228                    /home/tyler/.m2/repository/commons-logging/commons-logging/1.0.4/commons-logging-1.0.4.jar
7fba2cea6000-7fba2ceaa000 r--s 00026000 08:01 1182226                    /home/tyler/.m2/repository/commons-digester/commons-digester/1.6/commons-digester-1.6.jar
7fba2ceaa000-7fba2ceaf000 r--s 0002a000 08:01 1182225                    /home/tyler/.m2/repository/commons-beanutils/commons-beanutils/1.7.0/commons-beanutils-1.7.0.jar
7fba2ceaf000-7fba2ceb2000 r--s 00014000 08:01 1182222                    /home/tyler/.m2/repository/commons-validator/commons-validator/1.2.0/commons-validator-1.2.0.jar
7fba2ceb2000-7fba2ceb4000 r--s 00007000 08:01 1182221                    /home/tyler/.m2/repository/org/codehaus/plexus/plexus-interpolation/1.1/plexus-interpolation-1.1.jar
7fba2ceb4000-7fba2ceb6000 r--s 00006000 08:01 1182220                    /home/tyler/.m2/repository/org/apache/maven/maven-plugin-registry/2.0.10/maven-plugin-registry-2.0.10.jar
7fba2ceb6000-7fba2ceb8000 r--s 00008000 08:01 1182216                    /home/tyler/.m2/repository/org/apache/maven/maven-profile/2.0.10/maven-profile-2.0.10.jar
7fba2ceb8000-7fba2ceba000 r--s 0000b000 08:01 1182215                    /home/tyler/.m2/repository/org/apache/maven/maven-settings/2.0.10/maven-settings-2.0.10.jar
7fba2ceba000-7fba2cebd000 r--s 0001c000 08:01 1182212                    /home/tyler/.m2/repository/org/apache/maven/maven-project/2.0.10/maven-project-2.0.10.jar
7fba2cebd000-7fba2cebf000 r--s 00003000 08:01 1182211                    /home/tyler/.m2/repository/org/apache/maven/reporting/maven-reporting-impl/2.1/maven-reporting-impl-2.1.jar
7fba2cebf000-7fba2cec3000 r--s 00031000 08:01 1182208                    /home/tyler/.m2/repository/org/codehaus/groovy/groovy-xml/2.4.7/groovy-xml-2.4.7.jar
7fba2cec3000-7fba2cec5000 r--s 00016000 08:01 1182207                    /home/tyler/.m2/repository/org/codehaus/groovy/groovy-templates/2.4.7/groovy-templates-2.4.7.jar
7fba2cec5000-7fba2cec9000 r--s 0001e000 08:01 1182204                    /home/tyler/.m2/repository/org/codehaus/groovy/groovy-groovydoc/2.4.7/groovy-groovydoc-2.4.7.jar
7fba2cec9000-7fba2ceca000 r--s 00002000 08:01 1182203                    /home/tyler/.m2/repository/org/apache/ant/ant-antlr/1.9.4/ant-antlr-1.9.4.jar
7fba2ceca000-7fba2cf17000 r--s 0040b000 08:01 1182198                    /home/tyler/.m2/repository/org/codehaus/groovy/groovy/2.4.7/groovy-2.4.7.jar
7fba2cf17000-7fba2cf1c000 r--s 00041000 08:01 1182194                    /home/tyler/.m2/repository/commons-lang/commons-lang/2.6/commons-lang-2.6.jar
7fba2cf1c000-7fba2cf21000 r--s 00058000 08:01 1182192                    /home/tyler/.m2/repository/org/ow2/asm/asm-debug-all/5.0.2/asm-debug-all-5.0.2.jar
7fba2cf21000-7fba2cf26000 r--s 00016000 08:01 1181257                    /home/tyler/.m2/repository/xml-apis/xml-apis/1.0.b2/xml-apis-1.0.b2.jar
7fba2cf26000-7fba2cf55000 r--s 00371000 08:01 1182184                    /home/tyler/.m2/repository/com/google/code/findbugs/findbugs/3.0.1/findbugs-3.0.1.jar
7fba2cf55000-7fba2cf56000 ---p 00000000 00:00 0 
7fba2cf56000-7fba2d056000 rw-p 00000000 00:00 0 
7fba2d056000-7fba2d059000 ---p 00000000 00:00 0 
7fba2d059000-7fba2d157000 rw-p 00000000 00:00 0 
7fba2d157000-7fba2d15a000 ---p 00000000 00:00 0 
7fba2d15a000-7fba2d258000 rw-p 00000000 00:00 0 
7fba2d258000-7fba2d25b000 ---p 00000000 00:00 0 
7fba2d25b000-7fba2d359000 rw-p 00000000 00:00 0 
7fba2d359000-7fba2d35c000 ---p 00000000 00:00 0 
7fba2d35c000-7fba2d45a000 rw-p 00000000 00:00 0 
7fba2d45a000-7fba2d45d000 ---p 00000000 00:00 0 
7fba2d45d000-7fba2d55b000 rw-p 00000000 00:00 0 
7fba2d55b000-7fba2d930000 r--p 00000000 08:01 395699                     /usr/lib/locale/locale-archive
7fba2d930000-7fba2d933000 ---p 00000000 00:00 0 
7fba2d933000-7fba2da31000 rw-p 00000000 00:00 0 
7fba2da31000-7fba2da34000 ---p 00000000 00:00 0 
7fba2da34000-7fba2db32000 rw-p 00000000 00:00 0 
7fba2db32000-7fba2db33000 ---p 00000000 00:00 0 
7fba2db33000-7fba31000000 rw-p 00000000 00:00 0 
7fba31000000-7fba313c0000 rwxp 00000000 00:00 0 
7fba313c0000-7fba40000000 ---p 00000000 00:00 0 
7fba40000000-7fba40e31000 rw-p 00000000 00:00 0 
7fba40e31000-7fba44000000 ---p 00000000 00:00 0 
7fba44000000-7fba44002000 r--s 00010000 08:01 1182202                    /home/tyler/.m2/repository/org/codehaus/groovy/groovy-ant/2.4.7/groovy-ant-2.4.7.jar
7fba44002000-7fba44003000 r--s 00002000 08:01 1182197                    /home/tyler/.m2/repository/com/apple/AppleJavaExtensions/1.4/AppleJavaExtensions-1.4.jar
7fba44003000-7fba44008000 r--s 00048000 08:01 1181255                    /home/tyler/.m2/repository/dom4j/dom4j/1.6.1/dom4j-1.6.1.jar
7fba44008000-7fba4400a000 r--s 00005000 08:01 1182191                    /home/tyler/.m2/repository/com/google/code/findbugs/jFormatString/2.0.1/jFormatString-2.0.1.jar
7fba4400a000-7fba44014000 r--s 0008c000 08:01 1182190                    /home/tyler/.m2/repository/com/google/code/findbugs/bcel-findbugs/6.0/bcel-findbugs-6.0.jar
7fba44014000-7fba44016000 r--s 00006000 08:01 1181562                    /home/tyler/.m2/repository/com/google/code/findbugs/jsr305/2.0.1/jsr305-2.0.1.jar
7fba44016000-7fba44017000 r--s 00000000 08:01 1182186                    /home/tyler/.m2/repository/net/jcip/jcip-annotations/1.0/jcip-annotations-1.0.jar
7fba44017000-7fba4401a000 r--s 00021000 08:01 1182182                    /home/tyler/.m2/repository/org/codehaus/mojo/findbugs-maven-plugin/3.0.4/findbugs-maven-plugin-3.0.4.jar
7fba4401a000-7fba44021000 r--s 0005e000 08:01 1182180                    /home/tyler/.m2/repository/org/apache/commons/commons-lang3/3.3.2/commons-lang3-3.3.2.jar
7fba44021000-7fba4402b000 r--s 0005d000 08:01 1182179                    /home/tyler/.m2/repository/ch/qos/logback/logback-core/1.0.13/logback-core-1.0.13.jar
7fba4402b000-7fba44031000 r--s 0003b000 08:01 1182177                    /home/tyler/.m2/repository/ch/qos/logback/logback-classic/1.0.13/logback-classic-1.0.13.jar
7fba44031000-7fba440ab000 r--s 010f6000 08:01 424997                     /usr/local/java/jdk1.8.0_121/lib/tools.jar
7fba440ab000-7fba440ae000 r--s 00025000 08:01 1182172                    /home/tyler/.m2/repository/org/mortbay/jetty/jetty-util/6.1.14/jetty-util-6.1.14.jar
7fba440ae000-7fba440b5000 r--s 00078000 08:01 1182170                    /home/tyler/.m2/repository/org/mortbay/jetty/jetty/6.1.14/jetty-6.1.14.jar
7fba440b5000-7fba440d3000 r--s 001bc000 08:01 1182163                    /home/tyler/.m2/repository/org/apache/ant/ant/1.8.3/ant-1.8.3.jar
7fba440d3000-7fba442d5000 rw-p 00000000 00:00 0 
7fba442d5000-7fba444ae000 r--s 03d3e000 08:01 453806                     /usr/local/java/jdk1.8.0_121/jre/lib/rt.jar
7fba444ae000-7fba44710000 rw-p 00000000 00:00 0 
7fba44710000-7fba44711000 ---p 00000000 00:00 0 
7fba44711000-7fba44811000 rw-p 00000000 00:00 0 
7fba44811000-7fba44812000 ---p 00000000 00:00 0 
7fba44812000-7fba44912000 rw-p 00000000 00:00 0 
7fba44912000-7fba44913000 ---p 00000000 00:00 0 
7fba44913000-7fba44a13000 rw-p 00000000 00:00 0 
7fba44a13000-7fba44a14000 ---p 00000000 00:00 0 
7fba44a14000-7fba44bf2000 rw-p 00000000 00:00 0 
7fba44bf2000-7fba44c5c000 ---p 00000000 00:00 0 
7fba44c5c000-7fba44d3a000 rw-p 00000000 00:00 0 
7fba44d3a000-7fba44da4000 ---p 00000000 00:00 0 
7fba44da4000-7fba44e43000 rw-p 00000000 00:00 0 
7fba44e43000-7fba44e48000 ---p 00000000 00:00 0 
7fba44e48000-7fba44e58000 rw-p 00000000 00:00 0 
7fba44e58000-7fba45209000 ---p 00000000 00:00 0 
7fba45209000-7fba45223000 r-xp 00000000 08:01 453836                     /usr/local/java/jdk1.8.0_121/jre/lib/amd64/libzip.so
7fba45223000-7fba45423000 ---p 0001a000 08:01 453836                     /usr/local/java/jdk1.8.0_121/jre/lib/amd64/libzip.so
7fba45423000-7fba45424000 rw-p 0001a000 08:01 453836                     /usr/local/java/jdk1.8.0_121/jre/lib/amd64/libzip.so
7fba45424000-7fba4542f000 r-xp 00000000 08:01 919017                     /lib/x86_64-linux-gnu/libnss_files-2.23.so
7fba4542f000-7fba4562e000 ---p 0000b000 08:01 919017                     /lib/x86_64-linux-gnu/libnss_files-2.23.so
7fba4562e000-7fba4562f000 r--p 0000a000 08:01 919017                     /lib/x86_64-linux-gnu/libnss_files-2.23.so
7fba4562f000-7fba45630000 rw-p 0000b000 08:01 919017                     /lib/x86_64-linux-gnu/libnss_files-2.23.so
7fba45630000-7fba45636000 rw-p 00000000 00:00 0 
7fba45636000-7fba45641000 r-xp 00000000 08:01 919002                     /lib/x86_64-linux-gnu/libnss_nis-2.23.so
7fba45641000-7fba45840000 ---p 0000b000 08:01 919002                     /lib/x86_64-linux-gnu/libnss_nis-2.23.so
7fba45840000-7fba45841000 r--p 0000a000 08:01 919002                     /lib/x86_64-linux-gnu/libnss_nis-2.23.so
7fba45841000-7fba45842000 rw-p 0000b000 08:01 919002                     /lib/x86_64-linux-gnu/libnss_nis-2.23.so
7fba45842000-7fba45858000 r-xp 00000000 08:01 919013                     /lib/x86_64-linux-gnu/libnsl-2.23.so
7fba45858000-7fba45a57000 ---p 00016000 08:01 919013                     /lib/x86_64-linux-gnu/libnsl-2.23.so
7fba45a57000-7fba45a58000 r--p 00015000 08:01 919013                     /lib/x86_64-linux-gnu/libnsl-2.23.so
7fba45a58000-7fba45a59000 rw-p 00016000 08:01 919013                     /lib/x86_64-linux-gnu/libnsl-2.23.so
7fba45a59000-7fba45a5b000 rw-p 00000000 00:00 0 
7fba45a5b000-7fba45a63000 r-xp 00000000 08:01 919014                     /lib/x86_64-linux-gnu/libnss_compat-2.23.so
7fba45a63000-7fba45c62000 ---p 00008000 08:01 919014                     /lib/x86_64-linux-gnu/libnss_compat-2.23.so
7fba45c62000-7fba45c63000 r--p 00007000 08:01 919014                     /lib/x86_64-linux-gnu/libnss_compat-2.23.so
7fba45c63000-7fba45c64000 rw-p 00008000 08:01 919014                     /lib/x86_64-linux-gnu/libnss_compat-2.23.so
7fba45c64000-7fba45c8f000 r-xp 00000000 08:01 453862                     /usr/local/java/jdk1.8.0_121/jre/lib/amd64/libjava.so
7fba45c8f000-7fba45e8e000 ---p 0002b000 08:01 453862                     /usr/local/java/jdk1.8.0_121/jre/lib/amd64/libjava.so
7fba45e8e000-7fba45e90000 rw-p 0002a000 08:01 453862                     /usr/local/java/jdk1.8.0_121/jre/lib/amd64/libjava.so
7fba45e90000-7fba45e9d000 r-xp 00000000 08:01 453814                     /usr/local/java/jdk1.8.0_121/jre/lib/amd64/libverify.so
7fba45e9d000-7fba4609c000 ---p 0000d000 08:01 453814                     /usr/local/java/jdk1.8.0_121/jre/lib/amd64/libverify.so
7fba4609c000-7fba4609e000 rw-p 0000c000 08:01 453814                     /usr/local/java/jdk1.8.0_121/jre/lib/amd64/libverify.so
7fba4609e000-7fba460a5000 r-xp 00000000 08:01 919001                     /lib/x86_64-linux-gnu/librt-2.23.so
7fba460a5000-7fba462a4000 ---p 00007000 08:01 919001                     /lib/x86_64-linux-gnu/librt-2.23.so
7fba462a4000-7fba462a5000 r--p 00006000 08:01 919001                     /lib/x86_64-linux-gnu/librt-2.23.so
7fba462a5000-7fba462a6000 rw-p 00007000 08:01 919001                     /lib/x86_64-linux-gnu/librt-2.23.so
7fba462a6000-7fba463ae000 r-xp 00000000 08:01 919011                     /lib/x86_64-linux-gnu/libm-2.23.so
7fba463ae000-7fba465ad000 ---p 00108000 08:01 919011                     /lib/x86_64-linux-gnu/libm-2.23.so
7fba465ad000-7fba465ae000 r--p 00107000 08:01 919011                     /lib/x86_64-linux-gnu/libm-2.23.so
7fba465ae000-7fba465af000 rw-p 00108000 08:01 919011                     /lib/x86_64-linux-gnu/libm-2.23.so
7fba465af000-7fba4727d000 r-xp 00000000 08:01 453865                     /usr/local/java/jdk1.8.0_121/jre/lib/amd64/server/libjvm.so
7fba4727d000-7fba4747d000 ---p 00cce000 08:01 453865                     /usr/local/java/jdk1.8.0_121/jre/lib/amd64/server/libjvm.so
7fba4747d000-7fba47556000 rw-p 00cce000 08:01 453865                     /usr/local/java/jdk1.8.0_121/jre/lib/amd64/server/libjvm.so
7fba47556000-7fba475a1000 rw-p 00000000 00:00 0 
7fba475a1000-7fba47760000 r-xp 00000000 08:01 919006                     /lib/x86_64-linux-gnu/libc-2.23.so
7fba47760000-7fba47960000 ---p 001bf000 08:01 919006                     /lib/x86_64-linux-gnu/libc-2.23.so
7fba47960000-7fba47964000 r--p 001bf000 08:01 919006                     /lib/x86_64-linux-gnu/libc-2.23.so
7fba47964000-7fba47966000 rw-p 001c3000 08:01 919006                     /lib/x86_64-linux-gnu/libc-2.23.so
7fba47966000-7fba4796a000 rw-p 00000000 00:00 0 
7fba4796a000-7fba4796d000 r-xp 00000000 08:01 919005                     /lib/x86_64-linux-gnu/libdl-2.23.so
7fba4796d000-7fba47b6c000 ---p 00003000 08:01 919005                     /lib/x86_64-linux-gnu/libdl-2.23.so
7fba47b6c000-7fba47b6d000 r--p 00002000 08:01 919005                     /lib/x86_64-linux-gnu/libdl-2.23.so
7fba47b6d000-7fba47b6e000 rw-p 00003000 08:01 919005                     /lib/x86_64-linux-gnu/libdl-2.23.so
7fba47b6e000-7fba47b83000 r-xp 00000000 08:01 453851                     /usr/local/java/jdk1.8.0_121/jre/lib/amd64/jli/libjli.so
7fba47b83000-7fba47d83000 ---p 00015000 08:01 453851                     /usr/local/java/jdk1.8.0_121/jre/lib/amd64/jli/libjli.so
7fba47d83000-7fba47d84000 rw-p 00015000 08:01 453851                     /usr/local/java/jdk1.8.0_121/jre/lib/amd64/jli/libjli.so
7fba47d84000-7fba47d9c000 r-xp 00000000 08:01 919012                     /lib/x86_64-linux-gnu/libpthread-2.23.so
7fba47d9c000-7fba47f9b000 ---p 00018000 08:01 919012                     /lib/x86_64-linux-gnu/libpthread-2.23.so
7fba47f9b000-7fba47f9c000 r--p 00017000 08:01 919012                     /lib/x86_64-linux-gnu/libpthread-2.23.so
7fba47f9c000-7fba47f9d000 rw-p 00018000 08:01 919012                     /lib/x86_64-linux-gnu/libpthread-2.23.so
7fba47f9d000-7fba47fa1000 rw-p 00000000 00:00 0 
7fba47fa1000-7fba47fc7000 r-xp 00000000 08:01 918973                     /lib/x86_64-linux-gnu/ld-2.23.so
7fba47fc7000-7fba47fc9000 r--s 00005000 08:01 1182174                    /home/tyler/.m2/repository/org/slf4j/slf4j-api/1.7.5/slf4j-api-1.7.5.jar
7fba47fc9000-7fba47fcc000 r--s 0001e000 08:01 1182169                    /home/tyler/.m2/repository/org/mortbay/jetty/servlet-api-2.5/6.1.14/servlet-api-2.5-6.1.14.jar
7fba47fcc000-7fba47fcf000 r--s 00018000 08:01 1182166                    /home/tyler/.m2/repository/org/apache/ant/ant-junit/1.8.3/ant-junit-1.8.3.jar
7fba47fcf000-7fba47fd0000 r--s 00004000 08:01 1182165                    /home/tyler/.m2/repository/org/apache/ant/ant-launcher/1.8.3/ant-launcher-1.8.3.jar
7fba47fd0000-7fba47fd6000 r--s 00032000 08:01 1182160                    /home/tyler/.m2/repository/jaxen/jaxen/1.1.4/jaxen-1.1.4.jar
7fba47fd6000-7fba47fd8000 r--s 0000e000 08:01 1181278                    /home/tyler/.m2/repository/oro/oro/2.0.8/oro-2.0.8.jar
7fba47fd8000-7fba47fd9000 r--s 00004000 08:01 1182158                    /home/tyler/.m2/repository/org/ow2/asm/asm-analysis/5.0.1/asm-analysis-5.0.1.jar
7fba47fd9000-7fba47fda000 r--s 0000a000 08:01 1182156                    /home/tyler/.m2/repository/org/ow2/asm/asm-util/5.0.1/asm-util-5.0.1.jar
7fba47fda000-7fba47fe1000 r--s 00083000 08:01 1182148                    /home/tyler/.m2/repository/net/sourceforge/cobertura/cobertura/2.1.1/cobertura-2.1.1.jar
7fba47fe1000-7fba47fe9000 r--s 00045000 08:01 1183174                    /home/tyler/.m2/repository/junit/junit/4.12/junit-4.12.jar
7fba47fe9000-7fba480a7000 rw-p 00000000 00:00 0 
7fba480a7000-7fba480aa000 ---p 00000000 00:00 0 
7fba480aa000-7fba481ac000 rw-p 00000000 00:00 0 
7fba481ac000-7fba481ae000 r--s 00009000 08:01 1182154                    /home/tyler/.m2/repository/org/ow2/asm/asm-commons/5.0.1/asm-commons-5.0.1.jar
7fba481ae000-7fba481b0000 r--s 00006000 08:01 1182152                    /home/tyler/.m2/repository/org/ow2/asm/asm-tree/5.0.1/asm-tree-5.0.1.jar
7fba481b0000-7fba481b1000 r--s 0000c000 08:01 1182150                    /home/tyler/.m2/repository/org/ow2/asm/asm/5.0.1/asm-5.0.1.jar
7fba481b1000-7fba481b3000 r--s 00009000 08:01 1183177                    /home/tyler/.m2/repository/org/hamcrest/hamcrest-core/1.3/hamcrest-core-1.3.jar
7fba481b3000-7fba481b7000 r--s 00020000 08:01 1181625                    /home/tyler/.m2/repository/org/apache/maven/surefire/surefire-api/2.17/surefire-api-2.17.jar
7fba481b7000-7fba481b9000 r--s 00008000 08:01 1181619                    /home/tyler/.m2/repository/org/apache/maven/surefire/surefire-booter/2.17/surefire-booter-2.17.jar
7fba481b9000-7fba481ba000 r--s 00002000 08:01 1449609                    /home/tyler/CS362-SE2/projects/lawsonty/Dominion/target/surefire/surefirebooter2542150565333173034.jar
7fba481ba000-7fba481c2000 rw-s 00000000 08:01 930569                     /tmp/hsperfdata_tyler/67941
7fba481c2000-7fba481c3000 rw-p 00000000 00:00 0 
7fba481c3000-7fba481c4000 ---p 00000000 00:00 0 
7fba481c4000-7fba481c6000 rw-p 00000000 00:00 0 
7fba481c6000-7fba481c7000 r--p 00025000 08:01 918973                     /lib/x86_64-linux-gnu/ld-2.23.so
7fba481c7000-7fba481c8000 rw-p 00026000 08:01 918973                     /lib/x86_64-linux-gnu/ld-2.23.so
7fba481c8000-7fba481c9000 rw-p 00000000 00:00 0 
7ffdb9ec5000-7ffdb9ee7000 rw-p 00000000 00:00 0                          [stack]
7ffdb9f5c000-7ffdb9f5e000 r--p 00000000 00:00 0                          [vvar]
7ffdb9f5e000-7ffdb9f60000 r-xp 00000000 00:00 0                          [vdso]
ffffffffff600000-ffffffffff601000 r-xp 00000000 00:00 0                  [vsyscall]

VM Arguments:
java_command: /home/tyler/CS362-SE2/projects/lawsonty/Dominion/target/surefire/surefirebooter2542150565333173034.jar /home/tyler/CS362-SE2/projects/lawsonty/Dominion/target/surefire/surefire1932001784667440644tmp /home/tyler/CS362-SE2/projects/lawsonty/Dominion/target/surefire/surefire_08870987430283421966tmp
java_class_path (initial): /home/tyler/CS362-SE2/projects/lawsonty/Dominion/target/surefire/surefirebooter2542150565333173034.jar
Launcher Type: SUN_STANDARD

Environment Variables:
JAVA_HOME=/usr/local/java/jdk1.8.0_121
PATH=/home/tyler/bin:/home/tyler/.local/bin:/usr/local/sbin:/usr/local/bin:/usr/sbin:/usr/bin:/sbin:/bin:/usr/games:/usr/local/games:/snap/bin:/home/tyler/bin:/usr/local/java/jre1.8.0_101/bin:/usr/local/java/jdk1.8.0_121/bin
SHELL=/bin/bash
DISPLAY=:0

Signal Handlers:
SIGSEGV: [libjvm.so+0xac78c0], sa_mask[0]=11111111011111111101111111111110, sa_flags=SA_RESTART|SA_SIGINFO
SIGBUS: [libjvm.so+0xac78c0], sa_mask[0]=11111111011111111101111111111110, sa_flags=SA_RESTART|SA_SIGINFO
SIGFPE: [libjvm.so+0x920ac0], sa_mask[0]=11111111011111111101111111111110, sa_flags=SA_RESTART|SA_SIGINFO
SIGPIPE: [libjvm.so+0x920ac0], sa_mask[0]=11111111011111111101111111111110, sa_flags=SA_RESTART|SA_SIGINFO
SIGXFSZ: [libjvm.so+0x920ac0], sa_mask[0]=11111111011111111101111111111110, sa_flags=SA_RESTART|SA_SIGINFO
SIGILL: [libjvm.so+0x920ac0], sa_mask[0]=11111111011111111101111111111110, sa_flags=SA_RESTART|SA_SIGINFO
SIGUSR1: SIG_DFL, sa_mask[0]=00000000000000000000000000000000, sa_flags=none
SIGUSR2: [libjvm.so+0x922300], sa_mask[0]=00100000000000000000000000000000, sa_flags=SA_RESTART|SA_SIGINFO
SIGHUP: [libjvm.so+0x923700], sa_mask[0]=11111111011111111101111111111110, sa_flags=SA_RESTART|SA_SIGINFO
SIGINT: [libjvm.so+0x923700], sa_mask[0]=11111111011111111101111111111110, sa_flags=SA_RESTART|SA_SIGINFO
SIGTERM: [libjvm.so+0x923700], sa_mask[0]=11111111011111111101111111111110, sa_flags=SA_RESTART|SA_SIGINFO
SIGQUIT: [libjvm.so+0x923700], sa_mask[0]=11111111011111111101111111111110, sa_flags=SA_RESTART|SA_SIGINFO


---------------  S Y S T E M  ---------------

OS:DISTRIB_ID=Ubuntu
DISTRIB_RELEASE=16.04
DISTRIB_CODENAME=xenial
DISTRIB_DESCRIPTION="Ubuntu 16.04.2 LTS"

uname:Linux 4.4.0-62-generic #83-Ubuntu SMP Wed Jan 18 14:10:15 UTC 2017 x86_64
libc:glibc 2.23 NPTL 2.23 
rlimit: STACK 8192k, CORE 0k, NPROC 15580, NOFILE 65536, AS infinity
load average:3.54 2.40 1.16

/proc/meminfo:
MemTotal:        4028788 kB
MemFree:          111224 kB
MemAvailable:      60860 kB
Buffers:            2164 kB
Cached:           206412 kB
SwapCached:         4228 kB
Active:          1705628 kB
Inactive:         779472 kB
Active(anon):    1654376 kB
Inactive(anon):   728172 kB
Active(file):      51252 kB
Inactive(file):    51300 kB
Unevictable:          32 kB
Mlocked:              32 kB
SwapTotal:       1046524 kB
SwapFree:          43896 kB
Dirty:               184 kB
Writeback:             0 kB
AnonPages:       2272856 kB
Mapped:           165876 kB
Shmem:            105472 kB
Slab:              93836 kB
SReclaimable:      37984 kB
SUnreclaim:        55852 kB
KernelStack:       13184 kB
PageTables:        38204 kB
NFS_Unstable:          0 kB
Bounce:                0 kB
WritebackTmp:          0 kB
CommitLimit:     3060916 kB
Committed_AS:    7319604 kB
VmallocTotal:   34359738367 kB
VmallocUsed:           0 kB
VmallocChunk:          0 kB
HardwareCorrupted:     0 kB
AnonHugePages:   1097728 kB
CmaTotal:              0 kB
CmaFree:               0 kB
HugePages_Total:       0
HugePages_Free:        0
HugePages_Rsvd:        0
HugePages_Surp:        0
Hugepagesize:       2048 kB
DirectMap4k:      268096 kB
DirectMap2M:     3926016 kB
DirectMap1G:     2097152 kB


CPU:total 4 (1 cores per cpu, 1 threads per core) family 6 model 94 stepping 3, cmov, cx8, fxsr, mmx, sse, sse2, sse3, ssse3, sse4.1, sse4.2, popcnt, avx, avx2, aes, clmul, erms, rtm, 3dnowpref, lzcnt, tsc, tscinvbit, bmi1, bmi2, adx

/proc/cpuinfo:
processor	: 0
vendor_id	: GenuineIntel
cpu family	: 6
model		: 94
model name	: Intel(R) Core(TM) i7-6700HQ CPU @ 2.60GHz
stepping	: 3
microcode	: 0x9e
cpu MHz		: 2601.000
cache size	: 6144 KB
physical id	: 0
siblings	: 1
core id		: 0
cpu cores	: 1
apicid		: 0
initial apicid	: 0
fpu		: yes
fpu_exception	: yes
cpuid level	: 22
wp		: yes
flags		: fpu vme de pse tsc msr pae mce cx8 apic sep mtrr pge mca cmov pat pse36 clflush dts mmx fxsr sse sse2 ss syscall nx pdpe1gb rdtscp lm constant_tsc arch_perfmon pebs bts nopl xtopology tsc_reliable nonstop_tsc aperfmperf eagerfpu pni pclmulqdq ssse3 fma cx16 pcid sse4_1 sse4_2 x2apic movbe popcnt tsc_deadline_timer aes xsave avx f16c rdrand hypervisor lahf_lm abm 3dnowprefetch epb fsgsbase tsc_adjust bmi1 hle avx2 smep bmi2 invpcid rtm rdseed adx smap xsaveopt dtherm ida arat pln pts hwp hwp_notify hwp_act_window hwp_epp
bugs		:
bogomips	: 5202.00
clflush size	: 64
cache_alignment	: 64
address sizes	: 42 bits physical, 48 bits virtual
power management:

processor	: 1
vendor_id	: GenuineIntel
cpu family	: 6
model		: 94
model name	: Intel(R) Core(TM) i7-6700HQ CPU @ 2.60GHz
stepping	: 3
microcode	: 0x9e
cpu MHz		: 2601.000
cache size	: 6144 KB
physical id	: 2
siblings	: 1
core id		: 0
cpu cores	: 1
apicid		: 2
initial apicid	: 2
fpu		: yes
fpu_exception	: yes
cpuid level	: 22
wp		: yes
flags		: fpu vme de pse tsc msr pae mce cx8 apic sep mtrr pge mca cmov pat pse36 clflush dts mmx fxsr sse sse2 ss syscall nx pdpe1gb rdtscp lm constant_tsc arch_perfmon pebs bts nopl xtopology tsc_reliable nonstop_tsc aperfmperf eagerfpu pni pclmulqdq ssse3 fma cx16 pcid sse4_1 sse4_2 x2apic movbe popcnt tsc_deadline_timer aes xsave avx f16c rdrand hypervisor lahf_lm abm 3dnowprefetch epb fsgsbase tsc_adjust bmi1 hle avx2 smep bmi2 invpcid rtm rdseed adx smap xsaveopt dtherm ida arat pln pts hwp hwp_notify hwp_act_window hwp_epp
bugs		:
bogomips	: 5202.00
clflush size	: 64
cache_alignment	: 64
address sizes	: 42 bits physical, 48 bits virtual
power management:

processor	: 2
vendor_id	: GenuineIntel
cpu family	: 6
model		: 94
model name	: Intel(R) Core(TM) i7-6700HQ CPU @ 2.60GHz
stepping	: 3
microcode	: 0x9e
cpu MHz		: 2601.000
cache size	: 6144 KB
physical id	: 4
siblings	: 1
core id		: 0
cpu cores	: 1
apicid		: 4
initial apicid	: 4
fpu		: yes
fpu_exception	: yes
cpuid level	: 22
wp		: yes
flags		: fpu vme de pse tsc msr pae mce cx8 apic sep mtrr pge mca cmov pat pse36 clflush dts mmx fxsr sse sse2 ss syscall nx pdpe1gb rdtscp lm constant_tsc arch_perfmon pebs bts nopl xtopology tsc_reliable nonstop_tsc aperfmperf eagerfpu pni pclmulqdq ssse3 fma cx16 pcid sse4_1 sse4_2 x2apic movbe popcnt tsc_deadline_timer aes xsave avx f16c rdrand hypervisor lahf_lm abm 3dnowprefetch epb fsgsbase tsc_adjust bmi1 hle avx2 smep bmi2 invpcid rtm rdseed adx smap xsaveopt dtherm ida arat pln pts hwp hwp_notify hwp_act_window hwp_epp
bugs		:
bogomips	: 5202.00
clflush size	: 64
cache_alignment	: 64
address sizes	: 42 bits physical, 48 bits virtual
power management:

processor	: 3
vendor_id	: GenuineIntel
cpu family	: 6
model		: 94
model name	: Intel(R) Core(TM) i7-6700HQ CPU @ 2.60GHz
stepping	: 3
microcode	: 0x9e
cpu MHz		: 2601.000
cache size	: 6144 KB
physical id	: 6
siblings	: 1
core id		: 0
cpu cores	: 1
apicid		: 6
initial apicid	: 6
fpu		: yes
fpu_exception	: yes
cpuid level	: 22
wp		: yes
flags		: fpu vme de pse tsc msr pae mce cx8 apic sep mtrr pge mca cmov pat pse36 clflush dts mmx fxsr sse sse2 ss syscall nx pdpe1gb rdtscp lm constant_tsc arch_perfmon pebs bts nopl xtopology tsc_reliable nonstop_tsc aperfmperf eagerfpu pni pclmulqdq ssse3 fma cx16 pcid sse4_1 sse4_2 x2apic movbe popcnt tsc_deadline_timer aes xsave avx f16c rdrand hypervisor lahf_lm abm 3dnowprefetch epb fsgsbase tsc_adjust bmi1 hle avx2 smep bmi2 invpcid rtm rdseed adx smap xsaveopt dtherm ida arat pln pts hwp hwp_notify hwp_act_window hwp_epp
bugs		:
bogomips	: 5202.00
clflush size	: 64
cache_alignment	: 64
address sizes	: 42 bits physical, 48 bits virtual
power management:



Memory: 4k page, physical 4028788k(112024k free), swap 1046524k(43896k free)

vm_info: Java HotSpot(TM) 64-Bit Server VM (25.121-b13) for linux-amd64 JRE (1.8.0_121-b13), built on Dec 12 2016 16:36:53 by "java_re" with gcc 4.3.0 20080428 (Red Hat 4.3.0-8)

time: Sun Feb 26 16:36:09 2017
elapsed time: 11 seconds (0d 0h 0m 11s)

