#
# There is insufficient memory for the Java Runtime Environment to continue.
# Native memory allocation (mmap) failed to map 178257920 bytes for committing reserved memory.
# Possible reasons:
#   The system is out of physical RAM or swap space
#   In 32 bit mode, the process size limit was hit
# Possible solutions:
#   Reduce memory load on the system
#   Increase physical memory or swap space
#   Check if swap backing store is full
#   Use 64 bit Java on a 64 bit OS
#   Decrease Java heap size (-Xmx/-Xms)
#   Decrease number of Java threads
#   Decrease Java thread stack sizes (-Xss)
#   Set larger code cache with -XX:ReservedCodeCacheSize=
# This output file may be truncated or incomplete.
#
#  Out of Memory Error (os_linux.cpp:2627), pid=68067, tid=0x00007fb7f9230700
#
# JRE version: Java(TM) SE Runtime Environment (8.0_121-b13) (build 1.8.0_121-b13)
# Java VM: Java HotSpot(TM) 64-Bit Server VM (25.121-b13 mixed mode linux-amd64 compressed oops)
# Failed to write core dump. Core dumps have been disabled. To enable core dumping, try "ulimit -c unlimited" before starting Java again
#

---------------  T H R E A D  ---------------

Current thread (0x00007fb81013e800):  VMThread [stack: 0x00007fb7f9130000,0x00007fb7f9231000] [id=68076]

Stack: [0x00007fb7f9130000,0x00007fb7f9231000],  sp=0x00007fb7f922f020,  free space=1020k
Native frames: (J=compiled Java code, j=interpreted, Vv=VM code, C=native code)
V  [libjvm.so+0xac703a]  VMError::report_and_die()+0x2ba
V  [libjvm.so+0x4fc7eb]  report_vm_out_of_memory(char const*, int, unsigned long, VMErrorType, char const*)+0x8b
V  [libjvm.so+0x923c43]  os::Linux::commit_memory_impl(char*, unsigned long, bool)+0x103
V  [libjvm.so+0x924199]  os::pd_commit_memory(char*, unsigned long, unsigned long, bool)+0x29
V  [libjvm.so+0x91e4aa]  os::commit_memory(char*, unsigned long, unsigned long, bool)+0x2a
V  [libjvm.so+0x992f03]  PSVirtualSpace::expand_by(unsigned long)+0x53
V  [libjvm.so+0x9837c0]  PSOldGen::expand(unsigned long)+0x170
V  [libjvm.so+0x9839cb]  PSOldGen::resize(unsigned long)+0x1cb
V  [libjvm.so+0x98b6d1]  PSParallelCompact::invoke_no_policy(bool)+0x991
V  [libjvm.so+0x99102d]  PSScavenge::invoke()+0x1ad
V  [libjvm.so+0x947c10]  ParallelScavengeHeap::failed_mem_allocate(unsigned long)+0x70
V  [libjvm.so+0xac8a57]  VM_ParallelGCFailedAllocation::doit()+0x97
V  [libjvm.so+0xad0535]  VM_Operation::evaluate()+0x55
V  [libjvm.so+0xace90a]  VMThread::evaluate_operation(VM_Operation*)+0xba
V  [libjvm.so+0xacec8e]  VMThread::loop()+0x1ce
V  [libjvm.so+0xacf100]  VMThread::run()+0x70
V  [libjvm.so+0x926268]  java_start(Thread*)+0x108

VM_Operation (0x00007fb7c88d7c80): ParallelGCFailedAllocation, mode: safepoint, requested by thread 0x00007fb810be3800


---------------  P R O C E S S  ---------------

Java Threads: ( => current thread )
  0x00007fb810be3800 JavaThread "Time-limited test" daemon [_thread_blocked, id=68098, stack(0x00007fb7c87d9000,0x00007fb7c88da000)]
  0x00007fb810a50800 JavaThread "AWT-XAWT" daemon [_thread_blocked, id=68087, stack(0x00007fb7c8e5b000,0x00007fb7c8f5c000)]
  0x00007fb8109f0800 JavaThread "Java2D Disposer" daemon [_thread_blocked, id=68086, stack(0x00007fb7c936c000,0x00007fb7c946d000)]
  0x00007fb7e0001000 JavaThread "Attach Listener" daemon [_thread_blocked, id=68085, stack(0x00007fb7cb7f2000,0x00007fb7cb8f3000)]
  0x00007fb81018f800 JavaThread "Service Thread" daemon [_thread_blocked, id=68083, stack(0x00007fb7f8654000,0x00007fb7f8755000)]
  0x00007fb810184800 JavaThread "C1 CompilerThread2" daemon [_thread_blocked, id=68082, stack(0x00007fb7f8755000,0x00007fb7f8856000)]
  0x00007fb810182800 JavaThread "C2 CompilerThread1" daemon [_thread_blocked, id=68081, stack(0x00007fb7f8856000,0x00007fb7f8957000)]
  0x00007fb81017f800 JavaThread "C2 CompilerThread0" daemon [_thread_blocked, id=68080, stack(0x00007fb7f8957000,0x00007fb7f8a58000)]
  0x00007fb81017b800 JavaThread "Signal Dispatcher" daemon [_thread_blocked, id=68079, stack(0x00007fb7f8a58000,0x00007fb7f8b59000)]
  0x00007fb81014b000 JavaThread "Finalizer" daemon [_thread_blocked, id=68078, stack(0x00007fb7f8f2e000,0x00007fb7f902f000)]
  0x00007fb810146800 JavaThread "Reference Handler" daemon [_thread_blocked, id=68077, stack(0x00007fb7f902f000,0x00007fb7f9130000)]
  0x00007fb810009800 JavaThread "main" [_thread_blocked, id=68068, stack(0x00007fb81762d000,0x00007fb81772e000)]

Other Threads:
=>0x00007fb81013e800 VMThread [stack: 0x00007fb7f9130000,0x00007fb7f9231000] [id=68076]
  0x00007fb810192800 WatcherThread [stack: 0x00007fb7f8553000,0x00007fb7f8654000] [id=68084]

VM state:at safepoint (normal execution)

VM Mutex/Monitor currently owned by a thread:  ([mutex/lock_event])
[0x00007fb8100059f0] ExpandHeap_lock - owner thread: 0x00007fb81013e800
[0x00007fb810006070] Threads_lock - owner thread: 0x00007fb81013e800
[0x00007fb810006570] Heap_lock - owner thread: 0x00007fb810be3800

Heap:
 PSYoungGen      total 199680K, used 0K [0x00000000eb800000, 0x00000000fed00000, 0x0000000100000000)
  eden space 93184K, 0% used [0x00000000eb800000,0x00000000eb800000,0x00000000f1300000)
  from space 106496K, 0% used [0x00000000f8500000,0x00000000f8500000,0x00000000fed00000)
  to   space 111616K, 0% used [0x00000000f1300000,0x00000000f1300000,0x00000000f8000000)
 ParOldGen       total 435200K, used 435147K [0x00000000c2800000, 0x00000000dd100000, 0x00000000eb800000)
  object space 435200K, 99% used [0x00000000c2800000,0x00000000dd0f2d20,0x00000000dd100000)
 Metaspace       used 14007K, capacity 14152K, committed 14336K, reserved 1062912K
  class space    used 1687K, capacity 1771K, committed 1792K, reserved 1048576K

Card table byte_map: [0x00007fb8141e2000,0x00007fb8143cf000] byte_map_base: 0x00007fb813bce000

Marking Bits: (ParMarkBitMap*) 0x00007fb816af9c80
 Begin Bits: [0x00007fb7fa140000, 0x00007fb7fb0a0000)
 End Bits:   [0x00007fb7fb0a0000, 0x00007fb7fc000000)

Polling page: 0x00007fb817749000

CodeCache: size=245760Kb used=3897Kb max_used=3897Kb free=241862Kb
 bounds [0x00007fb801000000, 0x00007fb8013e0000, 0x00007fb810000000]
 total_blobs=1533 nmethods=1034 adapters=413
 compilation: enabled

Compilation events (10 events):
Event: 6.925 Thread 0x00007fb810184800 nmethod 1033 0x00007fb8013c7c90 code [0x00007fb8013c8200, 0x00007fb8013cb868]
Event: 6.925 Thread 0x00007fb810184800 1034       3       java.lang.CharacterDataLatin1::digit (91 bytes)
Event: 6.925 Thread 0x00007fb810184800 nmethod 1034 0x00007fb8013cdd90 code [0x00007fb8013cdf00, 0x00007fb8013ce290]
Event: 6.926 Thread 0x00007fb81017f800 1036       4       java.util.HashMap::get (23 bytes)
Event: 6.928 Thread 0x00007fb810184800 1037       3       java.util.regex.Pattern$Curly::match0 (174 bytes)
Event: 6.930 Thread 0x00007fb810184800 nmethod 1037 0x00007fb8013ce410 code [0x00007fb8013ce600, 0x00007fb8013cf018]
Event: 6.930 Thread 0x00007fb810184800 1035       3       java.lang.ThreadLocal::set (30 bytes)
Event: 6.930 Thread 0x00007fb810184800 nmethod 1035 0x00007fb8013cf350 code [0x00007fb8013cf4e0, 0x00007fb8013cf8c8]
Event: 6.931 Thread 0x00007fb810184800 1038  s    3       java.lang.reflect.Executable::declaredAnnotations (59 bytes)
Event: 6.932 Thread 0x00007fb810184800 nmethod 1038 0x00007fb8013cfa50 code [0x00007fb8013cfc40, 0x00007fb8013d0508]

GC Heap History (10 events):
Event: 3.985 GC heap after
Heap after GC invocations=12 (full 3):
 PSYoungGen      total 147456K, used 63426K [0x00000000eb800000, 0x00000000fde00000, 0x0000000100000000)
  eden space 59904K, 0% used [0x00000000eb800000,0x00000000eb800000,0x00000000ef280000)
  from space 87552K, 72% used [0x00000000ef280000,0x00000000f3070800,0x00000000f4800000)
  to   space 111616K, 0% used [0x00000000f7100000,0x00000000f7100000,0x00000000fde00000)
 ParOldGen       total 265216K, used 170535K [0x00000000c2800000, 0x00000000d2b00000, 0x00000000eb800000)
  object space 265216K, 64% used [0x00000000c2800000,0x00000000cce89fa0,0x00000000d2b00000)
 Metaspace       used 13929K, capacity 14146K, committed 14336K, reserved 1062912K
  class space    used 1683K, capacity 1770K, committed 1792K, reserved 1048576K
}
Event: 4.008 GC heap before
{Heap before GC invocations=13 (full 3):
 PSYoungGen      total 147456K, used 123330K [0x00000000eb800000, 0x00000000fde00000, 0x0000000100000000)
  eden space 59904K, 100% used [0x00000000eb800000,0x00000000ef280000,0x00000000ef280000)
  from space 87552K, 72% used [0x00000000ef280000,0x00000000f3070800,0x00000000f4800000)
  to   space 111616K, 0% used [0x00000000f7100000,0x00000000f7100000,0x00000000fde00000)
 ParOldGen       total 265216K, used 170535K [0x00000000c2800000, 0x00000000d2b00000, 0x00000000eb800000)
  object space 265216K, 64% used [0x00000000c2800000,0x00000000cce89fa0,0x00000000d2b00000)
 Metaspace       used 13929K, capacity 14146K, committed 14336K, reserved 1062912K
  class space    used 1683K, capacity 1770K, committed 1792K, reserved 1048576K
Event: 4.179 GC heap after
Heap after GC invocations=13 (full 3):
 PSYoungGen      total 183296K, used 84864K [0x00000000eb800000, 0x00000000fdb00000, 0x0000000100000000)
  eden space 74752K, 0% used [0x00000000eb800000,0x00000000eb800000,0x00000000f0100000)
  from space 108544K, 78% used [0x00000000f7100000,0x00000000fc3e0000,0x00000000fdb00000)
  to   space 111616K, 0% used [0x00000000f0100000,0x00000000f0100000,0x00000000f6e00000)
 ParOldGen       total 265216K, used 209303K [0x00000000c2800000, 0x00000000d2b00000, 0x00000000eb800000)
  object space 265216K, 78% used [0x00000000c2800000,0x00000000cf465fa0,0x00000000d2b00000)
 Metaspace       used 13929K, capacity 14146K, committed 14336K, reserved 1062912K
  class space    used 1683K, capacity 1770K, committed 1792K, reserved 1048576K
}
Event: 4.207 GC heap before
{Heap before GC invocations=14 (full 3):
 PSYoungGen      total 183296K, used 159616K [0x00000000eb800000, 0x00000000fdb00000, 0x0000000100000000)
  eden space 74752K, 100% used [0x00000000eb800000,0x00000000f0100000,0x00000000f0100000)
  from space 108544K, 78% used [0x00000000f7100000,0x00000000fc3e0000,0x00000000fdb00000)
  to   space 111616K, 0% used [0x00000000f0100000,0x00000000f0100000,0x00000000f6e00000)
 ParOldGen       total 265216K, used 209303K [0x00000000c2800000, 0x00000000d2b00000, 0x00000000eb800000)
  object space 265216K, 78% used [0x00000000c2800000,0x00000000cf465fa0,0x00000000d2b00000)
 Metaspace       used 13929K, capacity 14146K, committed 14336K, reserved 1062912K
  class space    used 1683K, capacity 1770K, committed 1792K, reserved 1048576K
Event: 4.412 GC heap after
Heap after GC invocations=14 (full 3):
 PSYoungGen      total 186368K, used 74848K [0x00000000eb800000, 0x00000000ff200000, 0x0000000100000000)
  eden space 74752K, 0% used [0x00000000eb800000,0x00000000eb800000,0x00000000f0100000)
  from space 111616K, 67% used [0x00000000f0100000,0x00000000f4a18000,0x00000000f6e00000)
  to   space 111616K, 0% used [0x00000000f8500000,0x00000000f8500000,0x00000000ff200000)
 ParOldGen       total 294400K, used 294383K [0x00000000c2800000, 0x00000000d4780000, 0x00000000eb800000)
  object space 294400K, 99% used [0x00000000c2800000,0x00000000d477bfa0,0x00000000d4780000)
 Metaspace       used 13929K, capacity 14146K, committed 14336K, reserved 1062912K
  class space    used 1683K, capacity 1770K, committed 1792K, reserved 1048576K
}
Event: 4.412 GC heap before
{Heap before GC invocations=15 (full 4):
 PSYoungGen      total 186368K, used 74848K [0x00000000eb800000, 0x00000000ff200000, 0x0000000100000000)
  eden space 74752K, 0% used [0x00000000eb800000,0x00000000eb800000,0x00000000f0100000)
  from space 111616K, 67% used [0x00000000f0100000,0x00000000f4a18000,0x00000000f6e00000)
  to   space 111616K, 0% used [0x00000000f8500000,0x00000000f8500000,0x00000000ff200000)
 ParOldGen       total 294400K, used 294383K [0x00000000c2800000, 0x00000000d4780000, 0x00000000eb800000)
  object space 294400K, 99% used [0x00000000c2800000,0x00000000d477bfa0,0x00000000d4780000)
 Metaspace       used 13929K, capacity 14146K, committed 14336K, reserved 1062912K
  class space    used 1683K, capacity 1770K, committed 1792K, reserved 1048576K
Event: 6.896 GC heap after
Heap after GC invocations=15 (full 4):
 PSYoungGen      total 186368K, used 74238K [0x00000000eb800000, 0x00000000ff200000, 0x0000000100000000)
  eden space 74752K, 0% used [0x00000000eb800000,0x00000000eb800000,0x00000000f0100000)
  from space 111616K, 66% used [0x00000000f0100000,0x00000000f497fb90,0x00000000f6e00000)
  to   space 111616K, 0% used [0x00000000f8500000,0x00000000f8500000,0x00000000ff200000)
 ParOldGen       total 435200K, used 294376K [0x00000000c2800000, 0x00000000dd100000, 0x00000000eb800000)
  object space 435200K, 67% used [0x00000000c2800000,0x00000000d477a0a8,0x00000000dd100000)
 Metaspace       used 13929K, capacity 14146K, committed 14336K, reserved 1062912K
  class space    used 1683K, capacity 1770K, committed 1792K, reserved 1048576K
}
Event: 6.934 GC heap before
{Heap before GC invocations=16 (full 4):
 PSYoungGen      total 186368K, used 148990K [0x00000000eb800000, 0x00000000ff200000, 0x0000000100000000)
  eden space 74752K, 100% used [0x00000000eb800000,0x00000000f0100000,0x00000000f0100000)
  from space 111616K, 66% used [0x00000000f0100000,0x00000000f497fb90,0x00000000f6e00000)
  to   space 111616K, 0% used [0x00000000f8500000,0x00000000f8500000,0x00000000ff200000)
 ParOldGen       total 435200K, used 294376K [0x00000000c2800000, 0x00000000dd100000, 0x00000000eb800000)
  object space 435200K, 67% used [0x00000000c2800000,0x00000000d477a0a8,0x00000000dd100000)
 Metaspace       used 14007K, capacity 14152K, committed 14336K, reserved 1062912K
  class space    used 1687K, capacity 1771K, committed 1792K, reserved 1048576K
Event: 7.210 GC heap after
Heap after GC invocations=16 (full 4):
 PSYoungGen      total 199680K, used 66656K [0x00000000eb800000, 0x00000000fed00000, 0x0000000100000000)
  eden space 93184K, 0% used [0x00000000eb800000,0x00000000eb800000,0x00000000f1300000)
  from space 106496K, 62% used [0x00000000f8500000,0x00000000fc618000,0x00000000fed00000)
  to   space 111616K, 0% used [0x00000000f1300000,0x00000000f1300000,0x00000000f8000000)
 ParOldGen       total 435200K, used 368928K [0x00000000c2800000, 0x00000000dd100000, 0x00000000eb800000)
  object space 435200K, 84% used [0x00000000c2800000,0x00000000d90480a8,0x00000000dd100000)
 Metaspace       used 14007K, capacity 14152K, committed 14336K, reserved 1062912K
  class space    used 1687K, capacity 1771K, committed 1792K, reserved 1048576K
}
Event: 7.210 GC heap before
{Heap before GC invocations=17 (full 5):
 PSYoungGen      total 199680K, used 66656K [0x00000000eb800000, 0x00000000fed00000, 0x0000000100000000)
  eden space 93184K, 0% used [0x00000000eb800000,0x00000000eb800000,0x00000000f1300000)
  from space 106496K, 62% used [0x00000000f8500000,0x00000000fc618000,0x00000000fed00000)
  to   space 111616K, 0% used [0x00000000f1300000,0x00000000f1300000,0x00000000f8000000)
 ParOldGen       total 435200K, used 368928K [0x00000000c2800000, 0x00000000dd100000, 0x00000000eb800000)
  object space 435200K, 84% used [0x00000000c2800000,0x00000000d90480a8,0x00000000dd100000)
 Metaspace       used 14007K, capacity 14152K, committed 14336K, reserved 1062912K
  class space    used 1687K, capacity 1771K, committed 1792K, reserved 1048576K

Deoptimization events (10 events):
Event: 0.929 Thread 0x00007fb810009800 Uncommon trap: reason=unstable_if action=reinterpret pc=0x00007fb8012344e0 method=java.util.HashMap.getNode(ILjava/lang/Object;)Ljava/util/HashMap$Node; @ 129
Event: 0.941 Thread 0x00007fb810009800 Uncommon trap: reason=unstable_if action=reinterpret pc=0x00007fb8012c5f54 method=java.util.HashMap.getNode(ILjava/lang/Object;)Ljava/util/HashMap$Node; @ 129
Event: 1.204 Thread 0x00007fb810009800 Uncommon trap: reason=unstable_if action=reinterpret pc=0x00007fb80121bbe4 method=sun.misc.MetaIndex.mayContain(Ljava/lang/String;)Z @ 38
Event: 1.210 Thread 0x00007fb810009800 Uncommon trap: reason=unstable_if action=reinterpret pc=0x00007fb801344cf0 method=java.util.HashMap.hash(Ljava/lang/Object;)I @ 1
Event: 1.242 Thread 0x00007fb810009800 Uncommon trap: reason=class_check action=maybe_recompile pc=0x00007fb801344118 method=java.util.HashMap.putVal(ILjava/lang/Object;Ljava/lang/Object;ZZ)Ljava/lang/Object; @ 203
Event: 1.242 Thread 0x00007fb810009800 Uncommon trap: reason=class_check action=maybe_recompile pc=0x00007fb801344118 method=java.util.HashMap.putVal(ILjava/lang/Object;Ljava/lang/Object;ZZ)Ljava/lang/Object; @ 203
Event: 1.242 Thread 0x00007fb810009800 Uncommon trap: reason=class_check action=maybe_recompile pc=0x00007fb801344118 method=java.util.HashMap.putVal(ILjava/lang/Object;Ljava/lang/Object;ZZ)Ljava/lang/Object; @ 203
Event: 1.242 Thread 0x00007fb810009800 Uncommon trap: reason=class_check action=maybe_recompile pc=0x00007fb801344118 method=java.util.HashMap.putVal(ILjava/lang/Object;Ljava/lang/Object;ZZ)Ljava/lang/Object; @ 203
Event: 1.273 Thread 0x00007fb810009800 Uncommon trap: reason=unstable_if action=reinterpret pc=0x00007fb8011e9a40 method=java.lang.String.indexOf([CII[CIII)I @ 3
Event: 1.276 Thread 0x00007fb810009800 Uncommon trap: reason=unstable_if action=reinterpret pc=0x00007fb8011992d4 method=java.lang.String.indexOf([CII[CIII)I @ 123

Internal exceptions (10 events):
Event: 6.923 Thread 0x00007fb810009800 Exception <a 'java/lang/ClassCastException'> (0x00000000ed4cfb18) thrown at [/HUDSON3/workspace/8-2-build-linux-amd64/jdk8u121/8372/hotspot/src/share/vm/runtime/sharedRuntime.cpp, line 605]
Event: 6.923 Thread 0x00007fb810009800 Exception <a 'java/lang/ClassCastException'> (0x00000000ed4cffe8) thrown at [/HUDSON3/workspace/8-2-build-linux-amd64/jdk8u121/8372/hotspot/src/share/vm/runtime/sharedRuntime.cpp, line 605]
Event: 6.923 Thread 0x00007fb810009800 Exception <a 'java/lang/ClassCastException'> (0x00000000ed4d04b8) thrown at [/HUDSON3/workspace/8-2-build-linux-amd64/jdk8u121/8372/hotspot/src/share/vm/runtime/sharedRuntime.cpp, line 605]
Event: 6.923 Thread 0x00007fb810009800 Exception <a 'java/lang/ClassCastException'> (0x00000000ed4d0928) thrown at [/HUDSON3/workspace/8-2-build-linux-amd64/jdk8u121/8372/hotspot/src/share/vm/runtime/sharedRuntime.cpp, line 605]
Event: 6.923 Thread 0x00007fb810009800 Exception <a 'java/lang/ClassCastException'> (0x00000000ed4d0e70) thrown at [/HUDSON3/workspace/8-2-build-linux-amd64/jdk8u121/8372/hotspot/src/share/vm/runtime/sharedRuntime.cpp, line 605]
Event: 6.923 Thread 0x00007fb810009800 Exception <a 'java/lang/ClassCastException'> (0x00000000ed4d1568) thrown at [/HUDSON3/workspace/8-2-build-linux-amd64/jdk8u121/8372/hotspot/src/share/vm/runtime/sharedRuntime.cpp, line 605]
Event: 6.923 Thread 0x00007fb810009800 Exception <a 'java/lang/ClassCastException'> (0x00000000ed4d1c20) thrown at [/HUDSON3/workspace/8-2-build-linux-amd64/jdk8u121/8372/hotspot/src/share/vm/runtime/sharedRuntime.cpp, line 605]
Event: 6.923 Thread 0x00007fb810009800 Exception <a 'java/lang/ClassCastException'> (0x00000000ed4d22d8) thrown at [/HUDSON3/workspace/8-2-build-linux-amd64/jdk8u121/8372/hotspot/src/share/vm/runtime/sharedRuntime.cpp, line 605]
Event: 6.923 Thread 0x00007fb810009800 Exception <a 'java/lang/ClassCastException'> (0x00000000ed4d2a58) thrown at [/HUDSON3/workspace/8-2-build-linux-amd64/jdk8u121/8372/hotspot/src/share/vm/runtime/sharedRuntime.cpp, line 605]
Event: 6.923 Thread 0x00007fb810009800 Exception <a 'java/lang/ClassCastException'> (0x00000000ed4d3f18) thrown at [/HUDSON3/workspace/8-2-build-linux-amd64/jdk8u121/8372/hotspot/src/share/vm/runtime/sharedRuntime.cpp, line 605]

Events (10 events):
Event: 6.920 Thread 0x00007fb8106b5000 Thread exited: 0x00007fb8106b5000
Event: 6.922 Executing VM operation: ThreadDump
Event: 6.922 Executing VM operation: ThreadDump done
Event: 6.923 Thread 0x00007fb8106b5000 Thread added: 0x00007fb8106b5000
Event: 6.924 Executing VM operation: RevokeBias
Event: 6.924 Executing VM operation: RevokeBias done
Event: 6.924 Executing VM operation: RevokeBias
Event: 6.924 Executing VM operation: RevokeBias done
Event: 6.924 Thread 0x00007fb8106b5000 Thread exited: 0x00007fb8106b5000
Event: 6.933 Executing VM operation: ParallelGCFailedAllocation


Dynamic libraries:
00400000-00401000 r-xp 00000000 08:01 460029                             /usr/local/java/jdk1.8.0_121/jre/bin/java
00600000-00601000 rw-p 00000000 08:01 460029                             /usr/local/java/jdk1.8.0_121/jre/bin/java
02331000-02352000 rw-p 00000000 00:00 0                                  [heap]
c2800000-dd100000 rw-p 00000000 00:00 0 
e7b00000-eb800000 ---p 00000000 00:00 0 
eb800000-fed00000 rw-p 00000000 00:00 0 
fed00000-100000000 ---p 00000000 00:00 0 
100000000-1001c0000 rw-p 00000000 00:00 0 
1001c0000-140000000 ---p 00000000 00:00 0 
7fb7b0000000-7fb7b0021000 rw-p 00000000 00:00 0 
7fb7b0021000-7fb7b4000000 ---p 00000000 00:00 0 
7fb7b4000000-7fb7b4021000 rw-p 00000000 00:00 0 
7fb7b4021000-7fb7b8000000 ---p 00000000 00:00 0 
7fb7b8000000-7fb7b8021000 rw-p 00000000 00:00 0 
7fb7b8021000-7fb7bc000000 ---p 00000000 00:00 0 
7fb7bc000000-7fb7bc021000 rw-p 00000000 00:00 0 
7fb7bc021000-7fb7c0000000 ---p 00000000 00:00 0 
7fb7c0000000-7fb7c003c000 rw-p 00000000 00:00 0 
7fb7c003c000-7fb7c4000000 ---p 00000000 00:00 0 
7fb7c4000000-7fb7c4021000 rw-p 00000000 00:00 0 
7fb7c4021000-7fb7c8000000 ---p 00000000 00:00 0 
7fb7c87d9000-7fb7c87dc000 ---p 00000000 00:00 0 
7fb7c87dc000-7fb7c88da000 rw-p 00000000 00:00 0 
7fb7c88da000-7fb7c88dd000 ---p 00000000 00:00 0 
7fb7c88dd000-7fb7c8a1b000 rw-p 00000000 00:00 0 
7fb7c8a1b000-7fb7c8bdb000 ---p 00000000 00:00 0 
7fb7c8bdb000-7fb7c8c44000 r-xp 00000000 08:01 453868                     /usr/local/java/jdk1.8.0_121/jre/lib/amd64/libt2k.so
7fb7c8c44000-7fb7c8e44000 ---p 00069000 08:01 453868                     /usr/local/java/jdk1.8.0_121/jre/lib/amd64/libt2k.so
7fb7c8e44000-7fb7c8e4b000 rw-p 00069000 08:01 453868                     /usr/local/java/jdk1.8.0_121/jre/lib/amd64/libt2k.so
7fb7c8e4b000-7fb7c8e5b000 rw-p 00000000 00:00 0 
7fb7c8e5b000-7fb7c8e5e000 ---p 00000000 00:00 0 
7fb7c8e5e000-7fb7c8f5c000 rw-p 00000000 00:00 0 
7fb7c8f5c000-7fb7c8f61000 r-xp 00000000 08:01 405132                     /usr/lib/x86_64-linux-gnu/libXfixes.so.3.1.0
7fb7c8f61000-7fb7c9160000 ---p 00005000 08:01 405132                     /usr/lib/x86_64-linux-gnu/libXfixes.so.3.1.0
7fb7c9160000-7fb7c9161000 r--p 00004000 08:01 405132                     /usr/lib/x86_64-linux-gnu/libXfixes.so.3.1.0
7fb7c9161000-7fb7c9162000 rw-p 00005000 08:01 405132                     /usr/lib/x86_64-linux-gnu/libXfixes.so.3.1.0
7fb7c9162000-7fb7c916b000 r-xp 00000000 08:01 405124                     /usr/lib/x86_64-linux-gnu/libXcursor.so.1.0.2
7fb7c916b000-7fb7c936a000 ---p 00009000 08:01 405124                     /usr/lib/x86_64-linux-gnu/libXcursor.so.1.0.2
7fb7c936a000-7fb7c936b000 r--p 00008000 08:01 405124                     /usr/lib/x86_64-linux-gnu/libXcursor.so.1.0.2
7fb7c936b000-7fb7c936c000 rw-p 00009000 08:01 405124                     /usr/lib/x86_64-linux-gnu/libXcursor.so.1.0.2
7fb7c936c000-7fb7c936f000 ---p 00000000 00:00 0 
7fb7c936f000-7fb7c966d000 rw-p 00000000 00:00 0 
7fb7c966d000-7fb7c9683000 r-xp 00000000 08:01 922900                     /lib/x86_64-linux-gnu/libgcc_s.so.1
7fb7c9683000-7fb7c9882000 ---p 00016000 08:01 922900                     /lib/x86_64-linux-gnu/libgcc_s.so.1
7fb7c9882000-7fb7c9883000 rw-p 00015000 08:01 922900                     /lib/x86_64-linux-gnu/libgcc_s.so.1
7fb7c9883000-7fb7c98e8000 r-xp 00000000 08:01 453832                     /usr/local/java/jdk1.8.0_121/jre/lib/amd64/libfontmanager.so
7fb7c98e8000-7fb7c9ae7000 ---p 00065000 08:01 453832                     /usr/local/java/jdk1.8.0_121/jre/lib/amd64/libfontmanager.so
7fb7c9ae7000-7fb7c9aec000 rw-p 00064000 08:01 453832                     /usr/local/java/jdk1.8.0_121/jre/lib/amd64/libfontmanager.so
7fb7c9aec000-7fb7c9afc000 rw-p 00000000 00:00 0 
7fb7c9afc000-7fb7c9b01000 r-xp 00000000 08:01 405128                     /usr/lib/x86_64-linux-gnu/libXdmcp.so.6.0.0
7fb7c9b01000-7fb7c9d00000 ---p 00005000 08:01 405128                     /usr/lib/x86_64-linux-gnu/libXdmcp.so.6.0.0
7fb7c9d00000-7fb7c9d01000 r--p 00004000 08:01 405128                     /usr/lib/x86_64-linux-gnu/libXdmcp.so.6.0.0
7fb7c9d01000-7fb7c9d02000 rw-p 00005000 08:01 405128                     /usr/lib/x86_64-linux-gnu/libXdmcp.so.6.0.0
7fb7c9d02000-7fb7c9d04000 r-xp 00000000 08:01 405117                     /usr/lib/x86_64-linux-gnu/libXau.so.6.0.0
7fb7c9d04000-7fb7c9f04000 ---p 00002000 08:01 405117                     /usr/lib/x86_64-linux-gnu/libXau.so.6.0.0
7fb7c9f04000-7fb7c9f05000 r--p 00002000 08:01 405117                     /usr/lib/x86_64-linux-gnu/libXau.so.6.0.0
7fb7c9f05000-7fb7c9f06000 rw-p 00003000 08:01 405117                     /usr/lib/x86_64-linux-gnu/libXau.so.6.0.0
7fb7c9f06000-7fb7c9f27000 r-xp 00000000 08:01 406495                     /usr/lib/x86_64-linux-gnu/libxcb.so.1.1.0
7fb7c9f27000-7fb7ca126000 ---p 00021000 08:01 406495                     /usr/lib/x86_64-linux-gnu/libxcb.so.1.1.0
7fb7ca126000-7fb7ca127000 r--p 00020000 08:01 406495                     /usr/lib/x86_64-linux-gnu/libxcb.so.1.1.0
7fb7ca127000-7fb7ca128000 rw-p 00021000 08:01 406495                     /usr/lib/x86_64-linux-gnu/libxcb.so.1.1.0
7fb7ca128000-7fb7ca137000 r-xp 00000000 08:01 405138                     /usr/lib/x86_64-linux-gnu/libXi.so.6.1.0
7fb7ca137000-7fb7ca336000 ---p 0000f000 08:01 405138                     /usr/lib/x86_64-linux-gnu/libXi.so.6.1.0
7fb7ca336000-7fb7ca337000 r--p 0000e000 08:01 405138                     /usr/lib/x86_64-linux-gnu/libXi.so.6.1.0
7fb7ca337000-7fb7ca338000 rw-p 0000f000 08:01 405138                     /usr/lib/x86_64-linux-gnu/libXi.so.6.1.0
7fb7ca338000-7fb7ca33d000 r-xp 00000000 08:01 405156                     /usr/lib/x86_64-linux-gnu/libXtst.so.6.1.0
7fb7ca33d000-7fb7ca53c000 ---p 00005000 08:01 405156                     /usr/lib/x86_64-linux-gnu/libXtst.so.6.1.0
7fb7ca53c000-7fb7ca53d000 r--p 00004000 08:01 405156                     /usr/lib/x86_64-linux-gnu/libXtst.so.6.1.0
7fb7ca53d000-7fb7ca53e000 rw-p 00005000 08:01 405156                     /usr/lib/x86_64-linux-gnu/libXtst.so.6.1.0
7fb7ca53e000-7fb7ca547000 r-xp 00000000 08:01 405150                     /usr/lib/x86_64-linux-gnu/libXrender.so.1.3.0
7fb7ca547000-7fb7ca746000 ---p 00009000 08:01 405150                     /usr/lib/x86_64-linux-gnu/libXrender.so.1.3.0
7fb7ca746000-7fb7ca747000 r--p 00008000 08:01 405150                     /usr/lib/x86_64-linux-gnu/libXrender.so.1.3.0
7fb7ca747000-7fb7ca748000 rw-p 00009000 08:01 405150                     /usr/lib/x86_64-linux-gnu/libXrender.so.1.3.0
7fb7ca748000-7fb7ca87d000 r-xp 00000000 08:01 405113                     /usr/lib/x86_64-linux-gnu/libX11.so.6.3.0
7fb7ca87d000-7fb7caa7d000 ---p 00135000 08:01 405113                     /usr/lib/x86_64-linux-gnu/libX11.so.6.3.0
7fb7caa7d000-7fb7caa7e000 r--p 00135000 08:01 405113                     /usr/lib/x86_64-linux-gnu/libX11.so.6.3.0
7fb7caa7e000-7fb7caa82000 rw-p 00136000 08:01 405113                     /usr/lib/x86_64-linux-gnu/libX11.so.6.3.0
7fb7caa82000-7fb7caa93000 r-xp 00000000 08:01 405130                     /usr/lib/x86_64-linux-gnu/libXext.so.6.4.0
7fb7caa93000-7fb7cac92000 ---p 00011000 08:01 405130                     /usr/lib/x86_64-linux-gnu/libXext.so.6.4.0
7fb7cac92000-7fb7cac93000 r--p 00010000 08:01 405130                     /usr/lib/x86_64-linux-gnu/libXext.so.6.4.0
7fb7cac93000-7fb7cac94000 rw-p 00011000 08:01 405130                     /usr/lib/x86_64-linux-gnu/libXext.so.6.4.0
7fb7cacac000-7fb7cad00000 r-xp 00000000 08:01 453840                     /usr/local/java/jdk1.8.0_121/jre/lib/amd64/libawt_xawt.so
7fb7cad00000-7fb7caf00000 ---p 00054000 08:01 453840                     /usr/local/java/jdk1.8.0_121/jre/lib/amd64/libawt_xawt.so
7fb7caf00000-7fb7caf04000 rw-p 00054000 08:01 453840                     /usr/local/java/jdk1.8.0_121/jre/lib/amd64/libawt_xawt.so
7fb7caf04000-7fb7caf05000 rw-p 00000000 00:00 0 
7fb7caf05000-7fb7cafa7000 r-xp 00000000 08:01 453871                     /usr/local/java/jdk1.8.0_121/jre/lib/amd64/libawt.so
7fb7cafa7000-7fb7cb1a7000 ---p 000a2000 08:01 453871                     /usr/local/java/jdk1.8.0_121/jre/lib/amd64/libawt.so
7fb7cb1a7000-7fb7cb1b3000 rw-p 000a2000 08:01 453871                     /usr/local/java/jdk1.8.0_121/jre/lib/amd64/libawt.so
7fb7cb1b3000-7fb7cb1d7000 rw-p 00000000 00:00 0 
7fb7cb1d7000-7fb7cb1e8000 r-xp 00000000 08:01 453838                     /usr/local/java/jdk1.8.0_121/jre/lib/amd64/libnio.so
7fb7cb1e8000-7fb7cb3e7000 ---p 00011000 08:01 453838                     /usr/local/java/jdk1.8.0_121/jre/lib/amd64/libnio.so
7fb7cb3e7000-7fb7cb3e8000 rw-p 00010000 08:01 453838                     /usr/local/java/jdk1.8.0_121/jre/lib/amd64/libnio.so
7fb7cb3e8000-7fb7cb5e8000 rw-p 00000000 00:00 0 
7fb7cb5e8000-7fb7cb5f2000 r-xp 00000000 08:01 453872                     /usr/local/java/jdk1.8.0_121/jre/lib/amd64/libinstrument.so
7fb7cb5f2000-7fb7cb7f1000 ---p 0000a000 08:01 453872                     /usr/local/java/jdk1.8.0_121/jre/lib/amd64/libinstrument.so
7fb7cb7f1000-7fb7cb7f2000 rw-p 00009000 08:01 453872                     /usr/local/java/jdk1.8.0_121/jre/lib/amd64/libinstrument.so
7fb7cb7f2000-7fb7cb7f5000 ---p 00000000 00:00 0 
7fb7cb7f5000-7fb7cb8f3000 rw-p 00000000 00:00 0 
7fb7cb8f3000-7fb7cb8f6000 r-xp 00000000 08:01 453843                     /usr/local/java/jdk1.8.0_121/jre/lib/amd64/libattach.so
7fb7cb8f6000-7fb7cbaf5000 ---p 00003000 08:01 453843                     /usr/local/java/jdk1.8.0_121/jre/lib/amd64/libattach.so
7fb7cbaf5000-7fb7cbaf6000 rw-p 00002000 08:01 453843                     /usr/local/java/jdk1.8.0_121/jre/lib/amd64/libattach.so
7fb7cbaf6000-7fb7cbaff000 r-xp 00000000 08:01 453849                     /usr/local/java/jdk1.8.0_121/jre/lib/amd64/libmanagement.so
7fb7cbaff000-7fb7cbcfe000 ---p 00009000 08:01 453849                     /usr/local/java/jdk1.8.0_121/jre/lib/amd64/libmanagement.so
7fb7cbcfe000-7fb7cbcff000 rw-p 00008000 08:01 453849                     /usr/local/java/jdk1.8.0_121/jre/lib/amd64/libmanagement.so
7fb7cbcff000-7fb7cc000000 rw-p 00000000 00:00 0 
7fb7cc000000-7fb7cc36d000 rw-p 00000000 00:00 0 
7fb7cc36d000-7fb7d0000000 ---p 00000000 00:00 0 
7fb7d0000000-7fb7d0021000 rw-p 00000000 00:00 0 
7fb7d0021000-7fb7d4000000 ---p 00000000 00:00 0 
7fb7d4000000-7fb7d4258000 rw-p 00000000 00:00 0 
7fb7d4258000-7fb7d8000000 ---p 00000000 00:00 0 
7fb7d8000000-7fb7d81f6000 rw-p 00000000 00:00 0 
7fb7d81f6000-7fb7dc000000 ---p 00000000 00:00 0 
7fb7dc000000-7fb7dc021000 rw-p 00000000 00:00 0 
7fb7dc021000-7fb7e0000000 ---p 00000000 00:00 0 
7fb7e0000000-7fb7e0021000 rw-p 00000000 00:00 0 
7fb7e0021000-7fb7e4000000 ---p 00000000 00:00 0 
7fb7e4000000-7fb7e42af000 rw-p 00000000 00:00 0 
7fb7e42af000-7fb7e8000000 ---p 00000000 00:00 0 
7fb7e8000000-7fb7e8021000 rw-p 00000000 00:00 0 
7fb7e8021000-7fb7ec000000 ---p 00000000 00:00 0 
7fb7ec000000-7fb7ec021000 rw-p 00000000 00:00 0 
7fb7ec021000-7fb7f0000000 ---p 00000000 00:00 0 
7fb7f0000000-7fb7f0021000 rw-p 00000000 00:00 0 
7fb7f0021000-7fb7f4000000 ---p 00000000 00:00 0 
7fb7f4000000-7fb7f4036000 rw-p 00000000 00:00 0 
7fb7f4036000-7fb7f8000000 ---p 00000000 00:00 0 
7fb7f8010000-7fb7f8014000 r--s 0009a000 08:01 453787                     /usr/local/java/jdk1.8.0_121/jre/lib/jsse.jar
7fb7f8014000-7fb7f802a000 r-xp 00000000 08:01 453813                     /usr/local/java/jdk1.8.0_121/jre/lib/amd64/libnet.so
7fb7f802a000-7fb7f822a000 ---p 00016000 08:01 453813                     /usr/local/java/jdk1.8.0_121/jre/lib/amd64/libnet.so
7fb7f822a000-7fb7f822b000 rw-p 00016000 08:01 453813                     /usr/local/java/jdk1.8.0_121/jre/lib/amd64/libnet.so
7fb7f822b000-7fb7f822d000 r--s 0000e000 08:01 1187901                    /home/tyler/.m2/repository/org/apache/maven/surefire/surefire-junit4/2.17/surefire-junit4-2.17.jar
7fb7f822d000-7fb7f839b000 r--s 00fb9000 08:01 1444175                    /home/tyler/.m2/repository/org/evosuite/evosuite-standalone-runtime/1.0.3/evosuite-standalone-runtime-1.0.3.jar
7fb7f839b000-7fb7f839d000 r--s 00001000 08:01 1182290                    /home/tyler/.m2/repository/org/sonatype/plexus/plexus-build-api/0.0.7/plexus-build-api-0.0.7.jar
7fb7f839d000-7fb7f83a2000 r--s 00039000 08:01 1182288                    /home/tyler/.m2/repository/org/codehaus/plexus/plexus-utils/1.5.6/plexus-utils-1.5.6.jar
7fb7f83a2000-7fb7f83a4000 r--s 00004000 08:01 1182285                    /home/tyler/.m2/repository/org/codehaus/plexus/plexus-resources/1.0-alpha-7/plexus-resources-1.0-alpha-7.jar
7fb7f83a4000-7fb7f83a6000 r--s 00008000 08:01 1182283                    /home/tyler/.m2/repository/classworlds/classworlds/1.1-alpha-2/classworlds-1.1-alpha-2.jar
7fb7f83a6000-7fb7f83ad000 r--s 00029000 08:01 1182281                    /home/tyler/.m2/repository/org/codehaus/plexus/plexus-container-default/1.0-alpha-9/plexus-container-default-1.0-alpha-9.jar
7fb7f83ad000-7fb7f83b0000 r--s 00013000 08:01 1181393                    /home/tyler/.m2/repository/org/apache/maven/maven-model/2.0.6/maven-model-2.0.6.jar
7fb7f83b0000-7fb7f83b2000 r--s 0000a000 08:01 1182280                    /home/tyler/.m2/repository/org/apache/maven/wagon/wagon-provider-api/1.0-beta-2/wagon-provider-api-1.0-beta-2.jar
7fb7f83b2000-7fb7f83b3000 r--s 00005000 08:01 1181384                    /home/tyler/.m2/repository/org/apache/maven/maven-repository-metadata/2.0.6/maven-repository-metadata-2.0.6.jar
7fb7f83b3000-7fb7f83b5000 r--s 0000c000 08:01 1181373                    /home/tyler/.m2/repository/org/apache/maven/maven-artifact-manager/2.0.6/maven-artifact-manager-2.0.6.jar
7fb7f83b5000-7fb7f83b8000 r--s 00018000 08:01 1182279                    /home/tyler/.m2/repository/commons-io/commons-io/1.4/commons-io-1.4.jar
7fb7f83b8000-7fb7f83ba000 r--s 00009000 08:01 1182278                    /home/tyler/.m2/repository/org/apache/maven/shared/maven-doxia-tools/1.2.1/maven-doxia-tools-1.2.1.jar
7fb7f83ba000-7fb7f83c8000 r--s 0007f000 08:01 1181336                    /home/tyler/.m2/repository/commons-collections/commons-collections/3.2.1/commons-collections-3.2.1.jar
7fb7f83c8000-7fb7f83cb000 r--s 0001b000 08:01 1182272                    /home/tyler/.m2/repository/org/apache/struts/struts-tiles/1.3.8/struts-tiles-1.3.8.jar
7fb7f83cb000-7fb7f83d0000 r--s 00039000 08:01 1182271                    /home/tyler/.m2/repository/org/apache/struts/struts-taglib/1.3.8/struts-taglib-1.3.8.jar
7fb7f83d0000-7fb7f83d5000 r--s 00053000 08:01 1182268                    /home/tyler/.m2/repository/antlr/antlr/2.7.2/antlr-2.7.2.jar
7fb7f83d5000-7fb7f83db000 r--s 0004b000 08:01 1182267                    /home/tyler/.m2/repository/org/apache/struts/struts-core/1.3.8/struts-core-1.3.8.jar
7fb7f83db000-7fb7f83dd000 r--s 00005000 08:01 1182265                    /home/tyler/.m2/repository/sslext/sslext/1.2-0/sslext-1.2-0.jar
7fb7f83dd000-7fb7f83df000 r--s 00014000 08:01 1182264                    /home/tyler/.m2/repository/commons-chain/commons-chain/1.1/commons-chain-1.1.jar
7fb7f83df000-7fb7f83e5000 r--s 0004f000 08:01 1182263                    /home/tyler/.m2/repository/org/apache/velocity/velocity-tools/2.0/velocity-tools-2.0.jar
7fb7f83e5000-7fb7f83ed000 r--s 00058000 08:01 1181273                    /home/tyler/.m2/repository/org/apache/velocity/velocity/1.5/velocity-1.5.jar
7fb7f83ed000-7fb7f83ee000 r--s 00001000 08:01 1182261                    /home/tyler/.m2/repository/org/codehaus/plexus/plexus-velocity/1.1.7/plexus-velocity-1.1.7.jar
7fb7f83ee000-7fb7f83ef000 r--s 00002000 08:01 1182257                    /home/tyler/.m2/repository/org/codehaus/plexus/plexus-i18n/1.0-beta-7/plexus-i18n-1.0-beta-7.jar
7fb7f83ef000-7fb7f83f1000 r--s 00008000 08:01 1182254                    /home/tyler/.m2/repository/org/apache/maven/doxia/doxia-module-fml/1.4/doxia-module-fml-1.4.jar
7fb7f83f1000-7fb7f83f2000 r--s 00003000 08:01 1182253                    /home/tyler/.m2/repository/org/apache/maven/doxia/doxia-module-xhtml/1.4/doxia-module-xhtml-1.4.jar
7fb7f83f2000-7fb7f83f4000 r--s 0000b000 08:01 1182250                    /home/tyler/.m2/repository/org/apache/maven/doxia/doxia-site-renderer/1.4/doxia-site-renderer-1.4.jar
7fb7f83f4000-7fb7f83f5000 r--s 0000e000 08:01 1182248                    /home/tyler/.m2/repository/org/apache/maven/doxia/doxia-decoration-model/1.4/doxia-decoration-model-1.4.jar
7fb7f83f5000-7fb7f83f6000 r--s 00002000 08:01 1182247                    /home/tyler/.m2/repository/org/apache/maven/doxia/doxia-sink-api/1.4/doxia-sink-api-1.4.jar
7fb7f83f6000-7fb7f83fb000 r--s 00026000 08:01 1182244                    /home/tyler/.m2/repository/org/apache/httpcomponents/httpcore/4.0.1/httpcore-4.0.1.jar
7fb7f83fb000-7fb7f83fd000 r--s 0000a000 08:01 1182242                    /home/tyler/.m2/repository/commons-codec/commons-codec/1.3/commons-codec-1.3.jar
7fb7f83fd000-7fb7f8404000 r--s 00041000 08:01 1182240                    /home/tyler/.m2/repository/org/apache/httpcomponents/httpclient/4.0.2/httpclient-4.0.2.jar
7fb7f8404000-7fb7f841c000 r--s 00115000 08:01 1182239                    /home/tyler/.m2/repository/xerces/xercesImpl/2.9.1/xercesImpl-2.9.1.jar
7fb7f841c000-7fb7f841e000 r--s 00000000 08:01 1181254                    /home/tyler/.m2/repository/org/codehaus/plexus/plexus-component-annotations/1.5.5/plexus-component-annotations-1.5.5.jar
7fb7f841e000-7fb7f841f000 r--s 00002000 08:01 1182237                    /home/tyler/.m2/repository/org/apache/maven/doxia/doxia-logging-api/1.4/doxia-logging-api-1.4.jar
7fb7f841f000-7fb7f8423000 r--s 00025000 08:01 1182235                    /home/tyler/.m2/repository/org/apache/maven/doxia/doxia-core/1.4/doxia-core-1.4.jar
7fb7f8423000-7fb7f8426000 r--s 00011000 08:01 1181307                    /home/tyler/.m2/repository/org/apache/maven/maven-artifact/2.2.1/maven-artifact-2.2.1.jar
7fb7f8426000-7fb7f8428000 r--s 00008000 08:01 1181316                    /home/tyler/.m2/repository/org/apache/maven/maven-plugin-descriptor/2.2.1/maven-plugin-descriptor-2.2.1.jar
7fb7f8428000-7fb7f8429000 r--s 00002000 08:01 1182234                    /home/tyler/.m2/repository/org/apache/maven/maven-plugin-api/2.0/maven-plugin-api-2.0.jar
7fb7f8429000-7fb7f842a000 r--s 00002000 08:01 1182232                    /home/tyler/.m2/repository/org/apache/maven/reporting/maven-reporting-api/3.0/maven-reporting-api-3.0.jar
7fb7f842a000-7fb7f842c000 r--s 00008000 08:01 1182228                    /home/tyler/.m2/repository/commons-logging/commons-logging/1.0.4/commons-logging-1.0.4.jar
7fb7f842c000-7fb7f8430000 r--s 00026000 08:01 1182226                    /home/tyler/.m2/repository/commons-digester/commons-digester/1.6/commons-digester-1.6.jar
7fb7f8430000-7fb7f8435000 r--s 0002a000 08:01 1182225                    /home/tyler/.m2/repository/commons-beanutils/commons-beanutils/1.7.0/commons-beanutils-1.7.0.jar
7fb7f8435000-7fb7f8438000 r--s 00014000 08:01 1182222                    /home/tyler/.m2/repository/commons-validator/commons-validator/1.2.0/commons-validator-1.2.0.jar
7fb7f8438000-7fb7f843a000 r--s 00007000 08:01 1182221                    /home/tyler/.m2/repository/org/codehaus/plexus/plexus-interpolation/1.1/plexus-interpolation-1.1.jar
7fb7f843a000-7fb7f843c000 r--s 00006000 08:01 1182220                    /home/tyler/.m2/repository/org/apache/maven/maven-plugin-registry/2.0.10/maven-plugin-registry-2.0.10.jar
7fb7f843c000-7fb7f843e000 r--s 00008000 08:01 1182216                    /home/tyler/.m2/repository/org/apache/maven/maven-profile/2.0.10/maven-profile-2.0.10.jar
7fb7f843e000-7fb7f8440000 r--s 0000b000 08:01 1182215                    /home/tyler/.m2/repository/org/apache/maven/maven-settings/2.0.10/maven-settings-2.0.10.jar
7fb7f8440000-7fb7f8443000 r--s 0001c000 08:01 1182212                    /home/tyler/.m2/repository/org/apache/maven/maven-project/2.0.10/maven-project-2.0.10.jar
7fb7f8443000-7fb7f8445000 r--s 00003000 08:01 1182211                    /home/tyler/.m2/repository/org/apache/maven/reporting/maven-reporting-impl/2.1/maven-reporting-impl-2.1.jar
7fb7f8445000-7fb7f8449000 r--s 00031000 08:01 1182208                    /home/tyler/.m2/repository/org/codehaus/groovy/groovy-xml/2.4.7/groovy-xml-2.4.7.jar
7fb7f8449000-7fb7f844b000 r--s 00016000 08:01 1182207                    /home/tyler/.m2/repository/org/codehaus/groovy/groovy-templates/2.4.7/groovy-templates-2.4.7.jar
7fb7f844b000-7fb7f844f000 r--s 0001e000 08:01 1182204                    /home/tyler/.m2/repository/org/codehaus/groovy/groovy-groovydoc/2.4.7/groovy-groovydoc-2.4.7.jar
7fb7f844f000-7fb7f8450000 r--s 00002000 08:01 1182203                    /home/tyler/.m2/repository/org/apache/ant/ant-antlr/1.9.4/ant-antlr-1.9.4.jar
7fb7f8450000-7fb7f8452000 r--s 00010000 08:01 1182202                    /home/tyler/.m2/repository/org/codehaus/groovy/groovy-ant/2.4.7/groovy-ant-2.4.7.jar
7fb7f8452000-7fb7f849f000 r--s 0040b000 08:01 1182198                    /home/tyler/.m2/repository/org/codehaus/groovy/groovy/2.4.7/groovy-2.4.7.jar
7fb7f849f000-7fb7f84a0000 r--s 00002000 08:01 1182197                    /home/tyler/.m2/repository/com/apple/AppleJavaExtensions/1.4/AppleJavaExtensions-1.4.jar
7fb7f84a0000-7fb7f84a5000 r--s 00041000 08:01 1182194                    /home/tyler/.m2/repository/commons-lang/commons-lang/2.6/commons-lang-2.6.jar
7fb7f84a5000-7fb7f84aa000 r--s 00058000 08:01 1182192                    /home/tyler/.m2/repository/org/ow2/asm/asm-debug-all/5.0.2/asm-debug-all-5.0.2.jar
7fb7f84aa000-7fb7f84d9000 r--s 00371000 08:01 1182184                    /home/tyler/.m2/repository/com/google/code/findbugs/findbugs/3.0.1/findbugs-3.0.1.jar
7fb7f84d9000-7fb7f8553000 r--s 010f6000 08:01 424997                     /usr/local/java/jdk1.8.0_121/lib/tools.jar
7fb7f8553000-7fb7f8554000 ---p 00000000 00:00 0 
7fb7f8554000-7fb7f8654000 rw-p 00000000 00:00 0 
7fb7f8654000-7fb7f8657000 ---p 00000000 00:00 0 
7fb7f8657000-7fb7f8755000 rw-p 00000000 00:00 0 
7fb7f8755000-7fb7f8758000 ---p 00000000 00:00 0 
7fb7f8758000-7fb7f8856000 rw-p 00000000 00:00 0 
7fb7f8856000-7fb7f8859000 ---p 00000000 00:00 0 
7fb7f8859000-7fb7f8957000 rw-p 00000000 00:00 0 
7fb7f8957000-7fb7f895a000 ---p 00000000 00:00 0 
7fb7f895a000-7fb7f8a58000 rw-p 00000000 00:00 0 
7fb7f8a58000-7fb7f8a5b000 ---p 00000000 00:00 0 
7fb7f8a5b000-7fb7f8b59000 rw-p 00000000 00:00 0 
7fb7f8b59000-7fb7f8f2e000 r--p 00000000 08:01 395699                     /usr/lib/locale/locale-archive
7fb7f8f2e000-7fb7f8f31000 ---p 00000000 00:00 0 
7fb7f8f31000-7fb7f902f000 rw-p 00000000 00:00 0 
7fb7f902f000-7fb7f9032000 ---p 00000000 00:00 0 
7fb7f9032000-7fb7f9130000 rw-p 00000000 00:00 0 
7fb7f9130000-7fb7f9131000 ---p 00000000 00:00 0 
7fb7f9131000-7fb7fc000000 rw-p 00000000 00:00 0 
7fb7fc000000-7fb7fc021000 rw-p 00000000 00:00 0 
7fb7fc021000-7fb800000000 ---p 00000000 00:00 0 
7fb800000000-7fb800005000 r--s 00016000 08:01 1181257                    /home/tyler/.m2/repository/xml-apis/xml-apis/1.0.b2/xml-apis-1.0.b2.jar
7fb800005000-7fb80000a000 r--s 00048000 08:01 1181255                    /home/tyler/.m2/repository/dom4j/dom4j/1.6.1/dom4j-1.6.1.jar
7fb80000a000-7fb80000c000 r--s 00005000 08:01 1182191                    /home/tyler/.m2/repository/com/google/code/findbugs/jFormatString/2.0.1/jFormatString-2.0.1.jar
7fb80000c000-7fb800016000 r--s 0008c000 08:01 1182190                    /home/tyler/.m2/repository/com/google/code/findbugs/bcel-findbugs/6.0/bcel-findbugs-6.0.jar
7fb800016000-7fb800018000 r--s 00006000 08:01 1181562                    /home/tyler/.m2/repository/com/google/code/findbugs/jsr305/2.0.1/jsr305-2.0.1.jar
7fb800018000-7fb800019000 r--s 00000000 08:01 1182186                    /home/tyler/.m2/repository/net/jcip/jcip-annotations/1.0/jcip-annotations-1.0.jar
7fb800019000-7fb800020000 r--s 0005e000 08:01 1182180                    /home/tyler/.m2/repository/org/apache/commons/commons-lang3/3.3.2/commons-lang3-3.3.2.jar
7fb800020000-7fb80002a000 r--s 0005d000 08:01 1182179                    /home/tyler/.m2/repository/ch/qos/logback/logback-core/1.0.13/logback-core-1.0.13.jar
7fb80002a000-7fb800030000 r--s 0003b000 08:01 1182177                    /home/tyler/.m2/repository/ch/qos/logback/logback-classic/1.0.13/logback-classic-1.0.13.jar
7fb800030000-7fb800037000 r--s 00078000 08:01 1182170                    /home/tyler/.m2/repository/org/mortbay/jetty/jetty/6.1.14/jetty-6.1.14.jar
7fb800037000-7fb800210000 r--s 03d3e000 08:01 453806                     /usr/local/java/jdk1.8.0_121/jre/lib/rt.jar
7fb800210000-7fb800bfc000 rw-p 00000000 00:00 0 
7fb800bfc000-7fb800bfd000 ---p 00000000 00:00 0 
7fb800bfd000-7fb800cfd000 rw-p 00000000 00:00 0 
7fb800cfd000-7fb800cfe000 ---p 00000000 00:00 0 
7fb800cfe000-7fb800dfe000 rw-p 00000000 00:00 0 
7fb800dfe000-7fb800dff000 ---p 00000000 00:00 0 
7fb800dff000-7fb800eff000 rw-p 00000000 00:00 0 
7fb800eff000-7fb800f00000 ---p 00000000 00:00 0 
7fb800f00000-7fb801000000 rw-p 00000000 00:00 0 
7fb801000000-7fb8013e0000 rwxp 00000000 00:00 0 
7fb8013e0000-7fb810000000 ---p 00000000 00:00 0 
7fb810000000-7fb810e3f000 rw-p 00000000 00:00 0 
7fb810e3f000-7fb814000000 ---p 00000000 00:00 0 
7fb814000000-7fb814003000 r--s 00021000 08:01 1182182                    /home/tyler/.m2/repository/org/codehaus/mojo/findbugs-maven-plugin/3.0.4/findbugs-maven-plugin-3.0.4.jar
7fb814003000-7fb814006000 r--s 00025000 08:01 1182172                    /home/tyler/.m2/repository/org/mortbay/jetty/jetty-util/6.1.14/jetty-util-6.1.14.jar
7fb814006000-7fb814024000 r--s 001bc000 08:01 1182163                    /home/tyler/.m2/repository/org/apache/ant/ant/1.8.3/ant-1.8.3.jar
7fb814024000-7fb81416f000 rw-p 00000000 00:00 0 
7fb81416f000-7fb8141e2000 ---p 00000000 00:00 0 
7fb8141e2000-7fb8142b7000 rw-p 00000000 00:00 0 
7fb8142b7000-7fb81432a000 ---p 00000000 00:00 0 
7fb81432a000-7fb8143c5000 rw-p 00000000 00:00 0 
7fb8143c5000-7fb8143ce000 ---p 00000000 00:00 0 
7fb8143ce000-7fb8143df000 rw-p 00000000 00:00 0 
7fb8143df000-7fb81478f000 ---p 00000000 00:00 0 
7fb81478f000-7fb8147a9000 r-xp 00000000 08:01 453836                     /usr/local/java/jdk1.8.0_121/jre/lib/amd64/libzip.so
7fb8147a9000-7fb8149a9000 ---p 0001a000 08:01 453836                     /usr/local/java/jdk1.8.0_121/jre/lib/amd64/libzip.so
7fb8149a9000-7fb8149aa000 rw-p 0001a000 08:01 453836                     /usr/local/java/jdk1.8.0_121/jre/lib/amd64/libzip.so
7fb8149aa000-7fb8149b5000 r-xp 00000000 08:01 919017                     /lib/x86_64-linux-gnu/libnss_files-2.23.so
7fb8149b5000-7fb814bb4000 ---p 0000b000 08:01 919017                     /lib/x86_64-linux-gnu/libnss_files-2.23.so
7fb814bb4000-7fb814bb5000 r--p 0000a000 08:01 919017                     /lib/x86_64-linux-gnu/libnss_files-2.23.so
7fb814bb5000-7fb814bb6000 rw-p 0000b000 08:01 919017                     /lib/x86_64-linux-gnu/libnss_files-2.23.so
7fb814bb6000-7fb814bbc000 rw-p 00000000 00:00 0 
7fb814bbc000-7fb814bc7000 r-xp 00000000 08:01 919002                     /lib/x86_64-linux-gnu/libnss_nis-2.23.so
7fb814bc7000-7fb814dc6000 ---p 0000b000 08:01 919002                     /lib/x86_64-linux-gnu/libnss_nis-2.23.so
7fb814dc6000-7fb814dc7000 r--p 0000a000 08:01 919002                     /lib/x86_64-linux-gnu/libnss_nis-2.23.so
7fb814dc7000-7fb814dc8000 rw-p 0000b000 08:01 919002                     /lib/x86_64-linux-gnu/libnss_nis-2.23.so
7fb814dc8000-7fb814dde000 r-xp 00000000 08:01 919013                     /lib/x86_64-linux-gnu/libnsl-2.23.so
7fb814dde000-7fb814fdd000 ---p 00016000 08:01 919013                     /lib/x86_64-linux-gnu/libnsl-2.23.so
7fb814fdd000-7fb814fde000 r--p 00015000 08:01 919013                     /lib/x86_64-linux-gnu/libnsl-2.23.so
7fb814fde000-7fb814fdf000 rw-p 00016000 08:01 919013                     /lib/x86_64-linux-gnu/libnsl-2.23.so
7fb814fdf000-7fb814fe1000 rw-p 00000000 00:00 0 
7fb814fe1000-7fb814fe9000 r-xp 00000000 08:01 919014                     /lib/x86_64-linux-gnu/libnss_compat-2.23.so
7fb814fe9000-7fb8151e8000 ---p 00008000 08:01 919014                     /lib/x86_64-linux-gnu/libnss_compat-2.23.so
7fb8151e8000-7fb8151e9000 r--p 00007000 08:01 919014                     /lib/x86_64-linux-gnu/libnss_compat-2.23.so
7fb8151e9000-7fb8151ea000 rw-p 00008000 08:01 919014                     /lib/x86_64-linux-gnu/libnss_compat-2.23.so
7fb8151ea000-7fb815215000 r-xp 00000000 08:01 453862                     /usr/local/java/jdk1.8.0_121/jre/lib/amd64/libjava.so
7fb815215000-7fb815414000 ---p 0002b000 08:01 453862                     /usr/local/java/jdk1.8.0_121/jre/lib/amd64/libjava.so
7fb815414000-7fb815416000 rw-p 0002a000 08:01 453862                     /usr/local/java/jdk1.8.0_121/jre/lib/amd64/libjava.so
7fb815416000-7fb815423000 r-xp 00000000 08:01 453814                     /usr/local/java/jdk1.8.0_121/jre/lib/amd64/libverify.so
7fb815423000-7fb815622000 ---p 0000d000 08:01 453814                     /usr/local/java/jdk1.8.0_121/jre/lib/amd64/libverify.so
7fb815622000-7fb815624000 rw-p 0000c000 08:01 453814                     /usr/local/java/jdk1.8.0_121/jre/lib/amd64/libverify.so
7fb815624000-7fb81562b000 r-xp 00000000 08:01 919001                     /lib/x86_64-linux-gnu/librt-2.23.so
7fb81562b000-7fb81582a000 ---p 00007000 08:01 919001                     /lib/x86_64-linux-gnu/librt-2.23.so
7fb81582a000-7fb81582b000 r--p 00006000 08:01 919001                     /lib/x86_64-linux-gnu/librt-2.23.so
7fb81582b000-7fb81582c000 rw-p 00007000 08:01 919001                     /lib/x86_64-linux-gnu/librt-2.23.so
7fb81582c000-7fb815934000 r-xp 00000000 08:01 919011                     /lib/x86_64-linux-gnu/libm-2.23.so
7fb815934000-7fb815b33000 ---p 00108000 08:01 919011                     /lib/x86_64-linux-gnu/libm-2.23.so
7fb815b33000-7fb815b34000 r--p 00107000 08:01 919011                     /lib/x86_64-linux-gnu/libm-2.23.so
7fb815b34000-7fb815b35000 rw-p 00108000 08:01 919011                     /lib/x86_64-linux-gnu/libm-2.23.so
7fb815b35000-7fb816803000 r-xp 00000000 08:01 453865                     /usr/local/java/jdk1.8.0_121/jre/lib/amd64/server/libjvm.so
7fb816803000-7fb816a03000 ---p 00cce000 08:01 453865                     /usr/local/java/jdk1.8.0_121/jre/lib/amd64/server/libjvm.so
7fb816a03000-7fb816adc000 rw-p 00cce000 08:01 453865                     /usr/local/java/jdk1.8.0_121/jre/lib/amd64/server/libjvm.so
7fb816adc000-7fb816b27000 rw-p 00000000 00:00 0 
7fb816b27000-7fb816ce6000 r-xp 00000000 08:01 919006                     /lib/x86_64-linux-gnu/libc-2.23.so
7fb816ce6000-7fb816ee6000 ---p 001bf000 08:01 919006                     /lib/x86_64-linux-gnu/libc-2.23.so
7fb816ee6000-7fb816eea000 r--p 001bf000 08:01 919006                     /lib/x86_64-linux-gnu/libc-2.23.so
7fb816eea000-7fb816eec000 rw-p 001c3000 08:01 919006                     /lib/x86_64-linux-gnu/libc-2.23.so
7fb816eec000-7fb816ef0000 rw-p 00000000 00:00 0 
7fb816ef0000-7fb816ef3000 r-xp 00000000 08:01 919005                     /lib/x86_64-linux-gnu/libdl-2.23.so
7fb816ef3000-7fb8170f2000 ---p 00003000 08:01 919005                     /lib/x86_64-linux-gnu/libdl-2.23.so
7fb8170f2000-7fb8170f3000 r--p 00002000 08:01 919005                     /lib/x86_64-linux-gnu/libdl-2.23.so
7fb8170f3000-7fb8170f4000 rw-p 00003000 08:01 919005                     /lib/x86_64-linux-gnu/libdl-2.23.so
7fb8170f4000-7fb817109000 r-xp 00000000 08:01 453851                     /usr/local/java/jdk1.8.0_121/jre/lib/amd64/jli/libjli.so
7fb817109000-7fb817309000 ---p 00015000 08:01 453851                     /usr/local/java/jdk1.8.0_121/jre/lib/amd64/jli/libjli.so
7fb817309000-7fb81730a000 rw-p 00015000 08:01 453851                     /usr/local/java/jdk1.8.0_121/jre/lib/amd64/jli/libjli.so
7fb81730a000-7fb817322000 r-xp 00000000 08:01 919012                     /lib/x86_64-linux-gnu/libpthread-2.23.so
7fb817322000-7fb817521000 ---p 00018000 08:01 919012                     /lib/x86_64-linux-gnu/libpthread-2.23.so
7fb817521000-7fb817522000 r--p 00017000 08:01 919012                     /lib/x86_64-linux-gnu/libpthread-2.23.so
7fb817522000-7fb817523000 rw-p 00018000 08:01 919012                     /lib/x86_64-linux-gnu/libpthread-2.23.so
7fb817523000-7fb817527000 rw-p 00000000 00:00 0 
7fb817527000-7fb81754d000 r-xp 00000000 08:01 918973                     /lib/x86_64-linux-gnu/ld-2.23.so
7fb81754d000-7fb81754f000 r--s 00005000 08:01 1182174                    /home/tyler/.m2/repository/org/slf4j/slf4j-api/1.7.5/slf4j-api-1.7.5.jar
7fb81754f000-7fb817552000 r--s 0001e000 08:01 1182169                    /home/tyler/.m2/repository/org/mortbay/jetty/servlet-api-2.5/6.1.14/servlet-api-2.5-6.1.14.jar
7fb817552000-7fb817555000 r--s 00018000 08:01 1182166                    /home/tyler/.m2/repository/org/apache/ant/ant-junit/1.8.3/ant-junit-1.8.3.jar
7fb817555000-7fb817556000 r--s 00004000 08:01 1182165                    /home/tyler/.m2/repository/org/apache/ant/ant-launcher/1.8.3/ant-launcher-1.8.3.jar
7fb817556000-7fb81755c000 r--s 00032000 08:01 1182160                    /home/tyler/.m2/repository/jaxen/jaxen/1.1.4/jaxen-1.1.4.jar
7fb81755c000-7fb81755e000 r--s 0000e000 08:01 1181278                    /home/tyler/.m2/repository/oro/oro/2.0.8/oro-2.0.8.jar
7fb81755e000-7fb81755f000 r--s 00004000 08:01 1182158                    /home/tyler/.m2/repository/org/ow2/asm/asm-analysis/5.0.1/asm-analysis-5.0.1.jar
7fb81755f000-7fb817560000 r--s 0000a000 08:01 1182156                    /home/tyler/.m2/repository/org/ow2/asm/asm-util/5.0.1/asm-util-5.0.1.jar
7fb817560000-7fb817567000 r--s 00083000 08:01 1182148                    /home/tyler/.m2/repository/net/sourceforge/cobertura/cobertura/2.1.1/cobertura-2.1.1.jar
7fb817567000-7fb81756f000 r--s 00045000 08:01 1183174                    /home/tyler/.m2/repository/junit/junit/4.12/junit-4.12.jar
7fb81756f000-7fb81762d000 rw-p 00000000 00:00 0 
7fb81762d000-7fb817630000 ---p 00000000 00:00 0 
7fb817630000-7fb817732000 rw-p 00000000 00:00 0 
7fb817732000-7fb817734000 r--s 00009000 08:01 1182154                    /home/tyler/.m2/repository/org/ow2/asm/asm-commons/5.0.1/asm-commons-5.0.1.jar
7fb817734000-7fb817736000 r--s 00006000 08:01 1182152                    /home/tyler/.m2/repository/org/ow2/asm/asm-tree/5.0.1/asm-tree-5.0.1.jar
7fb817736000-7fb817737000 r--s 0000c000 08:01 1182150                    /home/tyler/.m2/repository/org/ow2/asm/asm/5.0.1/asm-5.0.1.jar
7fb817737000-7fb817739000 r--s 00009000 08:01 1183177                    /home/tyler/.m2/repository/org/hamcrest/hamcrest-core/1.3/hamcrest-core-1.3.jar
7fb817739000-7fb81773d000 r--s 00020000 08:01 1181625                    /home/tyler/.m2/repository/org/apache/maven/surefire/surefire-api/2.17/surefire-api-2.17.jar
7fb81773d000-7fb81773f000 r--s 00008000 08:01 1181619                    /home/tyler/.m2/repository/org/apache/maven/surefire/surefire-booter/2.17/surefire-booter-2.17.jar
7fb81773f000-7fb817740000 r--s 00002000 08:01 1449563                    /home/tyler/CS362-SE2/projects/lawsonty/Dominion/target/surefire/surefirebooter2664094735969003819.jar
7fb817740000-7fb817748000 rw-s 00000000 08:01 937545                     /tmp/hsperfdata_tyler/68067
7fb817748000-7fb817749000 rw-p 00000000 00:00 0 
7fb817749000-7fb81774a000 ---p 00000000 00:00 0 
7fb81774a000-7fb81774c000 rw-p 00000000 00:00 0 
7fb81774c000-7fb81774d000 r--p 00025000 08:01 918973                     /lib/x86_64-linux-gnu/ld-2.23.so
7fb81774d000-7fb81774e000 rw-p 00026000 08:01 918973                     /lib/x86_64-linux-gnu/ld-2.23.so
7fb81774e000-7fb81774f000 rw-p 00000000 00:00 0 
7fffe1bcc000-7fffe1bee000 rw-p 00000000 00:00 0                          [stack]
7fffe1bfb000-7fffe1bfd000 r--p 00000000 00:00 0                          [vvar]
7fffe1bfd000-7fffe1bff000 r-xp 00000000 00:00 0                          [vdso]
ffffffffff600000-ffffffffff601000 r-xp 00000000 00:00 0                  [vsyscall]

VM Arguments:
java_command: /home/tyler/CS362-SE2/projects/lawsonty/Dominion/target/surefire/surefirebooter2664094735969003819.jar /home/tyler/CS362-SE2/projects/lawsonty/Dominion/target/surefire/surefire3019779438284732834tmp /home/tyler/CS362-SE2/projects/lawsonty/Dominion/target/surefire/surefire_03544183142349944860tmp
java_class_path (initial): /home/tyler/CS362-SE2/projects/lawsonty/Dominion/target/surefire/surefirebooter2664094735969003819.jar
Launcher Type: SUN_STANDARD

Environment Variables:
JAVA_HOME=/usr/local/java/jdk1.8.0_121
PATH=/home/tyler/bin:/home/tyler/.local/bin:/usr/local/sbin:/usr/local/bin:/usr/sbin:/usr/bin:/sbin:/bin:/usr/games:/usr/local/games:/snap/bin:/home/tyler/bin:/usr/local/java/jre1.8.0_101/bin:/usr/local/java/jdk1.8.0_121/bin
SHELL=/bin/bash
DISPLAY=:0

Signal Handlers:
SIGSEGV: [libjvm.so+0xac78c0], sa_mask[0]=11111111011111111101111111111110, sa_flags=SA_RESTART|SA_SIGINFO
SIGBUS: [libjvm.so+0xac78c0], sa_mask[0]=11111111011111111101111111111110, sa_flags=SA_RESTART|SA_SIGINFO
SIGFPE: [libjvm.so+0x920ac0], sa_mask[0]=11111111011111111101111111111110, sa_flags=SA_RESTART|SA_SIGINFO
SIGPIPE: [libjvm.so+0x920ac0], sa_mask[0]=11111111011111111101111111111110, sa_flags=SA_RESTART|SA_SIGINFO
SIGXFSZ: [libjvm.so+0x920ac0], sa_mask[0]=11111111011111111101111111111110, sa_flags=SA_RESTART|SA_SIGINFO
SIGILL: [libjvm.so+0x920ac0], sa_mask[0]=11111111011111111101111111111110, sa_flags=SA_RESTART|SA_SIGINFO
SIGUSR1: SIG_DFL, sa_mask[0]=00000000000000000000000000000000, sa_flags=none
SIGUSR2: [libjvm.so+0x922300], sa_mask[0]=00100000000000000000000000000000, sa_flags=SA_RESTART|SA_SIGINFO
SIGHUP: [libjvm.so+0x923700], sa_mask[0]=11111111011111111101111111111110, sa_flags=SA_RESTART|SA_SIGINFO
SIGINT: [libjvm.so+0x923700], sa_mask[0]=11111111011111111101111111111110, sa_flags=SA_RESTART|SA_SIGINFO
SIGTERM: [libjvm.so+0x923700], sa_mask[0]=11111111011111111101111111111110, sa_flags=SA_RESTART|SA_SIGINFO
SIGQUIT: [libjvm.so+0x923700], sa_mask[0]=11111111011111111101111111111110, sa_flags=SA_RESTART|SA_SIGINFO


---------------  S Y S T E M  ---------------

OS:DISTRIB_ID=Ubuntu
DISTRIB_RELEASE=16.04
DISTRIB_CODENAME=xenial
DISTRIB_DESCRIPTION="Ubuntu 16.04.2 LTS"

uname:Linux 4.4.0-62-generic #83-Ubuntu SMP Wed Jan 18 14:10:15 UTC 2017 x86_64
libc:glibc 2.23 NPTL 2.23 
rlimit: STACK 8192k, CORE 0k, NPROC 15580, NOFILE 65536, AS infinity
load average:3.53 2.47 1.21

/proc/meminfo:
MemTotal:        4028788 kB
MemFree:          119220 kB
MemAvailable:      44500 kB
Buffers:            1304 kB
Cached:           144676 kB
SwapCached:         9988 kB
Active:          1710152 kB
Inactive:         768456 kB
Active(anon):    1681928 kB
Inactive(anon):   742732 kB
Active(file):      28224 kB
Inactive(file):    25724 kB
Unevictable:          32 kB
Mlocked:              32 kB
SwapTotal:       1046524 kB
SwapFree:           9972 kB
Dirty:               780 kB
Writeback:             0 kB
AnonPages:       2323116 kB
Mapped:           107680 kB
Shmem:             91908 kB
Slab:              93724 kB
SReclaimable:      37872 kB
SUnreclaim:        55852 kB
KernelStack:       13200 kB
PageTables:        38360 kB
NFS_Unstable:          0 kB
Bounce:                0 kB
WritebackTmp:          0 kB
CommitLimit:     3060916 kB
Committed_AS:    7349712 kB
VmallocTotal:   34359738367 kB
VmallocUsed:           0 kB
VmallocChunk:          0 kB
HardwareCorrupted:     0 kB
AnonHugePages:   1114112 kB
CmaTotal:              0 kB
CmaFree:               0 kB
HugePages_Total:       0
HugePages_Free:        0
HugePages_Rsvd:        0
HugePages_Surp:        0
Hugepagesize:       2048 kB
DirectMap4k:      268096 kB
DirectMap2M:     3926016 kB
DirectMap1G:     2097152 kB


CPU:total 4 (1 cores per cpu, 1 threads per core) family 6 model 94 stepping 3, cmov, cx8, fxsr, mmx, sse, sse2, sse3, ssse3, sse4.1, sse4.2, popcnt, avx, avx2, aes, clmul, erms, rtm, 3dnowpref, lzcnt, tsc, tscinvbit, bmi1, bmi2, adx

/proc/cpuinfo:
processor	: 0
vendor_id	: GenuineIntel
cpu family	: 6
model		: 94
model name	: Intel(R) Core(TM) i7-6700HQ CPU @ 2.60GHz
stepping	: 3
microcode	: 0x9e
cpu MHz		: 2601.000
cache size	: 6144 KB
physical id	: 0
siblings	: 1
core id		: 0
cpu cores	: 1
apicid		: 0
initial apicid	: 0
fpu		: yes
fpu_exception	: yes
cpuid level	: 22
wp		: yes
flags		: fpu vme de pse tsc msr pae mce cx8 apic sep mtrr pge mca cmov pat pse36 clflush dts mmx fxsr sse sse2 ss syscall nx pdpe1gb rdtscp lm constant_tsc arch_perfmon pebs bts nopl xtopology tsc_reliable nonstop_tsc aperfmperf eagerfpu pni pclmulqdq ssse3 fma cx16 pcid sse4_1 sse4_2 x2apic movbe popcnt tsc_deadline_timer aes xsave avx f16c rdrand hypervisor lahf_lm abm 3dnowprefetch epb fsgsbase tsc_adjust bmi1 hle avx2 smep bmi2 invpcid rtm rdseed adx smap xsaveopt dtherm ida arat pln pts hwp hwp_notify hwp_act_window hwp_epp
bugs		:
bogomips	: 5202.00
clflush size	: 64
cache_alignment	: 64
address sizes	: 42 bits physical, 48 bits virtual
power management:

processor	: 1
vendor_id	: GenuineIntel
cpu family	: 6
model		: 94
model name	: Intel(R) Core(TM) i7-6700HQ CPU @ 2.60GHz
stepping	: 3
microcode	: 0x9e
cpu MHz		: 2601.000
cache size	: 6144 KB
physical id	: 2
siblings	: 1
core id		: 0
cpu cores	: 1
apicid		: 2
initial apicid	: 2
fpu		: yes
fpu_exception	: yes
cpuid level	: 22
wp		: yes
flags		: fpu vme de pse tsc msr pae mce cx8 apic sep mtrr pge mca cmov pat pse36 clflush dts mmx fxsr sse sse2 ss syscall nx pdpe1gb rdtscp lm constant_tsc arch_perfmon pebs bts nopl xtopology tsc_reliable nonstop_tsc aperfmperf eagerfpu pni pclmulqdq ssse3 fma cx16 pcid sse4_1 sse4_2 x2apic movbe popcnt tsc_deadline_timer aes xsave avx f16c rdrand hypervisor lahf_lm abm 3dnowprefetch epb fsgsbase tsc_adjust bmi1 hle avx2 smep bmi2 invpcid rtm rdseed adx smap xsaveopt dtherm ida arat pln pts hwp hwp_notify hwp_act_window hwp_epp
bugs		:
bogomips	: 5202.00
clflush size	: 64
cache_alignment	: 64
address sizes	: 42 bits physical, 48 bits virtual
power management:

processor	: 2
vendor_id	: GenuineIntel
cpu family	: 6
model		: 94
model name	: Intel(R) Core(TM) i7-6700HQ CPU @ 2.60GHz
stepping	: 3
microcode	: 0x9e
cpu MHz		: 2601.000
cache size	: 6144 KB
physical id	: 4
siblings	: 1
core id		: 0
cpu cores	: 1
apicid		: 4
initial apicid	: 4
fpu		: yes
fpu_exception	: yes
cpuid level	: 22
wp		: yes
flags		: fpu vme de pse tsc msr pae mce cx8 apic sep mtrr pge mca cmov pat pse36 clflush dts mmx fxsr sse sse2 ss syscall nx pdpe1gb rdtscp lm constant_tsc arch_perfmon pebs bts nopl xtopology tsc_reliable nonstop_tsc aperfmperf eagerfpu pni pclmulqdq ssse3 fma cx16 pcid sse4_1 sse4_2 x2apic movbe popcnt tsc_deadline_timer aes xsave avx f16c rdrand hypervisor lahf_lm abm 3dnowprefetch epb fsgsbase tsc_adjust bmi1 hle avx2 smep bmi2 invpcid rtm rdseed adx smap xsaveopt dtherm ida arat pln pts hwp hwp_notify hwp_act_window hwp_epp
bugs		:
bogomips	: 5202.00
clflush size	: 64
cache_alignment	: 64
address sizes	: 42 bits physical, 48 bits virtual
power management:

processor	: 3
vendor_id	: GenuineIntel
cpu family	: 6
model		: 94
model name	: Intel(R) Core(TM) i7-6700HQ CPU @ 2.60GHz
stepping	: 3
microcode	: 0x9e
cpu MHz		: 2601.000
cache size	: 6144 KB
physical id	: 6
siblings	: 1
core id		: 0
cpu cores	: 1
apicid		: 6
initial apicid	: 6
fpu		: yes
fpu_exception	: yes
cpuid level	: 22
wp		: yes
flags		: fpu vme de pse tsc msr pae mce cx8 apic sep mtrr pge mca cmov pat pse36 clflush dts mmx fxsr sse sse2 ss syscall nx pdpe1gb rdtscp lm constant_tsc arch_perfmon pebs bts nopl xtopology tsc_reliable nonstop_tsc aperfmperf eagerfpu pni pclmulqdq ssse3 fma cx16 pcid sse4_1 sse4_2 x2apic movbe popcnt tsc_deadline_timer aes xsave avx f16c rdrand hypervisor lahf_lm abm 3dnowprefetch epb fsgsbase tsc_adjust bmi1 hle avx2 smep bmi2 invpcid rtm rdseed adx smap xsaveopt dtherm ida arat pln pts hwp hwp_notify hwp_act_window hwp_epp
bugs		:
bogomips	: 5202.00
clflush size	: 64
cache_alignment	: 64
address sizes	: 42 bits physical, 48 bits virtual
power management:



Memory: 4k page, physical 4028788k(119220k free), swap 1046524k(9972k free)

vm_info: Java HotSpot(TM) 64-Bit Server VM (25.121-b13) for linux-amd64 JRE (1.8.0_121-b13), built on Dec 12 2016 16:36:53 by "java_re" with gcc 4.3.0 20080428 (Red Hat 4.3.0-8)

time: Sun Feb 26 16:36:30 2017
elapsed time: 9 seconds (0d 0h 0m 9s)

