[MASTER] 14:24:31.469 [Thread-3] ERROR ClientNodeImpl - Cannot inform master of change of state
java.rmi.ServerException: RemoteException occurred in server thread; nested exception is: 
	java.rmi.UnmarshalException: error unmarshalling arguments; nested exception is: 
	java.io.OptionalDataException
	at sun.rmi.server.UnicastServerRef.dispatch(UnicastServerRef.java:377) ~[na:1.8.0_121]
	at sun.rmi.transport.Transport$1.run(Transport.java:200) ~[na:1.8.0_121]
	at sun.rmi.transport.Transport$1.run(Transport.java:197) ~[na:1.8.0_121]
	at java.security.AccessController.doPrivileged(Native Method) ~[na:1.8.0_121]
	at sun.rmi.transport.Transport.serviceCall(Transport.java:196) ~[na:1.8.0_121]
	at sun.rmi.transport.tcp.TCPTransport.handleMessages(TCPTransport.java:568) ~[na:1.8.0_121]
	at sun.rmi.transport.tcp.TCPTransport$ConnectionHandler.run0(TCPTransport.java:826) ~[na:1.8.0_121]
	at sun.rmi.transport.tcp.TCPTransport$ConnectionHandler.lambda$run$0(TCPTransport.java:683) ~[na:1.8.0_121]
	at java.security.AccessController.doPrivileged(Native Method) ~[na:1.8.0_121]
	at sun.rmi.transport.tcp.TCPTransport$ConnectionHandler.run(TCPTransport.java:682) ~[na:1.8.0_121]
	at java.util.concurrent.ThreadPoolExecutor.runWorker(ThreadPoolExecutor.java:1142) ~[na:1.8.0_121]
	at java.util.concurrent.ThreadPoolExecutor$Worker.run(ThreadPoolExecutor.java:617) ~[na:1.8.0_121]
	at java.lang.Thread.run(Thread.java:745) ~[na:1.8.0_121]
	at sun.rmi.transport.StreamRemoteCall.exceptionReceivedFromServer(StreamRemoteCall.java:276) ~[na:1.8.0_121]
	at sun.rmi.transport.StreamRemoteCall.executeCall(StreamRemoteCall.java:253) ~[na:1.8.0_121]
	at sun.rmi.server.UnicastRef.invoke(UnicastRef.java:162) ~[na:1.8.0_121]
	at java.rmi.server.RemoteObjectInvocationHandler.invokeRemoteMethod(RemoteObjectInvocationHandler.java:227) ~[na:1.8.0_121]
	at java.rmi.server.RemoteObjectInvocationHandler.invoke(RemoteObjectInvocationHandler.java:179) ~[na:1.8.0_121]
	at com.sun.proxy.$Proxy9.evosuite_collectStatistics(Unknown Source) ~[na:na]
	at org.evosuite.rmi.service.ClientNodeImpl.updateStatistics(ClientNodeImpl.java:239) ~[evosuite-master-1.0.3.jar:1.0.3]
	at org.evosuite.statistics.StatisticsSender.sendIndividualToMaster(StatisticsSender.java:65) [evosuite-master-1.0.3.jar:1.0.3]
	at org.evosuite.statistics.StatisticsListener$1.run(StatisticsListener.java:71) [evosuite-master-1.0.3.jar:1.0.3]
java.rmi.UnmarshalException: error unmarshalling arguments; nested exception is: 
	java.io.OptionalDataException
	at sun.rmi.server.UnicastServerRef.dispatch(UnicastServerRef.java:334) ~[na:1.8.0_121]
	at sun.rmi.transport.Transport$1.run(Transport.java:200) ~[na:1.8.0_121]
	at sun.rmi.transport.Transport$1.run(Transport.java:197) ~[na:1.8.0_121]
	at java.security.AccessController.doPrivileged(Native Method) ~[na:1.8.0_121]
	at sun.rmi.transport.Transport.serviceCall(Transport.java:196) ~[na:1.8.0_121]
	at sun.rmi.transport.tcp.TCPTransport.handleMessages(TCPTransport.java:568) ~[na:1.8.0_121]
	at sun.rmi.transport.tcp.TCPTransport$ConnectionHandler.run0(TCPTransport.java:826) ~[na:1.8.0_121]
	at sun.rmi.transport.tcp.TCPTransport$ConnectionHandler.lambda$run$0(TCPTransport.java:683) ~[na:1.8.0_121]
	at java.security.AccessController.doPrivileged(Native Method) ~[na:1.8.0_121]
	at sun.rmi.transport.tcp.TCPTransport$ConnectionHandler.run(TCPTransport.java:682) ~[na:1.8.0_121]
	at java.util.concurrent.ThreadPoolExecutor.runWorker(ThreadPoolExecutor.java:1142) ~[na:1.8.0_121]
	at java.util.concurrent.ThreadPoolExecutor$Worker.run(ThreadPoolExecutor.java:617) ~[na:1.8.0_121]
	at java.lang.Thread.run(Thread.java:745) ~[na:1.8.0_121]
Caused by: java.io.OptionalDataException: null
	at java.io.ObjectInputStream.readObject0(ObjectInputStream.java:1555) ~[na:1.8.0_121]
	at java.io.ObjectInputStream.readObject(ObjectInputStream.java:422) ~[na:1.8.0_121]
	at java.util.HashMap.readObject(HashMap.java:1402) ~[na:1.8.0_121]
	at sun.reflect.GeneratedMethodAccessor7.invoke(Unknown Source) ~[na:na]
	at sun.reflect.DelegatingMethodAccessorImpl.invoke(DelegatingMethodAccessorImpl.java:43) ~[na:1.8.0_121]
	at java.lang.reflect.Method.invoke(Method.java:498) ~[na:1.8.0_121]
	at java.io.ObjectStreamClass.invokeReadObject(ObjectStreamClass.java:1058) ~[na:1.8.0_121]
	at java.io.ObjectInputStream.readSerialData(ObjectInputStream.java:2122) ~[na:1.8.0_121]
	at java.io.ObjectInputStream.readOrdinaryObject(ObjectInputStream.java:2013) ~[na:1.8.0_121]
	at java.io.ObjectInputStream.readObject0(ObjectInputStream.java:1535) ~[na:1.8.0_121]
	at java.io.ObjectInputStream.defaultReadFields(ObjectInputStream.java:2231) ~[na:1.8.0_121]
	at java.io.ObjectInputStream.readSerialData(ObjectInputStream.java:2155) ~[na:1.8.0_121]
	at java.io.ObjectInputStream.readOrdinaryObject(ObjectInputStream.java:2013) ~[na:1.8.0_121]
	at java.io.ObjectInputStream.readObject0(ObjectInputStream.java:1535) ~[na:1.8.0_121]
	at java.io.ObjectInputStream.readObject(ObjectInputStream.java:422) ~[na:1.8.0_121]
	at java.util.HashMap.readObject(HashMap.java:1402) ~[na:1.8.0_121]
	at sun.reflect.GeneratedMethodAccessor7.invoke(Unknown Source) ~[na:na]
	at sun.reflect.DelegatingMethodAccessorImpl.invoke(DelegatingMethodAccessorImpl.java:43) ~[na:1.8.0_121]
	at java.lang.reflect.Method.invoke(Method.java:498) ~[na:1.8.0_121]
	at java.io.ObjectStreamClass.invokeReadObject(ObjectStreamClass.java:1058) ~[na:1.8.0_121]
	at java.io.ObjectInputStream.readSerialData(ObjectInputStream.java:2122) ~[na:1.8.0_121]
	at java.io.ObjectInputStream.readOrdinaryObject(ObjectInputStream.java:2013) ~[na:1.8.0_121]
	at java.io.ObjectInputStream.readObject0(ObjectInputStream.java:1535) ~[na:1.8.0_121]
	at java.io.ObjectInputStream.defaultReadFields(ObjectInputStream.java:2231) ~[na:1.8.0_121]
	at java.io.ObjectInputStream.readSerialData(ObjectInputStream.java:2155) ~[na:1.8.0_121]
	at java.io.ObjectInputStream.readOrdinaryObject(ObjectInputStream.java:2013) ~[na:1.8.0_121]
	at java.io.ObjectInputStream.readObject0(ObjectInputStream.java:1535) ~[na:1.8.0_121]
	at java.io.ObjectInputStream.readObject(ObjectInputStream.java:422) ~[na:1.8.0_121]
	at sun.rmi.server.UnicastRef.unmarshalValue(UnicastRef.java:326) ~[na:1.8.0_121]
	at sun.rmi.server.UnicastServerRef.unmarshalParametersUnchecked(UnicastServerRef.java:631) ~[na:1.8.0_121]
	at sun.rmi.server.UnicastServerRef.unmarshalParameters(UnicastServerRef.java:619) ~[na:1.8.0_121]
	at sun.rmi.server.UnicastServerRef.dispatch(UnicastServerRef.java:332) ~[na:1.8.0_121]
	... 12 common frames omitted
