* Starting client
* Connecting to master process on port 3651
* Analyzing classpath: 
  - C:\Users\Andrew\Documents\NetBeansProjects\CS362-Assignment1\target\test-classes
  - C:\Users\Andrew\Documents\NetBeansProjects\CS362-Assignment1\target\classes
  - C:\Users\Andrew\.m2\repository\junit\junit\4.12\junit-4.12.jar
  - C:\Users\Andrew\.m2\repository\org\hamcrest\hamcrest-core\1.3\hamcrest-core-1.3.jar
  - C:\Users\Andrew\.m2\repository\org\seleniumhq\selenium\selenium-java\2.44.0\selenium-java-2.44.0.jar
  - C:\Users\Andrew\.m2\repository\org\seleniumhq\selenium\selenium-chrome-driver\2.44.0\selenium-chrome-driver-2.44.0.jar
  - C:\Users\Andrew\.m2\repository\org\seleniumhq\selenium\selenium-remote-driver\2.44.0\selenium-remote-driver-2.44.0.jar
  - C:\Users\Andrew\.m2\repository\cglib\cglib-nodep\2.1_3\cglib-nodep-2.1_3.jar
  - C:\Users\Andrew\.m2\repository\com\google\code\gson\gson\2.3\gson-2.3.jar
  - C:\Users\Andrew\.m2\repository\org\seleniumhq\selenium\selenium-api\2.44.0\selenium-api-2.44.0.jar
  - C:\Users\Andrew\.m2\repository\org\seleniumhq\selenium\selenium-htmlunit-driver\2.44.0\selenium-htmlunit-driver-2.44.0.jar
  - C:\Users\Andrew\.m2\repository\net\sourceforge\htmlunit\htmlunit\2.15\htmlunit-2.15.jar
  - C:\Users\Andrew\.m2\repository\xalan\xalan\2.7.1\xalan-2.7.1.jar
  - C:\Users\Andrew\.m2\repository\xalan\serializer\2.7.1\serializer-2.7.1.jar
  - C:\Users\Andrew\.m2\repository\commons-collections\commons-collections\3.2.1\commons-collections-3.2.1.jar
  - C:\Users\Andrew\.m2\repository\org\apache\commons\commons-lang3\3.3.2\commons-lang3-3.3.2.jar
  - C:\Users\Andrew\.m2\repository\org\apache\httpcomponents\httpmime\4.3.3\httpmime-4.3.3.jar
  - C:\Users\Andrew\.m2\repository\commons-codec\commons-codec\1.9\commons-codec-1.9.jar
  - C:\Users\Andrew\.m2\repository\net\sourceforge\htmlunit\htmlunit-core-js\2.15\htmlunit-core-js-2.15.jar
  - C:\Users\Andrew\.m2\repository\xerces\xercesImpl\2.11.0\xercesImpl-2.11.0.jar
  - C:\Users\Andrew\.m2\repository\xml-apis\xml-apis\1.4.01\xml-apis-1.4.01.jar
  - C:\Users\Andrew\.m2\repository\net\sourceforge\nekohtml\nekohtml\1.9.21\nekohtml-1.9.21.jar
  - C:\Users\Andrew\.m2\repository\net\sourceforge\cssparser\cssparser\0.9.14\cssparser-0.9.14.jar
  - C:\Users\Andrew\.m2\repository\org\w3c\css\sac\1.3\sac-1.3.jar
  - C:\Users\Andrew\.m2\repository\commons-logging\commons-logging\1.1.3\commons-logging-1.1.3.jar
  - C:\Users\Andrew\.m2\repository\org\eclipse\jetty\jetty-websocket\8.1.15.v20140411\jetty-websocket-8.1.15.v20140411.jar
  - C:\Users\Andrew\.m2\repository\org\eclipse\jetty\jetty-util\8.1.15.v20140411\jetty-util-8.1.15.v20140411.jar
  - C:\Users\Andrew\.m2\repository\org\eclipse\jetty\jetty-io\8.1.15.v20140411\jetty-io-8.1.15.v20140411.jar
  - C:\Users\Andrew\.m2\repository\org\eclipse\jetty\jetty-http\8.1.15.v20140411\jetty-http-8.1.15.v20140411.jar
  - C:\Users\Andrew\.m2\repository\org\apache\httpcomponents\httpclient\4.3.4\httpclient-4.3.4.jar
  - C:\Users\Andrew\.m2\repository\org\apache\httpcomponents\httpcore\4.3.2\httpcore-4.3.2.jar
  - C:\Users\Andrew\.m2\repository\org\seleniumhq\selenium\selenium-firefox-driver\2.44.0\selenium-firefox-driver-2.44.0.jar
  - C:\Users\Andrew\.m2\repository\commons-io\commons-io\2.4\commons-io-2.4.jar
  - C:\Users\Andrew\.m2\repository\org\seleniumhq\selenium\selenium-ie-driver\2.44.0\selenium-ie-driver-2.44.0.jar
  - C:\Users\Andrew\.m2\repository\net\java\dev\jna\jna\3.4.0\jna-3.4.0.jar
  - C:\Users\Andrew\.m2\repository\net\java\dev\jna\platform\3.4.0\platform-3.4.0.jar
  - C:\Users\Andrew\.m2\repository\org\seleniumhq\selenium\selenium-safari-driver\2.44.0\selenium-safari-driver-2.44.0.jar
  - C:\Users\Andrew\.m2\repository\org\seleniumhq\selenium\selenium-support\2.44.0\selenium-support-2.44.0.jar
  - C:\Users\Andrew\.m2\repository\org\webbitserver\webbit\0.4.14\webbit-0.4.14.jar
  - C:\Users\Andrew\.m2\repository\io\netty\netty\3.5.2.Final\netty-3.5.2.Final.jar
  - C:\Users\Andrew\.m2\repository\com\opera\operadriver\1.5\operadriver-1.5.jar
  - C:\Users\Andrew\.m2\repository\com\opera\operalaunchers\1.1\operalaunchers-1.1.jar
  - C:\Users\Andrew\.m2\repository\com\google\protobuf\protobuf-java\2.4.1\protobuf-java-2.4.1.jar
  - C:\Users\Andrew\.m2\repository\com\google\guava\guava\14.0\guava-14.0.jar
  - C:\Users\Andrew\.m2\repository\commons-jxpath\commons-jxpath\1.3\commons-jxpath-1.3.jar
  - C:\Users\Andrew\.m2\repository\org\apache\commons\commons-exec\1.1\commons-exec-1.1.jar
  - C:\Users\Andrew\.m2\repository\org\ini4j\ini4j\0.5.2\ini4j-0.5.2.jar
* Finished analyzing classpath
* Generating tests for class org.cs362.dominion.PlayDominion
* Test criteria:
  - Line Coverage
  - Branch Coverage
  - Exception
  - Mutation testing (weak)
  - Method-Output Coverage
  - Top-Level Method Coverage
  - No-Exception Top-Level Method Coverage
  - Context Branch Coverage
* Setting up search algorithm for whole suite generation
[MASTER] 12:35:39.867 [pool-2-thread-1] WARN  TestSuiteSerialization - Cannot load tests because file does not exist: C:\Users\Andrew\Documents\NetBeansProjects\CS362-Assignment1\.evosuite\evosuite-seeds\org.cs362.dominion.PlayDominion.seed
* Total number of test goals: 
  - Line 17
  - Branch 3
  - Exception 0
  - MutationFactory 14
  - Output 0
  - Method 2
  - MethodNoException 2
  - CBranchFitnessFactory 3
* Using seed 1488227733928
* Starting evolution
[MASTER] 12:35:40.019 [pool-2-thread-1] WARN  TimeController - Phase INITIALIZATION lasted too long, 0 seconds more than allowed.
* Search finished after 34s and 99 generations, 17834 statements, best individual has fitness: 18.38888888888889
* Writing sequences to pool
* Minimizing test suite
* Going to analyze the coverage criteria
* Coverage analysis for criterion LINE
* Coverage of criterion LINE: 53%
* Total number of goals: 17
* Number of covered goals: 9
* Coverage analysis for criterion BRANCH
* Coverage of criterion BRANCH: 33%
* Total number of goals: 3
* Number of covered goals: 1
* Coverage analysis for criterion EXCEPTION
* Coverage of criterion EXCEPTION: 100%
* Total number of goals: 1
* Number of covered goals: 1
* Coverage analysis for criterion WEAKMUTATION
* Coverage of criterion WEAKMUTATION: 57%
* Total number of goals: 14
* Number of covered goals: 8
* Coverage analysis for criterion OUTPUT
* Coverage of criterion OUTPUT: 100% (no goals)
* Coverage analysis for criterion METHOD
* Coverage of criterion METHOD: 100%
* Total number of goals: 2
* Number of covered goals: 2
* Coverage analysis for criterion METHODNOEXCEPTION
* Coverage of criterion METHODNOEXCEPTION: 50%
* Total number of goals: 2
* Number of covered goals: 1
* Coverage analysis for criterion CBRANCH
* Coverage of criterion CBRANCH: 33%
* Total number of goals: 3
* Number of covered goals: 1
* Generated 2 tests with total length 3
* Resulting test suite's coverage: 60% (average coverage for all fitness functions)
* Generating assertions
* Resulting test suite's mutation score: 0%
* Compiling and checking tests
* Writing JUnit test case 'PlayDominion_ESTest' to C:\Users\Andrew\Documents\NetBeansProjects\CS362-Assignment1\.evosuite\tmp_2017_02_27_12_26_35\tests
* Done!

