* Starting client
* Connecting to master process on port 11566
* Analyzing classpath: 
  - G:\My Documents\GitHub\CS362W17Section-001\projects\soltesza\Dominion\target\test-classes
  - G:\My Documents\GitHub\CS362W17Section-001\projects\soltesza\Dominion\target\classes
  - C:\Users\Andrew\.m2\repository\junit\junit\4.11\junit-4.11.jar
  - C:\Users\Andrew\.m2\repository\org\hamcrest\hamcrest-core\1.3\hamcrest-core-1.3.jar
* Finished analyzing classpath
* Generating tests for class org.cs362.dominion.Card
* Test criteria:
  - Line Coverage
  - Branch Coverage
  - Exception
  - Mutation testing (weak)
  - Method-Output Coverage
  - Top-Level Method Coverage
  - No-Exception Top-Level Method Coverage
  - Context Branch Coverage
* Setting up search algorithm for whole suite generation
* Total number of test goals: 
  - Line 9
  - Branch 6
  - Exception 0
  - MutationFactory 10
  - Output 11
  - Method 5
  - MethodNoException 5
  - CBranchFitnessFactory 6
* Using seed 1488149379187
* Starting evolution
* Search finished after 32s and 35 generations, 13288 statements, best individual has fitness: 5.666666666666666
* Writing sequences to pool
* Minimizing test suite
* Going to analyze the coverage criteria
* Coverage analysis for criterion LINE
* Coverage of criterion LINE: 78%
* Total number of goals: 9
* Number of covered goals: 7
* Coverage analysis for criterion BRANCH
* Coverage of criterion BRANCH: 100%
* Total number of goals: 6
* Number of covered goals: 6
* Coverage analysis for criterion EXCEPTION
* Coverage of criterion EXCEPTION: 100% (no goals)
* Coverage analysis for criterion WEAKMUTATION
* Coverage of criterion WEAKMUTATION: 80%
* Total number of goals: 10
* Number of covered goals: 8
* Coverage analysis for criterion OUTPUT
* Coverage of criterion OUTPUT: 91%
* Total number of goals: 11
* Number of covered goals: 10
* Coverage analysis for criterion METHOD
* Coverage of criterion METHOD: 100%
* Total number of goals: 5
* Number of covered goals: 5
* Coverage analysis for criterion METHODNOEXCEPTION
* Coverage of criterion METHODNOEXCEPTION: 100%
* Total number of goals: 5
* Number of covered goals: 5
* Coverage analysis for criterion CBRANCH
* Coverage of criterion CBRANCH: 67%
* Total number of goals: 6
* Number of covered goals: 4
* Generated 10 tests with total length 35
* Resulting test suite's coverage: 89% (average coverage for all fitness functions)
* Generating assertions
* Resulting test suite's mutation score: 60%
* Compiling and checking tests
* Writing JUnit test case 'Card_ESTest' to G:\My Documents\GitHub\CS362W17Section-001\projects\soltesza\Dominion\.evosuite\tmp_2017_02_26_14_36_38\tests
* Done!

