* Starting client
* Connecting to master process on port 13269
* Analyzing classpath: 
  - C:\Users\Mas\workspace\AAAAAAAAA\target\test-classes
  - C:\Users\Mas\workspace\AAAAAAAAA\target\classes
  - C:\Users\Mas\.m2\repository\junit\junit\4.12\junit-4.12.jar
  - C:\Users\Mas\.m2\repository\org\hamcrest\hamcrest-core\1.3\hamcrest-core-1.3.jar
* Finished analyzing classpath
* Generating tests for class cs362.dominion.PlayDominion
* Test criteria:
  - Line Coverage
  - Branch Coverage
  - Exception
  - Mutation testing (weak)
  - Method-Output Coverage
  - Top-Level Method Coverage
  - No-Exception Top-Level Method Coverage
  - Context Branch Coverage
* Setting up search algorithm for whole suite generation
[MASTER] 22:26:13.613 [pool-2-thread-1] WARN  TestSuiteSerialization - Cannot load tests because file does not exist: C:\Users\Mas\workspace\AAAAAAAAA\.evosuite\evosuite-seeds\cs362.dominion.PlayDominion.seed
* Total number of test goals: 
  - Line 17
  - Branch 3
  - Exception 0
  - MutationFactory 10
  - Output 0
  - Method 2
  - MethodNoException 2
  - CBranchFitnessFactory 3
* Using seed 1488176768293
* Starting evolution
* Search finished after 33s and 509 generations, 60210 statements, best individual has fitness: 20.38888888888889
* Writing sequences to pool
* Minimizing test suite
* Going to analyze the coverage criteria
* Coverage analysis for criterion LINE
* Coverage of criterion LINE: 53%
* Total number of goals: 17
* Number of covered goals: 9
* Coverage analysis for criterion BRANCH
* Coverage of criterion BRANCH: 33%
* Total number of goals: 3
* Number of covered goals: 1
* Coverage analysis for criterion EXCEPTION
* Coverage of criterion EXCEPTION: 100%
* Total number of goals: 1
* Number of covered goals: 1
* Coverage analysis for criterion WEAKMUTATION
* Coverage of criterion WEAKMUTATION: 20%
* Total number of goals: 10
* Number of covered goals: 2
* Coverage analysis for criterion OUTPUT
* Coverage of criterion OUTPUT: 100% (no goals)
* Coverage analysis for criterion METHOD
* Coverage of criterion METHOD: 100%
* Total number of goals: 2
* Number of covered goals: 2
* Coverage analysis for criterion METHODNOEXCEPTION
* Coverage of criterion METHODNOEXCEPTION: 50%
* Total number of goals: 2
* Number of covered goals: 1
* Coverage analysis for criterion CBRANCH
* Coverage of criterion CBRANCH: 33%
* Total number of goals: 3
* Number of covered goals: 1
* Generated 2 tests with total length 2
* Resulting test suite's coverage: 55% (average coverage for all fitness functions)
* Generating assertions
* Resulting test suite's mutation score: 0%
* Compiling and checking tests
* Writing JUnit test case 'PlayDominion_ESTest' to C:\Users\Mas\workspace\AAAAAAAAA\.evosuite\tmp_2017_02_26_22_22_46\tests
* Done!

