* Starting client
* Connecting to master process on port 12957
* Analyzing classpath: 
  - /home/tris/Desktop/assignment2/CS362W17Section-001/projects/masseyt/target/test-classes
  - /home/tris/Desktop/assignment2/CS362W17Section-001/projects/masseyt/target/classes
  - /home/tris/.m2/repository/junit/junit/4.12/junit-4.12.jar
  - /home/tris/.m2/repository/org/hamcrest/hamcrest-core/1.3/hamcrest-core-1.3.jar
  - /home/tris/.m2/repository/org/junit/jupiter/junit-jupiter-api/5.0.0-M3/junit-jupiter-api-5.0.0-M3.jar
  - /home/tris/.m2/repository/org/opentest4j/opentest4j/1.0.0-M1/opentest4j-1.0.0-M1.jar
  - /home/tris/.m2/repository/org/junit/platform/junit-platform-commons/1.0.0-M3/junit-platform-commons-1.0.0-M3.jar
* Finished analyzing classpath
* Generating tests for class com.tris.Input
* Test criteria:
  - Line Coverage
  - Branch Coverage
  - Exception
  - Mutation testing (weak)
  - Method-Output Coverage
  - Top-Level Method Coverage
  - No-Exception Top-Level Method Coverage
  - Context Branch Coverage
* Setting up search algorithm for whole suite generation
[MASTER] 12:07:32.733 [pool-2-thread-1] WARN  TestSuiteSerialization - Cannot load tests because file does not exist: /home/tris/Desktop/assignment2/CS362W17Section-001/projects/masseyt/.evosuite/evosuite-seeds/com.tris.Input.seed
* Total number of test goals: 
  - Line 6
  - Branch 9
  - Exception 0
  - MutationFactory 81
  - Output 3
  - Method 2
  - MethodNoException 2
  - CBranchFitnessFactory 9
* Using seed 1489262848855
* Starting evolution
* Search finished after 42s and 0 generations, 1059 statements, best individual has fitness: 1.25
* Writing sequences to pool
* Minimizing test suite
[MASTER] 12:08:22.164 [pool-2-thread-1] WARN  TestSuiteMinimizer - Minimization timeout. Roll back to original test suite
* Going to analyze the coverage criteria
* Coverage analysis for criterion LINE
* Coverage of criterion LINE: 100%
* Total number of goals: 6
* Number of covered goals: 6
* Coverage analysis for criterion BRANCH
* Coverage of criterion BRANCH: 100%
* Total number of goals: 9
* Number of covered goals: 9
* Coverage analysis for criterion EXCEPTION
* Coverage of criterion EXCEPTION: 100%
* Total number of goals: 3
* Number of covered goals: 3
* Coverage analysis for criterion WEAKMUTATION
* Coverage of criterion WEAKMUTATION: 100%
* Total number of goals: 81
* Number of covered goals: 81
* Coverage analysis for criterion OUTPUT
* Coverage of criterion OUTPUT: 33%
* Total number of goals: 3
* Number of covered goals: 1
* Coverage analysis for criterion METHOD
* Coverage of criterion METHOD: 100%
* Total number of goals: 2
* Number of covered goals: 2
* Coverage analysis for criterion METHODNOEXCEPTION
* Coverage of criterion METHODNOEXCEPTION: 100%
* Total number of goals: 2
* Number of covered goals: 2
* Coverage analysis for criterion CBRANCH
* Coverage of criterion CBRANCH: 100%
* Total number of goals: 9
* Number of covered goals: 9
* Generated 10 tests with total length 167
* Resulting test suite's coverage: 92% (average coverage for all fitness functions)
* Generating assertions
* Resulting test suite's mutation score: 0%
* Compiling and checking tests
[MASTER] 12:08:28.367 [pool-2-thread-1] WARN  TimeController - Phase ASSERTION_GENERATION lasted too long, 0 seconds more than allowed.
* Writing JUnit test case 'Input_ESTest' to /home/tris/Desktop/assignment2/CS362W17Section-001/projects/masseyt/.evosuite/tmp_2017_03_11_12_00_43/tests
[MASTER] 12:08:32.769 [pool-2-thread-1] WARN  TestSuiteWriter - Using cached result
[MASTER] 12:08:32.771 [pool-2-thread-1] WARN  TestSuiteWriter - Using cached result
[MASTER] 12:08:32.774 [pool-2-thread-1] WARN  TestSuiteWriter - Using cached result
[MASTER] 12:08:33.253 [pool-2-thread-1] WARN  TestSuiteWriter - Using cached result
[MASTER] 12:08:33.254 [pool-2-thread-1] WARN  TestSuiteWriter - Using cached result
* Done!

