* Starting client
* Connecting to master process on port 14412
* Analyzing classpath: 
  - C:\Users\Cole\workspace\Project 3\A_id\target\classes
  - C:\Users\Cole\.m2\repository\junit\junit\4.12\junit-4.12.jar
  - C:\Users\Cole\.m2\repository\org\hamcrest\hamcrest-core\1.3\hamcrest-core-1.3.jar
* Finished analyzing classpath
* Generating tests for class org.cs362.dominion.Dominion.GameState
* Test criteria:
  - Line Coverage
  - Branch Coverage
  - Exception
  - Mutation testing (weak)
  - Method-Output Coverage
  - Top-Level Method Coverage
  - No-Exception Top-Level Method Coverage
  - Context Branch Coverage
* Setting up search algorithm for whole suite generation
* Total number of test goals: 
  - Line 194
  - Branch 102
  - Exception 0
  - MutationFactory 422
  - Output 20
  - Method 22
  - MethodNoException 22
  - CBranchFitnessFactory 102
* Using seed 1488243823262
* Starting evolution
* Search finished after 82s and 28 generations, 12478 statements, best individual has fitness: 35.87037037037037
* Writing sequences to pool
* Minimizing test suite
[MASTER] 17:05:25.102 [pool-2-thread-1] WARN  TestSuiteMinimizer - Minimization timeout. Roll back to original test suite
* Going to analyze the coverage criteria
* Coverage analysis for criterion LINE
* Coverage of criterion LINE: 99%
* Total number of goals: 194
* Number of covered goals: 192
* Coverage analysis for criterion BRANCH
* Coverage of criterion BRANCH: 97%
* Total number of goals: 102
* Number of covered goals: 99
* Coverage analysis for criterion EXCEPTION
* Coverage of criterion EXCEPTION: 100%
* Total number of goals: 26
* Number of covered goals: 26
* Coverage analysis for criterion WEAKMUTATION
* Coverage of criterion WEAKMUTATION: 98%
* Total number of goals: 422
* Number of covered goals: 414
* Coverage analysis for criterion OUTPUT
* Coverage of criterion OUTPUT: 80%
* Total number of goals: 20
* Number of covered goals: 16
* Coverage analysis for criterion METHOD
* Coverage of criterion METHOD: 73%
* Total number of goals: 22
* Number of covered goals: 16
* Coverage analysis for criterion METHODNOEXCEPTION
* Coverage of criterion METHODNOEXCEPTION: 73%
* Total number of goals: 22
* Number of covered goals: 16
* Coverage analysis for criterion CBRANCH
* Coverage of criterion CBRANCH: 90%
* Total number of goals: 102
* Number of covered goals: 92
* Generated 38 tests with total length 334
* Resulting test suite's coverage: 89% (average coverage for all fitness functions)
* Generating assertions
* Resulting test suite's mutation score: 1%
* Compiling and checking tests
* Writing JUnit test case 'GameState_ESTest' to C:\Users\Cole\workspace\Project 3\A_id\.evosuite\tmp_2017_02_27_17_01_40\tests
* Done!

