* Starting client
* Connecting to master process on port 11262
* Analyzing classpath: 
  - C:/Users/MarkSprouse/Documents/NetBeansProjects/NewDom/out/production/NewDom
  - C:\Program Files\Java\jdk1.8.0_121\jre\lib\charsets.jar
  - C:\Program Files\Java\jdk1.8.0_121\jre\lib\deploy.jar
  - C:\Program Files\Java\jdk1.8.0_121\jre\lib\ext\access-bridge-64.jar
  - C:\Program Files\Java\jdk1.8.0_121\jre\lib\ext\cldrdata.jar
  - C:\Program Files\Java\jdk1.8.0_121\jre\lib\ext\dnsns.jar
  - C:\Program Files\Java\jdk1.8.0_121\jre\lib\ext\jaccess.jar
  - C:\Program Files\Java\jdk1.8.0_121\jre\lib\ext\jfxrt.jar
  - C:\Program Files\Java\jdk1.8.0_121\jre\lib\ext\localedata.jar
  - C:\Program Files\Java\jdk1.8.0_121\jre\lib\ext\nashorn.jar
  - C:\Program Files\Java\jdk1.8.0_121\jre\lib\ext\sunec.jar
  - C:\Program Files\Java\jdk1.8.0_121\jre\lib\ext\sunjce_provider.jar
  - C:\Program Files\Java\jdk1.8.0_121\jre\lib\ext\sunmscapi.jar
  - C:\Program Files\Java\jdk1.8.0_121\jre\lib\ext\sunpkcs11.jar
  - C:\Program Files\Java\jdk1.8.0_121\jre\lib\ext\zipfs.jar
  - C:\Program Files\Java\jdk1.8.0_121\jre\lib\javaws.jar
  - C:\Program Files\Java\jdk1.8.0_121\jre\lib\jce.jar
  - C:\Program Files\Java\jdk1.8.0_121\jre\lib\jfr.jar
  - C:\Program Files\Java\jdk1.8.0_121\jre\lib\jfxswt.jar
  - C:\Program Files\Java\jdk1.8.0_121\jre\lib\jsse.jar
  - C:\Program Files\Java\jdk1.8.0_121\jre\lib\management-agent.jar
  - C:\Program Files\Java\jdk1.8.0_121\jre\lib\plugin.jar
  - C:\Program Files\Java\jdk1.8.0_121\jre\lib\resources.jar
  - C:\Program Files\Java\jdk1.8.0_121\jre\lib\rt.jar
  - C:\Users\MarkSprouse\Documents\NetBeansProjects\NewDom\out\production\NewDom
* Finished analyzing classpath
* Generating tests for class com.mycompany.marksprousedominion.boardState
* Test criteria:
  - Line Coverage
  - Branch Coverage
  - Exception
  - Mutation testing (weak)
  - Method-Output Coverage
  - Top-Level Method Coverage
  - No-Exception Top-Level Method Coverage
  - Context Branch Coverage
* Setting up search algorithm for whole suite generation
* Total number of test goals: 
  - Line 77
  - Branch 34
  - Exception 0
  - MutationFactory 228
  - Output 28
  - Method 5
  - MethodNoException 5
  - CBranchFitnessFactory 34
* Using seed 1488324991161
* Starting evolution
* Search finished after 100s and 95 generations, 18990 statements, best individual has fitness: 41.11941026809448
* Writing sequences to pool
* Minimizing test suite
* Going to analyze the coverage criteria
* Coverage analysis for criterion LINE
* Coverage of criterion LINE: 95%
* Total number of goals: 77
* Number of covered goals: 73
* Coverage analysis for criterion BRANCH
* Coverage of criterion BRANCH: 88%
* Total number of goals: 34
* Number of covered goals: 30
* Coverage analysis for criterion EXCEPTION
* Coverage of criterion EXCEPTION: 100%
* Total number of goals: 3
* Number of covered goals: 3
* Coverage analysis for criterion WEAKMUTATION
* Coverage of criterion WEAKMUTATION: 93%
* Total number of goals: 228
* Number of covered goals: 213
* Coverage analysis for criterion OUTPUT
* Coverage of criterion OUTPUT: 50%
* Total number of goals: 28
* Number of covered goals: 14
* Coverage analysis for criterion METHOD
* Coverage of criterion METHOD: 100%
* Total number of goals: 5
* Number of covered goals: 5
* Coverage analysis for criterion METHODNOEXCEPTION
* Coverage of criterion METHODNOEXCEPTION: 100%
* Total number of goals: 5
* Number of covered goals: 5
* Coverage analysis for criterion CBRANCH
* Coverage of criterion CBRANCH: 88%
* Total number of goals: 34
* Number of covered goals: 30
* Generated 10 tests with total length 28
* Resulting test suite's coverage: 89% (average coverage for all fitness functions)
* Generating assertions
* Resulting test suite's mutation score: 9%
* Compiling and checking tests
* Writing JUnit test case 'boardState_ESTest' to C:\Users\MarkSprouse\Documents\NetBeansProjects\NewDom\.evosuite\tmp_2017_02_28_15_29_21\tests
* Done!

