* Starting client
* Connecting to master process on port 5789
* Analyzing classpath: 
  - C:\Users\Kien Tran\Documents\GitHub\CS362W17Section-001\projects\trankie\Assignment02\Dominion\src\Dominion\target\test-classes
  - C:\Users\Kien Tran\Documents\GitHub\CS362W17Section-001\projects\trankie\Assignment02\Dominion\src\Dominion\target\classes
  - C:\Users\Kien Tran\.m2\repository\junit\junit\4.12\junit-4.12.jar
  - C:\Users\Kien Tran\.m2\repository\org\hamcrest\hamcrest-core\1.3\hamcrest-core-1.3.jar
  - C:\Users\Kien Tran\.m2\repository\net\sourceforge\cobertura\cobertura\2.1.1\cobertura-2.1.1.jar
  - C:\Users\Kien Tran\.m2\repository\org\ow2\asm\asm\5.0.1\asm-5.0.1.jar
  - C:\Users\Kien Tran\.m2\repository\org\ow2\asm\asm-tree\5.0.1\asm-tree-5.0.1.jar
  - C:\Users\Kien Tran\.m2\repository\org\ow2\asm\asm-commons\5.0.1\asm-commons-5.0.1.jar
  - C:\Users\Kien Tran\.m2\repository\org\ow2\asm\asm-util\5.0.1\asm-util-5.0.1.jar
  - C:\Users\Kien Tran\.m2\repository\org\ow2\asm\asm-analysis\5.0.1\asm-analysis-5.0.1.jar
  - C:\Users\Kien Tran\.m2\repository\oro\oro\2.0.8\oro-2.0.8.jar
  - C:\Users\Kien Tran\.m2\repository\jaxen\jaxen\1.1.4\jaxen-1.1.4.jar
  - C:\Users\Kien Tran\.m2\repository\org\apache\ant\ant\1.8.3\ant-1.8.3.jar
  - C:\Users\Kien Tran\.m2\repository\org\apache\ant\ant-launcher\1.8.3\ant-launcher-1.8.3.jar
  - C:\Users\Kien Tran\.m2\repository\org\apache\ant\ant-junit\1.8.3\ant-junit-1.8.3.jar
  - C:\Users\Kien Tran\.m2\repository\org\mortbay\jetty\servlet-api-2.5\6.1.14\servlet-api-2.5-6.1.14.jar
  - C:\Users\Kien Tran\.m2\repository\org\mortbay\jetty\jetty\6.1.14\jetty-6.1.14.jar
  - C:\Users\Kien Tran\.m2\repository\org\mortbay\jetty\jetty-util\6.1.14\jetty-util-6.1.14.jar
  - C:\Program Files\Java\jdk1.8.0_121\jre\..\lib\tools.jar
  - C:\Users\Kien Tran\.m2\repository\org\slf4j\slf4j-api\1.7.5\slf4j-api-1.7.5.jar
  - C:\Users\Kien Tran\.m2\repository\ch\qos\logback\logback-classic\1.0.13\logback-classic-1.0.13.jar
  - C:\Users\Kien Tran\.m2\repository\ch\qos\logback\logback-core\1.0.13\logback-core-1.0.13.jar
  - C:\Users\Kien Tran\.m2\repository\org\apache\commons\commons-lang3\3.3.2\commons-lang3-3.3.2.jar
  - C:\Users\Kien Tran\.m2\repository\org\codehaus\mojo\findbugs-maven-plugin\3.0.4\findbugs-maven-plugin-3.0.4.jar
  - C:\Users\Kien Tran\.m2\repository\com\google\code\findbugs\findbugs\3.0.1\findbugs-3.0.1.jar
  - C:\Users\Kien Tran\.m2\repository\net\jcip\jcip-annotations\1.0\jcip-annotations-1.0.jar
  - C:\Users\Kien Tran\.m2\repository\com\google\code\findbugs\jsr305\2.0.1\jsr305-2.0.1.jar
  - C:\Users\Kien Tran\.m2\repository\com\google\code\findbugs\bcel-findbugs\6.0\bcel-findbugs-6.0.jar
  - C:\Users\Kien Tran\.m2\repository\com\google\code\findbugs\jFormatString\2.0.1\jFormatString-2.0.1.jar
  - C:\Users\Kien Tran\.m2\repository\dom4j\dom4j\1.6.1\dom4j-1.6.1.jar
  - C:\Users\Kien Tran\.m2\repository\xml-apis\xml-apis\1.0.b2\xml-apis-1.0.b2.jar
  - C:\Users\Kien Tran\.m2\repository\org\ow2\asm\asm-debug-all\5.0.2\asm-debug-all-5.0.2.jar
  - C:\Users\Kien Tran\.m2\repository\commons-lang\commons-lang\2.6\commons-lang-2.6.jar
  - C:\Users\Kien Tran\.m2\repository\com\apple\AppleJavaExtensions\1.4\AppleJavaExtensions-1.4.jar
  - C:\Users\Kien Tran\.m2\repository\org\codehaus\groovy\groovy\2.4.7\groovy-2.4.7.jar
  - C:\Users\Kien Tran\.m2\repository\org\codehaus\groovy\groovy-ant\2.4.7\groovy-ant-2.4.7.jar
  - C:\Users\Kien Tran\.m2\repository\org\apache\ant\ant-antlr\1.9.4\ant-antlr-1.9.4.jar
  - C:\Users\Kien Tran\.m2\repository\org\codehaus\groovy\groovy-groovydoc\2.4.7\groovy-groovydoc-2.4.7.jar
  - C:\Users\Kien Tran\.m2\repository\org\codehaus\groovy\groovy-templates\2.4.7\groovy-templates-2.4.7.jar
  - C:\Users\Kien Tran\.m2\repository\org\codehaus\groovy\groovy-xml\2.4.7\groovy-xml-2.4.7.jar
  - C:\Users\Kien Tran\.m2\repository\org\apache\maven\reporting\maven-reporting-impl\2.1\maven-reporting-impl-2.1.jar
  - C:\Users\Kien Tran\.m2\repository\org\apache\maven\maven-project\2.0.10\maven-project-2.0.10.jar
  - C:\Users\Kien Tran\.m2\repository\org\apache\maven\maven-settings\2.0.10\maven-settings-2.0.10.jar
  - C:\Users\Kien Tran\.m2\repository\org\apache\maven\maven-profile\2.0.10\maven-profile-2.0.10.jar
  - C:\Users\Kien Tran\.m2\repository\org\apache\maven\maven-plugin-registry\2.0.10\maven-plugin-registry-2.0.10.jar
  - C:\Users\Kien Tran\.m2\repository\org\codehaus\plexus\plexus-interpolation\1.1\plexus-interpolation-1.1.jar
  - C:\Users\Kien Tran\.m2\repository\commons-validator\commons-validator\1.2.0\commons-validator-1.2.0.jar
  - C:\Users\Kien Tran\.m2\repository\commons-beanutils\commons-beanutils\1.7.0\commons-beanutils-1.7.0.jar
  - C:\Users\Kien Tran\.m2\repository\commons-digester\commons-digester\1.6\commons-digester-1.6.jar
  - C:\Users\Kien Tran\.m2\repository\commons-logging\commons-logging\1.0.4\commons-logging-1.0.4.jar
  - C:\Users\Kien Tran\.m2\repository\org\apache\maven\reporting\maven-reporting-api\3.0\maven-reporting-api-3.0.jar
  - C:\Users\Kien Tran\.m2\repository\org\apache\maven\maven-plugin-api\2.0\maven-plugin-api-2.0.jar
  - C:\Users\Kien Tran\.m2\repository\org\apache\maven\maven-plugin-descriptor\2.2.1\maven-plugin-descriptor-2.2.1.jar
  - C:\Users\Kien Tran\.m2\repository\org\apache\maven\maven-artifact\2.2.1\maven-artifact-2.2.1.jar
  - C:\Users\Kien Tran\.m2\repository\org\apache\maven\doxia\doxia-core\1.4\doxia-core-1.4.jar
  - C:\Users\Kien Tran\.m2\repository\org\apache\maven\doxia\doxia-logging-api\1.4\doxia-logging-api-1.4.jar
  - C:\Users\Kien Tran\.m2\repository\org\codehaus\plexus\plexus-component-annotations\1.5.5\plexus-component-annotations-1.5.5.jar
  - C:\Users\Kien Tran\.m2\repository\xerces\xercesImpl\2.9.1\xercesImpl-2.9.1.jar
  - C:\Users\Kien Tran\.m2\repository\org\apache\httpcomponents\httpclient\4.0.2\httpclient-4.0.2.jar
  - C:\Users\Kien Tran\.m2\repository\commons-codec\commons-codec\1.3\commons-codec-1.3.jar
  - C:\Users\Kien Tran\.m2\repository\org\apache\httpcomponents\httpcore\4.0.1\httpcore-4.0.1.jar
  - C:\Users\Kien Tran\.m2\repository\org\apache\maven\doxia\doxia-sink-api\1.4\doxia-sink-api-1.4.jar
  - C:\Users\Kien Tran\.m2\repository\org\apache\maven\doxia\doxia-decoration-model\1.4\doxia-decoration-model-1.4.jar
  - C:\Users\Kien Tran\.m2\repository\org\apache\maven\doxia\doxia-site-renderer\1.4\doxia-site-renderer-1.4.jar
  - C:\Users\Kien Tran\.m2\repository\org\apache\maven\doxia\doxia-module-xhtml\1.4\doxia-module-xhtml-1.4.jar
  - C:\Users\Kien Tran\.m2\repository\org\apache\maven\doxia\doxia-module-fml\1.4\doxia-module-fml-1.4.jar
  - C:\Users\Kien Tran\.m2\repository\org\codehaus\plexus\plexus-i18n\1.0-beta-7\plexus-i18n-1.0-beta-7.jar
  - C:\Users\Kien Tran\.m2\repository\org\codehaus\plexus\plexus-velocity\1.1.7\plexus-velocity-1.1.7.jar
  - C:\Users\Kien Tran\.m2\repository\org\apache\velocity\velocity\1.5\velocity-1.5.jar
  - C:\Users\Kien Tran\.m2\repository\org\apache\velocity\velocity-tools\2.0\velocity-tools-2.0.jar
  - C:\Users\Kien Tran\.m2\repository\commons-chain\commons-chain\1.1\commons-chain-1.1.jar
  - C:\Users\Kien Tran\.m2\repository\sslext\sslext\1.2-0\sslext-1.2-0.jar
  - C:\Users\Kien Tran\.m2\repository\org\apache\struts\struts-core\1.3.8\struts-core-1.3.8.jar
  - C:\Users\Kien Tran\.m2\repository\antlr\antlr\2.7.2\antlr-2.7.2.jar
  - C:\Users\Kien Tran\.m2\repository\org\apache\struts\struts-taglib\1.3.8\struts-taglib-1.3.8.jar
  - C:\Users\Kien Tran\.m2\repository\org\apache\struts\struts-tiles\1.3.8\struts-tiles-1.3.8.jar
  - C:\Users\Kien Tran\.m2\repository\commons-collections\commons-collections\3.2.1\commons-collections-3.2.1.jar
  - C:\Users\Kien Tran\.m2\repository\org\apache\maven\shared\maven-doxia-tools\1.2.1\maven-doxia-tools-1.2.1.jar
  - C:\Users\Kien Tran\.m2\repository\commons-io\commons-io\1.4\commons-io-1.4.jar
  - C:\Users\Kien Tran\.m2\repository\org\apache\maven\maven-artifact-manager\2.0.6\maven-artifact-manager-2.0.6.jar
  - C:\Users\Kien Tran\.m2\repository\org\apache\maven\maven-repository-metadata\2.0.6\maven-repository-metadata-2.0.6.jar
  - C:\Users\Kien Tran\.m2\repository\org\apache\maven\wagon\wagon-provider-api\1.0-beta-2\wagon-provider-api-1.0-beta-2.jar
  - C:\Users\Kien Tran\.m2\repository\org\apache\maven\maven-model\2.0.6\maven-model-2.0.6.jar
  - C:\Users\Kien Tran\.m2\repository\org\codehaus\plexus\plexus-container-default\1.0-alpha-9\plexus-container-default-1.0-alpha-9.jar
  - C:\Users\Kien Tran\.m2\repository\classworlds\classworlds\1.1-alpha-2\classworlds-1.1-alpha-2.jar
  - C:\Users\Kien Tran\.m2\repository\org\codehaus\plexus\plexus-resources\1.0-alpha-7\plexus-resources-1.0-alpha-7.jar
  - C:\Users\Kien Tran\.m2\repository\org\codehaus\plexus\plexus-utils\1.5.6\plexus-utils-1.5.6.jar
  - C:\Users\Kien Tran\.m2\repository\org\sonatype\plexus\plexus-build-api\0.0.7\plexus-build-api-0.0.7.jar
* Finished analyzing classpath
* Generating tests for class Player
* Test criteria:
  - Line Coverage
  - Branch Coverage
  - Exception
  - Mutation testing (weak)
  - Method-Output Coverage
  - Top-Level Method Coverage
  - No-Exception Top-Level Method Coverage
  - Context Branch Coverage
* Setting up search algorithm for whole suite generation
* Total number of test goals: 
  - Line 214
  - Branch 104
  - Exception 0
  - MutationFactory 265
  - Output 18
  - Method 18
  - MethodNoException 18
  - CBranchFitnessFactory 104
* Using seed 1488256748978
* Starting evolution
* Search finished after 68s and 66 generations, 47526 statements, best individual has fitness: 66.98488869231903
* Writing sequences to pool
* Minimizing test suite
* Going to analyze the coverage criteria
* Coverage analysis for criterion LINE
* Coverage of criterion LINE: 83%
* Total number of goals: 214
* Number of covered goals: 177
* Coverage analysis for criterion BRANCH
* Coverage of criterion BRANCH: 87%
* Total number of goals: 104
* Number of covered goals: 90
* Coverage analysis for criterion EXCEPTION
* Coverage of criterion EXCEPTION: 100%
* Total number of goals: 16
* Number of covered goals: 16
* Coverage analysis for criterion WEAKMUTATION
* Coverage of criterion WEAKMUTATION: 97%
* Total number of goals: 265
* Number of covered goals: 256
* Coverage analysis for criterion OUTPUT
* Coverage of criterion OUTPUT: 78%
* Total number of goals: 18
* Number of covered goals: 14
* Coverage analysis for criterion METHOD
* Coverage of criterion METHOD: 100%
* Total number of goals: 18
* Number of covered goals: 18
* Coverage analysis for criterion METHODNOEXCEPTION
* Coverage of criterion METHODNOEXCEPTION: 100%
* Total number of goals: 18
* Number of covered goals: 18
* Coverage analysis for criterion CBRANCH
* Coverage of criterion CBRANCH: 87%
* Total number of goals: 104
* Number of covered goals: 90
* Generated 51 tests with total length 207
* Resulting test suite's coverage: 91% (average coverage for all fitness functions)
* Generating assertions
* Resulting test suite's mutation score: 60%
* Compiling and checking tests
* Writing JUnit test case 'Player_ESTest' to C:\Users\Kien Tran\Documents\GitHub\CS362W17Section-001\projects\trankie\Assignment02\Dominion\src\Dominion\.evosuite\tmp_2017_02_27_20_31_18\tests
* Done!

