* Starting client
* Connecting to master process on port 19683
* Analyzing classpath: 
  - /Users/samuelhudson/Desktop/dominion/target/test-classes
  - /Users/samuelhudson/Desktop/dominion/target/classes
  - /Users/samuelhudson/.m2/repository/junit/junit/4.12/junit-4.12.jar
  - /Users/samuelhudson/.m2/repository/org/hamcrest/hamcrest-core/1.3/hamcrest-core-1.3.jar
* Finished analyzing classpath
* Generating tests for class Board
* Test criteria:
  - Line Coverage
  - Branch Coverage
  - Exception
  - Mutation testing (weak)
  - Method-Output Coverage
  - Top-Level Method Coverage
  - No-Exception Top-Level Method Coverage
  - Context Branch Coverage
* Setting up search algorithm for whole suite generation
[MASTER] 21:56:37.862 [pool-2-thread-1] WARN  TestSuiteSerialization - Problems when reading a serialized test from /Users/samuelhudson/Desktop/dominion/.evosuite/evosuite-seeds/Board.seed : Unknown constructor in class Board
* Total number of test goals: 
  - Line 61
  - Branch 49
  - Exception 0
  - MutationFactory 273
  - Output 15
  - Method 9
  - MethodNoException 9
  - CBranchFitnessFactory 49
* Using seed 1488261396238
* Starting evolution
* Search finished after 93s and 58 generations, 26533 statements, best individual has fitness: 30.173017265220658
* Writing sequences to pool
* Minimizing test suite
[MASTER] 21:58:24.845 [pool-2-thread-1] WARN  TestSuiteMinimizer - Minimization timeout. Roll back to original test suite
* Going to analyze the coverage criteria
* Coverage analysis for criterion LINE
* Coverage of criterion LINE: 95%
* Total number of goals: 61
* Number of covered goals: 58
* Coverage analysis for criterion BRANCH
* Coverage of criterion BRANCH: 92%
* Total number of goals: 49
* Number of covered goals: 45
* Coverage analysis for criterion EXCEPTION
* Coverage of criterion EXCEPTION: 100%
* Total number of goals: 8
* Number of covered goals: 8
* Coverage analysis for criterion WEAKMUTATION
* Coverage of criterion WEAKMUTATION: 93%
* Total number of goals: 273
* Number of covered goals: 254
* Coverage analysis for criterion OUTPUT
* Coverage of criterion OUTPUT: 80%
* Total number of goals: 15
* Number of covered goals: 12
* Coverage analysis for criterion METHOD
* Coverage of criterion METHOD: 100%
* Total number of goals: 9
* Number of covered goals: 9
* Coverage analysis for criterion METHODNOEXCEPTION
* Coverage of criterion METHODNOEXCEPTION: 100%
* Total number of goals: 9
* Number of covered goals: 9
* Coverage analysis for criterion CBRANCH
* Coverage of criterion CBRANCH: 92%
* Total number of goals: 49
* Number of covered goals: 45
* Generated 20 tests with total length 200
* Resulting test suite's coverage: 94% (average coverage for all fitness functions)
* Generating assertions
* Resulting test suite's mutation score: 34%
* Compiling and checking tests
[MASTER] 21:58:42.175 [pool-2-thread-1] WARN  JUnitAnalyzer - Found unstable test named test0 -> class java.lang.AssertionError: expected:<-1> but was:<80>
[MASTER] 21:58:42.176 [pool-2-thread-1] WARN  JUnitAnalyzer - Failing test: ArrayList<Card> arrayList0 = new ArrayList<Card>();
Board board0 = new Board(arrayList0);
LinkedList<Card> linkedList0 = new LinkedList<Card>();
arrayList0.retainAll(linkedList0);
int int0 = board0.on_board("silver");
assertEquals((-1), int0);

int int1 = board0.get_count_by_type("");
int int2 = board0.on_board_by_value(80);
assertTrue(int2 == int1);
assertEquals(0, int2);


[MASTER] 21:58:44.078 [pool-2-thread-1] WARN  JUnitAnalyzer - Failed to compile the test cases 
[MASTER] 21:58:44.738 [pool-2-thread-1] WARN  JUnitAnalyzer - Failed to compile the test cases 
* Writing JUnit test case 'Board_ESTest' to /Users/samuelhudson/Desktop/dominion/.evosuite/tmp_2017_02_27_21_51_26/tests
* Done!

