* Starting client
* Connecting to master process on port 21452
* Analyzing classpath: 
  - /home/tris/Desktop/assignment2/CS362W17Section-001/projects/masseyt/target/test-classes
  - /home/tris/Desktop/assignment2/CS362W17Section-001/projects/masseyt/target/classes
  - /home/tris/.m2/repository/junit/junit/4.12/junit-4.12.jar
  - /home/tris/.m2/repository/org/hamcrest/hamcrest-core/1.3/hamcrest-core-1.3.jar
  - /home/tris/.m2/repository/org/junit/jupiter/junit-jupiter-api/5.0.0-M3/junit-jupiter-api-5.0.0-M3.jar
  - /home/tris/.m2/repository/org/opentest4j/opentest4j/1.0.0-M1/opentest4j-1.0.0-M1.jar
  - /home/tris/.m2/repository/org/junit/platform/junit-platform-commons/1.0.0-M3/junit-platform-commons-1.0.0-M3.jar
* Finished analyzing classpath
* Generating tests for class com.tris.Player
* Test criteria:
  - Line Coverage
  - Branch Coverage
  - Exception
  - Mutation testing (weak)
  - Method-Output Coverage
  - Top-Level Method Coverage
  - No-Exception Top-Level Method Coverage
  - Context Branch Coverage
* Setting up search algorithm for whole suite generation
[MASTER] 12:05:39.782 [pool-2-thread-1] WARN  TestSuiteSerialization - Cannot load tests because file does not exist: /home/tris/Desktop/assignment2/CS362W17Section-001/projects/masseyt/.evosuite/evosuite-seeds/com.tris.Player.seed
* Total number of test goals: 
  - Line 150
  - Branch 73
  - Exception 0
  - MutationFactory 276
  - Output 13
  - Method 10
  - MethodNoException 10
  - CBranchFitnessFactory 73
* Using seed 1489262734354
* Starting evolution
* Search finished after 80s and 110 generations, 46821 statements, best individual has fitness: 146.06060605874342
* Writing sequences to pool
* Minimizing test suite
* Going to analyze the coverage criteria
* Coverage analysis for criterion LINE
* Coverage of criterion LINE: 79%
* Total number of goals: 150
* Number of covered goals: 118
* Coverage analysis for criterion BRANCH
* Coverage of criterion BRANCH: 68%
* Total number of goals: 73
* Number of covered goals: 50
* Coverage analysis for criterion EXCEPTION
* Coverage of criterion EXCEPTION: 100%
* Total number of goals: 10
* Number of covered goals: 10
* Coverage analysis for criterion WEAKMUTATION
* Coverage of criterion WEAKMUTATION: 86%
* Total number of goals: 276
* Number of covered goals: 237
* Coverage analysis for criterion OUTPUT
* Coverage of criterion OUTPUT: 62%
* Total number of goals: 13
* Number of covered goals: 8
* Coverage analysis for criterion METHOD
* Coverage of criterion METHOD: 100%
* Total number of goals: 10
* Number of covered goals: 10
* Coverage analysis for criterion METHODNOEXCEPTION
* Coverage of criterion METHODNOEXCEPTION: 90%
* Total number of goals: 10
* Number of covered goals: 9
* Coverage analysis for criterion CBRANCH
* Coverage of criterion CBRANCH: 68%
* Total number of goals: 73
* Number of covered goals: 50
* Generated 24 tests with total length 104
* Resulting test suite's coverage: 80% (average coverage for all fitness functions)
* Generating assertions
* Resulting test suite's mutation score: 34%
* Compiling and checking tests
[MASTER] 12:07:23.087 [pool-2-thread-1] WARN  JUnitAnalyzer - Found unstable test named test0 -> class java.lang.AssertionError: Expecting exception: NullPointerException
[MASTER] 12:07:23.088 [pool-2-thread-1] WARN  JUnitAnalyzer - Failing test: List<Card> list0 = Card.generate();
Game game0 = new Game(list0);
Player player0 = new Player(game0, ";1ybn0;io");
Card.Name card_Name0 = Card.Name.REMODEL;
Card card0 = Card.getCard(list0, card_Name0);
player0.discard(card0);

* Writing JUnit test case 'Player_ESTest' to /home/tris/Desktop/assignment2/CS362W17Section-001/projects/masseyt/.evosuite/tmp_2017_03_11_12_00_43/tests
* Done!

