* Starting client
* Connecting to master process on port 17333
* Analyzing classpath: 
  - C:\Users\Mas\workspace\AAAAAAAAA\target\test-classes
  - C:\Users\Mas\workspace\AAAAAAAAA\target\classes
  - C:\Users\Mas\.m2\repository\junit\junit\4.12\junit-4.12.jar
  - C:\Users\Mas\.m2\repository\org\hamcrest\hamcrest-core\1.3\hamcrest-core-1.3.jar
* Finished analyzing classpath
* Generating tests for class cs362.dominion.Randomness
* Test criteria:
  - Line Coverage
  - Branch Coverage
  - Exception
  - Mutation testing (weak)
  - Method-Output Coverage
  - Top-Level Method Coverage
  - No-Exception Top-Level Method Coverage
  - Context Branch Coverage
* Setting up search algorithm for whole suite generation
[MASTER] 22:25:14.217 [pool-2-thread-1] WARN  TestSuiteSerialization - Cannot load tests because file does not exist: C:\Users\Mas\workspace\AAAAAAAAA\.evosuite\evosuite-seeds\cs362.dominion.Randomness.seed
* Total number of test goals: 
  - Line 14
  - Branch 10
  - Exception 0
  - MutationFactory 46
  - Output 5
  - Method 4
  - MethodNoException 4
  - CBranchFitnessFactory 10
* Using seed 1488176707903
* Starting evolution
[MASTER] 22:25:14.437 [pool-2-thread-1] WARN  TimeController - Phase INITIALIZATION lasted too long, 1 seconds more than allowed.
* Search finished after 42s and 701 generations, 66771 statements, best individual has fitness: 36.5
* Writing sequences to pool
* Minimizing test suite
* Going to analyze the coverage criteria
* Coverage analysis for criterion LINE
* Coverage of criterion LINE: 71%
* Total number of goals: 14
* Number of covered goals: 10
* Coverage analysis for criterion BRANCH
* Coverage of criterion BRANCH: 50%
* Total number of goals: 10
* Number of covered goals: 5
* Coverage analysis for criterion EXCEPTION
* Coverage of criterion EXCEPTION: 100%
* Total number of goals: 4
* Number of covered goals: 4
* Coverage analysis for criterion WEAKMUTATION
* Coverage of criterion WEAKMUTATION: 85%
* Total number of goals: 46
* Number of covered goals: 39
* Coverage analysis for criterion OUTPUT
* Coverage of criterion OUTPUT: 40%
* Total number of goals: 5
* Number of covered goals: 2
* Coverage analysis for criterion METHOD
* Coverage of criterion METHOD: 100%
* Total number of goals: 4
* Number of covered goals: 4
* Coverage analysis for criterion METHODNOEXCEPTION
* Coverage of criterion METHODNOEXCEPTION: 50%
* Total number of goals: 4
* Number of covered goals: 2
* Coverage analysis for criterion CBRANCH
* Coverage of criterion CBRANCH: 50%
* Total number of goals: 10
* Number of covered goals: 5
* Generated 7 tests with total length 11
* Resulting test suite's coverage: 62% (average coverage for all fitness functions)
* Generating assertions
* Resulting test suite's mutation score: 2%
* Compiling and checking tests
* Writing JUnit test case 'Randomness_ESTest' to C:\Users\Mas\workspace\AAAAAAAAA\.evosuite\tmp_2017_02_26_22_22_46\tests
* Done!

