* Starting client
* Connecting to master process on port 10679
* Analyzing classpath: 
  - /home/tris/Desktop/assignment2/CS362W17Section-001/projects/masseyt/target/test-classes
  - /home/tris/Desktop/assignment2/CS362W17Section-001/projects/masseyt/target/classes
  - /home/tris/.m2/repository/junit/junit/4.12/junit-4.12.jar
  - /home/tris/.m2/repository/org/hamcrest/hamcrest-core/1.3/hamcrest-core-1.3.jar
  - /home/tris/.m2/repository/org/junit/jupiter/junit-jupiter-api/5.0.0-M3/junit-jupiter-api-5.0.0-M3.jar
  - /home/tris/.m2/repository/org/opentest4j/opentest4j/1.0.0-M1/opentest4j-1.0.0-M1.jar
  - /home/tris/.m2/repository/org/junit/platform/junit-platform-commons/1.0.0-M3/junit-platform-commons-1.0.0-M3.jar
* Finished analyzing classpath
* Generating tests for class com.tris.Card
* Test criteria:
  - Line Coverage
  - Branch Coverage
  - Exception
  - Mutation testing (weak)
  - Method-Output Coverage
  - Top-Level Method Coverage
  - No-Exception Top-Level Method Coverage
  - Context Branch Coverage
* Setting up search algorithm for whole suite generation
[MASTER] 12:00:57.026 [pool-2-thread-1] WARN  TestSuiteSerialization - Cannot load tests because file does not exist: /home/tris/Desktop/assignment2/CS362W17Section-001/projects/masseyt/.evosuite/evosuite-seeds/com.tris.Card.seed
* Total number of test goals: 
  - Line 224
  - Branch 112
  - Exception 0
  - MutationFactory 187
  - Output 34
  - Method 11
  - MethodNoException 11
  - CBranchFitnessFactory 112
* Using seed 1489262450368
* Starting evolution
* Search finished after 99s and 154 generations, 67670 statements, best individual has fitness: 636.2777777777777
* Writing sequences to pool
* Minimizing test suite
[MASTER] 12:02:55.242 [pool-2-thread-1] WARN  TestSuiteMinimizer - Minimization timeout. Roll back to original test suite
* Going to analyze the coverage criteria
* Coverage analysis for criterion LINE
* Coverage of criterion LINE: 65%
* Total number of goals: 224
* Number of covered goals: 146
* Coverage analysis for criterion BRANCH
* Coverage of criterion BRANCH: 58%
* Total number of goals: 112
* Number of covered goals: 65
* Coverage analysis for criterion EXCEPTION
* Coverage of criterion EXCEPTION: 100%
* Total number of goals: 8
* Number of covered goals: 8
* Coverage analysis for criterion WEAKMUTATION
* Coverage of criterion WEAKMUTATION: 89%
* Total number of goals: 187
* Number of covered goals: 166
* Coverage analysis for criterion OUTPUT
* Coverage of criterion OUTPUT: 74%
* Total number of goals: 34
* Number of covered goals: 25
* Coverage analysis for criterion METHOD
* Coverage of criterion METHOD: 100%
* Total number of goals: 11
* Number of covered goals: 11
* Coverage analysis for criterion METHODNOEXCEPTION
* Coverage of criterion METHODNOEXCEPTION: 100%
* Total number of goals: 11
* Number of covered goals: 11
* Coverage analysis for criterion CBRANCH
* Coverage of criterion CBRANCH: 58%
* Total number of goals: 112
* Number of covered goals: 65
* Generated 39 tests with total length 468
* Resulting test suite's coverage: 80% (average coverage for all fitness functions)
* Generating assertions
* Resulting test suite's mutation score: 22%
* Compiling and checking tests
[MASTER] 12:03:11.721 [pool-2-thread-1] WARN  JUnitAnalyzer - Found unstable test named test0 -> class java.lang.AssertionError: Expecting exception: NullPointerException
[MASTER] 12:03:11.722 [pool-2-thread-1] WARN  JUnitAnalyzer - Failing test: List<Card> list0 = Card.generate();
Card.Name card_Name0 = Card.Name.ESTATE;
Card card0 = Card.getCard(list0, card_Name0);
Randomness.nextRandomInt(13);
Game game0 = new Game(list0);
HashMap<Card, Integer> hashMap0 = game0.board;
Integer integer0 = new Integer(3551);
hashMap0.put(card0, integer0);
Stack<Integer> stack0 = new Stack<Integer>();
Card.getCardBoard(hashMap0, card_Name0);

* Writing JUnit test case 'Card_ESTest' to /home/tris/Desktop/assignment2/CS362W17Section-001/projects/masseyt/.evosuite/tmp_2017_03_11_12_00_43/tests
* Done!

