* Starting client
* Connecting to master process on port 2008
* Analyzing classpath: 
  - C:\Users\Mas\workspace\AAAAAAAAA\target\test-classes
  - C:\Users\Mas\workspace\AAAAAAAAA\target\classes
  - C:\Users\Mas\.m2\repository\junit\junit\4.12\junit-4.12.jar
  - C:\Users\Mas\.m2\repository\org\hamcrest\hamcrest-core\1.3\hamcrest-core-1.3.jar
* Finished analyzing classpath
* Generating tests for class cs362.dominion.GameState
* Test criteria:
  - Line Coverage
  - Branch Coverage
  - Exception
  - Mutation testing (weak)
  - Method-Output Coverage
  - Top-Level Method Coverage
  - No-Exception Top-Level Method Coverage
  - Context Branch Coverage
* Setting up search algorithm for whole suite generation
[MASTER] 22:25:02.699 [pool-2-thread-1] WARN  TestSuiteSerialization - Cannot load tests because file does not exist: C:\Users\Mas\workspace\AAAAAAAAA\.evosuite\evosuite-seeds\cs362.dominion.GameState.seed
* Total number of test goals: 
  - Line 81
  - Branch 48
  - Exception 0
  - MutationFactory 140
  - Output 20
  - Method 8
  - MethodNoException 8
  - CBranchFitnessFactory 48
* Using seed 1488176697569
* Starting evolution
* Search finished after 70s and 22 generations, 11141 statements, best individual has fitness: 129.48076086060712
* Writing sequences to pool
* Minimizing test suite
[MASTER] 22:26:28.250 [pool-2-thread-1] WARN  TestSuiteMinimizer - Minimization timeout. Roll back to original test suite
* Going to analyze the coverage criteria
* Coverage analysis for criterion LINE
* Coverage of criterion LINE: 62%
* Total number of goals: 81
* Number of covered goals: 50
* Coverage analysis for criterion BRANCH
* Coverage of criterion BRANCH: 58%
* Total number of goals: 48
* Number of covered goals: 28
* Coverage analysis for criterion EXCEPTION
* Coverage of criterion EXCEPTION: 100%
* Total number of goals: 8
* Number of covered goals: 8
* Coverage analysis for criterion WEAKMUTATION
* Coverage of criterion WEAKMUTATION: 69%
* Total number of goals: 140
* Number of covered goals: 96
* Coverage analysis for criterion OUTPUT
* Coverage of criterion OUTPUT: 60%
* Total number of goals: 20
* Number of covered goals: 12
* Coverage analysis for criterion METHOD
* Coverage of criterion METHOD: 100%
* Total number of goals: 8
* Number of covered goals: 8
* Coverage analysis for criterion METHODNOEXCEPTION
* Coverage of criterion METHODNOEXCEPTION: 100%
* Total number of goals: 8
* Number of covered goals: 8
* Coverage analysis for criterion CBRANCH
* Coverage of criterion CBRANCH: 58%
* Total number of goals: 48
* Number of covered goals: 28
* Generated 18 tests with total length 300
* Resulting test suite's coverage: 76% (average coverage for all fitness functions)
* Generating assertions
* Resulting test suite's mutation score: 5%
* Compiling and checking tests
* Writing JUnit test case 'GameState_ESTest' to C:\Users\Mas\workspace\AAAAAAAAA\.evosuite\tmp_2017_02_26_22_22_46\tests
* Done!

