* Starting client
* Connecting to master process on port 3377
* Analyzing classpath: 
  - /home/tris/Desktop/assignment2/CS362W17Section-001/projects/masseyt/target/test-classes
  - /home/tris/Desktop/assignment2/CS362W17Section-001/projects/masseyt/target/classes
  - /home/tris/.m2/repository/junit/junit/4.12/junit-4.12.jar
  - /home/tris/.m2/repository/org/hamcrest/hamcrest-core/1.3/hamcrest-core-1.3.jar
  - /home/tris/.m2/repository/org/junit/jupiter/junit-jupiter-api/5.0.0-M3/junit-jupiter-api-5.0.0-M3.jar
  - /home/tris/.m2/repository/org/opentest4j/opentest4j/1.0.0-M1/opentest4j-1.0.0-M1.jar
  - /home/tris/.m2/repository/org/junit/platform/junit-platform-commons/1.0.0-M3/junit-platform-commons-1.0.0-M3.jar
* Finished analyzing classpath
* Generating tests for class com.tris.App
* Test criteria:
  - Line Coverage
  - Branch Coverage
  - Exception
  - Mutation testing (weak)
  - Method-Output Coverage
  - Top-Level Method Coverage
  - No-Exception Top-Level Method Coverage
  - Context Branch Coverage
* Setting up search algorithm for whole suite generation
[MASTER] 12:09:29.486 [pool-2-thread-1] WARN  TestSuiteSerialization - Cannot load tests because file does not exist: /home/tris/Desktop/assignment2/CS362W17Section-001/projects/masseyt/.evosuite/evosuite-seeds/com.tris.App.seed
* Total number of test goals: 
  - Line 24
  - Branch 7
  - Exception 0
  - MutationFactory 44
  - Output 0
  - Method 2
  - MethodNoException 2
  - CBranchFitnessFactory 7
* Using seed 1489262964705
* Starting evolution
* Search finished after 41s and 143 generations, 29866 statements, best individual has fitness: 13.88888888888889
* Writing sequences to pool
[MASTER] 12:10:10.677 [pool-2-thread-1] WARN  TimeController - Phase SEARCH lasted too long, 4 seconds more than allowed.
* Minimizing test suite
* Going to analyze the coverage criteria
* Coverage analysis for criterion LINE
* Coverage of criterion LINE: 67%
* Total number of goals: 24
* Number of covered goals: 16
* Coverage analysis for criterion BRANCH
* Coverage of criterion BRANCH: 71%
* Total number of goals: 7
* Number of covered goals: 5
* Coverage analysis for criterion EXCEPTION
* Coverage of criterion EXCEPTION: 100%
* Total number of goals: 1
* Number of covered goals: 1
* Coverage analysis for criterion WEAKMUTATION
* Coverage of criterion WEAKMUTATION: 95%
* Total number of goals: 44
* Number of covered goals: 42
* Coverage analysis for criterion OUTPUT
* Coverage of criterion OUTPUT: 100% (no goals)
* Coverage analysis for criterion METHOD
* Coverage of criterion METHOD: 100%
* Total number of goals: 2
* Number of covered goals: 2
* Coverage analysis for criterion METHODNOEXCEPTION
* Coverage of criterion METHODNOEXCEPTION: 50%
* Total number of goals: 2
* Number of covered goals: 1
* Coverage analysis for criterion CBRANCH
* Coverage of criterion CBRANCH: 71%
* Total number of goals: 7
* Number of covered goals: 5
* Generated 4 tests with total length 10
* Resulting test suite's coverage: 76% (average coverage for all fitness functions)
* Generating assertions
* Resulting test suite's mutation score: 0%
* Compiling and checking tests
* Writing JUnit test case 'App_ESTest' to /home/tris/Desktop/assignment2/CS362W17Section-001/projects/masseyt/.evosuite/tmp_2017_03_11_12_00_43/tests
* Done!

