* Starting client
* Connecting to master process on port 4049
* Analyzing classpath: 
  - G:\My Documents\GitHub\CS362W17Section-001\projects\soltesza\Dominion\target\test-classes
  - G:\My Documents\GitHub\CS362W17Section-001\projects\soltesza\Dominion\target\classes
  - C:\Users\Andrew\.m2\repository\junit\junit\4.11\junit-4.11.jar
  - C:\Users\Andrew\.m2\repository\org\hamcrest\hamcrest-core\1.3\hamcrest-core-1.3.jar
* Finished analyzing classpath
* Generating tests for class org.cs362.dominion.ActionCard
* Test criteria:
  - Line Coverage
  - Branch Coverage
  - Exception
  - Mutation testing (weak)
  - Method-Output Coverage
  - Top-Level Method Coverage
  - No-Exception Top-Level Method Coverage
  - Context Branch Coverage
* Setting up search algorithm for whole suite generation
* Total number of test goals: 
  - Line 95
  - Branch 67
  - Exception 0
  - MutationFactory 95
  - Output 3
  - Method 3
  - MethodNoException 3
  - CBranchFitnessFactory 67
* Using seed 1488148601703
* Starting evolution
* Search finished after 133s and 234 generations, 59781 statements, best individual has fitness: 18.99242424242424
* Writing sequences to pool
* Minimizing test suite
* Going to analyze the coverage criteria
* Coverage analysis for criterion LINE
* Coverage of criterion LINE: 99%
* Total number of goals: 95
* Number of covered goals: 94
* Coverage analysis for criterion BRANCH
* Coverage of criterion BRANCH: 94%
* Total number of goals: 67
* Number of covered goals: 63
* Coverage analysis for criterion EXCEPTION
* Coverage of criterion EXCEPTION: 100%
* Total number of goals: 3
* Number of covered goals: 3
* Coverage analysis for criterion WEAKMUTATION
* Coverage of criterion WEAKMUTATION: 93%
* Total number of goals: 95
* Number of covered goals: 88
* Coverage analysis for criterion OUTPUT
* Coverage of criterion OUTPUT: 67%
* Total number of goals: 3
* Number of covered goals: 2
* Coverage analysis for criterion METHOD
* Coverage of criterion METHOD: 100%
* Total number of goals: 3
* Number of covered goals: 3
* Coverage analysis for criterion METHODNOEXCEPTION
* Coverage of criterion METHODNOEXCEPTION: 100%
* Total number of goals: 3
* Number of covered goals: 3
* Coverage analysis for criterion CBRANCH
* Coverage of criterion CBRANCH: 94%
* Total number of goals: 67
* Number of covered goals: 63
* Generated 17 tests with total length 80
* Resulting test suite's coverage: 93% (average coverage for all fitness functions)
* Generating assertions
* Resulting test suite's mutation score: 14%
* Compiling and checking tests
* Writing JUnit test case 'ActionCard_ESTest' to G:\My Documents\GitHub\CS362W17Section-001\projects\soltesza\Dominion\.evosuite\tmp_2017_02_26_14_36_38\tests
* Done!

