* Starting client
* Connecting to master process on port 8252
* Analyzing classpath: 
  - C:\Users\Mas\workspace\AAAAAAAAA\target\test-classes
  - C:\Users\Mas\workspace\AAAAAAAAA\target\classes
  - C:\Users\Mas\.m2\repository\junit\junit\4.12\junit-4.12.jar
  - C:\Users\Mas\.m2\repository\org\hamcrest\hamcrest-core\1.3\hamcrest-core-1.3.jar
* Finished analyzing classpath
* Generating tests for class cs362.dominion.Card
* Test criteria:
  - Line Coverage
  - Branch Coverage
  - Exception
  - Mutation testing (weak)
  - Method-Output Coverage
  - Top-Level Method Coverage
  - No-Exception Top-Level Method Coverage
  - Context Branch Coverage
* Setting up search algorithm for whole suite generation
[MASTER] 22:22:57.800 [pool-2-thread-1] WARN  TestSuiteSerialization - Cannot load tests because file does not exist: C:\Users\Mas\workspace\AAAAAAAAA\.evosuite\evosuite-seeds\cs362.dominion.Card.seed
* Total number of test goals: 
  - Line 180
  - Branch 102
  - Exception 0
  - MutationFactory 131
  - Output 34
  - Method 16
  - MethodNoException 16
  - CBranchFitnessFactory 102
* Using seed 1488176571247
* Starting evolution
* Search finished after 101s and 267 generations, 110509 statements, best individual has fitness: 227.31746031746033
* Writing sequences to pool
* Minimizing test suite
* Going to analyze the coverage criteria
* Coverage analysis for criterion LINE
* Coverage of criterion LINE: 66%
* Total number of goals: 180
* Number of covered goals: 118
* Coverage analysis for criterion BRANCH
* Coverage of criterion BRANCH: 57%
* Total number of goals: 102
* Number of covered goals: 58
* Coverage analysis for criterion EXCEPTION
* Coverage of criterion EXCEPTION: 100%
* Total number of goals: 5
* Number of covered goals: 5
* Coverage analysis for criterion WEAKMUTATION
* Coverage of criterion WEAKMUTATION: 92%
* Total number of goals: 131
* Number of covered goals: 120
* Coverage analysis for criterion OUTPUT
* Coverage of criterion OUTPUT: 68%
* Total number of goals: 34
* Number of covered goals: 23
* Coverage analysis for criterion METHOD
* Coverage of criterion METHOD: 100%
* Total number of goals: 16
* Number of covered goals: 16
* Coverage analysis for criterion METHODNOEXCEPTION
* Coverage of criterion METHODNOEXCEPTION: 100%
* Total number of goals: 16
* Number of covered goals: 16
* Coverage analysis for criterion CBRANCH
* Coverage of criterion CBRANCH: 57%
* Total number of goals: 102
* Number of covered goals: 58
* Generated 38 tests with total length 190
* Resulting test suite's coverage: 80% (average coverage for all fitness functions)
* Generating assertions
* Resulting test suite's mutation score: 46%
* Compiling and checking tests
* Writing JUnit test case 'Card_ESTest' to C:\Users\Mas\workspace\AAAAAAAAA\.evosuite\tmp_2017_02_26_22_22_46\tests
* Done!

