* Starting client
* Connecting to master process on port 14056
* Analyzing classpath: 
  - G:\My Documents\GitHub\CS362W17Section-001\projects\soltesza\Dominion\target\test-classes
  - G:\My Documents\GitHub\CS362W17Section-001\projects\soltesza\Dominion\target\classes
  - C:\Users\Andrew\.m2\repository\junit\junit\4.11\junit-4.11.jar
  - C:\Users\Andrew\.m2\repository\org\hamcrest\hamcrest-core\1.3\hamcrest-core-1.3.jar
* Finished analyzing classpath
* Generating tests for class org.cs362.dominion.TreasureCard
* Test criteria:
  - Line Coverage
  - Branch Coverage
  - Exception
  - Mutation testing (weak)
  - Method-Output Coverage
  - Top-Level Method Coverage
  - No-Exception Top-Level Method Coverage
  - Context Branch Coverage
* Setting up search algorithm for whole suite generation
* Total number of test goals: 
  - Line 17
  - Branch 13
  - Exception 0
  - MutationFactory 27
  - Output 6
  - Method 3
  - MethodNoException 3
  - CBranchFitnessFactory 13
* Using seed 1488149167249
* Starting evolution
* Search finished after 50s and 1034 generations, 234088 statements, best individual has fitness: 3.1666666666666665
* Writing sequences to pool
* Minimizing test suite
* Going to analyze the coverage criteria
* Coverage analysis for criterion LINE
* Coverage of criterion LINE: 100%
* Total number of goals: 17
* Number of covered goals: 17
* Coverage analysis for criterion BRANCH
* Coverage of criterion BRANCH: 100%
* Total number of goals: 13
* Number of covered goals: 13
* Coverage analysis for criterion EXCEPTION
* Coverage of criterion EXCEPTION: 100%
* Total number of goals: 1
* Number of covered goals: 1
* Coverage analysis for criterion WEAKMUTATION
* Coverage of criterion WEAKMUTATION: 96%
* Total number of goals: 27
* Number of covered goals: 26
* Coverage analysis for criterion OUTPUT
* Coverage of criterion OUTPUT: 50%
* Total number of goals: 6
* Number of covered goals: 3
* Coverage analysis for criterion METHOD
* Coverage of criterion METHOD: 100%
* Total number of goals: 3
* Number of covered goals: 3
* Coverage analysis for criterion METHODNOEXCEPTION
* Coverage of criterion METHODNOEXCEPTION: 100%
* Total number of goals: 3
* Number of covered goals: 3
* Coverage analysis for criterion CBRANCH
* Coverage of criterion CBRANCH: 100%
* Total number of goals: 13
* Number of covered goals: 13
* Generated 6 tests with total length 17
* Resulting test suite's coverage: 93% (average coverage for all fitness functions)
* Generating assertions
* Resulting test suite's mutation score: 56%
* Compiling and checking tests
* Writing JUnit test case 'TreasureCard_ESTest' to G:\My Documents\GitHub\CS362W17Section-001\projects\soltesza\Dominion\.evosuite\tmp_2017_02_26_14_36_38\tests
* Done!

