* Starting client
* Connecting to master process on port 18721
* Analyzing classpath: 
  - C:\Users\Ok-Cha\Documents\OSU2017\Winter Term\CS 362 (SW Eng II)\dominion\Dominion\target\test-classes
  - C:\Users\Ok-Cha\Documents\OSU2017\Winter Term\CS 362 (SW Eng II)\dominion\Dominion\target\classes
  - C:\Users\Ok-Cha\.m2\repository\junit\junit\4.11\junit-4.11.jar
  - C:\Users\Ok-Cha\.m2\repository\org\hamcrest\hamcrest-core\1.3\hamcrest-core-1.3.jar
* Finished analyzing classpath
* Generating tests for class org.cs362.dominion.Randomness
* Test criteria:
  - Line Coverage
  - Branch Coverage
  - Exception
  - Mutation testing (weak)
  - Method-Output Coverage
  - Top-Level Method Coverage
  - No-Exception Top-Level Method Coverage
  - Context Branch Coverage
* Setting up search algorithm for whole suite generation
[MASTER] 16:50:57.912 [pool-2-thread-1] WARN  TestSuiteSerialization - Cannot load tests because file does not exist: C:\Users\Ok-Cha\Documents\OSU2017\Winter Term\CS 362 (SW Eng II)\dominion\Dominion\.evosuite\evosuite-seeds\org.cs362.dominion.Randomness.seed
* Total number of test goals: 
  - Line 12
  - Branch 10
  - Exception 0
  - MutationFactory 45
  - Output 5
  - Method 4
  - MethodNoException 4
  - CBranchFitnessFactory 10
* Using seed 1488156654449
* Starting evolution
* Search finished after 38s and 262 generations, 45952 statements, best individual has fitness: 4.309523809523809
* Writing sequences to pool
* Minimizing test suite
* Going to analyze the coverage criteria
* Coverage analysis for criterion LINE
* Coverage of criterion LINE: 83%
* Total number of goals: 12
* Number of covered goals: 10
* Coverage analysis for criterion BRANCH
* Coverage of criterion BRANCH: 100%
* Total number of goals: 10
* Number of covered goals: 10
* Coverage analysis for criterion EXCEPTION
* Coverage of criterion EXCEPTION: 100%
* Total number of goals: 6
* Number of covered goals: 6
* Coverage analysis for criterion WEAKMUTATION
* Coverage of criterion WEAKMUTATION: 96%
* Total number of goals: 45
* Number of covered goals: 43
* Coverage analysis for criterion OUTPUT
* Coverage of criterion OUTPUT: 80%
* Total number of goals: 5
* Number of covered goals: 4
* Coverage analysis for criterion METHOD
* Coverage of criterion METHOD: 100%
* Total number of goals: 4
* Number of covered goals: 4
* Coverage analysis for criterion METHODNOEXCEPTION
* Coverage of criterion METHODNOEXCEPTION: 75%
* Total number of goals: 4
* Number of covered goals: 3
* Coverage analysis for criterion CBRANCH
* Coverage of criterion CBRANCH: 100%
* Total number of goals: 10
* Number of covered goals: 10
* Generated 11 tests with total length 26
* Resulting test suite's coverage: 89% (average coverage for all fitness functions)
* Generating assertions
* Resulting test suite's mutation score: 13%
* Compiling and checking tests
* Permissions denied during test execution: 
  - java.lang.RuntimePermission: 
         exitVM.0: 1
* Writing JUnit test case 'Randomness_ESTest' to C:\Users\Ok-Cha\Documents\OSU2017\Winter Term\CS 362 (SW Eng II)\dominion\Dominion\.evosuite\tmp_2017_02_26_16_42_39\tests
* Done!

