* Starting client
* Connecting to master process on port 6730
* Analyzing classpath: 
  - /Users/corynnapark/Documents/workspace/domdom/DOMINION/target/test-classes
  - /Users/corynnapark/Documents/workspace/domdom/DOMINION/target/classes
  - /Users/corynnapark/.m2/repository/junit/junit/4.12/junit-4.12.jar
  - /Users/corynnapark/.m2/repository/org/hamcrest/hamcrest-core/1.3/hamcrest-core-1.3.jar
* Finished analyzing classpath
* Generating tests for class org.cs362.dominion.PlayDominion
* Test criteria:
  - Line Coverage
  - Branch Coverage
  - Exception
  - Mutation testing (weak)
  - Method-Output Coverage
  - Top-Level Method Coverage
  - No-Exception Top-Level Method Coverage
  - Context Branch Coverage
* Setting up search algorithm for whole suite generation
[MASTER] 17:40:19.535 [pool-2-thread-1] WARN  TestSuiteSerialization - Cannot load tests because file does not exist: /Users/corynnapark/Documents/workspace/domdom/DOMINION/.evosuite/evosuite-seeds/org.cs362.dominion.PlayDominion.seed
* Total number of test goals: 
  - Line 20
  - Branch 3
  - Exception 0
  - MutationFactory 12
  - Output 0
  - Method 2
  - MethodNoException 2
  - CBranchFitnessFactory 3
* Using seed 1488159613742
* Starting evolution
[MASTER] 17:40:19.659 [pool-2-thread-1] WARN  TimeController - Phase INITIALIZATION lasted too long, 0 seconds more than allowed.
* Search finished after 33s and 310 generations, 41358 statements, best individual has fitness: 19.4
* Writing sequences to pool
* Minimizing test suite
* Going to analyze the coverage criteria
* Coverage analysis for criterion LINE
* Coverage of criterion LINE: 55%
* Total number of goals: 20
* Number of covered goals: 11
* Coverage analysis for criterion BRANCH
* Coverage of criterion BRANCH: 33%
* Total number of goals: 3
* Number of covered goals: 1
* Coverage analysis for criterion EXCEPTION
* Coverage of criterion EXCEPTION: 100%
* Total number of goals: 1
* Number of covered goals: 1
* Coverage analysis for criterion WEAKMUTATION
* Coverage of criterion WEAKMUTATION: 42%
* Total number of goals: 12
* Number of covered goals: 5
* Coverage analysis for criterion OUTPUT
* Coverage of criterion OUTPUT: 100% (no goals)
* Coverage analysis for criterion METHOD
* Coverage of criterion METHOD: 100%
* Total number of goals: 2
* Number of covered goals: 2
* Coverage analysis for criterion METHODNOEXCEPTION
* Coverage of criterion METHODNOEXCEPTION: 50%
* Total number of goals: 2
* Number of covered goals: 1
* Coverage analysis for criterion CBRANCH
* Coverage of criterion CBRANCH: 33%
* Total number of goals: 3
* Number of covered goals: 1
* Generated 2 tests with total length 3
* Resulting test suite's coverage: 58% (average coverage for all fitness functions)
* Generating assertions
* Resulting test suite's mutation score: 0%
* Compiling and checking tests
* Writing JUnit test case 'PlayDominion_ESTest' to /Users/corynnapark/Documents/workspace/domdom/DOMINION/.evosuite/tmp_2017_02_26_17_31_39/tests
* Done!

