* Starting client
* Connecting to master process on port 15634
* Analyzing classpath: 
  - /home/zycuu/Documents/CS362/GitKrakenRepo/CS362W17Section-001/projects/phippsg/target/test-classes
  - /home/zycuu/Documents/CS362/GitKrakenRepo/CS362W17Section-001/projects/phippsg/target/classes
  - /home/zycuu/.m2/repository/junit/junit/4.12/junit-4.12.jar
  - /home/zycuu/.m2/repository/org/hamcrest/hamcrest-core/1.3/hamcrest-core-1.3.jar
  - /home/zycuu/.m2/repository/net/sourceforge/cobertura/cobertura/2.1.1/cobertura-2.1.1.jar
  - /home/zycuu/.m2/repository/org/ow2/asm/asm/5.0.1/asm-5.0.1.jar
  - /home/zycuu/.m2/repository/org/ow2/asm/asm-tree/5.0.1/asm-tree-5.0.1.jar
  - /home/zycuu/.m2/repository/org/ow2/asm/asm-commons/5.0.1/asm-commons-5.0.1.jar
  - /home/zycuu/.m2/repository/org/ow2/asm/asm-util/5.0.1/asm-util-5.0.1.jar
  - /home/zycuu/.m2/repository/org/ow2/asm/asm-analysis/5.0.1/asm-analysis-5.0.1.jar
  - /home/zycuu/.m2/repository/oro/oro/2.0.8/oro-2.0.8.jar
  - /home/zycuu/.m2/repository/jaxen/jaxen/1.1.4/jaxen-1.1.4.jar
  - /home/zycuu/.m2/repository/org/apache/ant/ant/1.8.3/ant-1.8.3.jar
  - /home/zycuu/.m2/repository/org/apache/ant/ant-launcher/1.8.3/ant-launcher-1.8.3.jar
  - /home/zycuu/.m2/repository/org/apache/ant/ant-junit/1.8.3/ant-junit-1.8.3.jar
  - /home/zycuu/.m2/repository/org/mortbay/jetty/servlet-api-2.5/6.1.14/servlet-api-2.5-6.1.14.jar
  - /home/zycuu/.m2/repository/org/mortbay/jetty/jetty/6.1.14/jetty-6.1.14.jar
  - /home/zycuu/.m2/repository/org/mortbay/jetty/jetty-util/6.1.14/jetty-util-6.1.14.jar
  - /usr/lib/jvm/java-8-oracle/jre/../lib/tools.jar
  - /home/zycuu/.m2/repository/org/slf4j/slf4j-api/1.7.5/slf4j-api-1.7.5.jar
  - /home/zycuu/.m2/repository/ch/qos/logback/logback-classic/1.0.13/logback-classic-1.0.13.jar
  - /home/zycuu/.m2/repository/ch/qos/logback/logback-core/1.0.13/logback-core-1.0.13.jar
  - /home/zycuu/.m2/repository/org/apache/commons/commons-lang3/3.3.2/commons-lang3-3.3.2.jar
  - /home/zycuu/.m2/repository/org/pitest/pitest-maven/0.32/pitest-maven-0.32.jar
  - /home/zycuu/.m2/repository/org/pitest/pitest/0.32/pitest-0.32.jar
  - /home/zycuu/.m2/repository/org/testng/testng/6.1.1/testng-6.1.1.jar
  - /home/zycuu/.m2/repository/org/beanshell/bsh/2.0b4/bsh-2.0b4.jar
  - /home/zycuu/.m2/repository/com/beust/jcommander/1.12/jcommander-1.12.jar
  - /home/zycuu/.m2/repository/org/yaml/snakeyaml/1.6/snakeyaml-1.6.jar
  - /home/zycuu/.m2/repository/org/pitest/pitest-html-report/0.32/pitest-html-report-0.32.jar
  - /home/zycuu/.m2/repository/org/apache/maven/maven-plugin-api/2.2.1/maven-plugin-api-2.2.1.jar
  - /home/zycuu/.m2/repository/org/apache/maven/maven-project/2.2.1/maven-project-2.2.1.jar
  - /home/zycuu/.m2/repository/org/apache/maven/maven-settings/2.2.1/maven-settings-2.2.1.jar
  - /home/zycuu/.m2/repository/org/apache/maven/maven-profile/2.2.1/maven-profile-2.2.1.jar
  - /home/zycuu/.m2/repository/org/apache/maven/maven-model/2.2.1/maven-model-2.2.1.jar
  - /home/zycuu/.m2/repository/org/apache/maven/maven-artifact-manager/2.2.1/maven-artifact-manager-2.2.1.jar
  - /home/zycuu/.m2/repository/org/apache/maven/maven-repository-metadata/2.2.1/maven-repository-metadata-2.2.1.jar
  - /home/zycuu/.m2/repository/org/apache/maven/wagon/wagon-provider-api/1.0-beta-6/wagon-provider-api-1.0-beta-6.jar
  - /home/zycuu/.m2/repository/backport-util-concurrent/backport-util-concurrent/3.1/backport-util-concurrent-3.1.jar
  - /home/zycuu/.m2/repository/org/apache/maven/maven-plugin-registry/2.2.1/maven-plugin-registry-2.2.1.jar
  - /home/zycuu/.m2/repository/org/codehaus/plexus/plexus-interpolation/1.11/plexus-interpolation-1.11.jar
  - /home/zycuu/.m2/repository/org/apache/maven/scm/maven-scm-api/1.8.1/maven-scm-api-1.8.1.jar
  - /home/zycuu/.m2/repository/org/apache/maven/scm/maven-scm-manager-plexus/1.8.1/maven-scm-manager-plexus-1.8.1.jar
  - /home/zycuu/.m2/repository/org/apache/maven/scm/maven-scm-provider-accurev/1.8.1/maven-scm-provider-accurev-1.8.1.jar
  - /home/zycuu/.m2/repository/org/apache/maven/scm/maven-scm-provider-bazaar/1.8.1/maven-scm-provider-bazaar-1.8.1.jar
  - /home/zycuu/.m2/repository/regexp/regexp/1.3/regexp-1.3.jar
  - /home/zycuu/.m2/repository/org/apache/maven/scm/maven-scm-provider-clearcase/1.8.1/maven-scm-provider-clearcase-1.8.1.jar
  - /home/zycuu/.m2/repository/org/apache/maven/scm/maven-scm-provider-cvsexe/1.8.1/maven-scm-provider-cvsexe-1.8.1.jar
  - /home/zycuu/.m2/repository/org/apache/maven/scm/maven-scm-provider-cvs-commons/1.8.1/maven-scm-provider-cvs-commons-1.8.1.jar
  - /home/zycuu/.m2/repository/org/apache/maven/scm/maven-scm-provider-cvsjava/1.8.1/maven-scm-provider-cvsjava-1.8.1.jar
  - /home/zycuu/.m2/repository/org/netbeans/lib/cvsclient/20060125/cvsclient-20060125.jar
  - /home/zycuu/.m2/repository/ch/ethz/ganymed/ganymed-ssh2/build210/ganymed-ssh2-build210.jar
  - /home/zycuu/.m2/repository/org/apache/maven/scm/maven-scm-provider-gitexe/1.8.1/maven-scm-provider-gitexe-1.8.1.jar
  - /home/zycuu/.m2/repository/org/apache/maven/scm/maven-scm-provider-git-commons/1.8.1/maven-scm-provider-git-commons-1.8.1.jar
  - /home/zycuu/.m2/repository/org/apache/maven/scm/maven-scm-provider-hg/1.8.1/maven-scm-provider-hg-1.8.1.jar
  - /home/zycuu/.m2/repository/org/apache/maven/scm/maven-scm-provider-perforce/1.8.1/maven-scm-provider-perforce-1.8.1.jar
  - /home/zycuu/.m2/repository/org/apache/maven/scm/maven-scm-provider-starteam/1.8.1/maven-scm-provider-starteam-1.8.1.jar
  - /home/zycuu/.m2/repository/org/apache/maven/scm/maven-scm-provider-svnexe/1.8.1/maven-scm-provider-svnexe-1.8.1.jar
  - /home/zycuu/.m2/repository/org/apache/maven/scm/maven-scm-provider-svn-commons/1.8.1/maven-scm-provider-svn-commons-1.8.1.jar
  - /home/zycuu/.m2/repository/org/apache/maven/scm/maven-scm-provider-synergy/1.8.1/maven-scm-provider-synergy-1.8.1.jar
  - /home/zycuu/.m2/repository/org/apache/maven/scm/maven-scm-provider-vss/1.8.1/maven-scm-provider-vss-1.8.1.jar
  - /home/zycuu/.m2/repository/org/apache/maven/scm/maven-scm-provider-tfs/1.8.1/maven-scm-provider-tfs-1.8.1.jar
  - /home/zycuu/.m2/repository/org/apache/maven/scm/maven-scm-provider-integrity/1.8.1/maven-scm-provider-integrity-1.8.1.jar
  - /home/zycuu/.m2/repository/com/mks/api/mksapi-jar/4.10.9049/mksapi-jar-4.10.9049.jar
  - /home/zycuu/.m2/repository/org/codehaus/groovy/groovy-all/1.7.6/groovy-all-1.7.6.jar
  - /home/zycuu/.m2/repository/org/apache/maven/scm/maven-scm-provider-jazz/1.8.1/maven-scm-provider-jazz-1.8.1.jar
  - /home/zycuu/.m2/repository/org/mockito/mockito-core/1.9.0/mockito-core-1.9.0.jar
  - /home/zycuu/.m2/repository/org/objenesis/objenesis/1.0/objenesis-1.0.jar
  - /home/zycuu/.m2/repository/org/apache/maven/surefire/surefire-booter/2.16/surefire-booter-2.16.jar
  - /home/zycuu/.m2/repository/org/apache/maven/surefire/surefire-api/2.16/surefire-api-2.16.jar
  - /home/zycuu/.m2/repository/org/apache/maven/surefire/maven-surefire-common/2.16/maven-surefire-common-2.16.jar
  - /home/zycuu/.m2/repository/org/apache/maven/plugin-tools/maven-plugin-annotations/3.2/maven-plugin-annotations-3.2.jar
  - /home/zycuu/.m2/repository/org/apache/maven/maven-core/2.0.9/maven-core-2.0.9.jar
  - /home/zycuu/.m2/repository/org/apache/maven/maven-plugin-parameter-documenter/2.0.9/maven-plugin-parameter-documenter-2.0.9.jar
  - /home/zycuu/.m2/repository/org/apache/maven/maven-error-diagnostics/2.0.9/maven-error-diagnostics-2.0.9.jar
  - /home/zycuu/.m2/repository/org/apache/maven/maven-monitor/2.0.9/maven-monitor-2.0.9.jar
  - /home/zycuu/.m2/repository/org/apache/maven/maven-artifact/2.2.1/maven-artifact-2.2.1.jar
  - /home/zycuu/.m2/repository/org/apache/maven/maven-toolchain/2.2.1/maven-toolchain-2.2.1.jar
  - /home/zycuu/.m2/repository/org/codehaus/mojo/findbugs-maven-plugin/3.0.4/findbugs-maven-plugin-3.0.4.jar
  - /home/zycuu/.m2/repository/com/google/code/findbugs/findbugs/3.0.1/findbugs-3.0.1.jar
  - /home/zycuu/.m2/repository/net/jcip/jcip-annotations/1.0/jcip-annotations-1.0.jar
  - /home/zycuu/.m2/repository/com/google/code/findbugs/jsr305/2.0.1/jsr305-2.0.1.jar
  - /home/zycuu/.m2/repository/com/google/code/findbugs/bcel-findbugs/6.0/bcel-findbugs-6.0.jar
  - /home/zycuu/.m2/repository/com/google/code/findbugs/jFormatString/2.0.1/jFormatString-2.0.1.jar
  - /home/zycuu/.m2/repository/dom4j/dom4j/1.6.1/dom4j-1.6.1.jar
  - /home/zycuu/.m2/repository/xml-apis/xml-apis/1.0.b2/xml-apis-1.0.b2.jar
  - /home/zycuu/.m2/repository/org/ow2/asm/asm-debug-all/5.0.2/asm-debug-all-5.0.2.jar
  - /home/zycuu/.m2/repository/commons-lang/commons-lang/2.6/commons-lang-2.6.jar
  - /home/zycuu/.m2/repository/com/apple/AppleJavaExtensions/1.4/AppleJavaExtensions-1.4.jar
  - /home/zycuu/.m2/repository/org/codehaus/groovy/groovy/2.4.7/groovy-2.4.7.jar
  - /home/zycuu/.m2/repository/org/codehaus/groovy/groovy-ant/2.4.7/groovy-ant-2.4.7.jar
  - /home/zycuu/.m2/repository/org/apache/ant/ant-antlr/1.9.4/ant-antlr-1.9.4.jar
  - /home/zycuu/.m2/repository/org/codehaus/groovy/groovy-groovydoc/2.4.7/groovy-groovydoc-2.4.7.jar
  - /home/zycuu/.m2/repository/org/codehaus/groovy/groovy-templates/2.4.7/groovy-templates-2.4.7.jar
  - /home/zycuu/.m2/repository/org/codehaus/groovy/groovy-xml/2.4.7/groovy-xml-2.4.7.jar
  - /home/zycuu/.m2/repository/org/apache/maven/reporting/maven-reporting-impl/2.1/maven-reporting-impl-2.1.jar
  - /home/zycuu/.m2/repository/commons-validator/commons-validator/1.2.0/commons-validator-1.2.0.jar
  - /home/zycuu/.m2/repository/commons-beanutils/commons-beanutils/1.7.0/commons-beanutils-1.7.0.jar
  - /home/zycuu/.m2/repository/commons-digester/commons-digester/1.6/commons-digester-1.6.jar
  - /home/zycuu/.m2/repository/commons-logging/commons-logging/1.0.4/commons-logging-1.0.4.jar
  - /home/zycuu/.m2/repository/org/apache/maven/reporting/maven-reporting-api/3.0/maven-reporting-api-3.0.jar
  - /home/zycuu/.m2/repository/org/apache/maven/maven-plugin-descriptor/2.2.1/maven-plugin-descriptor-2.2.1.jar
  - /home/zycuu/.m2/repository/org/apache/maven/doxia/doxia-core/1.4/doxia-core-1.4.jar
  - /home/zycuu/.m2/repository/org/apache/maven/doxia/doxia-logging-api/1.4/doxia-logging-api-1.4.jar
  - /home/zycuu/.m2/repository/org/codehaus/plexus/plexus-component-annotations/1.5.5/plexus-component-annotations-1.5.5.jar
  - /home/zycuu/.m2/repository/xerces/xercesImpl/2.9.1/xercesImpl-2.9.1.jar
  - /home/zycuu/.m2/repository/org/apache/httpcomponents/httpclient/4.0.2/httpclient-4.0.2.jar
  - /home/zycuu/.m2/repository/commons-codec/commons-codec/1.3/commons-codec-1.3.jar
  - /home/zycuu/.m2/repository/org/apache/httpcomponents/httpcore/4.0.1/httpcore-4.0.1.jar
  - /home/zycuu/.m2/repository/org/apache/maven/doxia/doxia-sink-api/1.4/doxia-sink-api-1.4.jar
  - /home/zycuu/.m2/repository/org/apache/maven/doxia/doxia-decoration-model/1.4/doxia-decoration-model-1.4.jar
  - /home/zycuu/.m2/repository/org/apache/maven/doxia/doxia-site-renderer/1.4/doxia-site-renderer-1.4.jar
  - /home/zycuu/.m2/repository/org/apache/maven/doxia/doxia-module-xhtml/1.4/doxia-module-xhtml-1.4.jar
  - /home/zycuu/.m2/repository/org/apache/maven/doxia/doxia-module-fml/1.4/doxia-module-fml-1.4.jar
  - /home/zycuu/.m2/repository/org/codehaus/plexus/plexus-i18n/1.0-beta-7/plexus-i18n-1.0-beta-7.jar
  - /home/zycuu/.m2/repository/org/codehaus/plexus/plexus-velocity/1.1.7/plexus-velocity-1.1.7.jar
  - /home/zycuu/.m2/repository/org/apache/velocity/velocity/1.5/velocity-1.5.jar
  - /home/zycuu/.m2/repository/org/apache/velocity/velocity-tools/2.0/velocity-tools-2.0.jar
  - /home/zycuu/.m2/repository/commons-chain/commons-chain/1.1/commons-chain-1.1.jar
  - /home/zycuu/.m2/repository/sslext/sslext/1.2-0/sslext-1.2-0.jar
  - /home/zycuu/.m2/repository/org/apache/struts/struts-core/1.3.8/struts-core-1.3.8.jar
  - /home/zycuu/.m2/repository/antlr/antlr/2.7.2/antlr-2.7.2.jar
  - /home/zycuu/.m2/repository/org/apache/struts/struts-taglib/1.3.8/struts-taglib-1.3.8.jar
  - /home/zycuu/.m2/repository/org/apache/struts/struts-tiles/1.3.8/struts-tiles-1.3.8.jar
  - /home/zycuu/.m2/repository/commons-collections/commons-collections/3.2.1/commons-collections-3.2.1.jar
  - /home/zycuu/.m2/repository/org/apache/maven/shared/maven-doxia-tools/1.2.1/maven-doxia-tools-1.2.1.jar
  - /home/zycuu/.m2/repository/commons-io/commons-io/1.4/commons-io-1.4.jar
  - /home/zycuu/.m2/repository/org/codehaus/plexus/plexus-container-default/1.0-alpha-9/plexus-container-default-1.0-alpha-9.jar
  - /home/zycuu/.m2/repository/classworlds/classworlds/1.1-alpha-2/classworlds-1.1-alpha-2.jar
  - /home/zycuu/.m2/repository/org/codehaus/plexus/plexus-resources/1.0-alpha-7/plexus-resources-1.0-alpha-7.jar
  - /home/zycuu/.m2/repository/org/codehaus/plexus/plexus-utils/1.5.6/plexus-utils-1.5.6.jar
  - /home/zycuu/.m2/repository/org/sonatype/plexus/plexus-build-api/0.0.7/plexus-build-api-0.0.7.jar
* Finished analyzing classpath
* Generating tests for class org.cs362.dominion.GameState
* Test criteria:
  - Line Coverage
  - Branch Coverage
  - Exception
  - Mutation testing (weak)
  - Method-Output Coverage
  - Top-Level Method Coverage
  - No-Exception Top-Level Method Coverage
  - Context Branch Coverage
* Setting up search algorithm for whole suite generation
* Total number of test goals: 
  - Line 189
  - Branch 175
  - Exception 0
  - MutationFactory 185
  - Output 19
  - Method 9
  - MethodNoException 9
  - CBranchFitnessFactory 175
* Using seed 1489442634970
* Starting evolution
* Search finished after 105s and 12 generations, 2866 statements, best individual has fitness: 813.2955676164631
* Writing sequences to pool
* Minimizing test suite
[MASTER] 15:06:21.566 [pool-2-thread-1] WARN  TestSuiteMinimizer - Minimization timeout. Roll back to original test suite
* Going to analyze the coverage criteria
* Coverage analysis for criterion LINE
* Coverage of criterion LINE: 30%
* Total number of goals: 189
* Number of covered goals: 56
* Coverage analysis for criterion BRANCH
* Coverage of criterion BRANCH: 12%
* Total number of goals: 175
* Number of covered goals: 21
* Coverage analysis for criterion EXCEPTION
* Coverage of criterion EXCEPTION: 100%
* Total number of goals: 11
* Number of covered goals: 11
* Coverage analysis for criterion WEAKMUTATION
* Coverage of criterion WEAKMUTATION: 48%
* Total number of goals: 185
* Number of covered goals: 89
* Coverage analysis for criterion OUTPUT
* Coverage of criterion OUTPUT: 32%
* Total number of goals: 19
* Number of covered goals: 6
* Coverage analysis for criterion METHOD
* Coverage of criterion METHOD: 100%
* Total number of goals: 9
* Number of covered goals: 9
* Coverage analysis for criterion METHODNOEXCEPTION
* Coverage of criterion METHODNOEXCEPTION: 56%
* Total number of goals: 9
* Number of covered goals: 5
* Coverage analysis for criterion CBRANCH
* Coverage of criterion CBRANCH: 12%
* Total number of goals: 175
* Number of covered goals: 21
* Generated 15 tests with total length 132
* Resulting test suite's coverage: 43% (average coverage for all fitness functions)
* Generating assertions
* Resulting test suite's mutation score: 0%
* Compiling and checking tests
* Writing JUnit test case 'GameState_ESTest' to /home/zycuu/Documents/CS362/GitKrakenRepo/CS362W17Section-001/projects/phippsg/.evosuite/tmp_2017_03_13_15_03_43/tests
* Done!

