* Starting client
* Connecting to master process on port 2355
* Analyzing classpath: 
  - C:/Users/MarkSprouse/Documents/NetBeansProjects/NewDom/out/production/NewDom
  - C:\Program Files\Java\jdk1.8.0_121\jre\lib\charsets.jar
  - C:\Program Files\Java\jdk1.8.0_121\jre\lib\deploy.jar
  - C:\Program Files\Java\jdk1.8.0_121\jre\lib\ext\access-bridge-64.jar
  - C:\Program Files\Java\jdk1.8.0_121\jre\lib\ext\cldrdata.jar
  - C:\Program Files\Java\jdk1.8.0_121\jre\lib\ext\dnsns.jar
  - C:\Program Files\Java\jdk1.8.0_121\jre\lib\ext\jaccess.jar
  - C:\Program Files\Java\jdk1.8.0_121\jre\lib\ext\jfxrt.jar
  - C:\Program Files\Java\jdk1.8.0_121\jre\lib\ext\localedata.jar
  - C:\Program Files\Java\jdk1.8.0_121\jre\lib\ext\nashorn.jar
  - C:\Program Files\Java\jdk1.8.0_121\jre\lib\ext\sunec.jar
  - C:\Program Files\Java\jdk1.8.0_121\jre\lib\ext\sunjce_provider.jar
  - C:\Program Files\Java\jdk1.8.0_121\jre\lib\ext\sunmscapi.jar
  - C:\Program Files\Java\jdk1.8.0_121\jre\lib\ext\sunpkcs11.jar
  - C:\Program Files\Java\jdk1.8.0_121\jre\lib\ext\zipfs.jar
  - C:\Program Files\Java\jdk1.8.0_121\jre\lib\javaws.jar
  - C:\Program Files\Java\jdk1.8.0_121\jre\lib\jce.jar
  - C:\Program Files\Java\jdk1.8.0_121\jre\lib\jfr.jar
  - C:\Program Files\Java\jdk1.8.0_121\jre\lib\jfxswt.jar
  - C:\Program Files\Java\jdk1.8.0_121\jre\lib\jsse.jar
  - C:\Program Files\Java\jdk1.8.0_121\jre\lib\management-agent.jar
  - C:\Program Files\Java\jdk1.8.0_121\jre\lib\plugin.jar
  - C:\Program Files\Java\jdk1.8.0_121\jre\lib\resources.jar
  - C:\Program Files\Java\jdk1.8.0_121\jre\lib\rt.jar
  - C:\Users\MarkSprouse\Documents\NetBeansProjects\NewDom\out\production\NewDom
* Finished analyzing classpath
* Generating tests for class com.mycompany.marksprousedominion.Player
* Test criteria:
  - Line Coverage
  - Branch Coverage
  - Exception
  - Mutation testing (weak)
  - Method-Output Coverage
  - Top-Level Method Coverage
  - No-Exception Top-Level Method Coverage
  - Context Branch Coverage
* Setting up search algorithm for whole suite generation
* Total number of test goals: 
  - Line 118
  - Branch 120
  - Exception 0
  - MutationFactory 325
  - Output 19
  - Method 11
  - MethodNoException 11
  - CBranchFitnessFactory 120
* Using seed 1488324570464
* Starting evolution
* Search finished after 301s and 320 generations, 129204 statements, best individual has fitness: 15.625
* Writing sequences to pool
* Minimizing test suite
* Going to analyze the coverage criteria
* Coverage analysis for criterion LINE
* Coverage of criterion LINE: 96%
* Total number of goals: 118
* Number of covered goals: 113
* Coverage analysis for criterion BRANCH
* Coverage of criterion BRANCH: 99%
* Total number of goals: 120
* Number of covered goals: 119
* Coverage analysis for criterion EXCEPTION
* Coverage of criterion EXCEPTION: 100%
* Total number of goals: 7
* Number of covered goals: 7
* Coverage analysis for criterion WEAKMUTATION
* Coverage of criterion WEAKMUTATION: 92%
* Total number of goals: 325
* Number of covered goals: 300
* Coverage analysis for criterion OUTPUT
* Coverage of criterion OUTPUT: 74%
* Total number of goals: 19
* Number of covered goals: 14
* Coverage analysis for criterion METHOD
* Coverage of criterion METHOD: 100%
* Total number of goals: 11
* Number of covered goals: 11
* Coverage analysis for criterion METHODNOEXCEPTION
* Coverage of criterion METHODNOEXCEPTION: 100%
* Total number of goals: 11
* Number of covered goals: 11
* Coverage analysis for criterion CBRANCH
* Coverage of criterion CBRANCH: 99%
* Total number of goals: 120
* Number of covered goals: 119
* Generated 49 tests with total length 207
* Resulting test suite's coverage: 96% (average coverage for all fitness functions)
* Generating assertions
* Resulting test suite's mutation score: 35%
* Compiling and checking tests
* Permissions denied during test execution: 
  - java.lang.RuntimePermission: 
         writeFileDescriptor: 4
* Writing JUnit test case 'Player_ESTest' to C:\Users\MarkSprouse\Documents\NetBeansProjects\NewDom\.evosuite\tmp_2017_02_28_15_29_21\tests
* Done!

